2024-05-17 13:50:37,900 INFO o.s.b.StartupInfoLogger [main] Starting BinarfudApplication using Java 17.0.2 with PID 16368 (D:\synrgy\sinau_java\F-BJV24001115-synrgy7-syi-binarfud-ch4\target\classes started by hp in D:\synrgy\sinau_java\F-BJV24001115-synrgy7-syi-binarfud-ch4)
2024-05-17 13:50:37,917 INFO o.s.b.SpringApplication [main] No active profile set, falling back to 1 default profile: "default"
2024-05-17 13:50:39,709 INFO o.s.d.r.c.RepositoryConfigurationDelegate [main] Bootstrapping Spring Data JPA repositories in DEFAULT mode.
2024-05-17 13:50:39,892 INFO o.s.d.r.c.RepositoryConfigurationDelegate [main] Finished Spring Data repository scanning in 154 ms. Found 5 JPA repository interfaces.
2024-05-17 13:50:40,967 INFO o.s.b.w.e.t.TomcatWebServer [main] Tomcat initialized with port 8080 (http)
2024-05-17 13:50:40,985 INFO o.a.j.l.DirectJDKLog [main] Initializing ProtocolHandler ["http-nio-8080"]
2024-05-17 13:50:40,989 INFO o.a.j.l.DirectJDKLog [main] Starting service [Tomcat]
2024-05-17 13:50:40,990 INFO o.a.j.l.DirectJDKLog [main] Starting Servlet engine: [Apache Tomcat/10.1.20]
2024-05-17 13:50:41,101 INFO o.a.j.l.DirectJDKLog [main] Initializing Spring embedded WebApplicationContext
2024-05-17 13:50:41,103 INFO o.s.b.w.s.c.ServletWebServerApplicationContext [main] Root WebApplicationContext: initialization completed in 3097 ms
2024-05-17 13:50:41,433 INFO o.h.j.i.u.LogHelper [main] HHH000204: Processing PersistenceUnitInfo [name: default]
2024-05-17 13:50:41,554 INFO o.h.Version [main] HHH000412: Hibernate ORM core version 6.4.4.Final
2024-05-17 13:50:41,614 INFO o.h.c.i.RegionFactoryInitiator [main] HHH000026: Second-level cache disabled
2024-05-17 13:50:41,975 INFO o.s.o.j.p.SpringPersistenceUnitInfo [main] No LoadTimeWeaver setup: ignoring JPA class transformer
2024-05-17 13:50:42,031 INFO c.z.h.HikariDataSource [main] HikariPool-1 - Starting...
2024-05-17 13:50:42,372 INFO c.z.h.p.HikariPool [main] HikariPool-1 - Added connection org.postgresql.jdbc.PgConnection@156cfa20
2024-05-17 13:50:42,374 INFO c.z.h.HikariDataSource [main] HikariPool-1 - Start completed.
2024-05-17 13:50:42,450 WARN o.h.e.j.d.i.DialectFactoryImpl [main] HHH90000025: PostgreSQLDialect does not need to be specified explicitly using 'hibernate.dialect' (remove the property setting and it will be selected by default)
2024-05-17 13:50:43,789 INFO o.h.e.t.j.p.i.JtaPlatformInitiator [main] HHH000489: No JTA platform available (set 'hibernate.transaction.jta.platform' to enable JTA platform integration)
2024-05-17 13:50:43,979 INFO o.s.o.j.AbstractEntityManagerFactoryBean [main] Initialized JPA EntityManagerFactory for persistence unit 'default'
2024-05-17 13:50:44,374 INFO o.s.d.j.r.q.QueryEnhancerFactory [main] Hibernate is in classpath; If applicable, HQL parser will be used.
2024-05-17 13:50:44,697 WARN o.s.b.a.o.j.JpaBaseConfiguration$JpaWebConfiguration [main] spring.jpa.open-in-view is enabled by default. Therefore, database queries may be performed during view rendering. Explicitly configure spring.jpa.open-in-view to disable this warning
2024-05-17 13:50:45,420 INFO o.a.j.l.DirectJDKLog [main] Starting ProtocolHandler ["http-nio-8080"]
2024-05-17 13:50:45,459 INFO o.s.b.w.e.t.TomcatWebServer [main] Tomcat started on port 8080 (http) with context path ''
2024-05-17 13:50:45,480 INFO o.s.b.StartupInfoLogger [main] Started BinarfudApplication in 8.778 seconds (process running for 9.56)
2024-05-17 13:50:49,281 INFO o.a.j.l.DirectJDKLog [http-nio-8080-exec-2] Initializing Spring DispatcherServlet 'dispatcherServlet'
2024-05-17 13:50:49,281 INFO o.s.w.s.FrameworkServlet [http-nio-8080-exec-2] Initializing Servlet 'dispatcherServlet'
2024-05-17 13:50:49,284 INFO o.s.w.s.FrameworkServlet [http-nio-8080-exec-2] Completed initialization in 2 ms
2024-05-17 13:50:49,596 INFO c.e.B.s.OrdersService [http-nio-8080-exec-2] Orders: [Orders(id=ddaec557-5c63-46b4-8262-d458edf4a2a9, orderTime=2024-05-01 22:22:21.723788, destinationAddress=Jln Kemang No 11, completed=false, user=Users(id=9e905390-9255-4e02-8972-fbf9eb5e4490, username=asep, emailAddress=asep@gmail.com, password=123))]
2024-05-17 14:01:01,966 INFO c.e.B.s.OrderDetailService [http-nio-8080-exec-5] Order details: [OrderDetail(id=cf48ed11-20ad-403d-8a3f-ae4e092528c6, quantity=2, totalPrice=20000.00, order=Orders(id=ddaec557-5c63-46b4-8262-d458edf4a2a9, orderTime=2024-05-01 22:22:21.723788, destinationAddress=Jln Kemang No 11, completed=false, user=Users(id=9e905390-9255-4e02-8972-fbf9eb5e4490, username=asep, emailAddress=asep@gmail.com, password=123)), product=Product(id=125cb798-403d-4126-94a4-36a20e9aa7a6, product_name=Fried Chicken Matcha, price=10000.00, merchant=Merchant(id=4a5e66c6-cb15-401e-beec-c1a291b664c4, merchantName=KFC, merchantLocation=Samarinda, open=true)))]
2024-05-17 14:10:31,163 INFO o.s.o.j.AbstractEntityManagerFactoryBean [SpringApplicationShutdownHook] Closing JPA EntityManagerFactory for persistence unit 'default'
2024-05-17 14:10:31,216 INFO c.z.h.HikariDataSource [SpringApplicationShutdownHook] HikariPool-1 - Shutdown initiated...
2024-05-17 14:10:31,242 INFO c.z.h.HikariDataSource [SpringApplicationShutdownHook] HikariPool-1 - Shutdown completed.
