2024-05-02 19:46:12,061 INFO o.s.b.StartupInfoLogger [main] Starting BinarfudApplication using Java 17.0.2 with PID 23248 (D:\synrgy\sinau_java\F-BJV24001115-synrgy7-syi-binarfud-ch4\target\classes started by hp in D:\synrgy\sinau_java\F-BJV24001115-synrgy7-syi-binarfud-ch4)
2024-05-02 19:46:12,079 INFO o.s.b.SpringApplication [main] No active profile set, falling back to 1 default profile: "default"
2024-05-02 19:46:13,506 INFO o.s.d.r.c.RepositoryConfigurationDelegate [main] Bootstrapping Spring Data JPA repositories in DEFAULT mode.
2024-05-02 19:46:13,662 INFO o.s.d.r.c.RepositoryConfigurationDelegate [main] Finished Spring Data repository scanning in 135 ms. Found 5 JPA repository interfaces.
2024-05-02 19:46:14,805 INFO o.s.b.w.e.t.TomcatWebServer [main] Tomcat initialized with port 8080 (http)
2024-05-02 19:46:14,838 INFO o.a.j.l.DirectJDKLog [main] Initializing ProtocolHandler ["http-nio-8080"]
2024-05-02 19:46:14,845 INFO o.a.j.l.DirectJDKLog [main] Starting service [Tomcat]
2024-05-02 19:46:14,846 INFO o.a.j.l.DirectJDKLog [main] Starting Servlet engine: [Apache Tomcat/10.1.20]
2024-05-02 19:46:14,986 INFO o.a.j.l.DirectJDKLog [main] Initializing Spring embedded WebApplicationContext
2024-05-02 19:46:14,990 INFO o.s.b.w.s.c.ServletWebServerApplicationContext [main] Root WebApplicationContext: initialization completed in 2810 ms
2024-05-02 19:46:15,392 INFO o.h.j.i.u.LogHelper [main] HHH000204: Processing PersistenceUnitInfo [name: default]
2024-05-02 19:46:15,591 INFO o.h.Version [main] HHH000412: Hibernate ORM core version 6.4.4.Final
2024-05-02 19:46:15,680 INFO o.h.c.i.RegionFactoryInitiator [main] HHH000026: Second-level cache disabled
2024-05-02 19:46:16,202 INFO o.s.o.j.p.SpringPersistenceUnitInfo [main] No LoadTimeWeaver setup: ignoring JPA class transformer
2024-05-02 19:46:16,246 INFO c.z.h.HikariDataSource [main] HikariPool-1 - Starting...
2024-05-02 19:46:16,572 INFO c.z.h.p.HikariPool [main] HikariPool-1 - Added connection org.postgresql.jdbc.PgConnection@7a1371
2024-05-02 19:46:16,574 INFO c.z.h.HikariDataSource [main] HikariPool-1 - Start completed.
2024-05-02 19:46:16,643 WARN o.h.e.j.d.i.DialectFactoryImpl [main] HHH90000025: PostgreSQLDialect does not need to be specified explicitly using 'hibernate.dialect' (remove the property setting and it will be selected by default)
2024-05-02 19:46:18,298 INFO o.h.e.t.j.p.i.JtaPlatformInitiator [main] HHH000489: No JTA platform available (set 'hibernate.transaction.jta.platform' to enable JTA platform integration)
2024-05-02 19:46:18,499 INFO o.s.o.j.AbstractEntityManagerFactoryBean [main] Initialized JPA EntityManagerFactory for persistence unit 'default'
2024-05-02 19:46:18,928 INFO o.s.d.j.r.q.QueryEnhancerFactory [main] Hibernate is in classpath; If applicable, HQL parser will be used.
2024-05-02 19:46:19,111 WARN o.s.b.a.o.j.JpaBaseConfiguration$JpaWebConfiguration [main] spring.jpa.open-in-view is enabled by default. Therefore, database queries may be performed during view rendering. Explicitly configure spring.jpa.open-in-view to disable this warning
2024-05-02 19:46:19,722 INFO o.a.j.l.DirectJDKLog [main] Starting ProtocolHandler ["http-nio-8080"]
2024-05-02 19:46:19,770 INFO o.s.b.w.e.t.TomcatWebServer [main] Tomcat started on port 8080 (http) with context path ''
2024-05-02 19:46:19,787 INFO o.s.b.StartupInfoLogger [main] Started BinarfudApplication in 9.095 seconds (process running for 10.185)
2024-05-02 19:47:09,586 INFO o.a.j.l.DirectJDKLog [http-nio-8080-exec-2] Initializing Spring DispatcherServlet 'dispatcherServlet'
2024-05-02 19:47:09,587 INFO o.s.w.s.FrameworkServlet [http-nio-8080-exec-2] Initializing Servlet 'dispatcherServlet'
2024-05-02 19:47:09,591 INFO o.s.w.s.FrameworkServlet [http-nio-8080-exec-2] Completed initialization in 2 ms
2024-05-02 19:47:10,065 INFO c.e.B.s.MerchantService [http-nio-8080-exec-2] Merchant saved: Merchant(id=219d4a5d-874e-4f02-a080-e83d847cb95f, merchantName=Batagor Mang Asep, merchantLocation=Bandung, open=true)
2024-05-02 19:47:26,155 INFO c.e.B.s.MerchantService [http-nio-8080-exec-4] Merchant saved: Merchant(id=898e13e8-4430-4c6c-bb16-9de60aa7f422, merchantName=Cilok Mang Asep Racing, merchantLocation=Bandung, open=true)
2024-05-02 19:47:30,279 INFO c.e.B.s.MerchantService [http-nio-8080-exec-3] Merchants: [Merchant(id=4a5e66c6-cb15-401e-beec-c1a291b664c4, merchantName=KFC, merchantLocation=Jakarta, open=true), Merchant(id=09f45856-76a4-4375-b6e9-70e269351dfc, merchantName=Mie Gacoan, merchantLocation=Jakarta, open=true), Merchant(id=f2521ce3-36b5-4718-a87c-65c9dc733966, merchantName=A&W, merchantLocation=Jakarta, open=true), Merchant(id=219d4a5d-874e-4f02-a080-e83d847cb95f, merchantName=Batagor Mang Asep, merchantLocation=Bandung, open=true), Merchant(id=898e13e8-4430-4c6c-bb16-9de60aa7f422, merchantName=Cilok Mang Asep Racing, merchantLocation=Bandung, open=true)]
2024-05-02 19:48:19,187 INFO c.e.B.s.MerchantService [http-nio-8080-exec-5] Merchants found in location Jakarta: [Merchant(id=4a5e66c6-cb15-401e-beec-c1a291b664c4, merchantName=KFC, merchantLocation=Jakarta, open=true), Merchant(id=09f45856-76a4-4375-b6e9-70e269351dfc, merchantName=Mie Gacoan, merchantLocation=Jakarta, open=true), Merchant(id=f2521ce3-36b5-4718-a87c-65c9dc733966, merchantName=A&W, merchantLocation=Jakarta, open=true)]
2024-05-02 19:48:25,108 INFO c.e.B.s.MerchantService [http-nio-8080-exec-6] Merchants found in location Bandung: [Merchant(id=219d4a5d-874e-4f02-a080-e83d847cb95f, merchantName=Batagor Mang Asep, merchantLocation=Bandung, open=true), Merchant(id=898e13e8-4430-4c6c-bb16-9de60aa7f422, merchantName=Cilok Mang Asep Racing, merchantLocation=Bandung, open=true)]
