2024-05-16 15:10:14,147 WARN c.e.B.s.MerchantService [http-nio-8080-exec-5] Merchant not found
2024-05-16 15:10:20,088 WARN c.e.B.s.MerchantService [http-nio-8080-exec-3] Merchant not found
2024-05-16 15:10:22,803 INFO c.e.B.s.MerchantService [http-nio-8080-exec-7] Merchant retrieved: Merchant(id=09f45856-76a4-4375-b6e9-70e269351dfc, merchantName=Mie Gacoan, merchantLocation=Bangka, open=true)
2024-05-16 15:10:37,199 INFO c.e.B.s.MerchantService [http-nio-8080-exec-9] Merchant retrieved: Merchant(id=09f45856-76a4-4375-b6e9-70e269351dfc, merchantName=Mie Gacoan, merchantLocation=Bangka, open=true)
2024-05-16 15:11:04,820 INFO o.s.o.j.AbstractEntityManagerFactoryBean [SpringApplicationShutdownHook] Closing JPA EntityManagerFactory for persistence unit 'default'
2024-05-16 15:11:04,823 INFO c.z.h.HikariDataSource [SpringApplicationShutdownHook] HikariPool-1 - Shutdown initiated...
2024-05-16 15:11:04,828 INFO c.z.h.HikariDataSource [SpringApplicationShutdownHook] HikariPool-1 - Shutdown completed.
2024-05-16 15:11:11,272 INFO o.s.b.StartupInfoLogger [main] Starting BinarfudApplication using Java 17.0.2 with PID 18664 (D:\synrgy\sinau_java\F-BJV24001115-synrgy7-syi-binarfud-ch4\target\classes started by hp in D:\synrgy\sinau_java\F-BJV24001115-synrgy7-syi-binarfud-ch4)
2024-05-16 15:11:11,281 INFO o.s.b.SpringApplication [main] No active profile set, falling back to 1 default profile: "default"
2024-05-16 15:11:12,722 INFO o.s.d.r.c.RepositoryConfigurationDelegate [main] Bootstrapping Spring Data JPA repositories in DEFAULT mode.
2024-05-16 15:11:12,847 INFO o.s.d.r.c.RepositoryConfigurationDelegate [main] Finished Spring Data repository scanning in 102 ms. Found 5 JPA repository interfaces.
2024-05-16 15:11:13,857 INFO o.s.b.w.e.t.TomcatWebServer [main] Tomcat initialized with port 8080 (http)
2024-05-16 15:11:13,882 INFO o.a.j.l.DirectJDKLog [main] Initializing ProtocolHandler ["http-nio-8080"]
2024-05-16 15:11:13,888 INFO o.a.j.l.DirectJDKLog [main] Starting service [Tomcat]
2024-05-16 15:11:13,888 INFO o.a.j.l.DirectJDKLog [main] Starting Servlet engine: [Apache Tomcat/10.1.20]
2024-05-16 15:11:14,018 INFO o.a.j.l.DirectJDKLog [main] Initializing Spring embedded WebApplicationContext
2024-05-16 15:11:14,021 INFO o.s.b.w.s.c.ServletWebServerApplicationContext [main] Root WebApplicationContext: initialization completed in 2672 ms
2024-05-16 15:11:14,405 INFO o.h.j.i.u.LogHelper [main] HHH000204: Processing PersistenceUnitInfo [name: default]
2024-05-16 15:11:14,566 INFO o.h.Version [main] HHH000412: Hibernate ORM core version 6.4.4.Final
2024-05-16 15:11:14,682 INFO o.h.c.i.RegionFactoryInitiator [main] HHH000026: Second-level cache disabled
2024-05-16 15:11:15,124 INFO o.s.o.j.p.SpringPersistenceUnitInfo [main] No LoadTimeWeaver setup: ignoring JPA class transformer
2024-05-16 15:11:15,192 INFO c.z.h.HikariDataSource [main] HikariPool-1 - Starting...
2024-05-16 15:11:15,510 INFO c.z.h.p.HikariPool [main] HikariPool-1 - Added connection org.postgresql.jdbc.PgConnection@2707c790
2024-05-16 15:11:15,515 INFO c.z.h.HikariDataSource [main] HikariPool-1 - Start completed.
2024-05-16 15:11:15,575 WARN o.h.e.j.d.i.DialectFactoryImpl [main] HHH90000025: PostgreSQLDialect does not need to be specified explicitly using 'hibernate.dialect' (remove the property setting and it will be selected by default)
2024-05-16 15:11:17,085 INFO o.h.e.t.j.p.i.JtaPlatformInitiator [main] HHH000489: No JTA platform available (set 'hibernate.transaction.jta.platform' to enable JTA platform integration)
2024-05-16 15:11:17,294 INFO o.s.o.j.AbstractEntityManagerFactoryBean [main] Initialized JPA EntityManagerFactory for persistence unit 'default'
2024-05-16 15:11:17,754 INFO o.s.d.j.r.q.QueryEnhancerFactory [main] Hibernate is in classpath; If applicable, HQL parser will be used.
2024-05-16 15:11:18,170 WARN o.s.b.a.o.j.JpaBaseConfiguration$JpaWebConfiguration [main] spring.jpa.open-in-view is enabled by default. Therefore, database queries may be performed during view rendering. Explicitly configure spring.jpa.open-in-view to disable this warning
2024-05-16 15:11:18,962 INFO o.a.j.l.DirectJDKLog [main] Starting ProtocolHandler ["http-nio-8080"]
2024-05-16 15:11:18,997 INFO o.s.b.w.e.t.TomcatWebServer [main] Tomcat started on port 8080 (http) with context path ''
2024-05-16 15:11:19,019 INFO o.s.b.StartupInfoLogger [main] Started BinarfudApplication in 8.54 seconds (process running for 9.195)
2024-05-16 15:11:21,674 INFO o.a.j.l.DirectJDKLog [http-nio-8080-exec-1] Initializing Spring DispatcherServlet 'dispatcherServlet'
2024-05-16 15:11:21,674 INFO o.s.w.s.FrameworkServlet [http-nio-8080-exec-1] Initializing Servlet 'dispatcherServlet'
2024-05-16 15:11:21,674 INFO o.s.w.s.FrameworkServlet [http-nio-8080-exec-1] Completed initialization in 0 ms
2024-05-16 15:11:21,830 INFO c.e.B.s.MerchantService [http-nio-8080-exec-1] Merchant retrieved: Merchant(id=09f45856-76a4-4375-b6e9-70e269351dfc, merchantName=Mie Gacoan, merchantLocation=Bangka, open=true)
2024-05-16 15:11:24,820 WARN c.e.B.s.MerchantService [http-nio-8080-exec-3] Merchant not found
2024-05-16 15:11:46,639 INFO o.s.o.j.AbstractEntityManagerFactoryBean [SpringApplicationShutdownHook] Closing JPA EntityManagerFactory for persistence unit 'default'
2024-05-16 15:11:46,641 INFO c.z.h.HikariDataSource [SpringApplicationShutdownHook] HikariPool-1 - Shutdown initiated...
2024-05-16 15:11:46,644 INFO c.z.h.HikariDataSource [SpringApplicationShutdownHook] HikariPool-1 - Shutdown completed.
