2024-04-25 15:48:58,568 INFO c.e.B.s.ProductService [http-nio-8080-exec-5] Products: [Product(id=997a85fa-855d-42e9-89b1-d89fd4087cac, product_name=Super Besar 1, price=50000, merchant=null)]
2024-04-25 15:51:04,391 INFO c.e.B.s.MerchantService [http-nio-8080-exec-8] Merchants: [Merchant(id=940df57f-19bd-44dc-b43a-a71e7228747e, merchantName=KFC, merchantLocation=Jakarta, open=true), Merchant(id=a9499d73-cd6e-4939-b1db-570d3ad64de4, merchantName=A&W, merchantLocation=Jakarta, open=true)]
2024-04-25 15:51:32,565 INFO c.e.B.s.ProductService [http-nio-8080-exec-9] Product saved: Product(id=5d2efa5e-8f4b-4e47-8340-0c214b926bfd, product_name=Super Besar 1, price=50000, merchant=Merchant(id=940df57f-19bd-44dc-b43a-a71e7228747e, merchantName=KFC, merchantLocation=Jakarta, open=true))
2024-04-25 15:51:38,659 INFO c.e.B.s.ProductService [http-nio-8080-exec-10] Products: [Product(id=997a85fa-855d-42e9-89b1-d89fd4087cac, product_name=Super Besar 1, price=50000, merchant=null), Product(id=5d2efa5e-8f4b-4e47-8340-0c214b926bfd, product_name=Super Besar 1, price=50000, merchant=null)]
2024-04-25 15:51:43,437 INFO c.e.B.s.ProductService [http-nio-8080-exec-1] Products: [Product(id=997a85fa-855d-42e9-89b1-d89fd4087cac, product_name=Super Besar 1, price=50000, merchant=null), Product(id=5d2efa5e-8f4b-4e47-8340-0c214b926bfd, product_name=Super Besar 1, price=50000, merchant=null)]
2024-04-25 15:52:06,352 INFO c.e.B.s.ProductService [http-nio-8080-exec-2] Products: [Product(id=997a85fa-855d-42e9-89b1-d89fd4087cac, product_name=Super Besar 1, price=50000, merchant=null), Product(id=5d2efa5e-8f4b-4e47-8340-0c214b926bfd, product_name=Super Besar 1, price=50000, merchant=null)]
2024-04-25 15:52:38,186 INFO c.e.B.s.ProductService [http-nio-8080-exec-4] Product saved: Product(id=43096168-eaa0-4ffd-911c-d5a294e88724, product_name=Super Besar 1, price=50000, merchant=Merchant(id=940df57f-19bd-44dc-b43a-a71e7228747e, merchantName=KFC, merchantLocation=Jakarta, open=true))
2024-04-25 15:54:06,848 INFO c.e.B.s.ProductService [http-nio-8080-exec-6] Products: []
2024-04-25 15:54:18,432 INFO c.e.B.s.MerchantService [http-nio-8080-exec-3] Merchants: [Merchant(id=940df57f-19bd-44dc-b43a-a71e7228747e, merchantName=KFC, merchantLocation=Jakarta, open=true), Merchant(id=a9499d73-cd6e-4939-b1db-570d3ad64de4, merchantName=A&W, merchantLocation=Jakarta, open=true)]
2024-04-25 15:54:28,040 INFO c.e.B.s.ProductService [http-nio-8080-exec-8] Product saved: Product(id=1f63876a-5d10-4771-afc6-4c765a4a7458, product_name=Super Besar 1, price=50000, merchant=null)
2024-04-25 15:54:37,450 INFO o.s.o.j.AbstractEntityManagerFactoryBean [SpringApplicationShutdownHook] Closing JPA EntityManagerFactory for persistence unit 'default'
2024-04-25 15:54:37,453 INFO c.z.h.HikariDataSource [SpringApplicationShutdownHook] HikariPool-1 - Shutdown initiated...
2024-04-25 15:54:37,456 INFO c.z.h.HikariDataSource [SpringApplicationShutdownHook] HikariPool-1 - Shutdown completed.
2024-04-25 15:54:42,500 INFO o.s.b.StartupInfoLogger [main] Starting BinarfudApplication using Java 17.0.2 with PID 11244 (D:\synrgy\sinau_java\Binarfud\target\classes started by hp in D:\synrgy\sinau_java\Binarfud)
2024-04-25 15:54:42,504 INFO o.s.b.SpringApplication [main] No active profile set, falling back to 1 default profile: "default"
2024-04-25 15:54:43,412 INFO o.s.d.r.c.RepositoryConfigurationDelegate [main] Bootstrapping Spring Data JPA repositories in DEFAULT mode.
2024-04-25 15:54:43,514 INFO o.s.d.r.c.RepositoryConfigurationDelegate [main] Finished Spring Data repository scanning in 87 ms. Found 4 JPA repository interfaces.
2024-04-25 15:54:44,354 INFO o.s.b.w.e.t.TomcatWebServer [main] Tomcat initialized with port 8080 (http)
2024-04-25 15:54:44,365 INFO o.a.j.l.DirectJDKLog [main] Initializing ProtocolHandler ["http-nio-8080"]
2024-04-25 15:54:44,369 INFO o.a.j.l.DirectJDKLog [main] Starting service [Tomcat]
2024-04-25 15:54:44,370 INFO o.a.j.l.DirectJDKLog [main] Starting Servlet engine: [Apache Tomcat/10.1.20]
2024-04-25 15:54:44,451 INFO o.a.j.l.DirectJDKLog [main] Initializing Spring embedded WebApplicationContext
2024-04-25 15:54:44,454 INFO o.s.b.w.s.c.ServletWebServerApplicationContext [main] Root WebApplicationContext: initialization completed in 1884 ms
2024-04-25 15:54:44,727 INFO c.z.h.HikariDataSource [main] HikariPool-1 - Starting...
2024-04-25 15:54:45,017 INFO c.z.h.p.HikariPool [main] HikariPool-1 - Added connection org.postgresql.jdbc.PgConnection@1fecfaea
2024-04-25 15:54:45,018 INFO c.z.h.HikariDataSource [main] HikariPool-1 - Start completed.
2024-04-25 15:54:45,082 INFO o.h.j.i.u.LogHelper [main] HHH000204: Processing PersistenceUnitInfo [name: default]
2024-04-25 15:54:45,129 INFO o.h.Version [main] HHH000412: Hibernate ORM core version 6.4.4.Final
2024-04-25 15:54:45,192 INFO o.h.c.i.RegionFactoryInitiator [main] HHH000026: Second-level cache disabled
2024-04-25 15:54:45,639 INFO o.s.o.j.p.SpringPersistenceUnitInfo [main] No LoadTimeWeaver setup: ignoring JPA class transformer
2024-04-25 15:54:46,855 INFO o.h.e.t.j.p.i.JtaPlatformInitiator [main] HHH000489: No JTA platform available (set 'hibernate.transaction.jta.platform' to enable JTA platform integration)
2024-04-25 15:54:46,858 INFO o.s.o.j.AbstractEntityManagerFactoryBean [main] Initialized JPA EntityManagerFactory for persistence unit 'default'
2024-04-25 15:54:47,299 WARN o.s.b.a.o.j.JpaBaseConfiguration$JpaWebConfiguration [main] spring.jpa.open-in-view is enabled by default. Therefore, database queries may be performed during view rendering. Explicitly configure spring.jpa.open-in-view to disable this warning
2024-04-25 15:54:47,717 INFO o.a.j.l.DirectJDKLog [main] Starting ProtocolHandler ["http-nio-8080"]
2024-04-25 15:54:47,798 INFO o.s.b.w.e.t.TomcatWebServer [main] Tomcat started on port 8080 (http) with context path ''
2024-04-25 15:54:47,827 INFO o.s.b.StartupInfoLogger [main] Started BinarfudApplication in 6.123 seconds (process running for 6.593)
2024-04-25 15:54:50,274 INFO o.a.j.l.DirectJDKLog [http-nio-8080-exec-2] Initializing Spring DispatcherServlet 'dispatcherServlet'
2024-04-25 15:54:50,275 INFO o.s.w.s.FrameworkServlet [http-nio-8080-exec-2] Initializing Servlet 'dispatcherServlet'
2024-04-25 15:54:50,281 INFO o.s.w.s.FrameworkServlet [http-nio-8080-exec-2] Completed initialization in 5 ms
2024-04-25 15:54:50,419 WARN o.s.w.s.h.AbstractHandlerExceptionResolver [http-nio-8080-exec-2] Resolved [org.springframework.http.converter.HttpMessageNotReadableException: JSON parse error: Cannot construct instance of `com.example.Binarfud.model.Merchant` (although at least one Creator exists): no String-argument constructor/factory method to deserialize from String value ('940df57f-19bd-44dc-b43a-a71e7228747e')]
