2024-05-17 15:03:16,886 INFO o.s.o.j.AbstractEntityManagerFactoryBean [SpringApplicationShutdownHook] Closing JPA EntityManagerFactory for persistence unit 'default'
2024-05-17 15:03:16,890 INFO c.z.h.HikariDataSource [SpringApplicationShutdownHook] HikariPool-1 - Shutdown initiated...
2024-05-17 15:03:16,893 INFO c.z.h.HikariDataSource [SpringApplicationShutdownHook] HikariPool-1 - Shutdown completed.
2024-05-17 15:03:21,826 INFO o.s.b.StartupInfoLogger [main] Starting BinarfudApplication using Java 17.0.2 with PID 4132 (D:\synrgy\sinau_java\F-BJV24001115-synrgy7-syi-binarfud-ch4\target\classes started by hp in D:\synrgy\sinau_java\F-BJV24001115-synrgy7-syi-binarfud-ch4)
2024-05-17 15:03:21,833 INFO o.s.b.SpringApplication [main] No active profile set, falling back to 1 default profile: "default"
2024-05-17 15:03:23,056 INFO o.s.d.r.c.RepositoryConfigurationDelegate [main] Bootstrapping Spring Data JPA repositories in DEFAULT mode.
2024-05-17 15:03:23,147 INFO o.s.d.r.c.RepositoryConfigurationDelegate [main] Finished Spring Data repository scanning in 81 ms. Found 5 JPA repository interfaces.
2024-05-17 15:03:23,981 INFO o.s.b.w.e.t.TomcatWebServer [main] Tomcat initialized with port 8080 (http)
2024-05-17 15:03:23,995 INFO o.a.j.l.DirectJDKLog [main] Initializing ProtocolHandler ["http-nio-8080"]
2024-05-17 15:03:24,002 INFO o.a.j.l.DirectJDKLog [main] Starting service [Tomcat]
2024-05-17 15:03:24,002 INFO o.a.j.l.DirectJDKLog [main] Starting Servlet engine: [Apache Tomcat/10.1.20]
2024-05-17 15:03:24,104 INFO o.a.j.l.DirectJDKLog [main] Initializing Spring embedded WebApplicationContext
2024-05-17 15:03:24,108 INFO o.s.b.w.s.c.ServletWebServerApplicationContext [main] Root WebApplicationContext: initialization completed in 2209 ms
2024-05-17 15:03:24,359 INFO o.h.j.i.u.LogHelper [main] HHH000204: Processing PersistenceUnitInfo [name: default]
2024-05-17 15:03:24,447 INFO o.h.Version [main] HHH000412: Hibernate ORM core version 6.4.4.Final
2024-05-17 15:03:24,515 INFO o.h.c.i.RegionFactoryInitiator [main] HHH000026: Second-level cache disabled
2024-05-17 15:03:24,806 INFO o.s.o.j.p.SpringPersistenceUnitInfo [main] No LoadTimeWeaver setup: ignoring JPA class transformer
2024-05-17 15:03:24,850 INFO c.z.h.HikariDataSource [main] HikariPool-1 - Starting...
2024-05-17 15:03:25,056 INFO c.z.h.p.HikariPool [main] HikariPool-1 - Added connection org.postgresql.jdbc.PgConnection@77ecdc2b
2024-05-17 15:03:25,060 INFO c.z.h.HikariDataSource [main] HikariPool-1 - Start completed.
2024-05-17 15:03:25,101 WARN o.h.e.j.d.i.DialectFactoryImpl [main] HHH90000025: PostgreSQLDialect does not need to be specified explicitly using 'hibernate.dialect' (remove the property setting and it will be selected by default)
2024-05-17 15:03:26,283 INFO o.h.e.t.j.p.i.JtaPlatformInitiator [main] HHH000489: No JTA platform available (set 'hibernate.transaction.jta.platform' to enable JTA platform integration)
2024-05-17 15:03:26,414 INFO o.s.o.j.AbstractEntityManagerFactoryBean [main] Initialized JPA EntityManagerFactory for persistence unit 'default'
2024-05-17 15:03:26,730 INFO o.s.d.j.r.q.QueryEnhancerFactory [main] Hibernate is in classpath; If applicable, HQL parser will be used.
2024-05-17 15:03:27,304 WARN o.s.b.a.o.j.JpaBaseConfiguration$JpaWebConfiguration [main] spring.jpa.open-in-view is enabled by default. Therefore, database queries may be performed during view rendering. Explicitly configure spring.jpa.open-in-view to disable this warning
2024-05-17 15:03:27,909 INFO o.a.j.l.DirectJDKLog [main] Starting ProtocolHandler ["http-nio-8080"]
2024-05-17 15:03:27,942 INFO o.s.b.w.e.t.TomcatWebServer [main] Tomcat started on port 8080 (http) with context path ''
2024-05-17 15:03:27,962 INFO o.s.b.StartupInfoLogger [main] Started BinarfudApplication in 6.784 seconds (process running for 7.289)
2024-05-17 15:03:33,092 INFO o.a.j.l.DirectJDKLog [http-nio-8080-exec-1] Initializing Spring DispatcherServlet 'dispatcherServlet'
2024-05-17 15:03:33,092 INFO o.s.w.s.FrameworkServlet [http-nio-8080-exec-1] Initializing Servlet 'dispatcherServlet'
2024-05-17 15:03:33,094 INFO o.s.w.s.FrameworkServlet [http-nio-8080-exec-1] Completed initialization in 1 ms
2024-05-17 15:03:33,301 ERROR o.a.j.l.DirectJDKLog [http-nio-8080-exec-1] Servlet.service() for servlet [dispatcherServlet] in context with path [] threw exception [Handler dispatch failed: java.lang.StackOverflowError] with root cause
java.lang.StackOverflowError: null
	at com.example.Binarfud.model.Orders.toString(Orders.java:15)
	at java.base/java.lang.StringConcatHelper.stringOf(StringConcatHelper.java:453)
	at com.example.Binarfud.model.OrderDetail.toString(OrderDetail.java:10)
	at java.base/java.lang.String.valueOf(String.java:4215)
	at java.base/java.lang.StringBuilder.append(StringBuilder.java:173)
	at java.base/java.util.AbstractCollection.toString(AbstractCollection.java:457)
	at org.hibernate.collection.spi.PersistentBag.toString(PersistentBag.java:590)
	at java.base/java.lang.StringConcatHelper.stringOf(StringConcatHelper.java:453)
	at com.example.Binarfud.model.Orders.toString(Orders.java:15)
	at java.base/java.lang.StringConcatHelper.stringOf(StringConcatHelper.java:453)
	at com.example.Binarfud.model.OrderDetail.toString(OrderDetail.java:10)
	at java.base/java.lang.String.valueOf(String.java:4215)
	at java.base/java.lang.StringBuilder.append(StringBuilder.java:173)
	at java.base/java.util.AbstractCollection.toString(AbstractCollection.java:457)
	at org.hibernate.collection.spi.PersistentBag.toString(PersistentBag.java:590)
	at java.base/java.lang.StringConcatHelper.stringOf(StringConcatHelper.java:453)
	at com.example.Binarfud.model.Orders.toString(Orders.java:15)
	at java.base/java.lang.StringConcatHelper.stringOf(StringConcatHelper.java:453)
	at com.example.Binarfud.model.OrderDetail.toString(OrderDetail.java:10)
	at java.base/java.lang.String.valueOf(String.java:4215)
	at java.base/java.lang.StringBuilder.append(StringBuilder.java:173)
	at java.base/java.util.AbstractCollection.toString(AbstractCollection.java:457)
	at org.hibernate.collection.spi.PersistentBag.toString(PersistentBag.java:590)
	at java.base/java.lang.StringConcatHelper.stringOf(StringConcatHelper.java:453)
	at com.example.Binarfud.model.Orders.toString(Orders.java:15)
	at java.base/java.lang.StringConcatHelper.stringOf(StringConcatHelper.java:453)
	at com.example.Binarfud.model.OrderDetail.toString(OrderDetail.java:10)
	at java.base/java.lang.String.valueOf(String.java:4215)
	at java.base/java.lang.StringBuilder.append(StringBuilder.java:173)
	at java.base/java.util.AbstractCollection.toString(AbstractCollection.java:457)
	at org.hibernate.collection.spi.PersistentBag.toString(PersistentBag.java:590)
	at java.base/java.lang.StringConcatHelper.stringOf(StringConcatHelper.java:453)
	at com.example.Binarfud.model.Orders.toString(Orders.java:15)
	at java.base/java.lang.StringConcatHelper.stringOf(StringConcatHelper.java:453)
	at com.example.Binarfud.model.OrderDetail.toString(OrderDetail.java:10)
	at java.base/java.lang.String.valueOf(String.java:4215)
	at java.base/java.lang.StringBuilder.append(StringBuilder.java:173)
	at java.base/java.util.AbstractCollection.toString(AbstractCollection.java:457)
	at org.hibernate.collection.spi.PersistentBag.toString(PersistentBag.java:590)
	at java.base/java.lang.StringConcatHelper.stringOf(StringConcatHelper.java:453)
	at com.example.Binarfud.model.Orders.toString(Orders.java:15)
	at java.base/java.lang.StringConcatHelper.stringOf(StringConcatHelper.java:453)
	at com.example.Binarfud.model.OrderDetail.toString(OrderDetail.java:10)
	at java.base/java.lang.String.valueOf(String.java:4215)
	at java.base/java.lang.StringBuilder.append(StringBuilder.java:173)
	at java.base/java.util.AbstractCollection.toString(AbstractCollection.java:457)
	at org.hibernate.collection.spi.PersistentBag.toString(PersistentBag.java:590)
	at java.base/java.lang.StringConcatHelper.stringOf(StringConcatHelper.java:453)
	at com.example.Binarfud.model.Orders.toString(Orders.java:15)
	at java.base/java.lang.StringConcatHelper.stringOf(StringConcatHelper.java:453)
	at com.example.Binarfud.model.OrderDetail.toString(OrderDetail.java:10)
	at java.base/java.lang.String.valueOf(String.java:4215)
	at java.base/java.lang.StringBuilder.append(StringBuilder.java:173)
	at java.base/java.util.AbstractCollection.toString(AbstractCollection.java:457)
	at org.hibernate.collection.spi.PersistentBag.toString(PersistentBag.java:590)
	at java.base/java.lang.StringConcatHelper.stringOf(StringConcatHelper.java:453)
	at com.example.Binarfud.model.Orders.toString(Orders.java:15)
	at java.base/java.lang.StringConcatHelper.stringOf(StringConcatHelper.java:453)
	at com.example.Binarfud.model.OrderDetail.toString(OrderDetail.java:10)
	at java.base/java.lang.String.valueOf(String.java:4215)
	at java.base/java.lang.StringBuilder.append(StringBuilder.java:173)
	at java.base/java.util.AbstractCollection.toString(AbstractCollection.java:457)
	at org.hibernate.collection.spi.PersistentBag.toString(PersistentBag.java:590)
	at java.base/java.lang.StringConcatHelper.stringOf(StringConcatHelper.java:453)
	at com.example.Binarfud.model.Orders.toString(Orders.java:15)
	at java.base/java.lang.StringConcatHelper.stringOf(StringConcatHelper.java:453)
	at com.example.Binarfud.model.OrderDetail.toString(OrderDetail.java:10)
	at java.base/java.lang.String.valueOf(String.java:4215)
	at java.base/java.lang.StringBuilder.append(StringBuilder.java:173)
	at java.base/java.util.AbstractCollection.toString(AbstractCollection.java:457)
	at org.hibernate.collection.spi.PersistentBag.toString(PersistentBag.java:590)
	at java.base/java.lang.StringConcatHelper.stringOf(StringConcatHelper.java:453)
	at com.example.Binarfud.model.Orders.toString(Orders.java:15)
	at java.base/java.lang.StringConcatHelper.stringOf(StringConcatHelper.java:453)
	at com.example.Binarfud.model.OrderDetail.toString(OrderDetail.java:10)
	at java.base/java.lang.String.valueOf(String.java:4215)
	at java.base/java.lang.StringBuilder.append(StringBuilder.java:173)
	at java.base/java.util.AbstractCollection.toString(AbstractCollection.java:457)
	at org.hibernate.collection.spi.PersistentBag.toString(PersistentBag.java:590)
	at java.base/java.lang.StringConcatHelper.stringOf(StringConcatHelper.java:453)
	at com.example.Binarfud.model.Orders.toString(Orders.java:15)
	at java.base/java.lang.StringConcatHelper.stringOf(StringConcatHelper.java:453)
	at com.example.Binarfud.model.OrderDetail.toString(OrderDetail.java:10)
	at java.base/java.lang.String.valueOf(String.java:4215)
	at java.base/java.lang.StringBuilder.append(StringBuilder.java:173)
	at java.base/java.util.AbstractCollection.toString(AbstractCollection.java:457)
	at org.hibernate.collection.spi.PersistentBag.toString(PersistentBag.java:590)
	at java.base/java.lang.StringConcatHelper.stringOf(StringConcatHelper.java:453)
	at com.example.Binarfud.model.Orders.toString(Orders.java:15)
	at java.base/java.lang.StringConcatHelper.stringOf(StringConcatHelper.java:453)
	at com.example.Binarfud.model.OrderDetail.toString(OrderDetail.java:10)
	at java.base/java.lang.String.valueOf(String.java:4215)
	at java.base/java.lang.StringBuilder.append(StringBuilder.java:173)
	at java.base/java.util.AbstractCollection.toString(AbstractCollection.java:457)
	at org.hibernate.collection.spi.PersistentBag.toString(PersistentBag.java:590)
	at java.base/java.lang.StringConcatHelper.stringOf(StringConcatHelper.java:453)
	at com.example.Binarfud.model.Orders.toString(Orders.java:15)
	at java.base/java.lang.StringConcatHelper.stringOf(StringConcatHelper.java:453)
	at com.example.Binarfud.model.OrderDetail.toString(OrderDetail.java:10)
	at java.base/java.lang.String.valueOf(String.java:4215)
	at java.base/java.lang.StringBuilder.append(StringBuilder.java:173)
	at java.base/java.util.AbstractCollection.toString(AbstractCollection.java:457)
	at org.hibernate.collection.spi.PersistentBag.toString(PersistentBag.java:590)
	at java.base/java.lang.StringConcatHelper.stringOf(StringConcatHelper.java:453)
	at com.example.Binarfud.model.Orders.toString(Orders.java:15)
	at java.base/java.lang.StringConcatHelper.stringOf(StringConcatHelper.java:453)
	at com.example.Binarfud.model.OrderDetail.toString(OrderDetail.java:10)
	at java.base/java.lang.String.valueOf(String.java:4215)
	at java.base/java.lang.StringBuilder.append(StringBuilder.java:173)
	at java.base/java.util.AbstractCollection.toString(AbstractCollection.java:457)
	at org.hibernate.collection.spi.PersistentBag.toString(PersistentBag.java:590)
	at java.base/java.lang.StringConcatHelper.stringOf(StringConcatHelper.java:453)
	at com.example.Binarfud.model.Orders.toString(Orders.java:15)
	at java.base/java.lang.StringConcatHelper.stringOf(StringConcatHelper.java:453)
	at com.example.Binarfud.model.OrderDetail.toString(OrderDetail.java:10)
	at java.base/java.lang.String.valueOf(String.java:4215)
	at java.base/java.lang.StringBuilder.append(StringBuilder.java:173)
	at java.base/java.util.AbstractCollection.toString(AbstractCollection.java:457)
	at org.hibernate.collection.spi.PersistentBag.toString(PersistentBag.java:590)
	at java.base/java.lang.StringConcatHelper.stringOf(StringConcatHelper.java:453)
	at com.example.Binarfud.model.Orders.toString(Orders.java:15)
	at java.base/java.lang.StringConcatHelper.stringOf(StringConcatHelper.java:453)
	at com.example.Binarfud.model.OrderDetail.toString(OrderDetail.java:10)
	at java.base/java.lang.String.valueOf(String.java:4215)
	at java.base/java.lang.StringBuilder.append(StringBuilder.java:173)
	at java.base/java.util.AbstractCollection.toString(AbstractCollection.java:457)
	at org.hibernate.collection.spi.PersistentBag.toString(PersistentBag.java:590)
	at java.base/java.lang.StringConcatHelper.stringOf(StringConcatHelper.java:453)
	at com.example.Binarfud.model.Orders.toString(Orders.java:15)
	at java.base/java.lang.StringConcatHelper.stringOf(StringConcatHelper.java:453)
	at com.example.Binarfud.model.OrderDetail.toString(OrderDetail.java:10)
	at java.base/java.lang.String.valueOf(String.java:4215)
	at java.base/java.lang.StringBuilder.append(StringBuilder.java:173)
	at java.base/java.util.AbstractCollection.toString(AbstractCollection.java:457)
	at org.hibernate.collection.spi.PersistentBag.toString(PersistentBag.java:590)
	at java.base/java.lang.StringConcatHelper.stringOf(StringConcatHelper.java:453)
	at com.example.Binarfud.model.Orders.toString(Orders.java:15)
	at java.base/java.lang.StringConcatHelper.stringOf(StringConcatHelper.java:453)
	at com.example.Binarfud.model.OrderDetail.toString(OrderDetail.java:10)
	at java.base/java.lang.String.valueOf(String.java:4215)
	at java.base/java.lang.StringBuilder.append(StringBuilder.java:173)
	at java.base/java.util.AbstractCollection.toString(AbstractCollection.java:457)
	at org.hibernate.collection.spi.PersistentBag.toString(PersistentBag.java:590)
	at java.base/java.lang.StringConcatHelper.stringOf(StringConcatHelper.java:453)
	at com.example.Binarfud.model.Orders.toString(Orders.java:15)
	at java.base/java.lang.StringConcatHelper.stringOf(StringConcatHelper.java:453)
	at com.example.Binarfud.model.OrderDetail.toString(OrderDetail.java:10)
	at java.base/java.lang.String.valueOf(String.java:4215)
	at java.base/java.lang.StringBuilder.append(StringBuilder.java:173)
	at java.base/java.util.AbstractCollection.toString(AbstractCollection.java:457)
	at org.hibernate.collection.spi.PersistentBag.toString(PersistentBag.java:590)
	at java.base/java.lang.StringConcatHelper.stringOf(StringConcatHelper.java:453)
	at com.example.Binarfud.model.Orders.toString(Orders.java:15)
	at java.base/java.lang.StringConcatHelper.stringOf(StringConcatHelper.java:453)
	at com.example.Binarfud.model.OrderDetail.toString(OrderDetail.java:10)
	at java.base/java.lang.String.valueOf(String.java:4215)
	at java.base/java.lang.StringBuilder.append(StringBuilder.java:173)
	at java.base/java.util.AbstractCollection.toString(AbstractCollection.java:457)
	at org.hibernate.collection.spi.PersistentBag.toString(PersistentBag.java:590)
	at java.base/java.lang.StringConcatHelper.stringOf(StringConcatHelper.java:453)
	at com.example.Binarfud.model.Orders.toString(Orders.java:15)
	at java.base/java.lang.StringConcatHelper.stringOf(StringConcatHelper.java:453)
	at com.example.Binarfud.model.OrderDetail.toString(OrderDetail.java:10)
	at java.base/java.lang.String.valueOf(String.java:4215)
	at java.base/java.lang.StringBuilder.append(StringBuilder.java:173)
	at java.base/java.util.AbstractCollection.toString(AbstractCollection.java:457)
	at org.hibernate.collection.spi.PersistentBag.toString(PersistentBag.java:590)
	at java.base/java.lang.StringConcatHelper.stringOf(StringConcatHelper.java:453)
	at com.example.Binarfud.model.Orders.toString(Orders.java:15)
	at java.base/java.lang.StringConcatHelper.stringOf(StringConcatHelper.java:453)
	at com.example.Binarfud.model.OrderDetail.toString(OrderDetail.java:10)
	at java.base/java.lang.String.valueOf(String.java:4215)
	at java.base/java.lang.StringBuilder.append(StringBuilder.java:173)
	at java.base/java.util.AbstractCollection.toString(AbstractCollection.java:457)
	at org.hibernate.collection.spi.PersistentBag.toString(PersistentBag.java:590)
	at java.base/java.lang.StringConcatHelper.stringOf(StringConcatHelper.java:453)
	at com.example.Binarfud.model.Orders.toString(Orders.java:15)
	at java.base/java.lang.StringConcatHelper.stringOf(StringConcatHelper.java:453)
	at com.example.Binarfud.model.OrderDetail.toString(OrderDetail.java:10)
	at java.base/java.lang.String.valueOf(String.java:4215)
	at java.base/java.lang.StringBuilder.append(StringBuilder.java:173)
	at java.base/java.util.AbstractCollection.toString(AbstractCollection.java:457)
	at org.hibernate.collection.spi.PersistentBag.toString(PersistentBag.java:590)
	at java.base/java.lang.StringConcatHelper.stringOf(StringConcatHelper.java:453)
	at com.example.Binarfud.model.Orders.toString(Orders.java:15)
	at java.base/java.lang.StringConcatHelper.stringOf(StringConcatHelper.java:453)
	at com.example.Binarfud.model.OrderDetail.toString(OrderDetail.java:10)
	at java.base/java.lang.String.valueOf(String.java:4215)
	at java.base/java.lang.StringBuilder.append(StringBuilder.java:173)
	at java.base/java.util.AbstractCollection.toString(AbstractCollection.java:457)
	at org.hibernate.collection.spi.PersistentBag.toString(PersistentBag.java:590)
	at java.base/java.lang.StringConcatHelper.stringOf(StringConcatHelper.java:453)
	at com.example.Binarfud.model.Orders.toString(Orders.java:15)
	at java.base/java.lang.StringConcatHelper.stringOf(StringConcatHelper.java:453)
	at com.example.Binarfud.model.OrderDetail.toString(OrderDetail.java:10)
	at java.base/java.lang.String.valueOf(String.java:4215)
	at java.base/java.lang.StringBuilder.append(StringBuilder.java:173)
	at java.base/java.util.AbstractCollection.toString(AbstractCollection.java:457)
	at org.hibernate.collection.spi.PersistentBag.toString(PersistentBag.java:590)
	at java.base/java.lang.StringConcatHelper.stringOf(StringConcatHelper.java:453)
	at com.example.Binarfud.model.Orders.toString(Orders.java:15)
	at java.base/java.lang.StringConcatHelper.stringOf(StringConcatHelper.java:453)
	at com.example.Binarfud.model.OrderDetail.toString(OrderDetail.java:10)
	at java.base/java.lang.String.valueOf(String.java:4215)
	at java.base/java.lang.StringBuilder.append(StringBuilder.java:173)
	at java.base/java.util.AbstractCollection.toString(AbstractCollection.java:457)
	at org.hibernate.collection.spi.PersistentBag.toString(PersistentBag.java:590)
	at java.base/java.lang.StringConcatHelper.stringOf(StringConcatHelper.java:453)
	at com.example.Binarfud.model.Orders.toString(Orders.java:15)
	at java.base/java.lang.StringConcatHelper.stringOf(StringConcatHelper.java:453)
	at com.example.Binarfud.model.OrderDetail.toString(OrderDetail.java:10)
	at java.base/java.lang.String.valueOf(String.java:4215)
	at java.base/java.lang.StringBuilder.append(StringBuilder.java:173)
	at java.base/java.util.AbstractCollection.toString(AbstractCollection.java:457)
	at org.hibernate.collection.spi.PersistentBag.toString(PersistentBag.java:590)
	at java.base/java.lang.StringConcatHelper.stringOf(StringConcatHelper.java:453)
	at com.example.Binarfud.model.Orders.toString(Orders.java:15)
	at java.base/java.lang.StringConcatHelper.stringOf(StringConcatHelper.java:453)
	at com.example.Binarfud.model.OrderDetail.toString(OrderDetail.java:10)
	at java.base/java.lang.String.valueOf(String.java:4215)
	at java.base/java.lang.StringBuilder.append(StringBuilder.java:173)
	at java.base/java.util.AbstractCollection.toString(AbstractCollection.java:457)
	at org.hibernate.collection.spi.PersistentBag.toString(PersistentBag.java:590)
	at java.base/java.lang.StringConcatHelper.stringOf(StringConcatHelper.java:453)
	at com.example.Binarfud.model.Orders.toString(Orders.java:15)
	at java.base/java.lang.StringConcatHelper.stringOf(StringConcatHelper.java:453)
	at com.example.Binarfud.model.OrderDetail.toString(OrderDetail.java:10)
	at java.base/java.lang.String.valueOf(String.java:4215)
	at java.base/java.lang.StringBuilder.append(StringBuilder.java:173)
	at java.base/java.util.AbstractCollection.toString(AbstractCollection.java:457)
	at org.hibernate.collection.spi.PersistentBag.toString(PersistentBag.java:590)
	at java.base/java.lang.StringConcatHelper.stringOf(StringConcatHelper.java:453)
	at com.example.Binarfud.model.Orders.toString(Orders.java:15)
	at java.base/java.lang.StringConcatHelper.stringOf(StringConcatHelper.java:453)
	at com.example.Binarfud.model.OrderDetail.toString(OrderDetail.java:10)
	at java.base/java.lang.String.valueOf(String.java:4215)
	at java.base/java.lang.StringBuilder.append(StringBuilder.java:173)
	at java.base/java.util.AbstractCollection.toString(AbstractCollection.java:457)
	at org.hibernate.collection.spi.PersistentBag.toString(PersistentBag.java:590)
	at java.base/java.lang.StringConcatHelper.stringOf(StringConcatHelper.java:453)
	at com.example.Binarfud.model.Orders.toString(Orders.java:15)
	at java.base/java.lang.StringConcatHelper.stringOf(StringConcatHelper.java:453)
	at com.example.Binarfud.model.OrderDetail.toString(OrderDetail.java:10)
	at java.base/java.lang.String.valueOf(String.java:4215)
	at java.base/java.lang.StringBuilder.append(StringBuilder.java:173)
	at java.base/java.util.AbstractCollection.toString(AbstractCollection.java:457)
	at org.hibernate.collection.spi.PersistentBag.toString(PersistentBag.java:590)
	at java.base/java.lang.StringConcatHelper.stringOf(StringConcatHelper.java:453)
	at com.example.Binarfud.model.Orders.toString(Orders.java:15)
	at java.base/java.lang.StringConcatHelper.stringOf(StringConcatHelper.java:453)
	at com.example.Binarfud.model.OrderDetail.toString(OrderDetail.java:10)
	at java.base/java.lang.String.valueOf(String.java:4215)
	at java.base/java.lang.StringBuilder.append(StringBuilder.java:173)
	at java.base/java.util.AbstractCollection.toString(AbstractCollection.java:457)
	at org.hibernate.collection.spi.PersistentBag.toString(PersistentBag.java:590)
	at java.base/java.lang.StringConcatHelper.stringOf(StringConcatHelper.java:453)
	at com.example.Binarfud.model.Orders.toString(Orders.java:15)
	at java.base/java.lang.StringConcatHelper.stringOf(StringConcatHelper.java:453)
	at com.example.Binarfud.model.OrderDetail.toString(OrderDetail.java:10)
	at java.base/java.lang.String.valueOf(String.java:4215)
	at java.base/java.lang.StringBuilder.append(StringBuilder.java:173)
	at java.base/java.util.AbstractCollection.toString(AbstractCollection.java:457)
	at org.hibernate.collection.spi.PersistentBag.toString(PersistentBag.java:590)
	at java.base/java.lang.StringConcatHelper.stringOf(StringConcatHelper.java:453)
	at com.example.Binarfud.model.Orders.toString(Orders.java:15)
	at java.base/java.lang.StringConcatHelper.stringOf(StringConcatHelper.java:453)
	at com.example.Binarfud.model.OrderDetail.toString(OrderDetail.java:10)
	at java.base/java.lang.String.valueOf(String.java:4215)
	at java.base/java.lang.StringBuilder.append(StringBuilder.java:173)
	at java.base/java.util.AbstractCollection.toString(AbstractCollection.java:457)
	at org.hibernate.collection.spi.PersistentBag.toString(PersistentBag.java:590)
	at java.base/java.lang.StringConcatHelper.stringOf(StringConcatHelper.java:453)
	at com.example.Binarfud.model.Orders.toString(Orders.java:15)
	at java.base/java.lang.StringConcatHelper.stringOf(StringConcatHelper.java:453)
	at com.example.Binarfud.model.OrderDetail.toString(OrderDetail.java:10)
	at java.base/java.lang.String.valueOf(String.java:4215)
	at java.base/java.lang.StringBuilder.append(StringBuilder.java:173)
	at java.base/java.util.AbstractCollection.toString(AbstractCollection.java:457)
	at org.hibernate.collection.spi.PersistentBag.toString(PersistentBag.java:590)
	at java.base/java.lang.StringConcatHelper.stringOf(StringConcatHelper.java:453)
	at com.example.Binarfud.model.Orders.toString(Orders.java:15)
	at java.base/java.lang.StringConcatHelper.stringOf(StringConcatHelper.java:453)
	at com.example.Binarfud.model.OrderDetail.toString(OrderDetail.java:10)
	at java.base/java.lang.String.valueOf(String.java:4215)
	at java.base/java.lang.StringBuilder.append(StringBuilder.java:173)
	at java.base/java.util.AbstractCollection.toString(AbstractCollection.java:457)
	at org.hibernate.collection.spi.PersistentBag.toString(PersistentBag.java:590)
	at java.base/java.lang.StringConcatHelper.stringOf(StringConcatHelper.java:453)
	at com.example.Binarfud.model.Orders.toString(Orders.java:15)
	at java.base/java.lang.StringConcatHelper.stringOf(StringConcatHelper.java:453)
	at com.example.Binarfud.model.OrderDetail.toString(OrderDetail.java:10)
	at java.base/java.lang.String.valueOf(String.java:4215)
	at java.base/java.lang.StringBuilder.append(StringBuilder.java:173)
	at java.base/java.util.AbstractCollection.toString(AbstractCollection.java:457)
	at org.hibernate.collection.spi.PersistentBag.toString(PersistentBag.java:590)
	at java.base/java.lang.StringConcatHelper.stringOf(StringConcatHelper.java:453)
	at com.example.Binarfud.model.Orders.toString(Orders.java:15)
	at java.base/java.lang.StringConcatHelper.stringOf(StringConcatHelper.java:453)
	at com.example.Binarfud.model.OrderDetail.toString(OrderDetail.java:10)
	at java.base/java.lang.String.valueOf(String.java:4215)
	at java.base/java.lang.StringBuilder.append(StringBuilder.java:173)
	at java.base/java.util.AbstractCollection.toString(AbstractCollection.java:457)
	at org.hibernate.collection.spi.PersistentBag.toString(PersistentBag.java:590)
	at java.base/java.lang.StringConcatHelper.stringOf(StringConcatHelper.java:453)
	at com.example.Binarfud.model.Orders.toString(Orders.java:15)
	at java.base/java.lang.StringConcatHelper.stringOf(StringConcatHelper.java:453)
	at com.example.Binarfud.model.OrderDetail.toString(OrderDetail.java:10)
	at java.base/java.lang.String.valueOf(String.java:4215)
	at java.base/java.lang.StringBuilder.append(StringBuilder.java:173)
	at java.base/java.util.AbstractCollection.toString(AbstractCollection.java:457)
	at org.hibernate.collection.spi.PersistentBag.toString(PersistentBag.java:590)
	at java.base/java.lang.StringConcatHelper.stringOf(StringConcatHelper.java:453)
	at com.example.Binarfud.model.Orders.toString(Orders.java:15)
	at java.base/java.lang.StringConcatHelper.stringOf(StringConcatHelper.java:453)
	at com.example.Binarfud.model.OrderDetail.toString(OrderDetail.java:10)
	at java.base/java.lang.String.valueOf(String.java:4215)
	at java.base/java.lang.StringBuilder.append(StringBuilder.java:173)
	at java.base/java.util.AbstractCollection.toString(AbstractCollection.java:457)
	at org.hibernate.collection.spi.PersistentBag.toString(PersistentBag.java:590)
	at java.base/java.lang.StringConcatHelper.stringOf(StringConcatHelper.java:453)
	at com.example.Binarfud.model.Orders.toString(Orders.java:15)
	at java.base/java.lang.StringConcatHelper.stringOf(StringConcatHelper.java:453)
	at com.example.Binarfud.model.OrderDetail.toString(OrderDetail.java:10)
	at java.base/java.lang.String.valueOf(String.java:4215)
	at java.base/java.lang.StringBuilder.append(StringBuilder.java:173)
	at java.base/java.util.AbstractCollection.toString(AbstractCollection.java:457)
	at org.hibernate.collection.spi.PersistentBag.toString(PersistentBag.java:590)
	at java.base/java.lang.StringConcatHelper.stringOf(StringConcatHelper.java:453)
	at com.example.Binarfud.model.Orders.toString(Orders.java:15)
	at java.base/java.lang.StringConcatHelper.stringOf(StringConcatHelper.java:453)
	at com.example.Binarfud.model.OrderDetail.toString(OrderDetail.java:10)
	at java.base/java.lang.String.valueOf(String.java:4215)
	at java.base/java.lang.StringBuilder.append(StringBuilder.java:173)
	at java.base/java.util.AbstractCollection.toString(AbstractCollection.java:457)
	at org.hibernate.collection.spi.PersistentBag.toString(PersistentBag.java:590)
	at java.base/java.lang.StringConcatHelper.stringOf(StringConcatHelper.java:453)
	at com.example.Binarfud.model.Orders.toString(Orders.java:15)
	at java.base/java.lang.StringConcatHelper.stringOf(StringConcatHelper.java:453)
	at com.example.Binarfud.model.OrderDetail.toString(OrderDetail.java:10)
	at java.base/java.lang.String.valueOf(String.java:4215)
	at java.base/java.lang.StringBuilder.append(StringBuilder.java:173)
	at java.base/java.util.AbstractCollection.toString(AbstractCollection.java:457)
	at org.hibernate.collection.spi.PersistentBag.toString(PersistentBag.java:590)
	at java.base/java.lang.StringConcatHelper.stringOf(StringConcatHelper.java:453)
	at com.example.Binarfud.model.Orders.toString(Orders.java:15)
	at java.base/java.lang.StringConcatHelper.stringOf(StringConcatHelper.java:453)
	at com.example.Binarfud.model.OrderDetail.toString(OrderDetail.java:10)
	at java.base/java.lang.String.valueOf(String.java:4215)
	at java.base/java.lang.StringBuilder.append(StringBuilder.java:173)
	at java.base/java.util.AbstractCollection.toString(AbstractCollection.java:457)
	at org.hibernate.collection.spi.PersistentBag.toString(PersistentBag.java:590)
	at java.base/java.lang.StringConcatHelper.stringOf(StringConcatHelper.java:453)
	at com.example.Binarfud.model.Orders.toString(Orders.java:15)
	at java.base/java.lang.StringConcatHelper.stringOf(StringConcatHelper.java:453)
	at com.example.Binarfud.model.OrderDetail.toString(OrderDetail.java:10)
	at java.base/java.lang.String.valueOf(String.java:4215)
	at java.base/java.lang.StringBuilder.append(StringBuilder.java:173)
	at java.base/java.util.AbstractCollection.toString(AbstractCollection.java:457)
	at org.hibernate.collection.spi.PersistentBag.toString(PersistentBag.java:590)
	at java.base/java.lang.StringConcatHelper.stringOf(StringConcatHelper.java:453)
	at com.example.Binarfud.model.Orders.toString(Orders.java:15)
	at java.base/java.lang.StringConcatHelper.stringOf(StringConcatHelper.java:453)
	at com.example.Binarfud.model.OrderDetail.toString(OrderDetail.java:10)
	at java.base/java.lang.String.valueOf(String.java:4215)
	at java.base/java.lang.StringBuilder.append(StringBuilder.java:173)
	at java.base/java.util.AbstractCollection.toString(AbstractCollection.java:457)
	at org.hibernate.collection.spi.PersistentBag.toString(PersistentBag.java:590)
	at java.base/java.lang.StringConcatHelper.stringOf(StringConcatHelper.java:453)
	at com.example.Binarfud.model.Orders.toString(Orders.java:15)
	at java.base/java.lang.StringConcatHelper.stringOf(StringConcatHelper.java:453)
	at com.example.Binarfud.model.OrderDetail.toString(OrderDetail.java:10)
	at java.base/java.lang.String.valueOf(String.java:4215)
	at java.base/java.lang.StringBuilder.append(StringBuilder.java:173)
	at java.base/java.util.AbstractCollection.toString(AbstractCollection.java:457)
	at org.hibernate.collection.spi.PersistentBag.toString(PersistentBag.java:590)
	at java.base/java.lang.StringConcatHelper.stringOf(StringConcatHelper.java:453)
	at com.example.Binarfud.model.Orders.toString(Orders.java:15)
	at java.base/java.lang.StringConcatHelper.stringOf(StringConcatHelper.java:453)
	at com.example.Binarfud.model.OrderDetail.toString(OrderDetail.java:10)
	at java.base/java.lang.String.valueOf(String.java:4215)
	at java.base/java.lang.StringBuilder.append(StringBuilder.java:173)
	at java.base/java.util.AbstractCollection.toString(AbstractCollection.java:457)
	at org.hibernate.collection.spi.PersistentBag.toString(PersistentBag.java:590)
	at java.base/java.lang.StringConcatHelper.stringOf(StringConcatHelper.java:453)
	at com.example.Binarfud.model.Orders.toString(Orders.java:15)
	at java.base/java.lang.StringConcatHelper.stringOf(StringConcatHelper.java:453)
	at com.example.Binarfud.model.OrderDetail.toString(OrderDetail.java:10)
	at java.base/java.lang.String.valueOf(String.java:4215)
	at java.base/java.lang.StringBuilder.append(StringBuilder.java:173)
	at java.base/java.util.AbstractCollection.toString(AbstractCollection.java:457)
	at org.hibernate.collection.spi.PersistentBag.toString(PersistentBag.java:590)
	at java.base/java.lang.StringConcatHelper.stringOf(StringConcatHelper.java:453)
	at com.example.Binarfud.model.Orders.toString(Orders.java:15)
	at java.base/java.lang.StringConcatHelper.stringOf(StringConcatHelper.java:453)
	at com.example.Binarfud.model.OrderDetail.toString(OrderDetail.java:10)
	at java.base/java.lang.String.valueOf(String.java:4215)
	at java.base/java.lang.StringBuilder.append(StringBuilder.java:173)
	at java.base/java.util.AbstractCollection.toString(AbstractCollection.java:457)
	at org.hibernate.collection.spi.PersistentBag.toString(PersistentBag.java:590)
	at java.base/java.lang.StringConcatHelper.stringOf(StringConcatHelper.java:453)
	at com.example.Binarfud.model.Orders.toString(Orders.java:15)
	at java.base/java.lang.StringConcatHelper.stringOf(StringConcatHelper.java:453)
	at com.example.Binarfud.model.OrderDetail.toString(OrderDetail.java:10)
	at java.base/java.lang.String.valueOf(String.java:4215)
	at java.base/java.lang.StringBuilder.append(StringBuilder.java:173)
	at java.base/java.util.AbstractCollection.toString(AbstractCollection.java:457)
	at org.hibernate.collection.spi.PersistentBag.toString(PersistentBag.java:590)
	at java.base/java.lang.StringConcatHelper.stringOf(StringConcatHelper.java:453)
	at com.example.Binarfud.model.Orders.toString(Orders.java:15)
	at java.base/java.lang.StringConcatHelper.stringOf(StringConcatHelper.java:453)
	at com.example.Binarfud.model.OrderDetail.toString(OrderDetail.java:10)
	at java.base/java.lang.String.valueOf(String.java:4215)
	at java.base/java.lang.StringBuilder.append(StringBuilder.java:173)
	at java.base/java.util.AbstractCollection.toString(AbstractCollection.java:457)
	at org.hibernate.collection.spi.PersistentBag.toString(PersistentBag.java:590)
	at java.base/java.lang.StringConcatHelper.stringOf(StringConcatHelper.java:453)
	at com.example.Binarfud.model.Orders.toString(Orders.java:15)
	at java.base/java.lang.StringConcatHelper.stringOf(StringConcatHelper.java:453)
	at com.example.Binarfud.model.OrderDetail.toString(OrderDetail.java:10)
	at java.base/java.lang.String.valueOf(String.java:4215)
	at java.base/java.lang.StringBuilder.append(StringBuilder.java:173)
	at java.base/java.util.AbstractCollection.toString(AbstractCollection.java:457)
	at org.hibernate.collection.spi.PersistentBag.toString(PersistentBag.java:590)
	at java.base/java.lang.StringConcatHelper.stringOf(StringConcatHelper.java:453)
	at com.example.Binarfud.model.Orders.toString(Orders.java:15)
	at java.base/java.lang.StringConcatHelper.stringOf(StringConcatHelper.java:453)
	at com.example.Binarfud.model.OrderDetail.toString(OrderDetail.java:10)
	at java.base/java.lang.String.valueOf(String.java:4215)
	at java.base/java.lang.StringBuilder.append(StringBuilder.java:173)
	at java.base/java.util.AbstractCollection.toString(AbstractCollection.java:457)
	at org.hibernate.collection.spi.PersistentBag.toString(PersistentBag.java:590)
	at java.base/java.lang.StringConcatHelper.stringOf(StringConcatHelper.java:453)
	at com.example.Binarfud.model.Orders.toString(Orders.java:15)
	at java.base/java.lang.StringConcatHelper.stringOf(StringConcatHelper.java:453)
	at com.example.Binarfud.model.OrderDetail.toString(OrderDetail.java:10)
	at java.base/java.lang.String.valueOf(String.java:4215)
	at java.base/java.lang.StringBuilder.append(StringBuilder.java:173)
	at java.base/java.util.AbstractCollection.toString(AbstractCollection.java:457)
	at org.hibernate.collection.spi.PersistentBag.toString(PersistentBag.java:590)
	at java.base/java.lang.StringConcatHelper.stringOf(StringConcatHelper.java:453)
	at com.example.Binarfud.model.Orders.toString(Orders.java:15)
	at java.base/java.lang.StringConcatHelper.stringOf(StringConcatHelper.java:453)
	at com.example.Binarfud.model.OrderDetail.toString(OrderDetail.java:10)
	at java.base/java.lang.String.valueOf(String.java:4215)
	at java.base/java.lang.StringBuilder.append(StringBuilder.java:173)
	at java.base/java.util.AbstractCollection.toString(AbstractCollection.java:457)
	at org.hibernate.collection.spi.PersistentBag.toString(PersistentBag.java:590)
	at java.base/java.lang.StringConcatHelper.stringOf(StringConcatHelper.java:453)
	at com.example.Binarfud.model.Orders.toString(Orders.java:15)
	at java.base/java.lang.StringConcatHelper.stringOf(StringConcatHelper.java:453)
	at com.example.Binarfud.model.OrderDetail.toString(OrderDetail.java:10)
	at java.base/java.lang.String.valueOf(String.java:4215)
	at java.base/java.lang.StringBuilder.append(StringBuilder.java:173)
	at java.base/java.util.AbstractCollection.toString(AbstractCollection.java:457)
	at org.hibernate.collection.spi.PersistentBag.toString(PersistentBag.java:590)
	at java.base/java.lang.StringConcatHelper.stringOf(StringConcatHelper.java:453)
	at com.example.Binarfud.model.Orders.toString(Orders.java:15)
	at java.base/java.lang.StringConcatHelper.stringOf(StringConcatHelper.java:453)
	at com.example.Binarfud.model.OrderDetail.toString(OrderDetail.java:10)
	at java.base/java.lang.String.valueOf(String.java:4215)
	at java.base/java.lang.StringBuilder.append(StringBuilder.java:173)
	at java.base/java.util.AbstractCollection.toString(AbstractCollection.java:457)
	at org.hibernate.collection.spi.PersistentBag.toString(PersistentBag.java:590)
	at java.base/java.lang.StringConcatHelper.stringOf(StringConcatHelper.java:453)
	at com.example.Binarfud.model.Orders.toString(Orders.java:15)
	at java.base/java.lang.StringConcatHelper.stringOf(StringConcatHelper.java:453)
	at com.example.Binarfud.model.OrderDetail.toString(OrderDetail.java:10)
	at java.base/java.lang.String.valueOf(String.java:4215)
	at java.base/java.lang.StringBuilder.append(StringBuilder.java:173)
	at java.base/java.util.AbstractCollection.toString(AbstractCollection.java:457)
	at org.hibernate.collection.spi.PersistentBag.toString(PersistentBag.java:590)
	at java.base/java.lang.StringConcatHelper.stringOf(StringConcatHelper.java:453)
	at com.example.Binarfud.model.Orders.toString(Orders.java:15)
	at java.base/java.lang.StringConcatHelper.stringOf(StringConcatHelper.java:453)
	at com.example.Binarfud.model.OrderDetail.toString(OrderDetail.java:10)
	at java.base/java.lang.String.valueOf(String.java:4215)
	at java.base/java.lang.StringBuilder.append(StringBuilder.java:173)
	at java.base/java.util.AbstractCollection.toString(AbstractCollection.java:457)
	at org.hibernate.collection.spi.PersistentBag.toString(PersistentBag.java:590)
	at java.base/java.lang.StringConcatHelper.stringOf(StringConcatHelper.java:453)
	at com.example.Binarfud.model.Orders.toString(Orders.java:15)
	at java.base/java.lang.StringConcatHelper.stringOf(StringConcatHelper.java:453)
	at com.example.Binarfud.model.OrderDetail.toString(OrderDetail.java:10)
	at java.base/java.lang.String.valueOf(String.java:4215)
	at java.base/java.lang.StringBuilder.append(StringBuilder.java:173)
	at java.base/java.util.AbstractCollection.toString(AbstractCollection.java:457)
	at org.hibernate.collection.spi.PersistentBag.toString(PersistentBag.java:590)
	at java.base/java.lang.StringConcatHelper.stringOf(StringConcatHelper.java:453)
	at com.example.Binarfud.model.Orders.toString(Orders.java:15)
	at java.base/java.lang.StringConcatHelper.stringOf(StringConcatHelper.java:453)
	at com.example.Binarfud.model.OrderDetail.toString(OrderDetail.java:10)
	at java.base/java.lang.String.valueOf(String.java:4215)
	at java.base/java.lang.StringBuilder.append(StringBuilder.java:173)
	at java.base/java.util.AbstractCollection.toString(AbstractCollection.java:457)
	at org.hibernate.collection.spi.PersistentBag.toString(PersistentBag.java:590)
	at java.base/java.lang.StringConcatHelper.stringOf(StringConcatHelper.java:453)
	at com.example.Binarfud.model.Orders.toString(Orders.java:15)
	at java.base/java.lang.StringConcatHelper.stringOf(StringConcatHelper.java:453)
	at com.example.Binarfud.model.OrderDetail.toString(OrderDetail.java:10)
	at java.base/java.lang.String.valueOf(String.java:4215)
	at java.base/java.lang.StringBuilder.append(StringBuilder.java:173)
	at java.base/java.util.AbstractCollection.toString(AbstractCollection.java:457)
	at org.hibernate.collection.spi.PersistentBag.toString(PersistentBag.java:590)
	at java.base/java.lang.StringConcatHelper.stringOf(StringConcatHelper.java:453)
	at com.example.Binarfud.model.Orders.toString(Orders.java:15)
	at java.base/java.lang.StringConcatHelper.stringOf(StringConcatHelper.java:453)
	at com.example.Binarfud.model.OrderDetail.toString(OrderDetail.java:10)
	at java.base/java.lang.String.valueOf(String.java:4215)
	at java.base/java.lang.StringBuilder.append(StringBuilder.java:173)
	at java.base/java.util.AbstractCollection.toString(AbstractCollection.java:457)
	at org.hibernate.collection.spi.PersistentBag.toString(PersistentBag.java:590)
	at java.base/java.lang.StringConcatHelper.stringOf(StringConcatHelper.java:453)
	at com.example.Binarfud.model.Orders.toString(Orders.java:15)
	at java.base/java.lang.StringConcatHelper.stringOf(StringConcatHelper.java:453)
	at com.example.Binarfud.model.OrderDetail.toString(OrderDetail.java:10)
	at java.base/java.lang.String.valueOf(String.java:4215)
	at java.base/java.lang.StringBuilder.append(StringBuilder.java:173)
	at java.base/java.util.AbstractCollection.toString(AbstractCollection.java:457)
	at org.hibernate.collection.spi.PersistentBag.toString(PersistentBag.java:590)
	at java.base/java.lang.StringConcatHelper.stringOf(StringConcatHelper.java:453)
	at com.example.Binarfud.model.Orders.toString(Orders.java:15)
	at java.base/java.lang.StringConcatHelper.stringOf(StringConcatHelper.java:453)
	at com.example.Binarfud.model.OrderDetail.toString(OrderDetail.java:10)
	at java.base/java.lang.String.valueOf(String.java:4215)
	at java.base/java.lang.StringBuilder.append(StringBuilder.java:173)
	at java.base/java.util.AbstractCollection.toString(AbstractCollection.java:457)
	at org.hibernate.collection.spi.PersistentBag.toString(PersistentBag.java:590)
	at java.base/java.lang.StringConcatHelper.stringOf(StringConcatHelper.java:453)
	at com.example.Binarfud.model.Orders.toString(Orders.java:15)
	at java.base/java.lang.StringConcatHelper.stringOf(StringConcatHelper.java:453)
	at com.example.Binarfud.model.OrderDetail.toString(OrderDetail.java:10)
	at java.base/java.lang.String.valueOf(String.java:4215)
	at java.base/java.lang.StringBuilder.append(StringBuilder.java:173)
	at java.base/java.util.AbstractCollection.toString(AbstractCollection.java:457)
	at org.hibernate.collection.spi.PersistentBag.toString(PersistentBag.java:590)
	at java.base/java.lang.StringConcatHelper.stringOf(StringConcatHelper.java:453)
	at com.example.Binarfud.model.Orders.toString(Orders.java:15)
	at java.base/java.lang.StringConcatHelper.stringOf(StringConcatHelper.java:453)
	at com.example.Binarfud.model.OrderDetail.toString(OrderDetail.java:10)
	at java.base/java.lang.String.valueOf(String.java:4215)
	at java.base/java.lang.StringBuilder.append(StringBuilder.java:173)
	at java.base/java.util.AbstractCollection.toString(AbstractCollection.java:457)
	at org.hibernate.collection.spi.PersistentBag.toString(PersistentBag.java:590)
	at java.base/java.lang.StringConcatHelper.stringOf(StringConcatHelper.java:453)
	at com.example.Binarfud.model.Orders.toString(Orders.java:15)
	at java.base/java.lang.StringConcatHelper.stringOf(StringConcatHelper.java:453)
	at com.example.Binarfud.model.OrderDetail.toString(OrderDetail.java:10)
	at java.base/java.lang.String.valueOf(String.java:4215)
	at java.base/java.lang.StringBuilder.append(StringBuilder.java:173)
	at java.base/java.util.AbstractCollection.toString(AbstractCollection.java:457)
	at org.hibernate.collection.spi.PersistentBag.toString(PersistentBag.java:590)
	at java.base/java.lang.StringConcatHelper.stringOf(StringConcatHelper.java:453)
	at com.example.Binarfud.model.Orders.toString(Orders.java:15)
	at java.base/java.lang.StringConcatHelper.stringOf(StringConcatHelper.java:453)
	at com.example.Binarfud.model.OrderDetail.toString(OrderDetail.java:10)
	at java.base/java.lang.String.valueOf(String.java:4215)
	at java.base/java.lang.StringBuilder.append(StringBuilder.java:173)
	at java.base/java.util.AbstractCollection.toString(AbstractCollection.java:457)
	at org.hibernate.collection.spi.PersistentBag.toString(PersistentBag.java:590)
	at java.base/java.lang.StringConcatHelper.stringOf(StringConcatHelper.java:453)
	at com.example.Binarfud.model.Orders.toString(Orders.java:15)
	at java.base/java.lang.StringConcatHelper.stringOf(StringConcatHelper.java:453)
	at com.example.Binarfud.model.OrderDetail.toString(OrderDetail.java:10)
	at java.base/java.lang.String.valueOf(String.java:4215)
	at java.base/java.lang.StringBuilder.append(StringBuilder.java:173)
	at java.base/java.util.AbstractCollection.toString(AbstractCollection.java:457)
	at org.hibernate.collection.spi.PersistentBag.toString(PersistentBag.java:590)
	at java.base/java.lang.StringConcatHelper.stringOf(StringConcatHelper.java:453)
	at com.example.Binarfud.model.Orders.toString(Orders.java:15)
	at java.base/java.lang.StringConcatHelper.stringOf(StringConcatHelper.java:453)
	at com.example.Binarfud.model.OrderDetail.toString(OrderDetail.java:10)
	at java.base/java.lang.String.valueOf(String.java:4215)
	at java.base/java.lang.StringBuilder.append(StringBuilder.java:173)
	at java.base/java.util.AbstractCollection.toString(AbstractCollection.java:457)
	at org.hibernate.collection.spi.PersistentBag.toString(PersistentBag.java:590)
	at java.base/java.lang.StringConcatHelper.stringOf(StringConcatHelper.java:453)
	at com.example.Binarfud.model.Orders.toString(Orders.java:15)
	at java.base/java.lang.StringConcatHelper.stringOf(StringConcatHelper.java:453)
	at com.example.Binarfud.model.OrderDetail.toString(OrderDetail.java:10)
	at java.base/java.lang.String.valueOf(String.java:4215)
	at java.base/java.lang.StringBuilder.append(StringBuilder.java:173)
	at java.base/java.util.AbstractCollection.toString(AbstractCollection.java:457)
	at org.hibernate.collection.spi.PersistentBag.toString(PersistentBag.java:590)
	at java.base/java.lang.StringConcatHelper.stringOf(StringConcatHelper.java:453)
	at com.example.Binarfud.model.Orders.toString(Orders.java:15)
	at java.base/java.lang.StringConcatHelper.stringOf(StringConcatHelper.java:453)
	at com.example.Binarfud.model.OrderDetail.toString(OrderDetail.java:10)
	at java.base/java.lang.String.valueOf(String.java:4215)
	at java.base/java.lang.StringBuilder.append(StringBuilder.java:173)
	at java.base/java.util.AbstractCollection.toString(AbstractCollection.java:457)
	at org.hibernate.collection.spi.PersistentBag.toString(PersistentBag.java:590)
	at java.base/java.lang.StringConcatHelper.stringOf(StringConcatHelper.java:453)
	at com.example.Binarfud.model.Orders.toString(Orders.java:15)
	at java.base/java.lang.StringConcatHelper.stringOf(StringConcatHelper.java:453)
	at com.example.Binarfud.model.OrderDetail.toString(OrderDetail.java:10)
	at java.base/java.lang.String.valueOf(String.java:4215)
	at java.base/java.lang.StringBuilder.append(StringBuilder.java:173)
	at java.base/java.util.AbstractCollection.toString(AbstractCollection.java:457)
	at org.hibernate.collection.spi.PersistentBag.toString(PersistentBag.java:590)
	at java.base/java.lang.StringConcatHelper.stringOf(StringConcatHelper.java:453)
	at com.example.Binarfud.model.Orders.toString(Orders.java:15)
	at java.base/java.lang.StringConcatHelper.stringOf(StringConcatHelper.java:453)
	at com.example.Binarfud.model.OrderDetail.toString(OrderDetail.java:10)
	at java.base/java.lang.String.valueOf(String.java:4215)
	at java.base/java.lang.StringBuilder.append(StringBuilder.java:173)
	at java.base/java.util.AbstractCollection.toString(AbstractCollection.java:457)
	at org.hibernate.collection.spi.PersistentBag.toString(PersistentBag.java:590)
	at java.base/java.lang.StringConcatHelper.stringOf(StringConcatHelper.java:453)
	at com.example.Binarfud.model.Orders.toString(Orders.java:15)
	at java.base/java.lang.StringConcatHelper.stringOf(StringConcatHelper.java:453)
	at com.example.Binarfud.model.OrderDetail.toString(OrderDetail.java:10)
	at java.base/java.lang.String.valueOf(String.java:4215)
	at java.base/java.lang.StringBuilder.append(StringBuilder.java:173)
	at java.base/java.util.AbstractCollection.toString(AbstractCollection.java:457)
	at org.hibernate.collection.spi.PersistentBag.toString(PersistentBag.java:590)
	at java.base/java.lang.StringConcatHelper.stringOf(StringConcatHelper.java:453)
	at com.example.Binarfud.model.Orders.toString(Orders.java:15)
	at java.base/java.lang.StringConcatHelper.stringOf(StringConcatHelper.java:453)
	at com.example.Binarfud.model.OrderDetail.toString(OrderDetail.java:10)
	at java.base/java.lang.String.valueOf(String.java:4215)
	at java.base/java.lang.StringBuilder.append(StringBuilder.java:173)
	at java.base/java.util.AbstractCollection.toString(AbstractCollection.java:457)
	at org.hibernate.collection.spi.PersistentBag.toString(PersistentBag.java:590)
	at java.base/java.lang.StringConcatHelper.stringOf(StringConcatHelper.java:453)
	at com.example.Binarfud.model.Orders.toString(Orders.java:15)
	at java.base/java.lang.StringConcatHelper.stringOf(StringConcatHelper.java:453)
	at com.example.Binarfud.model.OrderDetail.toString(OrderDetail.java:10)
	at java.base/java.lang.String.valueOf(String.java:4215)
	at java.base/java.lang.StringBuilder.append(StringBuilder.java:173)
	at java.base/java.util.AbstractCollection.toString(AbstractCollection.java:457)
	at org.hibernate.collection.spi.PersistentBag.toString(PersistentBag.java:590)
	at java.base/java.lang.StringConcatHelper.stringOf(StringConcatHelper.java:453)
	at com.example.Binarfud.model.Orders.toString(Orders.java:15)
	at java.base/java.lang.StringConcatHelper.stringOf(StringConcatHelper.java:453)
	at com.example.Binarfud.model.OrderDetail.toString(OrderDetail.java:10)
	at java.base/java.lang.String.valueOf(String.java:4215)
	at java.base/java.lang.StringBuilder.append(StringBuilder.java:173)
	at java.base/java.util.AbstractCollection.toString(AbstractCollection.java:457)
	at org.hibernate.collection.spi.PersistentBag.toString(PersistentBag.java:590)
	at java.base/java.lang.StringConcatHelper.stringOf(StringConcatHelper.java:453)
	at com.example.Binarfud.model.Orders.toString(Orders.java:15)
	at java.base/java.lang.StringConcatHelper.stringOf(StringConcatHelper.java:453)
	at com.example.Binarfud.model.OrderDetail.toString(OrderDetail.java:10)
	at java.base/java.lang.String.valueOf(String.java:4215)
	at java.base/java.lang.StringBuilder.append(StringBuilder.java:173)
	at java.base/java.util.AbstractCollection.toString(AbstractCollection.java:457)
	at org.hibernate.collection.spi.PersistentBag.toString(PersistentBag.java:590)
	at java.base/java.lang.StringConcatHelper.stringOf(StringConcatHelper.java:453)
	at com.example.Binarfud.model.Orders.toString(Orders.java:15)
	at java.base/java.lang.StringConcatHelper.stringOf(StringConcatHelper.java:453)
	at com.example.Binarfud.model.OrderDetail.toString(OrderDetail.java:10)
	at java.base/java.lang.String.valueOf(String.java:4215)
	at java.base/java.lang.StringBuilder.append(StringBuilder.java:173)
	at java.base/java.util.AbstractCollection.toString(AbstractCollection.java:457)
	at org.hibernate.collection.spi.PersistentBag.toString(PersistentBag.java:590)
	at java.base/java.lang.StringConcatHelper.stringOf(StringConcatHelper.java:453)
	at com.example.Binarfud.model.Orders.toString(Orders.java:15)
	at java.base/java.lang.StringConcatHelper.stringOf(StringConcatHelper.java:453)
	at com.example.Binarfud.model.OrderDetail.toString(OrderDetail.java:10)
	at java.base/java.lang.String.valueOf(String.java:4215)
	at java.base/java.lang.StringBuilder.append(StringBuilder.java:173)
	at java.base/java.util.AbstractCollection.toString(AbstractCollection.java:457)
	at org.hibernate.collection.spi.PersistentBag.toString(PersistentBag.java:590)
	at java.base/java.lang.StringConcatHelper.stringOf(StringConcatHelper.java:453)
	at com.example.Binarfud.model.Orders.toString(Orders.java:15)
	at java.base/java.lang.StringConcatHelper.stringOf(StringConcatHelper.java:453)
	at com.example.Binarfud.model.OrderDetail.toString(OrderDetail.java:10)
	at java.base/java.lang.String.valueOf(String.java:4215)
	at java.base/java.lang.StringBuilder.append(StringBuilder.java:173)
	at java.base/java.util.AbstractCollection.toString(AbstractCollection.java:457)
	at org.hibernate.collection.spi.PersistentBag.toString(PersistentBag.java:590)
	at java.base/java.lang.StringConcatHelper.stringOf(StringConcatHelper.java:453)
	at com.example.Binarfud.model.Orders.toString(Orders.java:15)
	at java.base/java.lang.StringConcatHelper.stringOf(StringConcatHelper.java:453)
	at com.example.Binarfud.model.OrderDetail.toString(OrderDetail.java:10)
	at java.base/java.lang.String.valueOf(String.java:4215)
	at java.base/java.lang.StringBuilder.append(StringBuilder.java:173)
	at java.base/java.util.AbstractCollection.toString(AbstractCollection.java:457)
	at org.hibernate.collection.spi.PersistentBag.toString(PersistentBag.java:590)
	at java.base/java.lang.StringConcatHelper.stringOf(StringConcatHelper.java:453)
	at com.example.Binarfud.model.Orders.toString(Orders.java:15)
	at java.base/java.lang.StringConcatHelper.stringOf(StringConcatHelper.java:453)
	at com.example.Binarfud.model.OrderDetail.toString(OrderDetail.java:10)
	at java.base/java.lang.String.valueOf(String.java:4215)
	at java.base/java.lang.StringBuilder.append(StringBuilder.java:173)
	at java.base/java.util.AbstractCollection.toString(AbstractCollection.java:457)
	at org.hibernate.collection.spi.PersistentBag.toString(PersistentBag.java:590)
	at java.base/java.lang.StringConcatHelper.stringOf(StringConcatHelper.java:453)
	at com.example.Binarfud.model.Orders.toString(Orders.java:15)
	at java.base/java.lang.StringConcatHelper.stringOf(StringConcatHelper.java:453)
	at com.example.Binarfud.model.OrderDetail.toString(OrderDetail.java:10)
	at java.base/java.lang.String.valueOf(String.java:4215)
	at java.base/java.lang.StringBuilder.append(StringBuilder.java:173)
	at java.base/java.util.AbstractCollection.toString(AbstractCollection.java:457)
	at org.hibernate.collection.spi.PersistentBag.toString(PersistentBag.java:590)
	at java.base/java.lang.StringConcatHelper.stringOf(StringConcatHelper.java:453)
	at com.example.Binarfud.model.Orders.toString(Orders.java:15)
	at java.base/java.lang.StringConcatHelper.stringOf(StringConcatHelper.java:453)
	at com.example.Binarfud.model.OrderDetail.toString(OrderDetail.java:10)
	at java.base/java.lang.String.valueOf(String.java:4215)
	at java.base/java.lang.StringBuilder.append(StringBuilder.java:173)
	at java.base/java.util.AbstractCollection.toString(AbstractCollection.java:457)
	at org.hibernate.collection.spi.PersistentBag.toString(PersistentBag.java:590)
	at java.base/java.lang.StringConcatHelper.stringOf(StringConcatHelper.java:453)
	at com.example.Binarfud.model.Orders.toString(Orders.java:15)
	at java.base/java.lang.StringConcatHelper.stringOf(StringConcatHelper.java:453)
	at com.example.Binarfud.model.OrderDetail.toString(OrderDetail.java:10)
	at java.base/java.lang.String.valueOf(String.java:4215)
	at java.base/java.lang.StringBuilder.append(StringBuilder.java:173)
	at java.base/java.util.AbstractCollection.toString(AbstractCollection.java:457)
	at org.hibernate.collection.spi.PersistentBag.toString(PersistentBag.java:590)
	at java.base/java.lang.StringConcatHelper.stringOf(StringConcatHelper.java:453)
	at com.example.Binarfud.model.Orders.toString(Orders.java:15)
	at java.base/java.lang.StringConcatHelper.stringOf(StringConcatHelper.java:453)
	at com.example.Binarfud.model.OrderDetail.toString(OrderDetail.java:10)
	at java.base/java.lang.String.valueOf(String.java:4215)
	at java.base/java.lang.StringBuilder.append(StringBuilder.java:173)
	at java.base/java.util.AbstractCollection.toString(AbstractCollection.java:457)
	at org.hibernate.collection.spi.PersistentBag.toString(PersistentBag.java:590)
	at java.base/java.lang.StringConcatHelper.stringOf(StringConcatHelper.java:453)
	at com.example.Binarfud.model.Orders.toString(Orders.java:15)
	at java.base/java.lang.StringConcatHelper.stringOf(StringConcatHelper.java:453)
	at com.example.Binarfud.model.OrderDetail.toString(OrderDetail.java:10)
	at java.base/java.lang.String.valueOf(String.java:4215)
	at java.base/java.lang.StringBuilder.append(StringBuilder.java:173)
	at java.base/java.util.AbstractCollection.toString(AbstractCollection.java:457)
	at org.hibernate.collection.spi.PersistentBag.toString(PersistentBag.java:590)
	at java.base/java.lang.StringConcatHelper.stringOf(StringConcatHelper.java:453)
	at com.example.Binarfud.model.Orders.toString(Orders.java:15)
	at java.base/java.lang.StringConcatHelper.stringOf(StringConcatHelper.java:453)
	at com.example.Binarfud.model.OrderDetail.toString(OrderDetail.java:10)
	at java.base/java.lang.String.valueOf(String.java:4215)
	at java.base/java.lang.StringBuilder.append(StringBuilder.java:173)
	at java.base/java.util.AbstractCollection.toString(AbstractCollection.java:457)
	at org.hibernate.collection.spi.PersistentBag.toString(PersistentBag.java:590)
	at java.base/java.lang.StringConcatHelper.stringOf(StringConcatHelper.java:453)
	at com.example.Binarfud.model.Orders.toString(Orders.java:15)
	at java.base/java.lang.StringConcatHelper.stringOf(StringConcatHelper.java:453)
	at com.example.Binarfud.model.OrderDetail.toString(OrderDetail.java:10)
	at java.base/java.lang.String.valueOf(String.java:4215)
	at java.base/java.lang.StringBuilder.append(StringBuilder.java:173)
	at java.base/java.util.AbstractCollection.toString(AbstractCollection.java:457)
	at org.hibernate.collection.spi.PersistentBag.toString(PersistentBag.java:590)
	at java.base/java.lang.StringConcatHelper.stringOf(StringConcatHelper.java:453)
	at com.example.Binarfud.model.Orders.toString(Orders.java:15)
	at java.base/java.lang.StringConcatHelper.stringOf(StringConcatHelper.java:453)
	at com.example.Binarfud.model.OrderDetail.toString(OrderDetail.java:10)
	at java.base/java.lang.String.valueOf(String.java:4215)
	at java.base/java.lang.StringBuilder.append(StringBuilder.java:173)
	at java.base/java.util.AbstractCollection.toString(AbstractCollection.java:457)
	at org.hibernate.collection.spi.PersistentBag.toString(PersistentBag.java:590)
	at java.base/java.lang.StringConcatHelper.stringOf(StringConcatHelper.java:453)
	at com.example.Binarfud.model.Orders.toString(Orders.java:15)
	at java.base/java.lang.StringConcatHelper.stringOf(StringConcatHelper.java:453)
	at com.example.Binarfud.model.OrderDetail.toString(OrderDetail.java:10)
	at java.base/java.lang.String.valueOf(String.java:4215)
	at java.base/java.lang.StringBuilder.append(StringBuilder.java:173)
	at java.base/java.util.AbstractCollection.toString(AbstractCollection.java:457)
	at org.hibernate.collection.spi.PersistentBag.toString(PersistentBag.java:590)
	at java.base/java.lang.StringConcatHelper.stringOf(StringConcatHelper.java:453)
	at com.example.Binarfud.model.Orders.toString(Orders.java:15)
	at java.base/java.lang.StringConcatHelper.stringOf(StringConcatHelper.java:453)
	at com.example.Binarfud.model.OrderDetail.toString(OrderDetail.java:10)
	at java.base/java.lang.String.valueOf(String.java:4215)
	at java.base/java.lang.StringBuilder.append(StringBuilder.java:173)
	at java.base/java.util.AbstractCollection.toString(AbstractCollection.java:457)
	at org.hibernate.collection.spi.PersistentBag.toString(PersistentBag.java:590)
	at java.base/java.lang.StringConcatHelper.stringOf(StringConcatHelper.java:453)
	at com.example.Binarfud.model.Orders.toString(Orders.java:15)
	at java.base/java.lang.StringConcatHelper.stringOf(StringConcatHelper.java:453)
	at com.example.Binarfud.model.OrderDetail.toString(OrderDetail.java:10)
	at java.base/java.lang.String.valueOf(String.java:4215)
	at java.base/java.lang.StringBuilder.append(StringBuilder.java:173)
	at java.base/java.util.AbstractCollection.toString(AbstractCollection.java:457)
	at org.hibernate.collection.spi.PersistentBag.toString(PersistentBag.java:590)
	at java.base/java.lang.StringConcatHelper.stringOf(StringConcatHelper.java:453)
	at com.example.Binarfud.model.Orders.toString(Orders.java:15)
	at java.base/java.lang.StringConcatHelper.stringOf(StringConcatHelper.java:453)
	at com.example.Binarfud.model.OrderDetail.toString(OrderDetail.java:10)
	at java.base/java.lang.String.valueOf(String.java:4215)
	at java.base/java.lang.StringBuilder.append(StringBuilder.java:173)
	at java.base/java.util.AbstractCollection.toString(AbstractCollection.java:457)
	at org.hibernate.collection.spi.PersistentBag.toString(PersistentBag.java:590)
	at java.base/java.lang.StringConcatHelper.stringOf(StringConcatHelper.java:453)
	at com.example.Binarfud.model.Orders.toString(Orders.java:15)
	at java.base/java.lang.StringConcatHelper.stringOf(StringConcatHelper.java:453)
	at com.example.Binarfud.model.OrderDetail.toString(OrderDetail.java:10)
	at java.base/java.lang.String.valueOf(String.java:4215)
	at java.base/java.lang.StringBuilder.append(StringBuilder.java:173)
	at java.base/java.util.AbstractCollection.toString(AbstractCollection.java:457)
	at org.hibernate.collection.spi.PersistentBag.toString(PersistentBag.java:590)
	at java.base/java.lang.StringConcatHelper.stringOf(StringConcatHelper.java:453)
	at com.example.Binarfud.model.Orders.toString(Orders.java:15)
	at java.base/java.lang.StringConcatHelper.stringOf(StringConcatHelper.java:453)
	at com.example.Binarfud.model.OrderDetail.toString(OrderDetail.java:10)
	at java.base/java.lang.String.valueOf(String.java:4215)
	at java.base/java.lang.StringBuilder.append(StringBuilder.java:173)
	at java.base/java.util.AbstractCollection.toString(AbstractCollection.java:457)
	at org.hibernate.collection.spi.PersistentBag.toString(PersistentBag.java:590)
	at java.base/java.lang.StringConcatHelper.stringOf(StringConcatHelper.java:453)
	at com.example.Binarfud.model.Orders.toString(Orders.java:15)
	at java.base/java.lang.StringConcatHelper.stringOf(StringConcatHelper.java:453)
	at com.example.Binarfud.model.OrderDetail.toString(OrderDetail.java:10)
	at java.base/java.lang.String.valueOf(String.java:4215)
	at java.base/java.lang.StringBuilder.append(StringBuilder.java:173)
	at java.base/java.util.AbstractCollection.toString(AbstractCollection.java:457)
	at org.hibernate.collection.spi.PersistentBag.toString(PersistentBag.java:590)
	at java.base/java.lang.StringConcatHelper.stringOf(StringConcatHelper.java:453)
	at com.example.Binarfud.model.Orders.toString(Orders.java:15)
	at java.base/java.lang.StringConcatHelper.stringOf(StringConcatHelper.java:453)
	at com.example.Binarfud.model.OrderDetail.toString(OrderDetail.java:10)
	at java.base/java.lang.String.valueOf(String.java:4215)
	at java.base/java.lang.StringBuilder.append(StringBuilder.java:173)
	at java.base/java.util.AbstractCollection.toString(AbstractCollection.java:457)
	at org.hibernate.collection.spi.PersistentBag.toString(PersistentBag.java:590)
	at java.base/java.lang.StringConcatHelper.stringOf(StringConcatHelper.java:453)
	at com.example.Binarfud.model.Orders.toString(Orders.java:15)
	at java.base/java.lang.StringConcatHelper.stringOf(StringConcatHelper.java:453)
	at com.example.Binarfud.model.OrderDetail.toString(OrderDetail.java:10)
	at java.base/java.lang.String.valueOf(String.java:4215)
	at java.base/java.lang.StringBuilder.append(StringBuilder.java:173)
	at java.base/java.util.AbstractCollection.toString(AbstractCollection.java:457)
	at org.hibernate.collection.spi.PersistentBag.toString(PersistentBag.java:590)
	at java.base/java.lang.StringConcatHelper.stringOf(StringConcatHelper.java:453)
	at com.example.Binarfud.model.Orders.toString(Orders.java:15)
	at java.base/java.lang.StringConcatHelper.stringOf(StringConcatHelper.java:453)
	at com.example.Binarfud.model.OrderDetail.toString(OrderDetail.java:10)
	at java.base/java.lang.String.valueOf(String.java:4215)
	at java.base/java.lang.StringBuilder.append(StringBuilder.java:173)
	at java.base/java.util.AbstractCollection.toString(AbstractCollection.java:457)
	at org.hibernate.collection.spi.PersistentBag.toString(PersistentBag.java:590)
	at java.base/java.lang.StringConcatHelper.stringOf(StringConcatHelper.java:453)
	at com.example.Binarfud.model.Orders.toString(Orders.java:15)
	at java.base/java.lang.StringConcatHelper.stringOf(StringConcatHelper.java:453)
	at com.example.Binarfud.model.OrderDetail.toString(OrderDetail.java:10)
	at java.base/java.lang.String.valueOf(String.java:4215)
	at java.base/java.lang.StringBuilder.append(StringBuilder.java:173)
	at java.base/java.util.AbstractCollection.toString(AbstractCollection.java:457)
	at org.hibernate.collection.spi.PersistentBag.toString(PersistentBag.java:590)
	at java.base/java.lang.StringConcatHelper.stringOf(StringConcatHelper.java:453)
	at com.example.Binarfud.model.Orders.toString(Orders.java:15)
	at java.base/java.lang.StringConcatHelper.stringOf(StringConcatHelper.java:453)
	at com.example.Binarfud.model.OrderDetail.toString(OrderDetail.java:10)
	at java.base/java.lang.String.valueOf(String.java:4215)
	at java.base/java.lang.StringBuilder.append(StringBuilder.java:173)
	at java.base/java.util.AbstractCollection.toString(AbstractCollection.java:457)
	at org.hibernate.collection.spi.PersistentBag.toString(PersistentBag.java:590)
	at java.base/java.lang.StringConcatHelper.stringOf(StringConcatHelper.java:453)
	at com.example.Binarfud.model.Orders.toString(Orders.java:15)
	at java.base/java.lang.StringConcatHelper.stringOf(StringConcatHelper.java:453)
	at com.example.Binarfud.model.OrderDetail.toString(OrderDetail.java:10)
	at java.base/java.lang.String.valueOf(String.java:4215)
	at java.base/java.lang.StringBuilder.append(StringBuilder.java:173)
	at java.base/java.util.AbstractCollection.toString(AbstractCollection.java:457)
	at org.hibernate.collection.spi.PersistentBag.toString(PersistentBag.java:590)
	at java.base/java.lang.StringConcatHelper.stringOf(StringConcatHelper.java:453)
	at com.example.Binarfud.model.Orders.toString(Orders.java:15)
	at java.base/java.lang.StringConcatHelper.stringOf(StringConcatHelper.java:453)
	at com.example.Binarfud.model.OrderDetail.toString(OrderDetail.java:10)
	at java.base/java.lang.String.valueOf(String.java:4215)
	at java.base/java.lang.StringBuilder.append(StringBuilder.java:173)
	at java.base/java.util.AbstractCollection.toString(AbstractCollection.java:457)
	at org.hibernate.collection.spi.PersistentBag.toString(PersistentBag.java:590)
	at java.base/java.lang.StringConcatHelper.stringOf(StringConcatHelper.java:453)
	at com.example.Binarfud.model.Orders.toString(Orders.java:15)
	at java.base/java.lang.StringConcatHelper.stringOf(StringConcatHelper.java:453)
	at com.example.Binarfud.model.OrderDetail.toString(OrderDetail.java:10)
	at java.base/java.lang.String.valueOf(String.java:4215)
	at java.base/java.lang.StringBuilder.append(StringBuilder.java:173)
	at java.base/java.util.AbstractCollection.toString(AbstractCollection.java:457)
	at org.hibernate.collection.spi.PersistentBag.toString(PersistentBag.java:590)
	at java.base/java.lang.StringConcatHelper.stringOf(StringConcatHelper.java:453)
	at com.example.Binarfud.model.Orders.toString(Orders.java:15)
	at java.base/java.lang.StringConcatHelper.stringOf(StringConcatHelper.java:453)
	at com.example.Binarfud.model.OrderDetail.toString(OrderDetail.java:10)
	at java.base/java.lang.String.valueOf(String.java:4215)
	at java.base/java.lang.StringBuilder.append(StringBuilder.java:173)
	at java.base/java.util.AbstractCollection.toString(AbstractCollection.java:457)
	at org.hibernate.collection.spi.PersistentBag.toString(PersistentBag.java:590)
	at java.base/java.lang.StringConcatHelper.stringOf(StringConcatHelper.java:453)
	at com.example.Binarfud.model.Orders.toString(Orders.java:15)
	at java.base/java.lang.StringConcatHelper.stringOf(StringConcatHelper.java:453)
	at com.example.Binarfud.model.OrderDetail.toString(OrderDetail.java:10)
	at java.base/java.lang.String.valueOf(String.java:4215)
	at java.base/java.lang.StringBuilder.append(StringBuilder.java:173)
	at java.base/java.util.AbstractCollection.toString(AbstractCollection.java:457)
	at org.hibernate.collection.spi.PersistentBag.toString(PersistentBag.java:590)
	at java.base/java.lang.StringConcatHelper.stringOf(StringConcatHelper.java:453)
	at com.example.Binarfud.model.Orders.toString(Orders.java:15)
	at java.base/java.lang.StringConcatHelper.stringOf(StringConcatHelper.java:453)
	at com.example.Binarfud.model.OrderDetail.toString(OrderDetail.java:10)
	at java.base/java.lang.String.valueOf(String.java:4215)
	at java.base/java.lang.StringBuilder.append(StringBuilder.java:173)
	at java.base/java.util.AbstractCollection.toString(AbstractCollection.java:457)
	at org.hibernate.collection.spi.PersistentBag.toString(PersistentBag.java:590)
	at java.base/java.lang.StringConcatHelper.stringOf(StringConcatHelper.java:453)
	at com.example.Binarfud.model.Orders.toString(Orders.java:15)
	at java.base/java.lang.StringConcatHelper.stringOf(StringConcatHelper.java:453)
	at com.example.Binarfud.model.OrderDetail.toString(OrderDetail.java:10)
	at java.base/java.lang.String.valueOf(String.java:4215)
	at java.base/java.lang.StringBuilder.append(StringBuilder.java:173)
	at java.base/java.util.AbstractCollection.toString(AbstractCollection.java:457)
	at org.hibernate.collection.spi.PersistentBag.toString(PersistentBag.java:590)
	at java.base/java.lang.StringConcatHelper.stringOf(StringConcatHelper.java:453)
	at com.example.Binarfud.model.Orders.toString(Orders.java:15)
	at java.base/java.lang.StringConcatHelper.stringOf(StringConcatHelper.java:453)
	at com.example.Binarfud.model.OrderDetail.toString(OrderDetail.java:10)
	at java.base/java.lang.String.valueOf(String.java:4215)
	at java.base/java.lang.StringBuilder.append(StringBuilder.java:173)
	at java.base/java.util.AbstractCollection.toString(AbstractCollection.java:457)
	at org.hibernate.collection.spi.PersistentBag.toString(PersistentBag.java:590)
	at java.base/java.lang.StringConcatHelper.stringOf(StringConcatHelper.java:453)
	at com.example.Binarfud.model.Orders.toString(Orders.java:15)
	at java.base/java.lang.StringConcatHelper.stringOf(StringConcatHelper.java:453)
	at com.example.Binarfud.model.OrderDetail.toString(OrderDetail.java:10)
	at java.base/java.lang.String.valueOf(String.java:4215)
	at java.base/java.lang.StringBuilder.append(StringBuilder.java:173)
	at java.base/java.util.AbstractCollection.toString(AbstractCollection.java:457)
	at org.hibernate.collection.spi.PersistentBag.toString(PersistentBag.java:590)
	at java.base/java.lang.StringConcatHelper.stringOf(StringConcatHelper.java:453)
	at com.example.Binarfud.model.Orders.toString(Orders.java:15)
	at java.base/java.lang.StringConcatHelper.stringOf(StringConcatHelper.java:453)
	at com.example.Binarfud.model.OrderDetail.toString(OrderDetail.java:10)
	at java.base/java.lang.String.valueOf(String.java:4215)
	at java.base/java.lang.StringBuilder.append(StringBuilder.java:173)
	at java.base/java.util.AbstractCollection.toString(AbstractCollection.java:457)
	at org.hibernate.collection.spi.PersistentBag.toString(PersistentBag.java:590)
	at java.base/java.lang.StringConcatHelper.stringOf(StringConcatHelper.java:453)
	at com.example.Binarfud.model.Orders.toString(Orders.java:15)
	at java.base/java.lang.StringConcatHelper.stringOf(StringConcatHelper.java:453)
	at com.example.Binarfud.model.OrderDetail.toString(OrderDetail.java:10)
	at java.base/java.lang.String.valueOf(String.java:4215)
	at java.base/java.lang.StringBuilder.append(StringBuilder.java:173)
	at java.base/java.util.AbstractCollection.toString(AbstractCollection.java:457)
	at org.hibernate.collection.spi.PersistentBag.toString(PersistentBag.java:590)
	at java.base/java.lang.StringConcatHelper.stringOf(StringConcatHelper.java:453)
	at com.example.Binarfud.model.Orders.toString(Orders.java:15)
	at java.base/java.lang.StringConcatHelper.stringOf(StringConcatHelper.java:453)
	at com.example.Binarfud.model.OrderDetail.toString(OrderDetail.java:10)
	at java.base/java.lang.String.valueOf(String.java:4215)
	at java.base/java.lang.StringBuilder.append(StringBuilder.java:173)
	at java.base/java.util.AbstractCollection.toString(AbstractCollection.java:457)
	at org.hibernate.collection.spi.PersistentBag.toString(PersistentBag.java:590)
	at java.base/java.lang.StringConcatHelper.stringOf(StringConcatHelper.java:453)
	at com.example.Binarfud.model.Orders.toString(Orders.java:15)
	at java.base/java.lang.StringConcatHelper.stringOf(StringConcatHelper.java:453)
	at com.example.Binarfud.model.OrderDetail.toString(OrderDetail.java:10)
	at java.base/java.lang.String.valueOf(String.java:4215)
	at java.base/java.lang.StringBuilder.append(StringBuilder.java:173)
	at java.base/java.util.AbstractCollection.toString(AbstractCollection.java:457)
	at org.hibernate.collection.spi.PersistentBag.toString(PersistentBag.java:590)
	at java.base/java.lang.StringConcatHelper.stringOf(StringConcatHelper.java:453)
	at com.example.Binarfud.model.Orders.toString(Orders.java:15)
	at java.base/java.lang.StringConcatHelper.stringOf(StringConcatHelper.java:453)
	at com.example.Binarfud.model.OrderDetail.toString(OrderDetail.java:10)
	at java.base/java.lang.String.valueOf(String.java:4215)
	at java.base/java.lang.StringBuilder.append(StringBuilder.java:173)
	at java.base/java.util.AbstractCollection.toString(AbstractCollection.java:457)
	at org.hibernate.collection.spi.PersistentBag.toString(PersistentBag.java:590)
	at java.base/java.lang.StringConcatHelper.stringOf(StringConcatHelper.java:453)
	at com.example.Binarfud.model.Orders.toString(Orders.java:15)
	at java.base/java.lang.StringConcatHelper.stringOf(StringConcatHelper.java:453)
	at com.example.Binarfud.model.OrderDetail.toString(OrderDetail.java:10)
	at java.base/java.lang.String.valueOf(String.java:4215)
	at java.base/java.lang.StringBuilder.append(StringBuilder.java:173)
	at java.base/java.util.AbstractCollection.toString(AbstractCollection.java:457)
	at org.hibernate.collection.spi.PersistentBag.toString(PersistentBag.java:590)
	at java.base/java.lang.StringConcatHelper.stringOf(StringConcatHelper.java:453)
	at com.example.Binarfud.model.Orders.toString(Orders.java:15)
	at java.base/java.lang.StringConcatHelper.stringOf(StringConcatHelper.java:453)
	at com.example.Binarfud.model.OrderDetail.toString(OrderDetail.java:10)
	at java.base/java.lang.String.valueOf(String.java:4215)
	at java.base/java.lang.StringBuilder.append(StringBuilder.java:173)
	at java.base/java.util.AbstractCollection.toString(AbstractCollection.java:457)
	at org.hibernate.collection.spi.PersistentBag.toString(PersistentBag.java:590)
	at java.base/java.lang.StringConcatHelper.stringOf(StringConcatHelper.java:453)
	at com.example.Binarfud.model.Orders.toString(Orders.java:15)
	at java.base/java.lang.StringConcatHelper.stringOf(StringConcatHelper.java:453)
	at com.example.Binarfud.model.OrderDetail.toString(OrderDetail.java:10)
	at java.base/java.lang.String.valueOf(String.java:4215)
	at java.base/java.lang.StringBuilder.append(StringBuilder.java:173)
	at java.base/java.util.AbstractCollection.toString(AbstractCollection.java:457)
	at org.hibernate.collection.spi.PersistentBag.toString(PersistentBag.java:590)
	at java.base/java.lang.StringConcatHelper.stringOf(StringConcatHelper.java:453)
	at com.example.Binarfud.model.Orders.toString(Orders.java:15)
	at java.base/java.lang.StringConcatHelper.stringOf(StringConcatHelper.java:453)
	at com.example.Binarfud.model.OrderDetail.toString(OrderDetail.java:10)
	at java.base/java.lang.String.valueOf(String.java:4215)
	at java.base/java.lang.StringBuilder.append(StringBuilder.java:173)
	at java.base/java.util.AbstractCollection.toString(AbstractCollection.java:457)
	at org.hibernate.collection.spi.PersistentBag.toString(PersistentBag.java:590)
	at java.base/java.lang.StringConcatHelper.stringOf(StringConcatHelper.java:453)
	at com.example.Binarfud.model.Orders.toString(Orders.java:15)
	at java.base/java.lang.StringConcatHelper.stringOf(StringConcatHelper.java:453)
	at com.example.Binarfud.model.OrderDetail.toString(OrderDetail.java:10)
	at java.base/java.lang.String.valueOf(String.java:4215)
	at java.base/java.lang.StringBuilder.append(StringBuilder.java:173)
	at java.base/java.util.AbstractCollection.toString(AbstractCollection.java:457)
	at org.hibernate.collection.spi.PersistentBag.toString(PersistentBag.java:590)
	at java.base/java.lang.StringConcatHelper.stringOf(StringConcatHelper.java:453)
	at com.example.Binarfud.model.Orders.toString(Orders.java:15)
	at java.base/java.lang.StringConcatHelper.stringOf(StringConcatHelper.java:453)
	at com.example.Binarfud.model.OrderDetail.toString(OrderDetail.java:10)
	at java.base/java.lang.String.valueOf(String.java:4215)
	at java.base/java.lang.StringBuilder.append(StringBuilder.java:173)
	at java.base/java.util.AbstractCollection.toString(AbstractCollection.java:457)
	at org.hibernate.collection.spi.PersistentBag.toString(PersistentBag.java:590)
	at java.base/java.lang.StringConcatHelper.stringOf(StringConcatHelper.java:453)
	at com.example.Binarfud.model.Orders.toString(Orders.java:15)
	at java.base/java.lang.StringConcatHelper.stringOf(StringConcatHelper.java:453)
	at com.example.Binarfud.model.OrderDetail.toString(OrderDetail.java:10)
	at java.base/java.lang.String.valueOf(String.java:4215)
	at java.base/java.lang.StringBuilder.append(StringBuilder.java:173)
	at java.base/java.util.AbstractCollection.toString(AbstractCollection.java:457)
	at org.hibernate.collection.spi.PersistentBag.toString(PersistentBag.java:590)
	at java.base/java.lang.StringConcatHelper.stringOf(StringConcatHelper.java:453)
	at com.example.Binarfud.model.Orders.toString(Orders.java:15)
	at java.base/java.lang.StringConcatHelper.stringOf(StringConcatHelper.java:453)
	at com.example.Binarfud.model.OrderDetail.toString(OrderDetail.java:10)
	at java.base/java.lang.String.valueOf(String.java:4215)
	at java.base/java.lang.StringBuilder.append(StringBuilder.java:173)
	at java.base/java.util.AbstractCollection.toString(AbstractCollection.java:457)
	at org.hibernate.collection.spi.PersistentBag.toString(PersistentBag.java:590)
	at java.base/java.lang.StringConcatHelper.stringOf(StringConcatHelper.java:453)
2024-05-17 15:03:57,613 INFO o.s.o.j.AbstractEntityManagerFactoryBean [SpringApplicationShutdownHook] Closing JPA EntityManagerFactory for persistence unit 'default'
2024-05-17 15:03:57,616 INFO c.z.h.HikariDataSource [SpringApplicationShutdownHook] HikariPool-1 - Shutdown initiated...
2024-05-17 15:03:57,619 INFO c.z.h.HikariDataSource [SpringApplicationShutdownHook] HikariPool-1 - Shutdown completed.
