2024-05-17 14:54:45,819 INFO c.e.B.s.OrderDetailService [http-nio-8080-exec-6] Order detail saved: OrderDetail(id=3e1a4725-2413-409a-a9a3-c07c2d401a2d, quantity=1, totalPrice=50000, order=Orders(id=ddaec557-5c63-46b4-8262-d458edf4a2a9, orderTime=null, destinationAddress=null, completed=false, user=null, orderDetails=null), product=Product(id=125cb798-403d-4126-94a4-36a20e9aa7a6, product_name=null, price=null, merchant=null))
2024-05-17 14:54:51,990 INFO c.e.B.s.OrderDetailService [http-nio-8080-exec-10] Order details: [FAILED toString()]
2024-05-17 14:54:52,079 WARN o.s.w.s.m.s.DefaultHandlerExceptionResolver [http-nio-8080-exec-10] Ignoring exception, response committed already: org.springframework.http.converter.HttpMessageNotWritableException: Could not write JSON: Infinite recursion (StackOverflowError)
2024-05-17 14:54:52,080 WARN o.s.w.s.h.AbstractHandlerExceptionResolver [http-nio-8080-exec-10] Resolved [org.springframework.http.converter.HttpMessageNotWritableException: Could not write JSON: Infinite recursion (StackOverflowError)]
2024-05-17 14:55:45,349 INFO o.s.o.j.AbstractEntityManagerFactoryBean [SpringApplicationShutdownHook] Closing JPA EntityManagerFactory for persistence unit 'default'
2024-05-17 14:55:45,354 INFO c.z.h.HikariDataSource [SpringApplicationShutdownHook] HikariPool-1 - Shutdown initiated...
2024-05-17 14:55:45,358 INFO c.z.h.HikariDataSource [SpringApplicationShutdownHook] HikariPool-1 - Shutdown completed.
2024-05-17 14:56:06,154 INFO o.s.b.StartupInfoLogger [main] Starting BinarfudApplication using Java 17.0.2 with PID 23092 (D:\synrgy\sinau_java\F-BJV24001115-synrgy7-syi-binarfud-ch4\target\classes started by hp in D:\synrgy\sinau_java\F-BJV24001115-synrgy7-syi-binarfud-ch4)
2024-05-17 14:56:06,163 INFO o.s.b.SpringApplication [main] No active profile set, falling back to 1 default profile: "default"
2024-05-17 14:56:07,409 INFO o.s.d.r.c.RepositoryConfigurationDelegate [main] Bootstrapping Spring Data JPA repositories in DEFAULT mode.
2024-05-17 14:56:07,505 INFO o.s.d.r.c.RepositoryConfigurationDelegate [main] Finished Spring Data repository scanning in 84 ms. Found 5 JPA repository interfaces.
2024-05-17 14:56:08,315 INFO o.s.b.w.e.t.TomcatWebServer [main] Tomcat initialized with port 8080 (http)
2024-05-17 14:56:08,337 INFO o.a.j.l.DirectJDKLog [main] Initializing ProtocolHandler ["http-nio-8080"]
2024-05-17 14:56:08,341 INFO o.a.j.l.DirectJDKLog [main] Starting service [Tomcat]
2024-05-17 14:56:08,341 INFO o.a.j.l.DirectJDKLog [main] Starting Servlet engine: [Apache Tomcat/10.1.20]
2024-05-17 14:56:08,439 INFO o.a.j.l.DirectJDKLog [main] Initializing Spring embedded WebApplicationContext
2024-05-17 14:56:08,440 INFO o.s.b.w.s.c.ServletWebServerApplicationContext [main] Root WebApplicationContext: initialization completed in 2212 ms
2024-05-17 14:56:08,671 INFO o.h.j.i.u.LogHelper [main] HHH000204: Processing PersistenceUnitInfo [name: default]
2024-05-17 14:56:08,785 INFO o.h.Version [main] HHH000412: Hibernate ORM core version 6.4.4.Final
2024-05-17 14:56:08,838 INFO o.h.c.i.RegionFactoryInitiator [main] HHH000026: Second-level cache disabled
2024-05-17 14:56:09,211 INFO o.s.o.j.p.SpringPersistenceUnitInfo [main] No LoadTimeWeaver setup: ignoring JPA class transformer
2024-05-17 14:56:09,256 INFO c.z.h.HikariDataSource [main] HikariPool-1 - Starting...
2024-05-17 14:56:09,502 INFO c.z.h.p.HikariPool [main] HikariPool-1 - Added connection org.postgresql.jdbc.PgConnection@34549979
2024-05-17 14:56:09,504 INFO c.z.h.HikariDataSource [main] HikariPool-1 - Start completed.
2024-05-17 14:56:09,555 WARN o.h.e.j.d.i.DialectFactoryImpl [main] HHH90000025: PostgreSQLDialect does not need to be specified explicitly using 'hibernate.dialect' (remove the property setting and it will be selected by default)
2024-05-17 14:56:10,771 INFO o.h.e.t.j.p.i.JtaPlatformInitiator [main] HHH000489: No JTA platform available (set 'hibernate.transaction.jta.platform' to enable JTA platform integration)
2024-05-17 14:56:10,914 INFO o.s.o.j.AbstractEntityManagerFactoryBean [main] Initialized JPA EntityManagerFactory for persistence unit 'default'
2024-05-17 14:56:11,229 INFO o.s.d.j.r.q.QueryEnhancerFactory [main] Hibernate is in classpath; If applicable, HQL parser will be used.
2024-05-17 14:56:11,535 WARN o.s.b.a.o.j.JpaBaseConfiguration$JpaWebConfiguration [main] spring.jpa.open-in-view is enabled by default. Therefore, database queries may be performed during view rendering. Explicitly configure spring.jpa.open-in-view to disable this warning
2024-05-17 14:56:12,306 INFO o.a.j.l.DirectJDKLog [main] Starting ProtocolHandler ["http-nio-8080"]
2024-05-17 14:56:12,340 INFO o.s.b.w.e.t.TomcatWebServer [main] Tomcat started on port 8080 (http) with context path ''
2024-05-17 14:56:12,361 INFO o.s.b.StartupInfoLogger [main] Started BinarfudApplication in 6.896 seconds (process running for 7.48)
2024-05-17 14:56:15,689 INFO o.a.j.l.DirectJDKLog [http-nio-8080-exec-1] Initializing Spring DispatcherServlet 'dispatcherServlet'
2024-05-17 14:56:15,689 INFO o.s.w.s.FrameworkServlet [http-nio-8080-exec-1] Initializing Servlet 'dispatcherServlet'
2024-05-17 14:56:15,691 INFO o.s.w.s.FrameworkServlet [http-nio-8080-exec-1] Completed initialization in 1 ms
2024-05-17 14:56:15,915 INFO c.e.B.s.OrderDetailService [http-nio-8080-exec-1] Order details: [FAILED toString()]
