2024-04-25 01:32:24,528 INFO o.s.o.j.AbstractEntityManagerFactoryBean [SpringApplicationShutdownHook] Closing JPA EntityManagerFactory for persistence unit 'default'
2024-04-25 01:32:24,693 INFO c.z.h.HikariDataSource [SpringApplicationShutdownHook] HikariPool-1 - Shutdown initiated...
2024-04-25 01:32:24,749 INFO c.z.h.HikariDataSource [SpringApplicationShutdownHook] HikariPool-1 - Shutdown completed.
2024-04-25 01:40:31,188 INFO o.s.b.StartupInfoLogger [main] Starting BinarfudApplication using Java 17.0.2 with PID 50212 (D:\synrgy\sinau_java\Binarfud\target\classes started by hp in D:\synrgy\sinau_java\Binarfud)
2024-04-25 01:40:31,194 INFO o.s.b.SpringApplication [main] No active profile set, falling back to 1 default profile: "default"
2024-04-25 01:40:32,622 INFO o.s.d.r.c.RepositoryConfigurationDelegate [main] Bootstrapping Spring Data JPA repositories in DEFAULT mode.
2024-04-25 01:40:32,754 INFO o.s.d.r.c.RepositoryConfigurationDelegate [main] Finished Spring Data repository scanning in 109 ms. Found 4 JPA repository interfaces.
2024-04-25 01:40:34,049 INFO o.s.b.w.e.t.TomcatWebServer [main] Tomcat initialized with port 8080 (http)
2024-04-25 01:40:34,063 INFO o.a.j.l.DirectJDKLog [main] Initializing ProtocolHandler ["http-nio-8080"]
2024-04-25 01:40:34,068 INFO o.a.j.l.DirectJDKLog [main] Starting service [Tomcat]
2024-04-25 01:40:34,068 INFO o.a.j.l.DirectJDKLog [main] Starting Servlet engine: [Apache Tomcat/10.1.20]
2024-04-25 01:40:34,309 INFO o.a.j.l.DirectJDKLog [main] Initializing Spring embedded WebApplicationContext
2024-04-25 01:40:34,311 INFO o.s.b.w.s.c.ServletWebServerApplicationContext [main] Root WebApplicationContext: initialization completed in 2991 ms
2024-04-25 01:40:34,569 INFO c.z.h.HikariDataSource [main] HikariPool-1 - Starting...
2024-04-25 01:40:34,958 INFO c.z.h.p.HikariPool [main] HikariPool-1 - Added connection org.postgresql.jdbc.PgConnection@5e593b08
2024-04-25 01:40:34,961 INFO c.z.h.HikariDataSource [main] HikariPool-1 - Start completed.
2024-04-25 01:40:35,043 INFO o.h.j.i.u.LogHelper [main] HHH000204: Processing PersistenceUnitInfo [name: default]
2024-04-25 01:40:35,190 INFO o.h.Version [main] HHH000412: Hibernate ORM core version 6.4.4.Final
2024-04-25 01:40:35,306 INFO o.h.c.i.RegionFactoryInitiator [main] HHH000026: Second-level cache disabled
2024-04-25 01:40:35,796 INFO o.s.o.j.p.SpringPersistenceUnitInfo [main] No LoadTimeWeaver setup: ignoring JPA class transformer
2024-04-25 01:40:37,501 INFO o.h.e.t.j.p.i.JtaPlatformInitiator [main] HHH000489: No JTA platform available (set 'hibernate.transaction.jta.platform' to enable JTA platform integration)
2024-04-25 01:40:37,509 INFO o.s.o.j.AbstractEntityManagerFactoryBean [main] Initialized JPA EntityManagerFactory for persistence unit 'default'
2024-04-25 01:40:37,966 WARN o.s.b.a.o.j.JpaBaseConfiguration$JpaWebConfiguration [main] spring.jpa.open-in-view is enabled by default. Therefore, database queries may be performed during view rendering. Explicitly configure spring.jpa.open-in-view to disable this warning
2024-04-25 01:40:38,510 INFO o.a.j.l.DirectJDKLog [main] Starting ProtocolHandler ["http-nio-8080"]
2024-04-25 01:40:38,538 INFO o.s.b.w.e.t.TomcatWebServer [main] Tomcat started on port 8080 (http) with context path ''
2024-04-25 01:40:38,555 INFO o.s.b.StartupInfoLogger [main] Started BinarfudApplication in 8.278 seconds (process running for 9.758)
2024-04-25 01:43:41,071 INFO o.a.j.l.DirectJDKLog [http-nio-8080-exec-1] Initializing Spring DispatcherServlet 'dispatcherServlet'
2024-04-25 01:43:41,080 INFO o.s.w.s.FrameworkServlet [http-nio-8080-exec-1] Initializing Servlet 'dispatcherServlet'
2024-04-25 01:43:41,110 INFO o.s.w.s.FrameworkServlet [http-nio-8080-exec-1] Completed initialization in 27 ms
2024-04-25 01:43:41,613 WARN o.h.e.j.s.SqlExceptionHelper [http-nio-8080-exec-1] SQL Error: 0, SQLState: 23505
2024-04-25 01:43:41,615 ERROR o.h.e.j.s.SqlExceptionHelper [http-nio-8080-exec-1] ERROR: duplicate key value violates unique constraint "unique_email"
  Detail: Key (email_address)=(john.doe@example.com) already exists.
2024-04-25 01:43:43,818 WARN o.h.e.j.s.SqlExceptionHelper [http-nio-8080-exec-2] SQL Error: 0, SQLState: 23505
2024-04-25 01:43:43,825 ERROR o.h.e.j.s.SqlExceptionHelper [http-nio-8080-exec-2] ERROR: duplicate key value violates unique constraint "unique_email"
  Detail: Key (email_address)=(john.doe@example.com) already exists.
2024-04-25 01:43:46,215 WARN o.h.e.j.s.SqlExceptionHelper [http-nio-8080-exec-3] SQL Error: 0, SQLState: 23505
2024-04-25 01:43:46,218 ERROR o.h.e.j.s.SqlExceptionHelper [http-nio-8080-exec-3] ERROR: duplicate key value violates unique constraint "unique_email"
  Detail: Key (email_address)=(john.doe@example.com) already exists.
2024-04-25 01:43:46,747 WARN o.h.e.j.s.SqlExceptionHelper [http-nio-8080-exec-4] SQL Error: 0, SQLState: 23505
2024-04-25 01:43:46,749 ERROR o.h.e.j.s.SqlExceptionHelper [http-nio-8080-exec-4] ERROR: duplicate key value violates unique constraint "unique_email"
  Detail: Key (email_address)=(john.doe@example.com) already exists.
2024-04-25 01:43:47,243 WARN o.h.e.j.s.SqlExceptionHelper [http-nio-8080-exec-6] SQL Error: 0, SQLState: 23505
2024-04-25 01:43:47,243 ERROR o.h.e.j.s.SqlExceptionHelper [http-nio-8080-exec-6] ERROR: duplicate key value violates unique constraint "unique_email"
  Detail: Key (email_address)=(john.doe@example.com) already exists.
