2024-05-17 14:43:42,051 INFO c.e.B.s.OrderDetailService [http-nio-8080-exec-4] Order details: [OrderDetail(id=cf48ed11-20ad-403d-8a3f-ae4e092528c6, quantity=2, totalPrice=20000.00, order=Orders(id=ddaec557-5c63-46b4-8262-d458edf4a2a9, orderTime=2024-05-01 22:22:21.723788, destinationAddress=Jln Kemang No 11, completed=false, user=Users(id=9e905390-9255-4e02-8972-fbf9eb5e4490, username=asep, emailAddress=asep@gmail.com, password=123)), product=Product(id=125cb798-403d-4126-94a4-36a20e9aa7a6, product_name=Fried Chicken Matcha, price=10000.00, merchant=Merchant(id=4a5e66c6-cb15-401e-beec-c1a291b664c4, merchantName=KFC, merchantLocation=Samarinda, open=true)))]
2024-05-17 14:45:46,669 INFO o.s.o.j.AbstractEntityManagerFactoryBean [SpringApplicationShutdownHook] Closing JPA EntityManagerFactory for persistence unit 'default'
2024-05-17 14:45:46,674 INFO c.z.h.HikariDataSource [SpringApplicationShutdownHook] HikariPool-1 - Shutdown initiated...
2024-05-17 14:45:46,679 INFO c.z.h.HikariDataSource [SpringApplicationShutdownHook] HikariPool-1 - Shutdown completed.
2024-05-17 14:45:52,344 INFO o.s.b.StartupInfoLogger [main] Starting BinarfudApplication using Java 17.0.2 with PID 25400 (D:\synrgy\sinau_java\F-BJV24001115-synrgy7-syi-binarfud-ch4\target\classes started by hp in D:\synrgy\sinau_java\F-BJV24001115-synrgy7-syi-binarfud-ch4)
2024-05-17 14:45:52,348 INFO o.s.b.SpringApplication [main] No active profile set, falling back to 1 default profile: "default"
2024-05-17 14:45:53,608 INFO o.s.d.r.c.RepositoryConfigurationDelegate [main] Bootstrapping Spring Data JPA repositories in DEFAULT mode.
2024-05-17 14:45:53,743 INFO o.s.d.r.c.RepositoryConfigurationDelegate [main] Finished Spring Data repository scanning in 116 ms. Found 5 JPA repository interfaces.
2024-05-17 14:45:54,623 INFO o.s.b.w.e.t.TomcatWebServer [main] Tomcat initialized with port 8080 (http)
2024-05-17 14:45:54,638 INFO o.a.j.l.DirectJDKLog [main] Initializing ProtocolHandler ["http-nio-8080"]
2024-05-17 14:45:54,642 INFO o.a.j.l.DirectJDKLog [main] Starting service [Tomcat]
2024-05-17 14:45:54,642 INFO o.a.j.l.DirectJDKLog [main] Starting Servlet engine: [Apache Tomcat/10.1.20]
2024-05-17 14:45:54,752 INFO o.a.j.l.DirectJDKLog [main] Initializing Spring embedded WebApplicationContext
2024-05-17 14:45:54,754 INFO o.s.b.w.s.c.ServletWebServerApplicationContext [main] Root WebApplicationContext: initialization completed in 2342 ms
2024-05-17 14:45:55,004 INFO o.h.j.i.u.LogHelper [main] HHH000204: Processing PersistenceUnitInfo [name: default]
2024-05-17 14:45:55,129 INFO o.h.Version [main] HHH000412: Hibernate ORM core version 6.4.4.Final
2024-05-17 14:45:55,193 INFO o.h.c.i.RegionFactoryInitiator [main] HHH000026: Second-level cache disabled
2024-05-17 14:45:55,557 INFO o.s.o.j.p.SpringPersistenceUnitInfo [main] No LoadTimeWeaver setup: ignoring JPA class transformer
2024-05-17 14:45:55,610 INFO c.z.h.HikariDataSource [main] HikariPool-1 - Starting...
2024-05-17 14:45:55,950 INFO c.z.h.p.HikariPool [main] HikariPool-1 - Added connection org.postgresql.jdbc.PgConnection@696174d3
2024-05-17 14:45:55,963 INFO c.z.h.HikariDataSource [main] HikariPool-1 - Start completed.
2024-05-17 14:45:56,051 WARN o.h.e.j.d.i.DialectFactoryImpl [main] HHH90000025: PostgreSQLDialect does not need to be specified explicitly using 'hibernate.dialect' (remove the property setting and it will be selected by default)
2024-05-17 14:45:57,286 INFO o.h.e.t.j.p.i.JtaPlatformInitiator [main] HHH000489: No JTA platform available (set 'hibernate.transaction.jta.platform' to enable JTA platform integration)
2024-05-17 14:45:57,426 INFO o.s.o.j.AbstractEntityManagerFactoryBean [main] Initialized JPA EntityManagerFactory for persistence unit 'default'
2024-05-17 14:45:57,727 INFO o.s.d.j.r.q.QueryEnhancerFactory [main] Hibernate is in classpath; If applicable, HQL parser will be used.
2024-05-17 14:45:57,985 WARN o.s.b.a.o.j.JpaBaseConfiguration$JpaWebConfiguration [main] spring.jpa.open-in-view is enabled by default. Therefore, database queries may be performed during view rendering. Explicitly configure spring.jpa.open-in-view to disable this warning
2024-05-17 14:45:58,500 INFO o.a.j.l.DirectJDKLog [main] Starting ProtocolHandler ["http-nio-8080"]
2024-05-17 14:45:58,534 INFO o.s.b.w.e.t.TomcatWebServer [main] Tomcat started on port 8080 (http) with context path ''
2024-05-17 14:45:58,546 INFO o.s.b.StartupInfoLogger [main] Started BinarfudApplication in 7.417 seconds (process running for 8.036)
2024-05-17 14:46:04,256 INFO o.a.j.l.DirectJDKLog [http-nio-8080-exec-1] Initializing Spring DispatcherServlet 'dispatcherServlet'
2024-05-17 14:46:04,257 INFO o.s.w.s.FrameworkServlet [http-nio-8080-exec-1] Initializing Servlet 'dispatcherServlet'
2024-05-17 14:46:04,259 INFO o.s.w.s.FrameworkServlet [http-nio-8080-exec-1] Completed initialization in 2 ms
2024-05-17 14:46:04,462 INFO c.e.B.s.InvoiceService [http-nio-8080-exec-1] Order details: Optional.empty
2024-05-17 14:46:05,845 INFO c.e.B.s.InvoiceService [http-nio-8080-exec-1] {orderTime=2024-05-01 22:22:21.723788, destinationAddress=Jln Kemang No 11, orderId=ddaec557-5c63-46b4-8262-d458edf4a2a9, userName=asep}
2024-05-17 14:46:07,532 INFO c.e.B.s.InvoiceService [http-nio-8080-exec-4] Order details: Optional.empty
2024-05-17 14:46:07,712 INFO c.e.B.s.InvoiceService [http-nio-8080-exec-4] {orderTime=2024-05-01 22:22:21.723788, destinationAddress=Jln Kemang No 11, orderId=ddaec557-5c63-46b4-8262-d458edf4a2a9, userName=asep}
