2024-04-25 15:40:13,298 INFO o.s.b.StartupInfoLogger [main] Starting BinarfudApplication using Java 17.0.2 with PID 21440 (D:\synrgy\sinau_java\Binarfud\target\classes started by hp in D:\synrgy\sinau_java\Binarfud)
2024-04-25 15:40:13,306 INFO o.s.b.SpringApplication [main] No active profile set, falling back to 1 default profile: "default"
2024-04-25 15:40:14,283 INFO o.s.d.r.c.RepositoryConfigurationDelegate [main] Bootstrapping Spring Data JPA repositories in DEFAULT mode.
2024-04-25 15:40:14,394 INFO o.s.d.r.c.RepositoryConfigurationDelegate [main] Finished Spring Data repository scanning in 85 ms. Found 4 JPA repository interfaces.
2024-04-25 15:40:15,309 INFO o.s.b.w.e.t.TomcatWebServer [main] Tomcat initialized with port 8080 (http)
2024-04-25 15:40:15,324 INFO o.a.j.l.DirectJDKLog [main] Initializing ProtocolHandler ["http-nio-8080"]
2024-04-25 15:40:15,328 INFO o.a.j.l.DirectJDKLog [main] Starting service [Tomcat]
2024-04-25 15:40:15,328 INFO o.a.j.l.DirectJDKLog [main] Starting Servlet engine: [Apache Tomcat/10.1.20]
2024-04-25 15:40:15,408 INFO o.a.j.l.DirectJDKLog [main] Initializing Spring embedded WebApplicationContext
2024-04-25 15:40:15,410 INFO o.s.b.w.s.c.ServletWebServerApplicationContext [main] Root WebApplicationContext: initialization completed in 2040 ms
2024-04-25 15:40:15,750 INFO c.z.h.HikariDataSource [main] HikariPool-1 - Starting...
2024-04-25 15:40:16,146 INFO c.z.h.p.HikariPool [main] HikariPool-1 - Added connection org.postgresql.jdbc.PgConnection@1e01b133
2024-04-25 15:40:16,148 INFO c.z.h.HikariDataSource [main] HikariPool-1 - Start completed.
2024-04-25 15:40:16,306 INFO o.h.j.i.u.LogHelper [main] HHH000204: Processing PersistenceUnitInfo [name: default]
2024-04-25 15:40:16,423 INFO o.h.Version [main] HHH000412: Hibernate ORM core version 6.4.4.Final
2024-04-25 15:40:16,483 INFO o.h.c.i.RegionFactoryInitiator [main] HHH000026: Second-level cache disabled
2024-04-25 15:40:16,876 INFO o.s.o.j.p.SpringPersistenceUnitInfo [main] No LoadTimeWeaver setup: ignoring JPA class transformer
2024-04-25 15:40:18,115 INFO o.h.e.t.j.p.i.JtaPlatformInitiator [main] HHH000489: No JTA platform available (set 'hibernate.transaction.jta.platform' to enable JTA platform integration)
2024-04-25 15:40:18,119 INFO o.s.o.j.AbstractEntityManagerFactoryBean [main] Initialized JPA EntityManagerFactory for persistence unit 'default'
2024-04-25 15:40:18,487 WARN o.s.b.a.o.j.JpaBaseConfiguration$JpaWebConfiguration [main] spring.jpa.open-in-view is enabled by default. Therefore, database queries may be performed during view rendering. Explicitly configure spring.jpa.open-in-view to disable this warning
2024-04-25 15:40:18,897 INFO o.a.j.l.DirectJDKLog [main] Starting ProtocolHandler ["http-nio-8080"]
2024-04-25 15:40:18,932 INFO o.s.b.w.e.t.TomcatWebServer [main] Tomcat started on port 8080 (http) with context path ''
2024-04-25 15:40:18,946 INFO o.s.b.StartupInfoLogger [main] Started BinarfudApplication in 6.339 seconds (process running for 6.937)
2024-04-25 15:40:31,589 INFO o.a.j.l.DirectJDKLog [http-nio-8080-exec-2] Initializing Spring DispatcherServlet 'dispatcherServlet'
2024-04-25 15:40:31,590 INFO o.s.w.s.FrameworkServlet [http-nio-8080-exec-2] Initializing Servlet 'dispatcherServlet'
2024-04-25 15:40:31,592 INFO o.s.w.s.FrameworkServlet [http-nio-8080-exec-2] Completed initialization in 1 ms
2024-04-25 15:40:31,808 INFO c.e.B.s.MerchantService [http-nio-8080-exec-2] Merchants: []
2024-04-25 15:40:34,726 INFO c.e.B.s.MerchantService [http-nio-8080-exec-3] Merchant saved: Merchant(id=940df57f-19bd-44dc-b43a-a71e7228747e, merchantName=KFC, merchantLocation=Jakarta, open=true)
2024-04-25 15:40:46,212 INFO c.e.B.s.MerchantService [http-nio-8080-exec-4] Merchant saved: Merchant(id=a9499d73-cd6e-4939-b1db-570d3ad64de4, merchantName=A&W, merchantLocation=Jakarta, open=true)
2024-04-25 15:40:50,830 INFO c.e.B.s.MerchantService [http-nio-8080-exec-5] Merchants: [Merchant(id=940df57f-19bd-44dc-b43a-a71e7228747e, merchantName=KFC, merchantLocation=Jakarta, open=true), Merchant(id=a9499d73-cd6e-4939-b1db-570d3ad64de4, merchantName=A&W, merchantLocation=Jakarta, open=true)]
2024-04-25 15:41:22,880 INFO c.e.B.s.ProductService [http-nio-8080-exec-8] Products: []
2024-04-25 15:41:51,904 WARN o.s.w.s.h.AbstractHandlerExceptionResolver [http-nio-8080-exec-6] Resolved [org.springframework.http.converter.HttpMessageNotReadableException: JSON parse error: Cannot construct instance of `com.example.Binarfud.model.Merchant` (although at least one Creator exists): no String-argument constructor/factory method to deserialize from String value ('940df57f-19bd-44dc-b43a-a71e7228747e')]
2024-04-25 15:41:57,469 WARN o.s.w.s.h.AbstractHandlerExceptionResolver [http-nio-8080-exec-9] Resolved [org.springframework.http.converter.HttpMessageNotReadableException: JSON parse error: Cannot construct instance of `com.example.Binarfud.model.Merchant` (although at least one Creator exists): no int/Int-argument constructor/factory method to deserialize from Number value (940)]
2024-04-25 15:42:00,476 WARN o.s.w.s.h.AbstractHandlerExceptionResolver [http-nio-8080-exec-1] Resolved [org.springframework.http.converter.HttpMessageNotReadableException: JSON parse error: Cannot construct instance of `com.example.Binarfud.model.Merchant` (although at least one Creator exists): no String-argument constructor/factory method to deserialize from String value ('940df57f-19bd-44dc-b43a-a71e7228747e')]
