2024-05-26 22:16:39,532 INFO o.s.b.StartupInfoLogger [main] Starting BinarfudApplication using Java 17.0.2 with PID 13424 (D:\synrgy\sinau_java\F-BJV24001115-synrgy7-syi-binarfud-ch5\target\classes started by hp in D:\synrgy\sinau_java\F-BJV24001115-synrgy7-syi-binarfud-ch5)
2024-05-26 22:16:39,538 INFO o.s.b.SpringApplication [main] No active profile set, falling back to 1 default profile: "default"
2024-05-26 22:16:40,757 INFO o.s.d.r.c.RepositoryConfigurationDelegate [main] Bootstrapping Spring Data JPA repositories in DEFAULT mode.
2024-05-26 22:16:40,874 INFO o.s.d.r.c.RepositoryConfigurationDelegate [main] Finished Spring Data repository scanning in 101 ms. Found 5 JPA repository interfaces.
2024-05-26 22:16:41,717 INFO o.s.b.w.e.t.TomcatWebServer [main] Tomcat initialized with port 8080 (http)
2024-05-26 22:16:41,730 INFO o.a.j.l.DirectJDKLog [main] Initializing ProtocolHandler ["http-nio-8080"]
2024-05-26 22:16:41,735 INFO o.a.j.l.DirectJDKLog [main] Starting service [Tomcat]
2024-05-26 22:16:41,736 INFO o.a.j.l.DirectJDKLog [main] Starting Servlet engine: [Apache Tomcat/10.1.20]
2024-05-26 22:16:41,841 INFO o.a.j.l.DirectJDKLog [main] Initializing Spring embedded WebApplicationContext
2024-05-26 22:16:41,844 INFO o.s.b.w.s.c.ServletWebServerApplicationContext [main] Root WebApplicationContext: initialization completed in 2246 ms
2024-05-26 22:16:42,043 INFO o.h.j.i.u.LogHelper [main] HHH000204: Processing PersistenceUnitInfo [name: default]
2024-05-26 22:16:42,112 INFO o.h.Version [main] HHH000412: Hibernate ORM core version 6.4.4.Final
2024-05-26 22:16:42,157 INFO o.h.c.i.RegionFactoryInitiator [main] HHH000026: Second-level cache disabled
2024-05-26 22:16:42,504 INFO o.s.o.j.p.SpringPersistenceUnitInfo [main] No LoadTimeWeaver setup: ignoring JPA class transformer
2024-05-26 22:16:42,534 INFO c.z.h.HikariDataSource [main] HikariPool-1 - Starting...
2024-05-26 22:16:42,747 INFO c.z.h.p.HikariPool [main] HikariPool-1 - Added connection org.postgresql.jdbc.PgConnection@45c423b3
2024-05-26 22:16:42,749 INFO c.z.h.HikariDataSource [main] HikariPool-1 - Start completed.
2024-05-26 22:16:42,799 WARN o.h.e.j.d.i.DialectFactoryImpl [main] HHH90000025: PostgreSQLDialect does not need to be specified explicitly using 'hibernate.dialect' (remove the property setting and it will be selected by default)
2024-05-26 22:16:44,035 INFO o.h.e.t.j.p.i.JtaPlatformInitiator [main] HHH000489: No JTA platform available (set 'hibernate.transaction.jta.platform' to enable JTA platform integration)
2024-05-26 22:16:44,168 INFO o.s.o.j.AbstractEntityManagerFactoryBean [main] Initialized JPA EntityManagerFactory for persistence unit 'default'
2024-05-26 22:16:44,811 INFO o.s.d.j.r.q.QueryEnhancerFactory [main] Hibernate is in classpath; If applicable, HQL parser will be used.
2024-05-26 22:16:45,457 WARN o.s.b.a.o.j.JpaBaseConfiguration$JpaWebConfiguration [main] spring.jpa.open-in-view is enabled by default. Therefore, database queries may be performed during view rendering. Explicitly configure spring.jpa.open-in-view to disable this warning
2024-05-26 22:16:45,849 INFO o.s.s.w.DefaultSecurityFilterChain [main] Will secure any request with [org.springframework.security.web.session.DisableEncodeUrlFilter@27f7db5a, org.springframework.security.web.context.request.async.WebAsyncManagerIntegrationFilter@6245303e, org.springframework.security.web.context.SecurityContextHolderFilter@73daf6a6, org.springframework.security.web.header.HeaderWriterFilter@2d4e6bb2, org.springframework.web.filter.CorsFilter@5a1e28ee, org.springframework.security.web.authentication.logout.LogoutFilter@11b26693, com.example.Binarfud.security.jwt.JwtAuthTokenFilter@684bfba9, org.springframework.security.web.savedrequest.RequestCacheAwareFilter@5e24f013, org.springframework.security.web.servletapi.SecurityContextHolderAwareRequestFilter@feb0f52, org.springframework.security.web.authentication.AnonymousAuthenticationFilter@2b208574, org.springframework.security.web.session.SessionManagementFilter@549fc0b3, org.springframework.security.web.access.ExceptionTranslationFilter@6ef3f72c, org.springframework.security.web.access.intercept.AuthorizationFilter@79378802]
2024-05-26 22:16:46,276 INFO o.a.j.l.DirectJDKLog [main] Starting ProtocolHandler ["http-nio-8080"]
2024-05-26 22:16:46,310 INFO o.s.b.w.e.t.TomcatWebServer [main] Tomcat started on port 8080 (http) with context path ''
2024-05-26 22:16:46,322 INFO o.s.b.StartupInfoLogger [main] Started BinarfudApplication in 7.439 seconds (process running for 8.101)
2024-05-26 22:16:51,940 INFO o.a.j.l.DirectJDKLog [http-nio-8080-exec-2] Initializing Spring DispatcherServlet 'dispatcherServlet'
2024-05-26 22:16:51,940 INFO o.s.w.s.FrameworkServlet [http-nio-8080-exec-2] Initializing Servlet 'dispatcherServlet'
2024-05-26 22:16:51,941 INFO o.s.w.s.FrameworkServlet [http-nio-8080-exec-2] Completed initialization in 1 ms
2024-05-26 22:17:19,875 INFO o.s.o.j.AbstractEntityManagerFactoryBean [SpringApplicationShutdownHook] Closing JPA EntityManagerFactory for persistence unit 'default'
2024-05-26 22:17:19,878 INFO c.z.h.HikariDataSource [SpringApplicationShutdownHook] HikariPool-1 - Shutdown initiated...
2024-05-26 22:17:19,882 INFO c.z.h.HikariDataSource [SpringApplicationShutdownHook] HikariPool-1 - Shutdown completed.
