2024-05-31 03:08:40,057 INFO o.s.b.StartupInfoLogger [main] Starting BinarfudApplication using Java 17.0.2 with PID 15748 (D:\synrgy\sinau_java\F-BJV24001115-synrgy7-syi-binarfud-ch5\target\classes started by hp in D:\synrgy\sinau_java\F-BJV24001115-synrgy7-syi-binarfud-ch5)
2024-05-31 03:08:40,062 INFO o.s.b.SpringApplication [main] No active profile set, falling back to 1 default profile: "default"
2024-05-31 03:08:41,623 INFO o.s.d.r.c.RepositoryConfigurationDelegate [main] Bootstrapping Spring Data JPA repositories in DEFAULT mode.
2024-05-31 03:08:41,748 INFO o.s.d.r.c.RepositoryConfigurationDelegate [main] Finished Spring Data repository scanning in 108 ms. Found 6 JPA repository interfaces.
2024-05-31 03:08:42,841 INFO o.s.b.w.e.t.TomcatWebServer [main] Tomcat initialized with port 8080 (http)
2024-05-31 03:08:42,862 INFO o.a.j.l.DirectJDKLog [main] Initializing ProtocolHandler ["http-nio-8080"]
2024-05-31 03:08:42,866 INFO o.a.j.l.DirectJDKLog [main] Starting service [Tomcat]
2024-05-31 03:08:42,867 INFO o.a.j.l.DirectJDKLog [main] Starting Servlet engine: [Apache Tomcat/10.1.20]
2024-05-31 03:08:43,005 INFO o.a.j.l.DirectJDKLog [main] Initializing Spring embedded WebApplicationContext
2024-05-31 03:08:43,008 INFO o.s.b.w.s.c.ServletWebServerApplicationContext [main] Root WebApplicationContext: initialization completed in 2882 ms
2024-05-31 03:08:43,293 INFO o.h.j.i.u.LogHelper [main] HHH000204: Processing PersistenceUnitInfo [name: default]
2024-05-31 03:08:43,476 INFO o.h.Version [main] HHH000412: Hibernate ORM core version 6.4.4.Final
2024-05-31 03:08:43,570 INFO o.h.c.i.RegionFactoryInitiator [main] HHH000026: Second-level cache disabled
2024-05-31 03:08:44,035 INFO o.s.o.j.p.SpringPersistenceUnitInfo [main] No LoadTimeWeaver setup: ignoring JPA class transformer
2024-05-31 03:08:44,083 INFO c.z.h.HikariDataSource [main] HikariPool-1 - Starting...
2024-05-31 03:08:44,484 INFO c.z.h.p.HikariPool [main] HikariPool-1 - Added connection org.postgresql.jdbc.PgConnection@2673487b
2024-05-31 03:08:44,486 INFO c.z.h.HikariDataSource [main] HikariPool-1 - Start completed.
2024-05-31 03:08:44,542 WARN o.h.e.j.d.i.DialectFactoryImpl [main] HHH90000025: PostgreSQLDialect does not need to be specified explicitly using 'hibernate.dialect' (remove the property setting and it will be selected by default)
2024-05-31 03:08:46,091 INFO o.h.e.t.j.p.i.JtaPlatformInitiator [main] HHH000489: No JTA platform available (set 'hibernate.transaction.jta.platform' to enable JTA platform integration)
2024-05-31 03:08:46,246 INFO o.s.o.j.AbstractEntityManagerFactoryBean [main] Initialized JPA EntityManagerFactory for persistence unit 'default'
2024-05-31 03:08:46,973 INFO o.s.d.j.r.q.QueryEnhancerFactory [main] Hibernate is in classpath; If applicable, HQL parser will be used.
2024-05-31 03:08:48,161 WARN o.s.b.a.o.j.JpaBaseConfiguration$JpaWebConfiguration [main] spring.jpa.open-in-view is enabled by default. Therefore, database queries may be performed during view rendering. Explicitly configure spring.jpa.open-in-view to disable this warning
2024-05-31 03:08:49,066 INFO o.s.s.w.DefaultSecurityFilterChain [main] Will secure any request with [org.springframework.security.web.session.DisableEncodeUrlFilter@611d867, org.springframework.security.web.context.request.async.WebAsyncManagerIntegrationFilter@5efb7f82, org.springframework.security.web.context.SecurityContextHolderFilter@7ba0c0e5, org.springframework.security.web.header.HeaderWriterFilter@7dcfe455, org.springframework.web.filter.CorsFilter@34775090, org.springframework.security.web.authentication.logout.LogoutFilter@649a76c1, org.springframework.security.oauth2.client.web.OAuth2AuthorizationRequestRedirectFilter@39584147, org.springframework.security.oauth2.client.web.OAuth2LoginAuthenticationFilter@249f95a2, com.example.Binarfud.security.jwt.JwtAuthTokenFilter@30b29f55, org.springframework.security.web.authentication.UsernamePasswordAuthenticationFilter@7e2bd635, org.springframework.security.web.authentication.ui.DefaultLoginPageGeneratingFilter@1bc467bd, org.springframework.security.web.authentication.ui.DefaultLogoutPageGeneratingFilter@7e772d11, org.springframework.security.web.savedrequest.RequestCacheAwareFilter@60e83cb9, org.springframework.security.web.servletapi.SecurityContextHolderAwareRequestFilter@612e1c6e, org.springframework.security.web.authentication.AnonymousAuthenticationFilter@76ad0058, org.springframework.security.web.session.SessionManagementFilter@2338c3f9, org.springframework.security.web.access.ExceptionTranslationFilter@4e387da1, org.springframework.security.web.access.intercept.AuthorizationFilter@1d77762f]
2024-05-31 03:08:49,575 WARN o.s.s.c.a.w.b.WebSecurity [main] You are asking Spring Security to ignore Mvc [pattern='/webjars/**']. This is not recommended -- please use permitAll via HttpSecurity#authorizeHttpRequests instead.
2024-05-31 03:08:49,576 INFO o.s.s.w.DefaultSecurityFilterChain [main] Will not secure Mvc [pattern='/webjars/**']
2024-05-31 03:08:49,576 WARN o.s.s.c.a.w.b.WebSecurity [main] You are asking Spring Security to ignore Mvc [pattern='/images/**']. This is not recommended -- please use permitAll via HttpSecurity#authorizeHttpRequests instead.
2024-05-31 03:08:49,576 INFO o.s.s.w.DefaultSecurityFilterChain [main] Will not secure Mvc [pattern='/images/**']
2024-05-31 03:08:49,577 WARN o.s.s.c.a.w.b.WebSecurity [main] You are asking Spring Security to ignore Mvc [pattern='/css/**']. This is not recommended -- please use permitAll via HttpSecurity#authorizeHttpRequests instead.
2024-05-31 03:08:49,577 INFO o.s.s.w.DefaultSecurityFilterChain [main] Will not secure Mvc [pattern='/css/**']
2024-05-31 03:08:49,578 WARN o.s.s.c.a.w.b.WebSecurity [main] You are asking Spring Security to ignore Mvc [pattern='/assets/**']. This is not recommended -- please use permitAll via HttpSecurity#authorizeHttpRequests instead.
2024-05-31 03:08:49,578 INFO o.s.s.w.DefaultSecurityFilterChain [main] Will not secure Mvc [pattern='/assets/**']
2024-05-31 03:08:49,578 WARN o.s.s.c.a.w.b.WebSecurity [main] You are asking Spring Security to ignore Mvc [pattern='/favicon.ico']. This is not recommended -- please use permitAll via HttpSecurity#authorizeHttpRequests instead.
2024-05-31 03:08:49,579 INFO o.s.s.w.DefaultSecurityFilterChain [main] Will not secure Mvc [pattern='/favicon.ico']
2024-05-31 03:08:49,648 INFO o.a.j.l.DirectJDKLog [main] Starting ProtocolHandler ["http-nio-8080"]
2024-05-31 03:08:49,677 INFO o.s.b.w.e.t.TomcatWebServer [main] Tomcat started on port 8080 (http) with context path ''
2024-05-31 03:08:49,693 INFO o.s.b.StartupInfoLogger [main] Started BinarfudApplication in 10.49 seconds (process running for 11.283)
2024-05-31 03:08:52,303 INFO o.a.j.l.DirectJDKLog [http-nio-8080-exec-1] Initializing Spring DispatcherServlet 'dispatcherServlet'
2024-05-31 03:08:52,303 INFO o.s.w.s.FrameworkServlet [http-nio-8080-exec-1] Initializing Servlet 'dispatcherServlet'
2024-05-31 03:08:52,306 INFO o.s.w.s.FrameworkServlet [http-nio-8080-exec-1] Completed initialization in 2 ms
