2024-05-17 15:03:59,782 INFO o.s.b.StartupInfoLogger [main] Starting BinarfudApplication using Java 17.0.2 with PID 23448 (D:\synrgy\sinau_java\F-BJV24001115-synrgy7-syi-binarfud-ch4\target\classes started by hp in D:\synrgy\sinau_java\F-BJV24001115-synrgy7-syi-binarfud-ch4)
2024-05-17 15:03:59,792 INFO o.s.b.SpringApplication [main] No active profile set, falling back to 1 default profile: "default"
2024-05-17 15:04:01,017 INFO o.s.d.r.c.RepositoryConfigurationDelegate [main] Bootstrapping Spring Data JPA repositories in DEFAULT mode.
2024-05-17 15:04:01,131 INFO o.s.d.r.c.RepositoryConfigurationDelegate [main] Finished Spring Data repository scanning in 93 ms. Found 5 JPA repository interfaces.
2024-05-17 15:04:01,917 INFO o.s.b.w.e.t.TomcatWebServer [main] Tomcat initialized with port 8080 (http)
2024-05-17 15:04:01,929 INFO o.a.j.l.DirectJDKLog [main] Initializing ProtocolHandler ["http-nio-8080"]
2024-05-17 15:04:01,931 INFO o.a.j.l.DirectJDKLog [main] Starting service [Tomcat]
2024-05-17 15:04:01,932 INFO o.a.j.l.DirectJDKLog [main] Starting Servlet engine: [Apache Tomcat/10.1.20]
2024-05-17 15:04:02,015 INFO o.a.j.l.DirectJDKLog [main] Initializing Spring embedded WebApplicationContext
2024-05-17 15:04:02,018 INFO o.s.b.w.s.c.ServletWebServerApplicationContext [main] Root WebApplicationContext: initialization completed in 2165 ms
2024-05-17 15:04:02,214 INFO o.h.j.i.u.LogHelper [main] HHH000204: Processing PersistenceUnitInfo [name: default]
2024-05-17 15:04:02,287 INFO o.h.Version [main] HHH000412: Hibernate ORM core version 6.4.4.Final
2024-05-17 15:04:02,335 INFO o.h.c.i.RegionFactoryInitiator [main] HHH000026: Second-level cache disabled
2024-05-17 15:04:02,636 INFO o.s.o.j.p.SpringPersistenceUnitInfo [main] No LoadTimeWeaver setup: ignoring JPA class transformer
2024-05-17 15:04:02,699 INFO c.z.h.HikariDataSource [main] HikariPool-1 - Starting...
2024-05-17 15:04:02,911 INFO c.z.h.p.HikariPool [main] HikariPool-1 - Added connection org.postgresql.jdbc.PgConnection@49d42faf
2024-05-17 15:04:02,914 INFO c.z.h.HikariDataSource [main] HikariPool-1 - Start completed.
2024-05-17 15:04:02,957 WARN o.h.e.j.d.i.DialectFactoryImpl [main] HHH90000025: PostgreSQLDialect does not need to be specified explicitly using 'hibernate.dialect' (remove the property setting and it will be selected by default)
2024-05-17 15:04:04,124 INFO o.h.e.t.j.p.i.JtaPlatformInitiator [main] HHH000489: No JTA platform available (set 'hibernate.transaction.jta.platform' to enable JTA platform integration)
2024-05-17 15:04:04,261 INFO o.s.o.j.AbstractEntityManagerFactoryBean [main] Initialized JPA EntityManagerFactory for persistence unit 'default'
2024-05-17 15:04:04,573 INFO o.s.d.j.r.q.QueryEnhancerFactory [main] Hibernate is in classpath; If applicable, HQL parser will be used.
2024-05-17 15:04:04,870 WARN o.s.b.a.o.j.JpaBaseConfiguration$JpaWebConfiguration [main] spring.jpa.open-in-view is enabled by default. Therefore, database queries may be performed during view rendering. Explicitly configure spring.jpa.open-in-view to disable this warning
2024-05-17 15:04:05,750 INFO o.a.j.l.DirectJDKLog [main] Starting ProtocolHandler ["http-nio-8080"]
2024-05-17 15:04:05,822 INFO o.s.b.w.e.t.TomcatWebServer [main] Tomcat started on port 8080 (http) with context path ''
2024-05-17 15:04:05,848 INFO o.s.b.StartupInfoLogger [main] Started BinarfudApplication in 6.768 seconds (process running for 7.396)
2024-05-17 15:06:22,806 INFO o.a.j.l.DirectJDKLog [http-nio-8080-exec-2] Initializing Spring DispatcherServlet 'dispatcherServlet'
2024-05-17 15:06:22,806 INFO o.s.w.s.FrameworkServlet [http-nio-8080-exec-2] Initializing Servlet 'dispatcherServlet'
2024-05-17 15:06:22,810 INFO o.s.w.s.FrameworkServlet [http-nio-8080-exec-2] Completed initialization in 2 ms
2024-05-17 15:06:22,998 ERROR o.a.j.l.DirectJDKLog [http-nio-8080-exec-2] Servlet.service() for servlet [dispatcherServlet] in context with path [] threw exception [Handler dispatch failed: java.lang.StackOverflowError] with root cause
java.lang.StackOverflowError: null
	at java.base/java.lang.System$2.fastUUID(System.java:2316)
	at java.base/java.util.UUID.toString(UUID.java:461)
	at java.base/java.lang.StringConcatHelper.stringOf(StringConcatHelper.java:453)
	at com.example.Binarfud.model.Users.toString(Users.java:12)
	at java.base/java.lang.StringConcatHelper.stringOf(StringConcatHelper.java:453)
	at com.example.Binarfud.model.Orders.toString(Orders.java:15)
	at java.base/java.lang.StringConcatHelper.stringOf(StringConcatHelper.java:453)
	at com.example.Binarfud.model.OrderDetail.toString(OrderDetail.java:10)
	at java.base/java.lang.String.valueOf(String.java:4215)
	at java.base/java.lang.StringBuilder.append(StringBuilder.java:173)
	at java.base/java.util.AbstractCollection.toString(AbstractCollection.java:457)
	at org.hibernate.collection.spi.PersistentBag.toString(PersistentBag.java:590)
	at java.base/java.lang.StringConcatHelper.stringOf(StringConcatHelper.java:453)
	at com.example.Binarfud.model.Orders.toString(Orders.java:15)
	at java.base/java.lang.StringConcatHelper.stringOf(StringConcatHelper.java:453)
	at com.example.Binarfud.model.OrderDetail.toString(OrderDetail.java:10)
	at java.base/java.lang.String.valueOf(String.java:4215)
	at java.base/java.lang.StringBuilder.append(StringBuilder.java:173)
	at java.base/java.util.AbstractCollection.toString(AbstractCollection.java:457)
	at org.hibernate.collection.spi.PersistentBag.toString(PersistentBag.java:590)
	at java.base/java.lang.StringConcatHelper.stringOf(StringConcatHelper.java:453)
	at com.example.Binarfud.model.Orders.toString(Orders.java:15)
	at java.base/java.lang.StringConcatHelper.stringOf(StringConcatHelper.java:453)
	at com.example.Binarfud.model.OrderDetail.toString(OrderDetail.java:10)
	at java.base/java.lang.String.valueOf(String.java:4215)
	at java.base/java.lang.StringBuilder.append(StringBuilder.java:173)
	at java.base/java.util.AbstractCollection.toString(AbstractCollection.java:457)
	at org.hibernate.collection.spi.PersistentBag.toString(PersistentBag.java:590)
	at java.base/java.lang.StringConcatHelper.stringOf(StringConcatHelper.java:453)
	at com.example.Binarfud.model.Orders.toString(Orders.java:15)
	at java.base/java.lang.StringConcatHelper.stringOf(StringConcatHelper.java:453)
	at com.example.Binarfud.model.OrderDetail.toString(OrderDetail.java:10)
	at java.base/java.lang.String.valueOf(String.java:4215)
	at java.base/java.lang.StringBuilder.append(StringBuilder.java:173)
	at java.base/java.util.AbstractCollection.toString(AbstractCollection.java:457)
	at org.hibernate.collection.spi.PersistentBag.toString(PersistentBag.java:590)
	at java.base/java.lang.StringConcatHelper.stringOf(StringConcatHelper.java:453)
	at com.example.Binarfud.model.Orders.toString(Orders.java:15)
	at java.base/java.lang.StringConcatHelper.stringOf(StringConcatHelper.java:453)
	at com.example.Binarfud.model.OrderDetail.toString(OrderDetail.java:10)
	at java.base/java.lang.String.valueOf(String.java:4215)
	at java.base/java.lang.StringBuilder.append(StringBuilder.java:173)
	at java.base/java.util.AbstractCollection.toString(AbstractCollection.java:457)
	at org.hibernate.collection.spi.PersistentBag.toString(PersistentBag.java:590)
	at java.base/java.lang.StringConcatHelper.stringOf(StringConcatHelper.java:453)
	at com.example.Binarfud.model.Orders.toString(Orders.java:15)
	at java.base/java.lang.StringConcatHelper.stringOf(StringConcatHelper.java:453)
	at com.example.Binarfud.model.OrderDetail.toString(OrderDetail.java:10)
	at java.base/java.lang.String.valueOf(String.java:4215)
	at java.base/java.lang.StringBuilder.append(StringBuilder.java:173)
	at java.base/java.util.AbstractCollection.toString(AbstractCollection.java:457)
	at org.hibernate.collection.spi.PersistentBag.toString(PersistentBag.java:590)
	at java.base/java.lang.StringConcatHelper.stringOf(StringConcatHelper.java:453)
	at com.example.Binarfud.model.Orders.toString(Orders.java:15)
	at java.base/java.lang.StringConcatHelper.stringOf(StringConcatHelper.java:453)
	at com.example.Binarfud.model.OrderDetail.toString(OrderDetail.java:10)
	at java.base/java.lang.String.valueOf(String.java:4215)
	at java.base/java.lang.StringBuilder.append(StringBuilder.java:173)
	at java.base/java.util.AbstractCollection.toString(AbstractCollection.java:457)
	at org.hibernate.collection.spi.PersistentBag.toString(PersistentBag.java:590)
	at java.base/java.lang.StringConcatHelper.stringOf(StringConcatHelper.java:453)
	at com.example.Binarfud.model.Orders.toString(Orders.java:15)
	at java.base/java.lang.StringConcatHelper.stringOf(StringConcatHelper.java:453)
	at com.example.Binarfud.model.OrderDetail.toString(OrderDetail.java:10)
	at java.base/java.lang.String.valueOf(String.java:4215)
	at java.base/java.lang.StringBuilder.append(StringBuilder.java:173)
	at java.base/java.util.AbstractCollection.toString(AbstractCollection.java:457)
	at org.hibernate.collection.spi.PersistentBag.toString(PersistentBag.java:590)
	at java.base/java.lang.StringConcatHelper.stringOf(StringConcatHelper.java:453)
	at com.example.Binarfud.model.Orders.toString(Orders.java:15)
	at java.base/java.lang.StringConcatHelper.stringOf(StringConcatHelper.java:453)
	at com.example.Binarfud.model.OrderDetail.toString(OrderDetail.java:10)
	at java.base/java.lang.String.valueOf(String.java:4215)
	at java.base/java.lang.StringBuilder.append(StringBuilder.java:173)
	at java.base/java.util.AbstractCollection.toString(AbstractCollection.java:457)
	at org.hibernate.collection.spi.PersistentBag.toString(PersistentBag.java:590)
	at java.base/java.lang.StringConcatHelper.stringOf(StringConcatHelper.java:453)
	at com.example.Binarfud.model.Orders.toString(Orders.java:15)
	at java.base/java.lang.StringConcatHelper.stringOf(StringConcatHelper.java:453)
	at com.example.Binarfud.model.OrderDetail.toString(OrderDetail.java:10)
	at java.base/java.lang.String.valueOf(String.java:4215)
	at java.base/java.lang.StringBuilder.append(StringBuilder.java:173)
	at java.base/java.util.AbstractCollection.toString(AbstractCollection.java:457)
	at org.hibernate.collection.spi.PersistentBag.toString(PersistentBag.java:590)
	at java.base/java.lang.StringConcatHelper.stringOf(StringConcatHelper.java:453)
	at com.example.Binarfud.model.Orders.toString(Orders.java:15)
	at java.base/java.lang.StringConcatHelper.stringOf(StringConcatHelper.java:453)
	at com.example.Binarfud.model.OrderDetail.toString(OrderDetail.java:10)
	at java.base/java.lang.String.valueOf(String.java:4215)
	at java.base/java.lang.StringBuilder.append(StringBuilder.java:173)
	at java.base/java.util.AbstractCollection.toString(AbstractCollection.java:457)
	at org.hibernate.collection.spi.PersistentBag.toString(PersistentBag.java:590)
	at java.base/java.lang.StringConcatHelper.stringOf(StringConcatHelper.java:453)
	at com.example.Binarfud.model.Orders.toString(Orders.java:15)
	at java.base/java.lang.StringConcatHelper.stringOf(StringConcatHelper.java:453)
	at com.example.Binarfud.model.OrderDetail.toString(OrderDetail.java:10)
	at java.base/java.lang.String.valueOf(String.java:4215)
	at java.base/java.lang.StringBuilder.append(StringBuilder.java:173)
	at java.base/java.util.AbstractCollection.toString(AbstractCollection.java:457)
	at org.hibernate.collection.spi.PersistentBag.toString(PersistentBag.java:590)
	at java.base/java.lang.StringConcatHelper.stringOf(StringConcatHelper.java:453)
	at com.example.Binarfud.model.Orders.toString(Orders.java:15)
	at java.base/java.lang.StringConcatHelper.stringOf(StringConcatHelper.java:453)
	at com.example.Binarfud.model.OrderDetail.toString(OrderDetail.java:10)
	at java.base/java.lang.String.valueOf(String.java:4215)
	at java.base/java.lang.StringBuilder.append(StringBuilder.java:173)
	at java.base/java.util.AbstractCollection.toString(AbstractCollection.java:457)
	at org.hibernate.collection.spi.PersistentBag.toString(PersistentBag.java:590)
	at java.base/java.lang.StringConcatHelper.stringOf(StringConcatHelper.java:453)
	at com.example.Binarfud.model.Orders.toString(Orders.java:15)
	at java.base/java.lang.StringConcatHelper.stringOf(StringConcatHelper.java:453)
	at com.example.Binarfud.model.OrderDetail.toString(OrderDetail.java:10)
	at java.base/java.lang.String.valueOf(String.java:4215)
	at java.base/java.lang.StringBuilder.append(StringBuilder.java:173)
	at java.base/java.util.AbstractCollection.toString(AbstractCollection.java:457)
	at org.hibernate.collection.spi.PersistentBag.toString(PersistentBag.java:590)
	at java.base/java.lang.StringConcatHelper.stringOf(StringConcatHelper.java:453)
	at com.example.Binarfud.model.Orders.toString(Orders.java:15)
	at java.base/java.lang.StringConcatHelper.stringOf(StringConcatHelper.java:453)
	at com.example.Binarfud.model.OrderDetail.toString(OrderDetail.java:10)
	at java.base/java.lang.String.valueOf(String.java:4215)
	at java.base/java.lang.StringBuilder.append(StringBuilder.java:173)
	at java.base/java.util.AbstractCollection.toString(AbstractCollection.java:457)
	at org.hibernate.collection.spi.PersistentBag.toString(PersistentBag.java:590)
	at java.base/java.lang.StringConcatHelper.stringOf(StringConcatHelper.java:453)
	at com.example.Binarfud.model.Orders.toString(Orders.java:15)
	at java.base/java.lang.StringConcatHelper.stringOf(StringConcatHelper.java:453)
	at com.example.Binarfud.model.OrderDetail.toString(OrderDetail.java:10)
	at java.base/java.lang.String.valueOf(String.java:4215)
	at java.base/java.lang.StringBuilder.append(StringBuilder.java:173)
	at java.base/java.util.AbstractCollection.toString(AbstractCollection.java:457)
	at org.hibernate.collection.spi.PersistentBag.toString(PersistentBag.java:590)
	at java.base/java.lang.StringConcatHelper.stringOf(StringConcatHelper.java:453)
	at com.example.Binarfud.model.Orders.toString(Orders.java:15)
	at java.base/java.lang.StringConcatHelper.stringOf(StringConcatHelper.java:453)
	at com.example.Binarfud.model.OrderDetail.toString(OrderDetail.java:10)
	at java.base/java.lang.String.valueOf(String.java:4215)
	at java.base/java.lang.StringBuilder.append(StringBuilder.java:173)
	at java.base/java.util.AbstractCollection.toString(AbstractCollection.java:457)
	at org.hibernate.collection.spi.PersistentBag.toString(PersistentBag.java:590)
	at java.base/java.lang.StringConcatHelper.stringOf(StringConcatHelper.java:453)
	at com.example.Binarfud.model.Orders.toString(Orders.java:15)
	at java.base/java.lang.StringConcatHelper.stringOf(StringConcatHelper.java:453)
	at com.example.Binarfud.model.OrderDetail.toString(OrderDetail.java:10)
	at java.base/java.lang.String.valueOf(String.java:4215)
	at java.base/java.lang.StringBuilder.append(StringBuilder.java:173)
	at java.base/java.util.AbstractCollection.toString(AbstractCollection.java:457)
	at org.hibernate.collection.spi.PersistentBag.toString(PersistentBag.java:590)
	at java.base/java.lang.StringConcatHelper.stringOf(StringConcatHelper.java:453)
	at com.example.Binarfud.model.Orders.toString(Orders.java:15)
	at java.base/java.lang.StringConcatHelper.stringOf(StringConcatHelper.java:453)
	at com.example.Binarfud.model.OrderDetail.toString(OrderDetail.java:10)
	at java.base/java.lang.String.valueOf(String.java:4215)
	at java.base/java.lang.StringBuilder.append(StringBuilder.java:173)
	at java.base/java.util.AbstractCollection.toString(AbstractCollection.java:457)
	at org.hibernate.collection.spi.PersistentBag.toString(PersistentBag.java:590)
	at java.base/java.lang.StringConcatHelper.stringOf(StringConcatHelper.java:453)
	at com.example.Binarfud.model.Orders.toString(Orders.java:15)
	at java.base/java.lang.StringConcatHelper.stringOf(StringConcatHelper.java:453)
	at com.example.Binarfud.model.OrderDetail.toString(OrderDetail.java:10)
	at java.base/java.lang.String.valueOf(String.java:4215)
	at java.base/java.lang.StringBuilder.append(StringBuilder.java:173)
	at java.base/java.util.AbstractCollection.toString(AbstractCollection.java:457)
	at org.hibernate.collection.spi.PersistentBag.toString(PersistentBag.java:590)
	at java.base/java.lang.StringConcatHelper.stringOf(StringConcatHelper.java:453)
	at com.example.Binarfud.model.Orders.toString(Orders.java:15)
	at java.base/java.lang.StringConcatHelper.stringOf(StringConcatHelper.java:453)
	at com.example.Binarfud.model.OrderDetail.toString(OrderDetail.java:10)
	at java.base/java.lang.String.valueOf(String.java:4215)
	at java.base/java.lang.StringBuilder.append(StringBuilder.java:173)
	at java.base/java.util.AbstractCollection.toString(AbstractCollection.java:457)
	at org.hibernate.collection.spi.PersistentBag.toString(PersistentBag.java:590)
	at java.base/java.lang.StringConcatHelper.stringOf(StringConcatHelper.java:453)
	at com.example.Binarfud.model.Orders.toString(Orders.java:15)
	at java.base/java.lang.StringConcatHelper.stringOf(StringConcatHelper.java:453)
	at com.example.Binarfud.model.OrderDetail.toString(OrderDetail.java:10)
	at java.base/java.lang.String.valueOf(String.java:4215)
	at java.base/java.lang.StringBuilder.append(StringBuilder.java:173)
	at java.base/java.util.AbstractCollection.toString(AbstractCollection.java:457)
	at org.hibernate.collection.spi.PersistentBag.toString(PersistentBag.java:590)
	at java.base/java.lang.StringConcatHelper.stringOf(StringConcatHelper.java:453)
	at com.example.Binarfud.model.Orders.toString(Orders.java:15)
	at java.base/java.lang.StringConcatHelper.stringOf(StringConcatHelper.java:453)
	at com.example.Binarfud.model.OrderDetail.toString(OrderDetail.java:10)
	at java.base/java.lang.String.valueOf(String.java:4215)
	at java.base/java.lang.StringBuilder.append(StringBuilder.java:173)
	at java.base/java.util.AbstractCollection.toString(AbstractCollection.java:457)
	at org.hibernate.collection.spi.PersistentBag.toString(PersistentBag.java:590)
	at java.base/java.lang.StringConcatHelper.stringOf(StringConcatHelper.java:453)
	at com.example.Binarfud.model.Orders.toString(Orders.java:15)
	at java.base/java.lang.StringConcatHelper.stringOf(StringConcatHelper.java:453)
	at com.example.Binarfud.model.OrderDetail.toString(OrderDetail.java:10)
	at java.base/java.lang.String.valueOf(String.java:4215)
	at java.base/java.lang.StringBuilder.append(StringBuilder.java:173)
	at java.base/java.util.AbstractCollection.toString(AbstractCollection.java:457)
	at org.hibernate.collection.spi.PersistentBag.toString(PersistentBag.java:590)
	at java.base/java.lang.StringConcatHelper.stringOf(StringConcatHelper.java:453)
	at com.example.Binarfud.model.Orders.toString(Orders.java:15)
	at java.base/java.lang.StringConcatHelper.stringOf(StringConcatHelper.java:453)
	at com.example.Binarfud.model.OrderDetail.toString(OrderDetail.java:10)
	at java.base/java.lang.String.valueOf(String.java:4215)
	at java.base/java.lang.StringBuilder.append(StringBuilder.java:173)
	at java.base/java.util.AbstractCollection.toString(AbstractCollection.java:457)
	at org.hibernate.collection.spi.PersistentBag.toString(PersistentBag.java:590)
	at java.base/java.lang.StringConcatHelper.stringOf(StringConcatHelper.java:453)
	at com.example.Binarfud.model.Orders.toString(Orders.java:15)
	at java.base/java.lang.StringConcatHelper.stringOf(StringConcatHelper.java:453)
	at com.example.Binarfud.model.OrderDetail.toString(OrderDetail.java:10)
	at java.base/java.lang.String.valueOf(String.java:4215)
	at java.base/java.lang.StringBuilder.append(StringBuilder.java:173)
	at java.base/java.util.AbstractCollection.toString(AbstractCollection.java:457)
	at org.hibernate.collection.spi.PersistentBag.toString(PersistentBag.java:590)
	at java.base/java.lang.StringConcatHelper.stringOf(StringConcatHelper.java:453)
	at com.example.Binarfud.model.Orders.toString(Orders.java:15)
	at java.base/java.lang.StringConcatHelper.stringOf(StringConcatHelper.java:453)
	at com.example.Binarfud.model.OrderDetail.toString(OrderDetail.java:10)
	at java.base/java.lang.String.valueOf(String.java:4215)
	at java.base/java.lang.StringBuilder.append(StringBuilder.java:173)
	at java.base/java.util.AbstractCollection.toString(AbstractCollection.java:457)
	at org.hibernate.collection.spi.PersistentBag.toString(PersistentBag.java:590)
	at java.base/java.lang.StringConcatHelper.stringOf(StringConcatHelper.java:453)
	at com.example.Binarfud.model.Orders.toString(Orders.java:15)
	at java.base/java.lang.StringConcatHelper.stringOf(StringConcatHelper.java:453)
	at com.example.Binarfud.model.OrderDetail.toString(OrderDetail.java:10)
	at java.base/java.lang.String.valueOf(String.java:4215)
	at java.base/java.lang.StringBuilder.append(StringBuilder.java:173)
	at java.base/java.util.AbstractCollection.toString(AbstractCollection.java:457)
	at org.hibernate.collection.spi.PersistentBag.toString(PersistentBag.java:590)
	at java.base/java.lang.StringConcatHelper.stringOf(StringConcatHelper.java:453)
	at com.example.Binarfud.model.Orders.toString(Orders.java:15)
	at java.base/java.lang.StringConcatHelper.stringOf(StringConcatHelper.java:453)
	at com.example.Binarfud.model.OrderDetail.toString(OrderDetail.java:10)
	at java.base/java.lang.String.valueOf(String.java:4215)
	at java.base/java.lang.StringBuilder.append(StringBuilder.java:173)
	at java.base/java.util.AbstractCollection.toString(AbstractCollection.java:457)
	at org.hibernate.collection.spi.PersistentBag.toString(PersistentBag.java:590)
	at java.base/java.lang.StringConcatHelper.stringOf(StringConcatHelper.java:453)
	at com.example.Binarfud.model.Orders.toString(Orders.java:15)
	at java.base/java.lang.StringConcatHelper.stringOf(StringConcatHelper.java:453)
	at com.example.Binarfud.model.OrderDetail.toString(OrderDetail.java:10)
	at java.base/java.lang.String.valueOf(String.java:4215)
	at java.base/java.lang.StringBuilder.append(StringBuilder.java:173)
	at java.base/java.util.AbstractCollection.toString(AbstractCollection.java:457)
	at org.hibernate.collection.spi.PersistentBag.toString(PersistentBag.java:590)
	at java.base/java.lang.StringConcatHelper.stringOf(StringConcatHelper.java:453)
	at com.example.Binarfud.model.Orders.toString(Orders.java:15)
	at java.base/java.lang.StringConcatHelper.stringOf(StringConcatHelper.java:453)
	at com.example.Binarfud.model.OrderDetail.toString(OrderDetail.java:10)
	at java.base/java.lang.String.valueOf(String.java:4215)
	at java.base/java.lang.StringBuilder.append(StringBuilder.java:173)
	at java.base/java.util.AbstractCollection.toString(AbstractCollection.java:457)
	at org.hibernate.collection.spi.PersistentBag.toString(PersistentBag.java:590)
	at java.base/java.lang.StringConcatHelper.stringOf(StringConcatHelper.java:453)
	at com.example.Binarfud.model.Orders.toString(Orders.java:15)
	at java.base/java.lang.StringConcatHelper.stringOf(StringConcatHelper.java:453)
	at com.example.Binarfud.model.OrderDetail.toString(OrderDetail.java:10)
	at java.base/java.lang.String.valueOf(String.java:4215)
	at java.base/java.lang.StringBuilder.append(StringBuilder.java:173)
	at java.base/java.util.AbstractCollection.toString(AbstractCollection.java:457)
	at org.hibernate.collection.spi.PersistentBag.toString(PersistentBag.java:590)
	at java.base/java.lang.StringConcatHelper.stringOf(StringConcatHelper.java:453)
	at com.example.Binarfud.model.Orders.toString(Orders.java:15)
	at java.base/java.lang.StringConcatHelper.stringOf(StringConcatHelper.java:453)
	at com.example.Binarfud.model.OrderDetail.toString(OrderDetail.java:10)
	at java.base/java.lang.String.valueOf(String.java:4215)
	at java.base/java.lang.StringBuilder.append(StringBuilder.java:173)
	at java.base/java.util.AbstractCollection.toString(AbstractCollection.java:457)
	at org.hibernate.collection.spi.PersistentBag.toString(PersistentBag.java:590)
	at java.base/java.lang.StringConcatHelper.stringOf(StringConcatHelper.java:453)
	at com.example.Binarfud.model.Orders.toString(Orders.java:15)
	at java.base/java.lang.StringConcatHelper.stringOf(StringConcatHelper.java:453)
	at com.example.Binarfud.model.OrderDetail.toString(OrderDetail.java:10)
	at java.base/java.lang.String.valueOf(String.java:4215)
	at java.base/java.lang.StringBuilder.append(StringBuilder.java:173)
	at java.base/java.util.AbstractCollection.toString(AbstractCollection.java:457)
	at org.hibernate.collection.spi.PersistentBag.toString(PersistentBag.java:590)
	at java.base/java.lang.StringConcatHelper.stringOf(StringConcatHelper.java:453)
	at com.example.Binarfud.model.Orders.toString(Orders.java:15)
	at java.base/java.lang.StringConcatHelper.stringOf(StringConcatHelper.java:453)
	at com.example.Binarfud.model.OrderDetail.toString(OrderDetail.java:10)
	at java.base/java.lang.String.valueOf(String.java:4215)
	at java.base/java.lang.StringBuilder.append(StringBuilder.java:173)
	at java.base/java.util.AbstractCollection.toString(AbstractCollection.java:457)
	at org.hibernate.collection.spi.PersistentBag.toString(PersistentBag.java:590)
	at java.base/java.lang.StringConcatHelper.stringOf(StringConcatHelper.java:453)
	at com.example.Binarfud.model.Orders.toString(Orders.java:15)
	at java.base/java.lang.StringConcatHelper.stringOf(StringConcatHelper.java:453)
	at com.example.Binarfud.model.OrderDetail.toString(OrderDetail.java:10)
	at java.base/java.lang.String.valueOf(String.java:4215)
	at java.base/java.lang.StringBuilder.append(StringBuilder.java:173)
	at java.base/java.util.AbstractCollection.toString(AbstractCollection.java:457)
	at org.hibernate.collection.spi.PersistentBag.toString(PersistentBag.java:590)
	at java.base/java.lang.StringConcatHelper.stringOf(StringConcatHelper.java:453)
	at com.example.Binarfud.model.Orders.toString(Orders.java:15)
	at java.base/java.lang.StringConcatHelper.stringOf(StringConcatHelper.java:453)
	at com.example.Binarfud.model.OrderDetail.toString(OrderDetail.java:10)
	at java.base/java.lang.String.valueOf(String.java:4215)
	at java.base/java.lang.StringBuilder.append(StringBuilder.java:173)
	at java.base/java.util.AbstractCollection.toString(AbstractCollection.java:457)
	at org.hibernate.collection.spi.PersistentBag.toString(PersistentBag.java:590)
	at java.base/java.lang.StringConcatHelper.stringOf(StringConcatHelper.java:453)
	at com.example.Binarfud.model.Orders.toString(Orders.java:15)
	at java.base/java.lang.StringConcatHelper.stringOf(StringConcatHelper.java:453)
	at com.example.Binarfud.model.OrderDetail.toString(OrderDetail.java:10)
	at java.base/java.lang.String.valueOf(String.java:4215)
	at java.base/java.lang.StringBuilder.append(StringBuilder.java:173)
	at java.base/java.util.AbstractCollection.toString(AbstractCollection.java:457)
	at org.hibernate.collection.spi.PersistentBag.toString(PersistentBag.java:590)
	at java.base/java.lang.StringConcatHelper.stringOf(StringConcatHelper.java:453)
	at com.example.Binarfud.model.Orders.toString(Orders.java:15)
	at java.base/java.lang.StringConcatHelper.stringOf(StringConcatHelper.java:453)
	at com.example.Binarfud.model.OrderDetail.toString(OrderDetail.java:10)
	at java.base/java.lang.String.valueOf(String.java:4215)
	at java.base/java.lang.StringBuilder.append(StringBuilder.java:173)
	at java.base/java.util.AbstractCollection.toString(AbstractCollection.java:457)
	at org.hibernate.collection.spi.PersistentBag.toString(PersistentBag.java:590)
	at java.base/java.lang.StringConcatHelper.stringOf(StringConcatHelper.java:453)
	at com.example.Binarfud.model.Orders.toString(Orders.java:15)
	at java.base/java.lang.StringConcatHelper.stringOf(StringConcatHelper.java:453)
	at com.example.Binarfud.model.OrderDetail.toString(OrderDetail.java:10)
	at java.base/java.lang.String.valueOf(String.java:4215)
	at java.base/java.lang.StringBuilder.append(StringBuilder.java:173)
	at java.base/java.util.AbstractCollection.toString(AbstractCollection.java:457)
	at org.hibernate.collection.spi.PersistentBag.toString(PersistentBag.java:590)
	at java.base/java.lang.StringConcatHelper.stringOf(StringConcatHelper.java:453)
	at com.example.Binarfud.model.Orders.toString(Orders.java:15)
	at java.base/java.lang.StringConcatHelper.stringOf(StringConcatHelper.java:453)
	at com.example.Binarfud.model.OrderDetail.toString(OrderDetail.java:10)
	at java.base/java.lang.String.valueOf(String.java:4215)
	at java.base/java.lang.StringBuilder.append(StringBuilder.java:173)
	at java.base/java.util.AbstractCollection.toString(AbstractCollection.java:457)
	at org.hibernate.collection.spi.PersistentBag.toString(PersistentBag.java:590)
	at java.base/java.lang.StringConcatHelper.stringOf(StringConcatHelper.java:453)
	at com.example.Binarfud.model.Orders.toString(Orders.java:15)
	at java.base/java.lang.StringConcatHelper.stringOf(StringConcatHelper.java:453)
	at com.example.Binarfud.model.OrderDetail.toString(OrderDetail.java:10)
	at java.base/java.lang.String.valueOf(String.java:4215)
	at java.base/java.lang.StringBuilder.append(StringBuilder.java:173)
	at java.base/java.util.AbstractCollection.toString(AbstractCollection.java:457)
	at org.hibernate.collection.spi.PersistentBag.toString(PersistentBag.java:590)
	at java.base/java.lang.StringConcatHelper.stringOf(StringConcatHelper.java:453)
	at com.example.Binarfud.model.Orders.toString(Orders.java:15)
	at java.base/java.lang.StringConcatHelper.stringOf(StringConcatHelper.java:453)
	at com.example.Binarfud.model.OrderDetail.toString(OrderDetail.java:10)
	at java.base/java.lang.String.valueOf(String.java:4215)
	at java.base/java.lang.StringBuilder.append(StringBuilder.java:173)
	at java.base/java.util.AbstractCollection.toString(AbstractCollection.java:457)
	at org.hibernate.collection.spi.PersistentBag.toString(PersistentBag.java:590)
	at java.base/java.lang.StringConcatHelper.stringOf(StringConcatHelper.java:453)
	at com.example.Binarfud.model.Orders.toString(Orders.java:15)
	at java.base/java.lang.StringConcatHelper.stringOf(StringConcatHelper.java:453)
	at com.example.Binarfud.model.OrderDetail.toString(OrderDetail.java:10)
	at java.base/java.lang.String.valueOf(String.java:4215)
	at java.base/java.lang.StringBuilder.append(StringBuilder.java:173)
	at java.base/java.util.AbstractCollection.toString(AbstractCollection.java:457)
	at org.hibernate.collection.spi.PersistentBag.toString(PersistentBag.java:590)
	at java.base/java.lang.StringConcatHelper.stringOf(StringConcatHelper.java:453)
	at com.example.Binarfud.model.Orders.toString(Orders.java:15)
	at java.base/java.lang.StringConcatHelper.stringOf(StringConcatHelper.java:453)
	at com.example.Binarfud.model.OrderDetail.toString(OrderDetail.java:10)
	at java.base/java.lang.String.valueOf(String.java:4215)
	at java.base/java.lang.StringBuilder.append(StringBuilder.java:173)
	at java.base/java.util.AbstractCollection.toString(AbstractCollection.java:457)
	at org.hibernate.collection.spi.PersistentBag.toString(PersistentBag.java:590)
	at java.base/java.lang.StringConcatHelper.stringOf(StringConcatHelper.java:453)
	at com.example.Binarfud.model.Orders.toString(Orders.java:15)
	at java.base/java.lang.StringConcatHelper.stringOf(StringConcatHelper.java:453)
	at com.example.Binarfud.model.OrderDetail.toString(OrderDetail.java:10)
	at java.base/java.lang.String.valueOf(String.java:4215)
	at java.base/java.lang.StringBuilder.append(StringBuilder.java:173)
	at java.base/java.util.AbstractCollection.toString(AbstractCollection.java:457)
	at org.hibernate.collection.spi.PersistentBag.toString(PersistentBag.java:590)
	at java.base/java.lang.StringConcatHelper.stringOf(StringConcatHelper.java:453)
	at com.example.Binarfud.model.Orders.toString(Orders.java:15)
	at java.base/java.lang.StringConcatHelper.stringOf(StringConcatHelper.java:453)
	at com.example.Binarfud.model.OrderDetail.toString(OrderDetail.java:10)
	at java.base/java.lang.String.valueOf(String.java:4215)
	at java.base/java.lang.StringBuilder.append(StringBuilder.java:173)
	at java.base/java.util.AbstractCollection.toString(AbstractCollection.java:457)
	at org.hibernate.collection.spi.PersistentBag.toString(PersistentBag.java:590)
	at java.base/java.lang.StringConcatHelper.stringOf(StringConcatHelper.java:453)
	at com.example.Binarfud.model.Orders.toString(Orders.java:15)
	at java.base/java.lang.StringConcatHelper.stringOf(StringConcatHelper.java:453)
	at com.example.Binarfud.model.OrderDetail.toString(OrderDetail.java:10)
	at java.base/java.lang.String.valueOf(String.java:4215)
	at java.base/java.lang.StringBuilder.append(StringBuilder.java:173)
	at java.base/java.util.AbstractCollection.toString(AbstractCollection.java:457)
	at org.hibernate.collection.spi.PersistentBag.toString(PersistentBag.java:590)
	at java.base/java.lang.StringConcatHelper.stringOf(StringConcatHelper.java:453)
	at com.example.Binarfud.model.Orders.toString(Orders.java:15)
	at java.base/java.lang.StringConcatHelper.stringOf(StringConcatHelper.java:453)
	at com.example.Binarfud.model.OrderDetail.toString(OrderDetail.java:10)
	at java.base/java.lang.String.valueOf(String.java:4215)
	at java.base/java.lang.StringBuilder.append(StringBuilder.java:173)
	at java.base/java.util.AbstractCollection.toString(AbstractCollection.java:457)
	at org.hibernate.collection.spi.PersistentBag.toString(PersistentBag.java:590)
	at java.base/java.lang.StringConcatHelper.stringOf(StringConcatHelper.java:453)
	at com.example.Binarfud.model.Orders.toString(Orders.java:15)
	at java.base/java.lang.StringConcatHelper.stringOf(StringConcatHelper.java:453)
	at com.example.Binarfud.model.OrderDetail.toString(OrderDetail.java:10)
	at java.base/java.lang.String.valueOf(String.java:4215)
	at java.base/java.lang.StringBuilder.append(StringBuilder.java:173)
	at java.base/java.util.AbstractCollection.toString(AbstractCollection.java:457)
	at org.hibernate.collection.spi.PersistentBag.toString(PersistentBag.java:590)
	at java.base/java.lang.StringConcatHelper.stringOf(StringConcatHelper.java:453)
	at com.example.Binarfud.model.Orders.toString(Orders.java:15)
	at java.base/java.lang.StringConcatHelper.stringOf(StringConcatHelper.java:453)
	at com.example.Binarfud.model.OrderDetail.toString(OrderDetail.java:10)
	at java.base/java.lang.String.valueOf(String.java:4215)
	at java.base/java.lang.StringBuilder.append(StringBuilder.java:173)
	at java.base/java.util.AbstractCollection.toString(AbstractCollection.java:457)
	at org.hibernate.collection.spi.PersistentBag.toString(PersistentBag.java:590)
	at java.base/java.lang.StringConcatHelper.stringOf(StringConcatHelper.java:453)
	at com.example.Binarfud.model.Orders.toString(Orders.java:15)
	at java.base/java.lang.StringConcatHelper.stringOf(StringConcatHelper.java:453)
	at com.example.Binarfud.model.OrderDetail.toString(OrderDetail.java:10)
	at java.base/java.lang.String.valueOf(String.java:4215)
	at java.base/java.lang.StringBuilder.append(StringBuilder.java:173)
	at java.base/java.util.AbstractCollection.toString(AbstractCollection.java:457)
	at org.hibernate.collection.spi.PersistentBag.toString(PersistentBag.java:590)
	at java.base/java.lang.StringConcatHelper.stringOf(StringConcatHelper.java:453)
	at com.example.Binarfud.model.Orders.toString(Orders.java:15)
	at java.base/java.lang.StringConcatHelper.stringOf(StringConcatHelper.java:453)
	at com.example.Binarfud.model.OrderDetail.toString(OrderDetail.java:10)
	at java.base/java.lang.String.valueOf(String.java:4215)
	at java.base/java.lang.StringBuilder.append(StringBuilder.java:173)
	at java.base/java.util.AbstractCollection.toString(AbstractCollection.java:457)
	at org.hibernate.collection.spi.PersistentBag.toString(PersistentBag.java:590)
	at java.base/java.lang.StringConcatHelper.stringOf(StringConcatHelper.java:453)
	at com.example.Binarfud.model.Orders.toString(Orders.java:15)
	at java.base/java.lang.StringConcatHelper.stringOf(StringConcatHelper.java:453)
	at com.example.Binarfud.model.OrderDetail.toString(OrderDetail.java:10)
	at java.base/java.lang.String.valueOf(String.java:4215)
	at java.base/java.lang.StringBuilder.append(StringBuilder.java:173)
	at java.base/java.util.AbstractCollection.toString(AbstractCollection.java:457)
	at org.hibernate.collection.spi.PersistentBag.toString(PersistentBag.java:590)
	at java.base/java.lang.StringConcatHelper.stringOf(StringConcatHelper.java:453)
	at com.example.Binarfud.model.Orders.toString(Orders.java:15)
	at java.base/java.lang.StringConcatHelper.stringOf(StringConcatHelper.java:453)
	at com.example.Binarfud.model.OrderDetail.toString(OrderDetail.java:10)
	at java.base/java.lang.String.valueOf(String.java:4215)
	at java.base/java.lang.StringBuilder.append(StringBuilder.java:173)
	at java.base/java.util.AbstractCollection.toString(AbstractCollection.java:457)
	at org.hibernate.collection.spi.PersistentBag.toString(PersistentBag.java:590)
	at java.base/java.lang.StringConcatHelper.stringOf(StringConcatHelper.java:453)
	at com.example.Binarfud.model.Orders.toString(Orders.java:15)
	at java.base/java.lang.StringConcatHelper.stringOf(StringConcatHelper.java:453)
	at com.example.Binarfud.model.OrderDetail.toString(OrderDetail.java:10)
	at java.base/java.lang.String.valueOf(String.java:4215)
	at java.base/java.lang.StringBuilder.append(StringBuilder.java:173)
	at java.base/java.util.AbstractCollection.toString(AbstractCollection.java:457)
	at org.hibernate.collection.spi.PersistentBag.toString(PersistentBag.java:590)
	at java.base/java.lang.StringConcatHelper.stringOf(StringConcatHelper.java:453)
	at com.example.Binarfud.model.Orders.toString(Orders.java:15)
	at java.base/java.lang.StringConcatHelper.stringOf(StringConcatHelper.java:453)
	at com.example.Binarfud.model.OrderDetail.toString(OrderDetail.java:10)
	at java.base/java.lang.String.valueOf(String.java:4215)
	at java.base/java.lang.StringBuilder.append(StringBuilder.java:173)
	at java.base/java.util.AbstractCollection.toString(AbstractCollection.java:457)
	at org.hibernate.collection.spi.PersistentBag.toString(PersistentBag.java:590)
	at java.base/java.lang.StringConcatHelper.stringOf(StringConcatHelper.java:453)
	at com.example.Binarfud.model.Orders.toString(Orders.java:15)
	at java.base/java.lang.StringConcatHelper.stringOf(StringConcatHelper.java:453)
	at com.example.Binarfud.model.OrderDetail.toString(OrderDetail.java:10)
	at java.base/java.lang.String.valueOf(String.java:4215)
	at java.base/java.lang.StringBuilder.append(StringBuilder.java:173)
	at java.base/java.util.AbstractCollection.toString(AbstractCollection.java:457)
	at org.hibernate.collection.spi.PersistentBag.toString(PersistentBag.java:590)
	at java.base/java.lang.StringConcatHelper.stringOf(StringConcatHelper.java:453)
	at com.example.Binarfud.model.Orders.toString(Orders.java:15)
	at java.base/java.lang.StringConcatHelper.stringOf(StringConcatHelper.java:453)
	at com.example.Binarfud.model.OrderDetail.toString(OrderDetail.java:10)
	at java.base/java.lang.String.valueOf(String.java:4215)
	at java.base/java.lang.StringBuilder.append(StringBuilder.java:173)
	at java.base/java.util.AbstractCollection.toString(AbstractCollection.java:457)
	at org.hibernate.collection.spi.PersistentBag.toString(PersistentBag.java:590)
	at java.base/java.lang.StringConcatHelper.stringOf(StringConcatHelper.java:453)
	at com.example.Binarfud.model.Orders.toString(Orders.java:15)
	at java.base/java.lang.StringConcatHelper.stringOf(StringConcatHelper.java:453)
	at com.example.Binarfud.model.OrderDetail.toString(OrderDetail.java:10)
	at java.base/java.lang.String.valueOf(String.java:4215)
	at java.base/java.lang.StringBuilder.append(StringBuilder.java:173)
	at java.base/java.util.AbstractCollection.toString(AbstractCollection.java:457)
	at org.hibernate.collection.spi.PersistentBag.toString(PersistentBag.java:590)
	at java.base/java.lang.StringConcatHelper.stringOf(StringConcatHelper.java:453)
	at com.example.Binarfud.model.Orders.toString(Orders.java:15)
	at java.base/java.lang.StringConcatHelper.stringOf(StringConcatHelper.java:453)
	at com.example.Binarfud.model.OrderDetail.toString(OrderDetail.java:10)
	at java.base/java.lang.String.valueOf(String.java:4215)
	at java.base/java.lang.StringBuilder.append(StringBuilder.java:173)
	at java.base/java.util.AbstractCollection.toString(AbstractCollection.java:457)
	at org.hibernate.collection.spi.PersistentBag.toString(PersistentBag.java:590)
	at java.base/java.lang.StringConcatHelper.stringOf(StringConcatHelper.java:453)
	at com.example.Binarfud.model.Orders.toString(Orders.java:15)
	at java.base/java.lang.StringConcatHelper.stringOf(StringConcatHelper.java:453)
	at com.example.Binarfud.model.OrderDetail.toString(OrderDetail.java:10)
	at java.base/java.lang.String.valueOf(String.java:4215)
	at java.base/java.lang.StringBuilder.append(StringBuilder.java:173)
	at java.base/java.util.AbstractCollection.toString(AbstractCollection.java:457)
	at org.hibernate.collection.spi.PersistentBag.toString(PersistentBag.java:590)
	at java.base/java.lang.StringConcatHelper.stringOf(StringConcatHelper.java:453)
	at com.example.Binarfud.model.Orders.toString(Orders.java:15)
	at java.base/java.lang.StringConcatHelper.stringOf(StringConcatHelper.java:453)
	at com.example.Binarfud.model.OrderDetail.toString(OrderDetail.java:10)
	at java.base/java.lang.String.valueOf(String.java:4215)
	at java.base/java.lang.StringBuilder.append(StringBuilder.java:173)
	at java.base/java.util.AbstractCollection.toString(AbstractCollection.java:457)
	at org.hibernate.collection.spi.PersistentBag.toString(PersistentBag.java:590)
	at java.base/java.lang.StringConcatHelper.stringOf(StringConcatHelper.java:453)
	at com.example.Binarfud.model.Orders.toString(Orders.java:15)
	at java.base/java.lang.StringConcatHelper.stringOf(StringConcatHelper.java:453)
	at com.example.Binarfud.model.OrderDetail.toString(OrderDetail.java:10)
	at java.base/java.lang.String.valueOf(String.java:4215)
	at java.base/java.lang.StringBuilder.append(StringBuilder.java:173)
	at java.base/java.util.AbstractCollection.toString(AbstractCollection.java:457)
	at org.hibernate.collection.spi.PersistentBag.toString(PersistentBag.java:590)
	at java.base/java.lang.StringConcatHelper.stringOf(StringConcatHelper.java:453)
	at com.example.Binarfud.model.Orders.toString(Orders.java:15)
	at java.base/java.lang.StringConcatHelper.stringOf(StringConcatHelper.java:453)
	at com.example.Binarfud.model.OrderDetail.toString(OrderDetail.java:10)
	at java.base/java.lang.String.valueOf(String.java:4215)
	at java.base/java.lang.StringBuilder.append(StringBuilder.java:173)
	at java.base/java.util.AbstractCollection.toString(AbstractCollection.java:457)
	at org.hibernate.collection.spi.PersistentBag.toString(PersistentBag.java:590)
	at java.base/java.lang.StringConcatHelper.stringOf(StringConcatHelper.java:453)
	at com.example.Binarfud.model.Orders.toString(Orders.java:15)
	at java.base/java.lang.StringConcatHelper.stringOf(StringConcatHelper.java:453)
	at com.example.Binarfud.model.OrderDetail.toString(OrderDetail.java:10)
	at java.base/java.lang.String.valueOf(String.java:4215)
	at java.base/java.lang.StringBuilder.append(StringBuilder.java:173)
	at java.base/java.util.AbstractCollection.toString(AbstractCollection.java:457)
	at org.hibernate.collection.spi.PersistentBag.toString(PersistentBag.java:590)
	at java.base/java.lang.StringConcatHelper.stringOf(StringConcatHelper.java:453)
	at com.example.Binarfud.model.Orders.toString(Orders.java:15)
	at java.base/java.lang.StringConcatHelper.stringOf(StringConcatHelper.java:453)
	at com.example.Binarfud.model.OrderDetail.toString(OrderDetail.java:10)
	at java.base/java.lang.String.valueOf(String.java:4215)
	at java.base/java.lang.StringBuilder.append(StringBuilder.java:173)
	at java.base/java.util.AbstractCollection.toString(AbstractCollection.java:457)
	at org.hibernate.collection.spi.PersistentBag.toString(PersistentBag.java:590)
	at java.base/java.lang.StringConcatHelper.stringOf(StringConcatHelper.java:453)
	at com.example.Binarfud.model.Orders.toString(Orders.java:15)
	at java.base/java.lang.StringConcatHelper.stringOf(StringConcatHelper.java:453)
	at com.example.Binarfud.model.OrderDetail.toString(OrderDetail.java:10)
	at java.base/java.lang.String.valueOf(String.java:4215)
	at java.base/java.lang.StringBuilder.append(StringBuilder.java:173)
	at java.base/java.util.AbstractCollection.toString(AbstractCollection.java:457)
	at org.hibernate.collection.spi.PersistentBag.toString(PersistentBag.java:590)
	at java.base/java.lang.StringConcatHelper.stringOf(StringConcatHelper.java:453)
	at com.example.Binarfud.model.Orders.toString(Orders.java:15)
	at java.base/java.lang.StringConcatHelper.stringOf(StringConcatHelper.java:453)
	at com.example.Binarfud.model.OrderDetail.toString(OrderDetail.java:10)
	at java.base/java.lang.String.valueOf(String.java:4215)
	at java.base/java.lang.StringBuilder.append(StringBuilder.java:173)
	at java.base/java.util.AbstractCollection.toString(AbstractCollection.java:457)
	at org.hibernate.collection.spi.PersistentBag.toString(PersistentBag.java:590)
	at java.base/java.lang.StringConcatHelper.stringOf(StringConcatHelper.java:453)
	at com.example.Binarfud.model.Orders.toString(Orders.java:15)
	at java.base/java.lang.StringConcatHelper.stringOf(StringConcatHelper.java:453)
	at com.example.Binarfud.model.OrderDetail.toString(OrderDetail.java:10)
	at java.base/java.lang.String.valueOf(String.java:4215)
	at java.base/java.lang.StringBuilder.append(StringBuilder.java:173)
	at java.base/java.util.AbstractCollection.toString(AbstractCollection.java:457)
	at org.hibernate.collection.spi.PersistentBag.toString(PersistentBag.java:590)
	at java.base/java.lang.StringConcatHelper.stringOf(StringConcatHelper.java:453)
	at com.example.Binarfud.model.Orders.toString(Orders.java:15)
	at java.base/java.lang.StringConcatHelper.stringOf(StringConcatHelper.java:453)
	at com.example.Binarfud.model.OrderDetail.toString(OrderDetail.java:10)
	at java.base/java.lang.String.valueOf(String.java:4215)
	at java.base/java.lang.StringBuilder.append(StringBuilder.java:173)
	at java.base/java.util.AbstractCollection.toString(AbstractCollection.java:457)
	at org.hibernate.collection.spi.PersistentBag.toString(PersistentBag.java:590)
	at java.base/java.lang.StringConcatHelper.stringOf(StringConcatHelper.java:453)
	at com.example.Binarfud.model.Orders.toString(Orders.java:15)
	at java.base/java.lang.StringConcatHelper.stringOf(StringConcatHelper.java:453)
	at com.example.Binarfud.model.OrderDetail.toString(OrderDetail.java:10)
	at java.base/java.lang.String.valueOf(String.java:4215)
	at java.base/java.lang.StringBuilder.append(StringBuilder.java:173)
	at java.base/java.util.AbstractCollection.toString(AbstractCollection.java:457)
	at org.hibernate.collection.spi.PersistentBag.toString(PersistentBag.java:590)
	at java.base/java.lang.StringConcatHelper.stringOf(StringConcatHelper.java:453)
	at com.example.Binarfud.model.Orders.toString(Orders.java:15)
	at java.base/java.lang.StringConcatHelper.stringOf(StringConcatHelper.java:453)
	at com.example.Binarfud.model.OrderDetail.toString(OrderDetail.java:10)
	at java.base/java.lang.String.valueOf(String.java:4215)
	at java.base/java.lang.StringBuilder.append(StringBuilder.java:173)
	at java.base/java.util.AbstractCollection.toString(AbstractCollection.java:457)
	at org.hibernate.collection.spi.PersistentBag.toString(PersistentBag.java:590)
	at java.base/java.lang.StringConcatHelper.stringOf(StringConcatHelper.java:453)
	at com.example.Binarfud.model.Orders.toString(Orders.java:15)
	at java.base/java.lang.StringConcatHelper.stringOf(StringConcatHelper.java:453)
	at com.example.Binarfud.model.OrderDetail.toString(OrderDetail.java:10)
	at java.base/java.lang.String.valueOf(String.java:4215)
	at java.base/java.lang.StringBuilder.append(StringBuilder.java:173)
	at java.base/java.util.AbstractCollection.toString(AbstractCollection.java:457)
	at org.hibernate.collection.spi.PersistentBag.toString(PersistentBag.java:590)
	at java.base/java.lang.StringConcatHelper.stringOf(StringConcatHelper.java:453)
	at com.example.Binarfud.model.Orders.toString(Orders.java:15)
	at java.base/java.lang.StringConcatHelper.stringOf(StringConcatHelper.java:453)
	at com.example.Binarfud.model.OrderDetail.toString(OrderDetail.java:10)
	at java.base/java.lang.String.valueOf(String.java:4215)
	at java.base/java.lang.StringBuilder.append(StringBuilder.java:173)
	at java.base/java.util.AbstractCollection.toString(AbstractCollection.java:457)
	at org.hibernate.collection.spi.PersistentBag.toString(PersistentBag.java:590)
	at java.base/java.lang.StringConcatHelper.stringOf(StringConcatHelper.java:453)
	at com.example.Binarfud.model.Orders.toString(Orders.java:15)
	at java.base/java.lang.StringConcatHelper.stringOf(StringConcatHelper.java:453)
	at com.example.Binarfud.model.OrderDetail.toString(OrderDetail.java:10)
	at java.base/java.lang.String.valueOf(String.java:4215)
	at java.base/java.lang.StringBuilder.append(StringBuilder.java:173)
	at java.base/java.util.AbstractCollection.toString(AbstractCollection.java:457)
	at org.hibernate.collection.spi.PersistentBag.toString(PersistentBag.java:590)
	at java.base/java.lang.StringConcatHelper.stringOf(StringConcatHelper.java:453)
	at com.example.Binarfud.model.Orders.toString(Orders.java:15)
	at java.base/java.lang.StringConcatHelper.stringOf(StringConcatHelper.java:453)
	at com.example.Binarfud.model.OrderDetail.toString(OrderDetail.java:10)
	at java.base/java.lang.String.valueOf(String.java:4215)
	at java.base/java.lang.StringBuilder.append(StringBuilder.java:173)
	at java.base/java.util.AbstractCollection.toString(AbstractCollection.java:457)
	at org.hibernate.collection.spi.PersistentBag.toString(PersistentBag.java:590)
	at java.base/java.lang.StringConcatHelper.stringOf(StringConcatHelper.java:453)
	at com.example.Binarfud.model.Orders.toString(Orders.java:15)
	at java.base/java.lang.StringConcatHelper.stringOf(StringConcatHelper.java:453)
	at com.example.Binarfud.model.OrderDetail.toString(OrderDetail.java:10)
	at java.base/java.lang.String.valueOf(String.java:4215)
	at java.base/java.lang.StringBuilder.append(StringBuilder.java:173)
	at java.base/java.util.AbstractCollection.toString(AbstractCollection.java:457)
	at org.hibernate.collection.spi.PersistentBag.toString(PersistentBag.java:590)
	at java.base/java.lang.StringConcatHelper.stringOf(StringConcatHelper.java:453)
	at com.example.Binarfud.model.Orders.toString(Orders.java:15)
	at java.base/java.lang.StringConcatHelper.stringOf(StringConcatHelper.java:453)
	at com.example.Binarfud.model.OrderDetail.toString(OrderDetail.java:10)
	at java.base/java.lang.String.valueOf(String.java:4215)
	at java.base/java.lang.StringBuilder.append(StringBuilder.java:173)
	at java.base/java.util.AbstractCollection.toString(AbstractCollection.java:457)
	at org.hibernate.collection.spi.PersistentBag.toString(PersistentBag.java:590)
	at java.base/java.lang.StringConcatHelper.stringOf(StringConcatHelper.java:453)
	at com.example.Binarfud.model.Orders.toString(Orders.java:15)
	at java.base/java.lang.StringConcatHelper.stringOf(StringConcatHelper.java:453)
	at com.example.Binarfud.model.OrderDetail.toString(OrderDetail.java:10)
	at java.base/java.lang.String.valueOf(String.java:4215)
	at java.base/java.lang.StringBuilder.append(StringBuilder.java:173)
	at java.base/java.util.AbstractCollection.toString(AbstractCollection.java:457)
	at org.hibernate.collection.spi.PersistentBag.toString(PersistentBag.java:590)
	at java.base/java.lang.StringConcatHelper.stringOf(StringConcatHelper.java:453)
	at com.example.Binarfud.model.Orders.toString(Orders.java:15)
	at java.base/java.lang.StringConcatHelper.stringOf(StringConcatHelper.java:453)
	at com.example.Binarfud.model.OrderDetail.toString(OrderDetail.java:10)
	at java.base/java.lang.String.valueOf(String.java:4215)
	at java.base/java.lang.StringBuilder.append(StringBuilder.java:173)
	at java.base/java.util.AbstractCollection.toString(AbstractCollection.java:457)
	at org.hibernate.collection.spi.PersistentBag.toString(PersistentBag.java:590)
	at java.base/java.lang.StringConcatHelper.stringOf(StringConcatHelper.java:453)
	at com.example.Binarfud.model.Orders.toString(Orders.java:15)
	at java.base/java.lang.StringConcatHelper.stringOf(StringConcatHelper.java:453)
	at com.example.Binarfud.model.OrderDetail.toString(OrderDetail.java:10)
	at java.base/java.lang.String.valueOf(String.java:4215)
	at java.base/java.lang.StringBuilder.append(StringBuilder.java:173)
	at java.base/java.util.AbstractCollection.toString(AbstractCollection.java:457)
	at org.hibernate.collection.spi.PersistentBag.toString(PersistentBag.java:590)
	at java.base/java.lang.StringConcatHelper.stringOf(StringConcatHelper.java:453)
	at com.example.Binarfud.model.Orders.toString(Orders.java:15)
	at java.base/java.lang.StringConcatHelper.stringOf(StringConcatHelper.java:453)
	at com.example.Binarfud.model.OrderDetail.toString(OrderDetail.java:10)
	at java.base/java.lang.String.valueOf(String.java:4215)
	at java.base/java.lang.StringBuilder.append(StringBuilder.java:173)
	at java.base/java.util.AbstractCollection.toString(AbstractCollection.java:457)
	at org.hibernate.collection.spi.PersistentBag.toString(PersistentBag.java:590)
	at java.base/java.lang.StringConcatHelper.stringOf(StringConcatHelper.java:453)
	at com.example.Binarfud.model.Orders.toString(Orders.java:15)
	at java.base/java.lang.StringConcatHelper.stringOf(StringConcatHelper.java:453)
	at com.example.Binarfud.model.OrderDetail.toString(OrderDetail.java:10)
	at java.base/java.lang.String.valueOf(String.java:4215)
	at java.base/java.lang.StringBuilder.append(StringBuilder.java:173)
	at java.base/java.util.AbstractCollection.toString(AbstractCollection.java:457)
	at org.hibernate.collection.spi.PersistentBag.toString(PersistentBag.java:590)
	at java.base/java.lang.StringConcatHelper.stringOf(StringConcatHelper.java:453)
	at com.example.Binarfud.model.Orders.toString(Orders.java:15)
	at java.base/java.lang.StringConcatHelper.stringOf(StringConcatHelper.java:453)
	at com.example.Binarfud.model.OrderDetail.toString(OrderDetail.java:10)
	at java.base/java.lang.String.valueOf(String.java:4215)
	at java.base/java.lang.StringBuilder.append(StringBuilder.java:173)
	at java.base/java.util.AbstractCollection.toString(AbstractCollection.java:457)
	at org.hibernate.collection.spi.PersistentBag.toString(PersistentBag.java:590)
	at java.base/java.lang.StringConcatHelper.stringOf(StringConcatHelper.java:453)
	at com.example.Binarfud.model.Orders.toString(Orders.java:15)
	at java.base/java.lang.StringConcatHelper.stringOf(StringConcatHelper.java:453)
	at com.example.Binarfud.model.OrderDetail.toString(OrderDetail.java:10)
	at java.base/java.lang.String.valueOf(String.java:4215)
	at java.base/java.lang.StringBuilder.append(StringBuilder.java:173)
	at java.base/java.util.AbstractCollection.toString(AbstractCollection.java:457)
	at org.hibernate.collection.spi.PersistentBag.toString(PersistentBag.java:590)
	at java.base/java.lang.StringConcatHelper.stringOf(StringConcatHelper.java:453)
	at com.example.Binarfud.model.Orders.toString(Orders.java:15)
	at java.base/java.lang.StringConcatHelper.stringOf(StringConcatHelper.java:453)
	at com.example.Binarfud.model.OrderDetail.toString(OrderDetail.java:10)
	at java.base/java.lang.String.valueOf(String.java:4215)
	at java.base/java.lang.StringBuilder.append(StringBuilder.java:173)
	at java.base/java.util.AbstractCollection.toString(AbstractCollection.java:457)
	at org.hibernate.collection.spi.PersistentBag.toString(PersistentBag.java:590)
	at java.base/java.lang.StringConcatHelper.stringOf(StringConcatHelper.java:453)
	at com.example.Binarfud.model.Orders.toString(Orders.java:15)
	at java.base/java.lang.StringConcatHelper.stringOf(StringConcatHelper.java:453)
	at com.example.Binarfud.model.OrderDetail.toString(OrderDetail.java:10)
	at java.base/java.lang.String.valueOf(String.java:4215)
	at java.base/java.lang.StringBuilder.append(StringBuilder.java:173)
	at java.base/java.util.AbstractCollection.toString(AbstractCollection.java:457)
	at org.hibernate.collection.spi.PersistentBag.toString(PersistentBag.java:590)
	at java.base/java.lang.StringConcatHelper.stringOf(StringConcatHelper.java:453)
	at com.example.Binarfud.model.Orders.toString(Orders.java:15)
	at java.base/java.lang.StringConcatHelper.stringOf(StringConcatHelper.java:453)
	at com.example.Binarfud.model.OrderDetail.toString(OrderDetail.java:10)
	at java.base/java.lang.String.valueOf(String.java:4215)
	at java.base/java.lang.StringBuilder.append(StringBuilder.java:173)
	at java.base/java.util.AbstractCollection.toString(AbstractCollection.java:457)
	at org.hibernate.collection.spi.PersistentBag.toString(PersistentBag.java:590)
	at java.base/java.lang.StringConcatHelper.stringOf(StringConcatHelper.java:453)
	at com.example.Binarfud.model.Orders.toString(Orders.java:15)
	at java.base/java.lang.StringConcatHelper.stringOf(StringConcatHelper.java:453)
	at com.example.Binarfud.model.OrderDetail.toString(OrderDetail.java:10)
	at java.base/java.lang.String.valueOf(String.java:4215)
	at java.base/java.lang.StringBuilder.append(StringBuilder.java:173)
	at java.base/java.util.AbstractCollection.toString(AbstractCollection.java:457)
	at org.hibernate.collection.spi.PersistentBag.toString(PersistentBag.java:590)
	at java.base/java.lang.StringConcatHelper.stringOf(StringConcatHelper.java:453)
	at com.example.Binarfud.model.Orders.toString(Orders.java:15)
	at java.base/java.lang.StringConcatHelper.stringOf(StringConcatHelper.java:453)
	at com.example.Binarfud.model.OrderDetail.toString(OrderDetail.java:10)
	at java.base/java.lang.String.valueOf(String.java:4215)
	at java.base/java.lang.StringBuilder.append(StringBuilder.java:173)
	at java.base/java.util.AbstractCollection.toString(AbstractCollection.java:457)
	at org.hibernate.collection.spi.PersistentBag.toString(PersistentBag.java:590)
	at java.base/java.lang.StringConcatHelper.stringOf(StringConcatHelper.java:453)
	at com.example.Binarfud.model.Orders.toString(Orders.java:15)
	at java.base/java.lang.StringConcatHelper.stringOf(StringConcatHelper.java:453)
	at com.example.Binarfud.model.OrderDetail.toString(OrderDetail.java:10)
	at java.base/java.lang.String.valueOf(String.java:4215)
	at java.base/java.lang.StringBuilder.append(StringBuilder.java:173)
	at java.base/java.util.AbstractCollection.toString(AbstractCollection.java:457)
	at org.hibernate.collection.spi.PersistentBag.toString(PersistentBag.java:590)
	at java.base/java.lang.StringConcatHelper.stringOf(StringConcatHelper.java:453)
	at com.example.Binarfud.model.Orders.toString(Orders.java:15)
	at java.base/java.lang.StringConcatHelper.stringOf(StringConcatHelper.java:453)
	at com.example.Binarfud.model.OrderDetail.toString(OrderDetail.java:10)
	at java.base/java.lang.String.valueOf(String.java:4215)
	at java.base/java.lang.StringBuilder.append(StringBuilder.java:173)
	at java.base/java.util.AbstractCollection.toString(AbstractCollection.java:457)
	at org.hibernate.collection.spi.PersistentBag.toString(PersistentBag.java:590)
	at java.base/java.lang.StringConcatHelper.stringOf(StringConcatHelper.java:453)
	at com.example.Binarfud.model.Orders.toString(Orders.java:15)
	at java.base/java.lang.StringConcatHelper.stringOf(StringConcatHelper.java:453)
	at com.example.Binarfud.model.OrderDetail.toString(OrderDetail.java:10)
	at java.base/java.lang.String.valueOf(String.java:4215)
	at java.base/java.lang.StringBuilder.append(StringBuilder.java:173)
	at java.base/java.util.AbstractCollection.toString(AbstractCollection.java:457)
	at org.hibernate.collection.spi.PersistentBag.toString(PersistentBag.java:590)
	at java.base/java.lang.StringConcatHelper.stringOf(StringConcatHelper.java:453)
	at com.example.Binarfud.model.Orders.toString(Orders.java:15)
	at java.base/java.lang.StringConcatHelper.stringOf(StringConcatHelper.java:453)
	at com.example.Binarfud.model.OrderDetail.toString(OrderDetail.java:10)
	at java.base/java.lang.String.valueOf(String.java:4215)
	at java.base/java.lang.StringBuilder.append(StringBuilder.java:173)
	at java.base/java.util.AbstractCollection.toString(AbstractCollection.java:457)
	at org.hibernate.collection.spi.PersistentBag.toString(PersistentBag.java:590)
	at java.base/java.lang.StringConcatHelper.stringOf(StringConcatHelper.java:453)
	at com.example.Binarfud.model.Orders.toString(Orders.java:15)
	at java.base/java.lang.StringConcatHelper.stringOf(StringConcatHelper.java:453)
	at com.example.Binarfud.model.OrderDetail.toString(OrderDetail.java:10)
	at java.base/java.lang.String.valueOf(String.java:4215)
	at java.base/java.lang.StringBuilder.append(StringBuilder.java:173)
	at java.base/java.util.AbstractCollection.toString(AbstractCollection.java:457)
	at org.hibernate.collection.spi.PersistentBag.toString(PersistentBag.java:590)
	at java.base/java.lang.StringConcatHelper.stringOf(StringConcatHelper.java:453)
	at com.example.Binarfud.model.Orders.toString(Orders.java:15)
	at java.base/java.lang.StringConcatHelper.stringOf(StringConcatHelper.java:453)
	at com.example.Binarfud.model.OrderDetail.toString(OrderDetail.java:10)
	at java.base/java.lang.String.valueOf(String.java:4215)
	at java.base/java.lang.StringBuilder.append(StringBuilder.java:173)
	at java.base/java.util.AbstractCollection.toString(AbstractCollection.java:457)
	at org.hibernate.collection.spi.PersistentBag.toString(PersistentBag.java:590)
	at java.base/java.lang.StringConcatHelper.stringOf(StringConcatHelper.java:453)
	at com.example.Binarfud.model.Orders.toString(Orders.java:15)
	at java.base/java.lang.StringConcatHelper.stringOf(StringConcatHelper.java:453)
	at com.example.Binarfud.model.OrderDetail.toString(OrderDetail.java:10)
	at java.base/java.lang.String.valueOf(String.java:4215)
	at java.base/java.lang.StringBuilder.append(StringBuilder.java:173)
	at java.base/java.util.AbstractCollection.toString(AbstractCollection.java:457)
	at org.hibernate.collection.spi.PersistentBag.toString(PersistentBag.java:590)
	at java.base/java.lang.StringConcatHelper.stringOf(StringConcatHelper.java:453)
	at com.example.Binarfud.model.Orders.toString(Orders.java:15)
	at java.base/java.lang.StringConcatHelper.stringOf(StringConcatHelper.java:453)
	at com.example.Binarfud.model.OrderDetail.toString(OrderDetail.java:10)
	at java.base/java.lang.String.valueOf(String.java:4215)
	at java.base/java.lang.StringBuilder.append(StringBuilder.java:173)
	at java.base/java.util.AbstractCollection.toString(AbstractCollection.java:457)
	at org.hibernate.collection.spi.PersistentBag.toString(PersistentBag.java:590)
	at java.base/java.lang.StringConcatHelper.stringOf(StringConcatHelper.java:453)
	at com.example.Binarfud.model.Orders.toString(Orders.java:15)
	at java.base/java.lang.StringConcatHelper.stringOf(StringConcatHelper.java:453)
	at com.example.Binarfud.model.OrderDetail.toString(OrderDetail.java:10)
	at java.base/java.lang.String.valueOf(String.java:4215)
	at java.base/java.lang.StringBuilder.append(StringBuilder.java:173)
	at java.base/java.util.AbstractCollection.toString(AbstractCollection.java:457)
	at org.hibernate.collection.spi.PersistentBag.toString(PersistentBag.java:590)
	at java.base/java.lang.StringConcatHelper.stringOf(StringConcatHelper.java:453)
	at com.example.Binarfud.model.Orders.toString(Orders.java:15)
	at java.base/java.lang.StringConcatHelper.stringOf(StringConcatHelper.java:453)
	at com.example.Binarfud.model.OrderDetail.toString(OrderDetail.java:10)
	at java.base/java.lang.String.valueOf(String.java:4215)
	at java.base/java.lang.StringBuilder.append(StringBuilder.java:173)
	at java.base/java.util.AbstractCollection.toString(AbstractCollection.java:457)
	at org.hibernate.collection.spi.PersistentBag.toString(PersistentBag.java:590)
	at java.base/java.lang.StringConcatHelper.stringOf(StringConcatHelper.java:453)
	at com.example.Binarfud.model.Orders.toString(Orders.java:15)
	at java.base/java.lang.StringConcatHelper.stringOf(StringConcatHelper.java:453)
	at com.example.Binarfud.model.OrderDetail.toString(OrderDetail.java:10)
	at java.base/java.lang.String.valueOf(String.java:4215)
	at java.base/java.lang.StringBuilder.append(StringBuilder.java:173)
	at java.base/java.util.AbstractCollection.toString(AbstractCollection.java:457)
	at org.hibernate.collection.spi.PersistentBag.toString(PersistentBag.java:590)
	at java.base/java.lang.StringConcatHelper.stringOf(StringConcatHelper.java:453)
	at com.example.Binarfud.model.Orders.toString(Orders.java:15)
	at java.base/java.lang.StringConcatHelper.stringOf(StringConcatHelper.java:453)
	at com.example.Binarfud.model.OrderDetail.toString(OrderDetail.java:10)
	at java.base/java.lang.String.valueOf(String.java:4215)
	at java.base/java.lang.StringBuilder.append(StringBuilder.java:173)
	at java.base/java.util.AbstractCollection.toString(AbstractCollection.java:457)
	at org.hibernate.collection.spi.PersistentBag.toString(PersistentBag.java:590)
	at java.base/java.lang.StringConcatHelper.stringOf(StringConcatHelper.java:453)
	at com.example.Binarfud.model.Orders.toString(Orders.java:15)
	at java.base/java.lang.StringConcatHelper.stringOf(StringConcatHelper.java:453)
	at com.example.Binarfud.model.OrderDetail.toString(OrderDetail.java:10)
	at java.base/java.lang.String.valueOf(String.java:4215)
	at java.base/java.lang.StringBuilder.append(StringBuilder.java:173)
	at java.base/java.util.AbstractCollection.toString(AbstractCollection.java:457)
	at org.hibernate.collection.spi.PersistentBag.toString(PersistentBag.java:590)
	at java.base/java.lang.StringConcatHelper.stringOf(StringConcatHelper.java:453)
	at com.example.Binarfud.model.Orders.toString(Orders.java:15)
	at java.base/java.lang.StringConcatHelper.stringOf(StringConcatHelper.java:453)
	at com.example.Binarfud.model.OrderDetail.toString(OrderDetail.java:10)
	at java.base/java.lang.String.valueOf(String.java:4215)
	at java.base/java.lang.StringBuilder.append(StringBuilder.java:173)
	at java.base/java.util.AbstractCollection.toString(AbstractCollection.java:457)
	at org.hibernate.collection.spi.PersistentBag.toString(PersistentBag.java:590)
	at java.base/java.lang.StringConcatHelper.stringOf(StringConcatHelper.java:453)
	at com.example.Binarfud.model.Orders.toString(Orders.java:15)
	at java.base/java.lang.StringConcatHelper.stringOf(StringConcatHelper.java:453)
	at com.example.Binarfud.model.OrderDetail.toString(OrderDetail.java:10)
	at java.base/java.lang.String.valueOf(String.java:4215)
	at java.base/java.lang.StringBuilder.append(StringBuilder.java:173)
	at java.base/java.util.AbstractCollection.toString(AbstractCollection.java:457)
	at org.hibernate.collection.spi.PersistentBag.toString(PersistentBag.java:590)
	at java.base/java.lang.StringConcatHelper.stringOf(StringConcatHelper.java:453)
	at com.example.Binarfud.model.Orders.toString(Orders.java:15)
	at java.base/java.lang.StringConcatHelper.stringOf(StringConcatHelper.java:453)
	at com.example.Binarfud.model.OrderDetail.toString(OrderDetail.java:10)
	at java.base/java.lang.String.valueOf(String.java:4215)
	at java.base/java.lang.StringBuilder.append(StringBuilder.java:173)
	at java.base/java.util.AbstractCollection.toString(AbstractCollection.java:457)
	at org.hibernate.collection.spi.PersistentBag.toString(PersistentBag.java:590)
	at java.base/java.lang.StringConcatHelper.stringOf(StringConcatHelper.java:453)
	at com.example.Binarfud.model.Orders.toString(Orders.java:15)
	at java.base/java.lang.StringConcatHelper.stringOf(StringConcatHelper.java:453)
	at com.example.Binarfud.model.OrderDetail.toString(OrderDetail.java:10)
	at java.base/java.lang.String.valueOf(String.java:4215)
	at java.base/java.lang.StringBuilder.append(StringBuilder.java:173)
	at java.base/java.util.AbstractCollection.toString(AbstractCollection.java:457)
	at org.hibernate.collection.spi.PersistentBag.toString(PersistentBag.java:590)
	at java.base/java.lang.StringConcatHelper.stringOf(StringConcatHelper.java:453)
	at com.example.Binarfud.model.Orders.toString(Orders.java:15)
	at java.base/java.lang.StringConcatHelper.stringOf(StringConcatHelper.java:453)
	at com.example.Binarfud.model.OrderDetail.toString(OrderDetail.java:10)
	at java.base/java.lang.String.valueOf(String.java:4215)
	at java.base/java.lang.StringBuilder.append(StringBuilder.java:173)
	at java.base/java.util.AbstractCollection.toString(AbstractCollection.java:457)
	at org.hibernate.collection.spi.PersistentBag.toString(PersistentBag.java:590)
	at java.base/java.lang.StringConcatHelper.stringOf(StringConcatHelper.java:453)
	at com.example.Binarfud.model.Orders.toString(Orders.java:15)
	at java.base/java.lang.StringConcatHelper.stringOf(StringConcatHelper.java:453)
	at com.example.Binarfud.model.OrderDetail.toString(OrderDetail.java:10)
	at java.base/java.lang.String.valueOf(String.java:4215)
	at java.base/java.lang.StringBuilder.append(StringBuilder.java:173)
	at java.base/java.util.AbstractCollection.toString(AbstractCollection.java:457)
	at org.hibernate.collection.spi.PersistentBag.toString(PersistentBag.java:590)
	at java.base/java.lang.StringConcatHelper.stringOf(StringConcatHelper.java:453)
	at com.example.Binarfud.model.Orders.toString(Orders.java:15)
	at java.base/java.lang.StringConcatHelper.stringOf(StringConcatHelper.java:453)
	at com.example.Binarfud.model.OrderDetail.toString(OrderDetail.java:10)
	at java.base/java.lang.String.valueOf(String.java:4215)
	at java.base/java.lang.StringBuilder.append(StringBuilder.java:173)
	at java.base/java.util.AbstractCollection.toString(AbstractCollection.java:457)
	at org.hibernate.collection.spi.PersistentBag.toString(PersistentBag.java:590)
	at java.base/java.lang.StringConcatHelper.stringOf(StringConcatHelper.java:453)
	at com.example.Binarfud.model.Orders.toString(Orders.java:15)
	at java.base/java.lang.StringConcatHelper.stringOf(StringConcatHelper.java:453)
	at com.example.Binarfud.model.OrderDetail.toString(OrderDetail.java:10)
	at java.base/java.lang.String.valueOf(String.java:4215)
	at java.base/java.lang.StringBuilder.append(StringBuilder.java:173)
	at java.base/java.util.AbstractCollection.toString(AbstractCollection.java:457)
	at org.hibernate.collection.spi.PersistentBag.toString(PersistentBag.java:590)
	at java.base/java.lang.StringConcatHelper.stringOf(StringConcatHelper.java:453)
	at com.example.Binarfud.model.Orders.toString(Orders.java:15)
	at java.base/java.lang.StringConcatHelper.stringOf(StringConcatHelper.java:453)
	at com.example.Binarfud.model.OrderDetail.toString(OrderDetail.java:10)
	at java.base/java.lang.String.valueOf(String.java:4215)
	at java.base/java.lang.StringBuilder.append(StringBuilder.java:173)
	at java.base/java.util.AbstractCollection.toString(AbstractCollection.java:457)
	at org.hibernate.collection.spi.PersistentBag.toString(PersistentBag.java:590)
	at java.base/java.lang.StringConcatHelper.stringOf(StringConcatHelper.java:453)
	at com.example.Binarfud.model.Orders.toString(Orders.java:15)
	at java.base/java.lang.StringConcatHelper.stringOf(StringConcatHelper.java:453)
	at com.example.Binarfud.model.OrderDetail.toString(OrderDetail.java:10)
	at java.base/java.lang.String.valueOf(String.java:4215)
	at java.base/java.lang.StringBuilder.append(StringBuilder.java:173)
	at java.base/java.util.AbstractCollection.toString(AbstractCollection.java:457)
	at org.hibernate.collection.spi.PersistentBag.toString(PersistentBag.java:590)
	at java.base/java.lang.StringConcatHelper.stringOf(StringConcatHelper.java:453)
	at com.example.Binarfud.model.Orders.toString(Orders.java:15)
	at java.base/java.lang.StringConcatHelper.stringOf(StringConcatHelper.java:453)
	at com.example.Binarfud.model.OrderDetail.toString(OrderDetail.java:10)
	at java.base/java.lang.String.valueOf(String.java:4215)
	at java.base/java.lang.StringBuilder.append(StringBuilder.java:173)
	at java.base/java.util.AbstractCollection.toString(AbstractCollection.java:457)
	at org.hibernate.collection.spi.PersistentBag.toString(PersistentBag.java:590)
	at java.base/java.lang.StringConcatHelper.stringOf(StringConcatHelper.java:453)
	at com.example.Binarfud.model.Orders.toString(Orders.java:15)
	at java.base/java.lang.StringConcatHelper.stringOf(StringConcatHelper.java:453)
	at com.example.Binarfud.model.OrderDetail.toString(OrderDetail.java:10)
	at java.base/java.lang.String.valueOf(String.java:4215)
	at java.base/java.lang.StringBuilder.append(StringBuilder.java:173)
	at java.base/java.util.AbstractCollection.toString(AbstractCollection.java:457)
	at org.hibernate.collection.spi.PersistentBag.toString(PersistentBag.java:590)
	at java.base/java.lang.StringConcatHelper.stringOf(StringConcatHelper.java:453)
	at com.example.Binarfud.model.Orders.toString(Orders.java:15)
	at java.base/java.lang.StringConcatHelper.stringOf(StringConcatHelper.java:453)
	at com.example.Binarfud.model.OrderDetail.toString(OrderDetail.java:10)
	at java.base/java.lang.String.valueOf(String.java:4215)
	at java.base/java.lang.StringBuilder.append(StringBuilder.java:173)
	at java.base/java.util.AbstractCollection.toString(AbstractCollection.java:457)
	at org.hibernate.collection.spi.PersistentBag.toString(PersistentBag.java:590)
	at java.base/java.lang.StringConcatHelper.stringOf(StringConcatHelper.java:453)
	at com.example.Binarfud.model.Orders.toString(Orders.java:15)
	at java.base/java.lang.StringConcatHelper.stringOf(StringConcatHelper.java:453)
	at com.example.Binarfud.model.OrderDetail.toString(OrderDetail.java:10)
	at java.base/java.lang.String.valueOf(String.java:4215)
	at java.base/java.lang.StringBuilder.append(StringBuilder.java:173)
	at java.base/java.util.AbstractCollection.toString(AbstractCollection.java:457)
	at org.hibernate.collection.spi.PersistentBag.toString(PersistentBag.java:590)
	at java.base/java.lang.StringConcatHelper.stringOf(StringConcatHelper.java:453)
	at com.example.Binarfud.model.Orders.toString(Orders.java:15)
	at java.base/java.lang.StringConcatHelper.stringOf(StringConcatHelper.java:453)
	at com.example.Binarfud.model.OrderDetail.toString(OrderDetail.java:10)
	at java.base/java.lang.String.valueOf(String.java:4215)
	at java.base/java.lang.StringBuilder.append(StringBuilder.java:173)
	at java.base/java.util.AbstractCollection.toString(AbstractCollection.java:457)
	at org.hibernate.collection.spi.PersistentBag.toString(PersistentBag.java:590)
	at java.base/java.lang.StringConcatHelper.stringOf(StringConcatHelper.java:453)
	at com.example.Binarfud.model.Orders.toString(Orders.java:15)
	at java.base/java.lang.StringConcatHelper.stringOf(StringConcatHelper.java:453)
	at com.example.Binarfud.model.OrderDetail.toString(OrderDetail.java:10)
	at java.base/java.lang.String.valueOf(String.java:4215)
	at java.base/java.lang.StringBuilder.append(StringBuilder.java:173)
	at java.base/java.util.AbstractCollection.toString(AbstractCollection.java:457)
	at org.hibernate.collection.spi.PersistentBag.toString(PersistentBag.java:590)
	at java.base/java.lang.StringConcatHelper.stringOf(StringConcatHelper.java:453)
	at com.example.Binarfud.model.Orders.toString(Orders.java:15)
	at java.base/java.lang.StringConcatHelper.stringOf(StringConcatHelper.java:453)
	at com.example.Binarfud.model.OrderDetail.toString(OrderDetail.java:10)
	at java.base/java.lang.String.valueOf(String.java:4215)
	at java.base/java.lang.StringBuilder.append(StringBuilder.java:173)
	at java.base/java.util.AbstractCollection.toString(AbstractCollection.java:457)
	at org.hibernate.collection.spi.PersistentBag.toString(PersistentBag.java:590)
	at java.base/java.lang.StringConcatHelper.stringOf(StringConcatHelper.java:453)
	at com.example.Binarfud.model.Orders.toString(Orders.java:15)
	at java.base/java.lang.StringConcatHelper.stringOf(StringConcatHelper.java:453)
	at com.example.Binarfud.model.OrderDetail.toString(OrderDetail.java:10)
	at java.base/java.lang.String.valueOf(String.java:4215)
	at java.base/java.lang.StringBuilder.append(StringBuilder.java:173)
	at java.base/java.util.AbstractCollection.toString(AbstractCollection.java:457)
	at org.hibernate.collection.spi.PersistentBag.toString(PersistentBag.java:590)
	at java.base/java.lang.StringConcatHelper.stringOf(StringConcatHelper.java:453)
	at com.example.Binarfud.model.Orders.toString(Orders.java:15)
	at java.base/java.lang.StringConcatHelper.stringOf(StringConcatHelper.java:453)
	at com.example.Binarfud.model.OrderDetail.toString(OrderDetail.java:10)
	at java.base/java.lang.String.valueOf(String.java:4215)
	at java.base/java.lang.StringBuilder.append(StringBuilder.java:173)
	at java.base/java.util.AbstractCollection.toString(AbstractCollection.java:457)
	at org.hibernate.collection.spi.PersistentBag.toString(PersistentBag.java:590)
	at java.base/java.lang.StringConcatHelper.stringOf(StringConcatHelper.java:453)
	at com.example.Binarfud.model.Orders.toString(Orders.java:15)
	at java.base/java.lang.StringConcatHelper.stringOf(StringConcatHelper.java:453)
	at com.example.Binarfud.model.OrderDetail.toString(OrderDetail.java:10)
	at java.base/java.lang.String.valueOf(String.java:4215)
	at java.base/java.lang.StringBuilder.append(StringBuilder.java:173)
	at java.base/java.util.AbstractCollection.toString(AbstractCollection.java:457)
	at org.hibernate.collection.spi.PersistentBag.toString(PersistentBag.java:590)
	at java.base/java.lang.StringConcatHelper.stringOf(StringConcatHelper.java:453)
	at com.example.Binarfud.model.Orders.toString(Orders.java:15)
	at java.base/java.lang.StringConcatHelper.stringOf(StringConcatHelper.java:453)
	at com.example.Binarfud.model.OrderDetail.toString(OrderDetail.java:10)
	at java.base/java.lang.String.valueOf(String.java:4215)
	at java.base/java.lang.StringBuilder.append(StringBuilder.java:173)
	at java.base/java.util.AbstractCollection.toString(AbstractCollection.java:457)
	at org.hibernate.collection.spi.PersistentBag.toString(PersistentBag.java:590)
	at java.base/java.lang.StringConcatHelper.stringOf(StringConcatHelper.java:453)
	at com.example.Binarfud.model.Orders.toString(Orders.java:15)
	at java.base/java.lang.StringConcatHelper.stringOf(StringConcatHelper.java:453)
	at com.example.Binarfud.model.OrderDetail.toString(OrderDetail.java:10)
	at java.base/java.lang.String.valueOf(String.java:4215)
	at java.base/java.lang.StringBuilder.append(StringBuilder.java:173)
	at java.base/java.util.AbstractCollection.toString(AbstractCollection.java:457)
	at org.hibernate.collection.spi.PersistentBag.toString(PersistentBag.java:590)
	at java.base/java.lang.StringConcatHelper.stringOf(StringConcatHelper.java:453)
	at com.example.Binarfud.model.Orders.toString(Orders.java:15)
	at java.base/java.lang.StringConcatHelper.stringOf(StringConcatHelper.java:453)
	at com.example.Binarfud.model.OrderDetail.toString(OrderDetail.java:10)
	at java.base/java.lang.String.valueOf(String.java:4215)
	at java.base/java.lang.StringBuilder.append(StringBuilder.java:173)
	at java.base/java.util.AbstractCollection.toString(AbstractCollection.java:457)
	at org.hibernate.collection.spi.PersistentBag.toString(PersistentBag.java:590)
	at java.base/java.lang.StringConcatHelper.stringOf(StringConcatHelper.java:453)
	at com.example.Binarfud.model.Orders.toString(Orders.java:15)
	at java.base/java.lang.StringConcatHelper.stringOf(StringConcatHelper.java:453)
	at com.example.Binarfud.model.OrderDetail.toString(OrderDetail.java:10)
2024-05-17 15:06:55,007 INFO o.s.o.j.AbstractEntityManagerFactoryBean [SpringApplicationShutdownHook] Closing JPA EntityManagerFactory for persistence unit 'default'
2024-05-17 15:06:55,009 INFO c.z.h.HikariDataSource [SpringApplicationShutdownHook] HikariPool-1 - Shutdown initiated...
2024-05-17 15:06:55,017 INFO c.z.h.HikariDataSource [SpringApplicationShutdownHook] HikariPool-1 - Shutdown completed.
