2024-05-29 22:04:59,680 INFO o.s.o.j.AbstractEntityManagerFactoryBean [SpringApplicationShutdownHook] Closing JPA EntityManagerFactory for persistence unit 'default'
2024-05-29 22:04:59,687 INFO c.z.h.HikariDataSource [SpringApplicationShutdownHook] HikariPool-1 - Shutdown initiated...
2024-05-29 22:04:59,694 INFO c.z.h.HikariDataSource [SpringApplicationShutdownHook] HikariPool-1 - Shutdown completed.
2024-05-29 22:05:03,940 INFO o.s.b.StartupInfoLogger [main] Starting BinarfudApplication using Java 17.0.2 with PID 11724 (D:\synrgy\sinau_java\F-BJV24001115-synrgy7-syi-binarfud-ch5\target\classes started by hp in D:\synrgy\sinau_java\F-BJV24001115-synrgy7-syi-binarfud-ch5)
2024-05-29 22:05:03,944 INFO o.s.b.SpringApplication [main] No active profile set, falling back to 1 default profile: "default"
2024-05-29 22:05:05,632 INFO o.s.d.r.c.RepositoryConfigurationDelegate [main] Bootstrapping Spring Data JPA repositories in DEFAULT mode.
2024-05-29 22:05:05,802 INFO o.s.d.r.c.RepositoryConfigurationDelegate [main] Finished Spring Data repository scanning in 152 ms. Found 5 JPA repository interfaces.
2024-05-29 22:05:07,058 INFO o.s.b.w.e.t.TomcatWebServer [main] Tomcat initialized with port 8080 (http)
2024-05-29 22:05:07,081 INFO o.a.j.l.DirectJDKLog [main] Initializing ProtocolHandler ["http-nio-8080"]
2024-05-29 22:05:07,087 INFO o.a.j.l.DirectJDKLog [main] Starting service [Tomcat]
2024-05-29 22:05:07,088 INFO o.a.j.l.DirectJDKLog [main] Starting Servlet engine: [Apache Tomcat/10.1.20]
2024-05-29 22:05:07,235 INFO o.a.j.l.DirectJDKLog [main] Initializing Spring embedded WebApplicationContext
2024-05-29 22:05:07,236 INFO o.s.b.w.s.c.ServletWebServerApplicationContext [main] Root WebApplicationContext: initialization completed in 3220 ms
2024-05-29 22:05:07,534 INFO o.h.j.i.u.LogHelper [main] HHH000204: Processing PersistenceUnitInfo [name: default]
2024-05-29 22:05:07,696 INFO o.h.Version [main] HHH000412: Hibernate ORM core version 6.4.4.Final
2024-05-29 22:05:07,792 INFO o.h.c.i.RegionFactoryInitiator [main] HHH000026: Second-level cache disabled
2024-05-29 22:05:08,456 INFO o.s.o.j.p.SpringPersistenceUnitInfo [main] No LoadTimeWeaver setup: ignoring JPA class transformer
2024-05-29 22:05:08,529 INFO c.z.h.HikariDataSource [main] HikariPool-1 - Starting...
2024-05-29 22:05:08,810 INFO c.z.h.p.HikariPool [main] HikariPool-1 - Added connection org.postgresql.jdbc.PgConnection@7e31d53b
2024-05-29 22:05:08,815 INFO c.z.h.HikariDataSource [main] HikariPool-1 - Start completed.
2024-05-29 22:05:08,897 WARN o.h.e.j.d.i.DialectFactoryImpl [main] HHH90000025: PostgreSQLDialect does not need to be specified explicitly using 'hibernate.dialect' (remove the property setting and it will be selected by default)
2024-05-29 22:05:10,671 INFO o.h.e.t.j.p.i.JtaPlatformInitiator [main] HHH000489: No JTA platform available (set 'hibernate.transaction.jta.platform' to enable JTA platform integration)
2024-05-29 22:05:10,813 INFO o.s.o.j.AbstractEntityManagerFactoryBean [main] Initialized JPA EntityManagerFactory for persistence unit 'default'
2024-05-29 22:05:11,546 INFO o.s.d.j.r.q.QueryEnhancerFactory [main] Hibernate is in classpath; If applicable, HQL parser will be used.
2024-05-29 22:05:12,955 WARN o.s.b.a.o.j.JpaBaseConfiguration$JpaWebConfiguration [main] spring.jpa.open-in-view is enabled by default. Therefore, database queries may be performed during view rendering. Explicitly configure spring.jpa.open-in-view to disable this warning
2024-05-29 22:05:13,697 INFO o.s.s.w.DefaultSecurityFilterChain [main] Will secure any request with [org.springframework.security.web.session.DisableEncodeUrlFilter@6245303e, org.springframework.security.web.context.request.async.WebAsyncManagerIntegrationFilter@5a1e28ee, org.springframework.security.web.context.SecurityContextHolderFilter@59ea2a36, org.springframework.security.web.header.HeaderWriterFilter@13453610, org.springframework.web.filter.CorsFilter@2b208574, org.springframework.security.web.authentication.logout.LogoutFilter@7f4f432b, com.example.Binarfud.security.jwt.JwtAuthTokenFilter@6f9b5f01, org.springframework.security.web.savedrequest.RequestCacheAwareFilter@feb0f52, org.springframework.security.web.servletapi.SecurityContextHolderAwareRequestFilter@2ba0b7cf, org.springframework.security.web.authentication.AnonymousAuthenticationFilter@3294b641, org.springframework.security.web.session.SessionManagementFilter@4f091800, org.springframework.security.web.access.ExceptionTranslationFilter@4e791e53, org.springframework.security.web.access.intercept.AuthorizationFilter@78181f7f]
2024-05-29 22:05:14,210 INFO o.a.j.l.DirectJDKLog [main] Starting ProtocolHandler ["http-nio-8080"]
2024-05-29 22:05:14,239 INFO o.s.b.w.e.t.TomcatWebServer [main] Tomcat started on port 8080 (http) with context path ''
2024-05-29 22:05:14,256 INFO o.s.b.StartupInfoLogger [main] Started BinarfudApplication in 11.266 seconds (process running for 12.037)
2024-05-29 22:05:19,239 INFO o.a.j.l.DirectJDKLog [http-nio-8080-exec-2] Initializing Spring DispatcherServlet 'dispatcherServlet'
2024-05-29 22:05:19,240 INFO o.s.w.s.FrameworkServlet [http-nio-8080-exec-2] Initializing Servlet 'dispatcherServlet'
2024-05-29 22:05:19,242 INFO o.s.w.s.FrameworkServlet [http-nio-8080-exec-2] Completed initialization in 2 ms
2024-05-29 22:05:27,183 INFO c.e.B.s.ProductService [http-nio-8080-exec-3] Products: Page 1 of 0 containing UNKNOWN instances
2024-05-29 22:05:31,190 INFO c.e.B.s.ProductService [http-nio-8080-exec-4] Products: Page 1 of 0 containing UNKNOWN instances
2024-05-29 22:05:47,959 INFO c.e.B.s.ProductService [http-nio-8080-exec-8] Products: Page 1 of 0 containing UNKNOWN instances
2024-05-29 22:05:48,984 INFO c.e.B.s.ProductService [http-nio-8080-exec-6] Products: Page 1 of 0 containing UNKNOWN instances
