2024-05-31 02:55:51,680 INFO o.s.o.j.AbstractEntityManagerFactoryBean [SpringApplicationShutdownHook] Closing JPA EntityManagerFactory for persistence unit 'default'
2024-05-31 02:55:51,684 INFO c.z.h.HikariDataSource [SpringApplicationShutdownHook] HikariPool-1 - Shutdown initiated...
2024-05-31 02:55:51,690 INFO c.z.h.HikariDataSource [SpringApplicationShutdownHook] HikariPool-1 - Shutdown completed.
2024-05-31 02:55:57,232 INFO o.s.b.StartupInfoLogger [main] Starting BinarfudApplication using Java 17.0.2 with PID 20416 (D:\synrgy\sinau_java\F-BJV24001115-synrgy7-syi-binarfud-ch5\target\classes started by hp in D:\synrgy\sinau_java\F-BJV24001115-synrgy7-syi-binarfud-ch5)
2024-05-31 02:55:57,235 INFO o.s.b.SpringApplication [main] No active profile set, falling back to 1 default profile: "default"
2024-05-31 02:55:58,599 INFO o.s.d.r.c.RepositoryConfigurationDelegate [main] Bootstrapping Spring Data JPA repositories in DEFAULT mode.
2024-05-31 02:55:58,725 INFO o.s.d.r.c.RepositoryConfigurationDelegate [main] Finished Spring Data repository scanning in 112 ms. Found 6 JPA repository interfaces.
2024-05-31 02:55:59,670 INFO o.s.b.w.e.t.TomcatWebServer [main] Tomcat initialized with port 8080 (http)
2024-05-31 02:55:59,693 INFO o.a.j.l.DirectJDKLog [main] Initializing ProtocolHandler ["http-nio-8080"]
2024-05-31 02:55:59,696 INFO o.a.j.l.DirectJDKLog [main] Starting service [Tomcat]
2024-05-31 02:55:59,697 INFO o.a.j.l.DirectJDKLog [main] Starting Servlet engine: [Apache Tomcat/10.1.20]
2024-05-31 02:55:59,812 INFO o.a.j.l.DirectJDKLog [main] Initializing Spring embedded WebApplicationContext
2024-05-31 02:55:59,814 INFO o.s.b.w.s.c.ServletWebServerApplicationContext [main] Root WebApplicationContext: initialization completed in 2520 ms
2024-05-31 02:56:00,052 INFO o.h.j.i.u.LogHelper [main] HHH000204: Processing PersistenceUnitInfo [name: default]
2024-05-31 02:56:00,163 INFO o.h.Version [main] HHH000412: Hibernate ORM core version 6.4.4.Final
2024-05-31 02:56:00,222 INFO o.h.c.i.RegionFactoryInitiator [main] HHH000026: Second-level cache disabled
2024-05-31 02:56:00,617 INFO o.s.o.j.p.SpringPersistenceUnitInfo [main] No LoadTimeWeaver setup: ignoring JPA class transformer
2024-05-31 02:56:00,652 INFO c.z.h.HikariDataSource [main] HikariPool-1 - Starting...
2024-05-31 02:56:00,886 INFO c.z.h.p.HikariPool [main] HikariPool-1 - Added connection org.postgresql.jdbc.PgConnection@101c15ad
2024-05-31 02:56:00,893 INFO c.z.h.HikariDataSource [main] HikariPool-1 - Start completed.
2024-05-31 02:56:00,955 WARN o.h.e.j.d.i.DialectFactoryImpl [main] HHH90000025: PostgreSQLDialect does not need to be specified explicitly using 'hibernate.dialect' (remove the property setting and it will be selected by default)
2024-05-31 02:56:02,284 INFO o.h.e.t.j.p.i.JtaPlatformInitiator [main] HHH000489: No JTA platform available (set 'hibernate.transaction.jta.platform' to enable JTA platform integration)
2024-05-31 02:56:02,442 INFO o.s.o.j.AbstractEntityManagerFactoryBean [main] Initialized JPA EntityManagerFactory for persistence unit 'default'
2024-05-31 02:56:03,066 INFO o.s.d.j.r.q.QueryEnhancerFactory [main] Hibernate is in classpath; If applicable, HQL parser will be used.
2024-05-31 02:56:03,926 WARN o.s.b.a.o.j.JpaBaseConfiguration$JpaWebConfiguration [main] spring.jpa.open-in-view is enabled by default. Therefore, database queries may be performed during view rendering. Explicitly configure spring.jpa.open-in-view to disable this warning
2024-05-31 02:56:04,538 INFO o.s.s.w.DefaultSecurityFilterChain [main] Will secure any request with [org.springframework.security.web.session.DisableEncodeUrlFilter@3d26c82d, org.springframework.security.web.context.request.async.WebAsyncManagerIntegrationFilter@5af7a7, org.springframework.security.web.context.SecurityContextHolderFilter@7f6ba409, org.springframework.security.web.header.HeaderWriterFilter@106c4a72, org.springframework.web.filter.CorsFilter@685e8e17, org.springframework.security.web.authentication.logout.LogoutFilter@5b628376, org.springframework.security.oauth2.client.web.OAuth2AuthorizationRequestRedirectFilter@743a9292, org.springframework.security.oauth2.client.web.OAuth2LoginAuthenticationFilter@47cf41d7, com.example.Binarfud.security.jwt.JwtAuthTokenFilter@1f05d08c, org.springframework.security.web.savedrequest.RequestCacheAwareFilter@988eae9, org.springframework.security.web.servletapi.SecurityContextHolderAwareRequestFilter@3e93ee71, org.springframework.security.web.authentication.AnonymousAuthenticationFilter@545bc8e1, org.springframework.security.web.session.SessionManagementFilter@12b9d405, org.springframework.security.web.access.ExceptionTranslationFilter@7b0a864e, org.springframework.security.web.access.intercept.AuthorizationFilter@6d95b51d]
2024-05-31 02:56:04,925 INFO o.a.j.l.DirectJDKLog [main] Starting ProtocolHandler ["http-nio-8080"]
2024-05-31 02:56:04,958 INFO o.s.b.w.e.t.TomcatWebServer [main] Tomcat started on port 8080 (http) with context path ''
2024-05-31 02:56:04,973 INFO o.s.b.StartupInfoLogger [main] Started BinarfudApplication in 8.485 seconds (process running for 9.074)
2024-05-31 02:56:09,269 INFO o.a.j.l.DirectJDKLog [http-nio-8080-exec-2] Initializing Spring DispatcherServlet 'dispatcherServlet'
2024-05-31 02:56:09,269 INFO o.s.w.s.FrameworkServlet [http-nio-8080-exec-2] Initializing Servlet 'dispatcherServlet'
2024-05-31 02:56:09,273 INFO o.s.w.s.FrameworkServlet [http-nio-8080-exec-2] Completed initialization in 2 ms
2024-05-31 02:56:09,405 INFO c.e.B.c.AuthController [http-nio-8080-exec-2] loginRequestDto: LoginRequestDTO(username=asep1, password=123)
2024-05-31 02:56:09,697 INFO c.e.B.c.AuthController [http-nio-8080-exec-2] authentication: UsernamePasswordAuthenticationToken [Principal=UserDetailsImpl(username=asep1, password=$2a$10$d4dWbTqeMT1stVInnu/MquF04JHl0LUl/Sclc/OUU9mZHq1sTRcbO, authorities=[ROLE_MERCHANT]), Credentials=[PROTECTED], Authenticated=true, Details=null, Granted Authorities=[ROLE_MERCHANT]]
2024-05-31 02:56:46,167 INFO o.s.o.j.AbstractEntityManagerFactoryBean [SpringApplicationShutdownHook] Closing JPA EntityManagerFactory for persistence unit 'default'
2024-05-31 02:56:46,171 INFO c.z.h.HikariDataSource [SpringApplicationShutdownHook] HikariPool-1 - Shutdown initiated...
2024-05-31 02:56:46,174 INFO c.z.h.HikariDataSource [SpringApplicationShutdownHook] HikariPool-1 - Shutdown completed.
