2024-05-17 22:04:39,304 WARN o.s.c.l.CompositeLog [http-nio-8080-exec-7] Failed to evaluate Jackson deserialization for type [[simple type, class com.example.Binarfud.payload.RevenueRequestDTO]]: com.fasterxml.jackson.databind.exc.InvalidDefinitionException: Invalid type definition for type `java.security.Timestamp`: Failed to call `setAccess()` on Field 'timestamp' (of class `java.security.Timestamp`) due to `java.lang.reflect.InaccessibleObjectException`, problem: Unable to make field private java.util.Date java.security.Timestamp.timestamp accessible: module java.base does not "opens java.security" to unnamed module @6c3f5566
2024-05-17 22:04:39,310 WARN o.s.c.l.CompositeLog [http-nio-8080-exec-7] Failed to evaluate Jackson deserialization for type [[simple type, class com.example.Binarfud.payload.RevenueRequestDTO]]: com.fasterxml.jackson.databind.exc.InvalidDefinitionException: Invalid type definition for type `java.security.Timestamp`: Failed to call `setAccess()` on Field 'timestamp' (of class `java.security.Timestamp`) due to `java.lang.reflect.InaccessibleObjectException`, problem: Unable to make field private java.util.Date java.security.Timestamp.timestamp accessible: module java.base does not "opens java.security" to unnamed module @6c3f5566
2024-05-17 22:04:39,311 WARN o.s.w.s.h.AbstractHandlerExceptionResolver [http-nio-8080-exec-7] Resolved [org.springframework.web.HttpMediaTypeNotSupportedException: Content-Type 'application/json;charset=UTF-8' is not supported]
2024-05-17 22:06:59,689 INFO o.s.o.j.AbstractEntityManagerFactoryBean [SpringApplicationShutdownHook] Closing JPA EntityManagerFactory for persistence unit 'default'
2024-05-17 22:06:59,693 INFO c.z.h.HikariDataSource [SpringApplicationShutdownHook] HikariPool-1 - Shutdown initiated...
2024-05-17 22:06:59,701 INFO c.z.h.HikariDataSource [SpringApplicationShutdownHook] HikariPool-1 - Shutdown completed.
2024-05-17 22:07:06,602 INFO o.s.b.StartupInfoLogger [main] Starting BinarfudApplication using Java 17.0.2 with PID 26180 (D:\synrgy\sinau_java\F-BJV24001115-synrgy7-syi-binarfud-ch5\target\classes started by hp in D:\synrgy\sinau_java\F-BJV24001115-synrgy7-syi-binarfud-ch5)
2024-05-17 22:07:06,613 INFO o.s.b.SpringApplication [main] No active profile set, falling back to 1 default profile: "default"
2024-05-17 22:07:07,917 INFO o.s.d.r.c.RepositoryConfigurationDelegate [main] Bootstrapping Spring Data JPA repositories in DEFAULT mode.
2024-05-17 22:07:08,038 INFO o.s.d.r.c.RepositoryConfigurationDelegate [main] Finished Spring Data repository scanning in 109 ms. Found 5 JPA repository interfaces.
2024-05-17 22:07:08,936 INFO o.s.b.w.e.t.TomcatWebServer [main] Tomcat initialized with port 8080 (http)
2024-05-17 22:07:08,955 INFO o.a.j.l.DirectJDKLog [main] Initializing ProtocolHandler ["http-nio-8080"]
2024-05-17 22:07:08,963 INFO o.a.j.l.DirectJDKLog [main] Starting service [Tomcat]
2024-05-17 22:07:08,963 INFO o.a.j.l.DirectJDKLog [main] Starting Servlet engine: [Apache Tomcat/10.1.20]
2024-05-17 22:07:09,124 INFO o.a.j.l.DirectJDKLog [main] Initializing Spring embedded WebApplicationContext
2024-05-17 22:07:09,127 INFO o.s.b.w.s.c.ServletWebServerApplicationContext [main] Root WebApplicationContext: initialization completed in 2424 ms
2024-05-17 22:07:09,389 INFO o.h.j.i.u.LogHelper [main] HHH000204: Processing PersistenceUnitInfo [name: default]
2024-05-17 22:07:09,506 INFO o.h.Version [main] HHH000412: Hibernate ORM core version 6.4.4.Final
2024-05-17 22:07:09,578 INFO o.h.c.i.RegionFactoryInitiator [main] HHH000026: Second-level cache disabled
2024-05-17 22:07:10,016 INFO o.s.o.j.p.SpringPersistenceUnitInfo [main] No LoadTimeWeaver setup: ignoring JPA class transformer
2024-05-17 22:07:10,097 INFO c.z.h.HikariDataSource [main] HikariPool-1 - Starting...
2024-05-17 22:07:10,349 INFO c.z.h.p.HikariPool [main] HikariPool-1 - Added connection org.postgresql.jdbc.PgConnection@577f9dfd
2024-05-17 22:07:10,352 INFO c.z.h.HikariDataSource [main] HikariPool-1 - Start completed.
2024-05-17 22:07:10,412 WARN o.h.e.j.d.i.DialectFactoryImpl [main] HHH90000025: PostgreSQLDialect does not need to be specified explicitly using 'hibernate.dialect' (remove the property setting and it will be selected by default)
2024-05-17 22:07:11,701 INFO o.h.e.t.j.p.i.JtaPlatformInitiator [main] HHH000489: No JTA platform available (set 'hibernate.transaction.jta.platform' to enable JTA platform integration)
2024-05-17 22:07:11,841 INFO o.s.o.j.AbstractEntityManagerFactoryBean [main] Initialized JPA EntityManagerFactory for persistence unit 'default'
2024-05-17 22:07:12,220 INFO o.s.d.j.r.q.QueryEnhancerFactory [main] Hibernate is in classpath; If applicable, HQL parser will be used.
2024-05-17 22:07:13,069 WARN o.s.b.a.o.j.JpaBaseConfiguration$JpaWebConfiguration [main] spring.jpa.open-in-view is enabled by default. Therefore, database queries may be performed during view rendering. Explicitly configure spring.jpa.open-in-view to disable this warning
2024-05-17 22:07:13,765 INFO o.a.j.l.DirectJDKLog [main] Starting ProtocolHandler ["http-nio-8080"]
2024-05-17 22:07:13,797 INFO o.s.b.w.e.t.TomcatWebServer [main] Tomcat started on port 8080 (http) with context path ''
2024-05-17 22:07:13,812 INFO o.s.b.StartupInfoLogger [main] Started BinarfudApplication in 8.055 seconds (process running for 8.731)
