2024-05-29 21:54:36,284 INFO o.s.o.j.AbstractEntityManagerFactoryBean [SpringApplicationShutdownHook] Closing JPA EntityManagerFactory for persistence unit 'default'
2024-05-29 21:54:36,337 INFO c.z.h.HikariDataSource [SpringApplicationShutdownHook] HikariPool-1 - Shutdown initiated...
2024-05-29 21:54:36,351 INFO c.z.h.HikariDataSource [SpringApplicationShutdownHook] HikariPool-1 - Shutdown completed.
2024-05-29 21:54:46,649 INFO o.s.b.StartupInfoLogger [main] Starting BinarfudApplication using Java 17.0.2 with PID 27496 (D:\synrgy\sinau_java\F-BJV24001115-synrgy7-syi-binarfud-ch5\target\classes started by hp in D:\synrgy\sinau_java\F-BJV24001115-synrgy7-syi-binarfud-ch5)
2024-05-29 21:54:46,654 INFO o.s.b.SpringApplication [main] No active profile set, falling back to 1 default profile: "default"
2024-05-29 21:54:48,672 INFO o.s.d.r.c.RepositoryConfigurationDelegate [main] Bootstrapping Spring Data JPA repositories in DEFAULT mode.
2024-05-29 21:54:48,879 INFO o.s.d.r.c.RepositoryConfigurationDelegate [main] Finished Spring Data repository scanning in 182 ms. Found 5 JPA repository interfaces.
2024-05-29 21:54:50,246 INFO o.s.b.w.e.t.TomcatWebServer [main] Tomcat initialized with port 8080 (http)
2024-05-29 21:54:50,268 INFO o.a.j.l.DirectJDKLog [main] Initializing ProtocolHandler ["http-nio-8080"]
2024-05-29 21:54:50,276 INFO o.a.j.l.DirectJDKLog [main] Starting service [Tomcat]
2024-05-29 21:54:50,278 INFO o.a.j.l.DirectJDKLog [main] Starting Servlet engine: [Apache Tomcat/10.1.20]
2024-05-29 21:54:50,401 INFO o.a.j.l.DirectJDKLog [main] Initializing Spring embedded WebApplicationContext
2024-05-29 21:54:50,404 INFO o.s.b.w.s.c.ServletWebServerApplicationContext [main] Root WebApplicationContext: initialization completed in 3642 ms
2024-05-29 21:54:50,679 INFO o.h.j.i.u.LogHelper [main] HHH000204: Processing PersistenceUnitInfo [name: default]
2024-05-29 21:54:50,827 INFO o.h.Version [main] HHH000412: Hibernate ORM core version 6.4.4.Final
2024-05-29 21:54:50,900 INFO o.h.c.i.RegionFactoryInitiator [main] HHH000026: Second-level cache disabled
2024-05-29 21:54:51,383 INFO o.s.o.j.p.SpringPersistenceUnitInfo [main] No LoadTimeWeaver setup: ignoring JPA class transformer
2024-05-29 21:54:51,432 INFO c.z.h.HikariDataSource [main] HikariPool-1 - Starting...
2024-05-29 21:54:51,917 INFO c.z.h.p.HikariPool [main] HikariPool-1 - Added connection org.postgresql.jdbc.PgConnection@69d2e517
2024-05-29 21:54:51,919 INFO c.z.h.HikariDataSource [main] HikariPool-1 - Start completed.
2024-05-29 21:54:52,013 WARN o.h.e.j.d.i.DialectFactoryImpl [main] HHH90000025: PostgreSQLDialect does not need to be specified explicitly using 'hibernate.dialect' (remove the property setting and it will be selected by default)
2024-05-29 21:54:53,622 INFO o.h.e.t.j.p.i.JtaPlatformInitiator [main] HHH000489: No JTA platform available (set 'hibernate.transaction.jta.platform' to enable JTA platform integration)
2024-05-29 21:54:53,797 INFO o.s.o.j.AbstractEntityManagerFactoryBean [main] Initialized JPA EntityManagerFactory for persistence unit 'default'
2024-05-29 21:54:54,565 INFO o.s.d.j.r.q.QueryEnhancerFactory [main] Hibernate is in classpath; If applicable, HQL parser will be used.
2024-05-29 21:54:55,569 WARN o.s.b.a.o.j.JpaBaseConfiguration$JpaWebConfiguration [main] spring.jpa.open-in-view is enabled by default. Therefore, database queries may be performed during view rendering. Explicitly configure spring.jpa.open-in-view to disable this warning
2024-05-29 21:54:56,180 INFO o.s.s.w.DefaultSecurityFilterChain [main] Will secure any request with [org.springframework.security.web.session.DisableEncodeUrlFilter@2670435, org.springframework.security.web.context.request.async.WebAsyncManagerIntegrationFilter@682bff78, org.springframework.security.web.context.SecurityContextHolderFilter@6f34d178, org.springframework.security.web.header.HeaderWriterFilter@3294b641, org.springframework.web.filter.CorsFilter@7528ece2, org.springframework.security.web.authentication.logout.LogoutFilter@2dacaa7f, com.example.Binarfud.security.jwt.JwtAuthTokenFilter@38318d67, org.springframework.security.web.savedrequest.RequestCacheAwareFilter@746f5752, org.springframework.security.web.servletapi.SecurityContextHolderAwareRequestFilter@510c6b9, org.springframework.security.web.authentication.AnonymousAuthenticationFilter@4e22fdc0, org.springframework.security.web.session.SessionManagementFilter@c62d08a, org.springframework.security.web.access.ExceptionTranslationFilter@5a1e28ee, org.springframework.security.web.access.intercept.AuthorizationFilter@2f48adcc]
2024-05-29 21:54:56,736 INFO o.a.j.l.DirectJDKLog [main] Starting ProtocolHandler ["http-nio-8080"]
2024-05-29 21:54:56,772 INFO o.s.b.w.e.t.TomcatWebServer [main] Tomcat started on port 8080 (http) with context path ''
2024-05-29 21:54:56,788 INFO o.s.b.StartupInfoLogger [main] Started BinarfudApplication in 11.555 seconds (process running for 12.866)
2024-05-29 21:55:01,292 INFO o.a.j.l.DirectJDKLog [http-nio-8080-exec-1] Initializing Spring DispatcherServlet 'dispatcherServlet'
2024-05-29 21:55:01,292 INFO o.s.w.s.FrameworkServlet [http-nio-8080-exec-1] Initializing Servlet 'dispatcherServlet'
2024-05-29 21:55:01,297 INFO o.s.w.s.FrameworkServlet [http-nio-8080-exec-1] Completed initialization in 3 ms
2024-05-29 21:55:26,994 INFO c.e.B.c.AuthController [http-nio-8080-exec-3] loginRequestDto: LoginRequestDTO(username=asep1, password=12345678)
2024-05-29 21:55:27,327 INFO c.e.B.c.AuthController [http-nio-8080-exec-3] authentication: UsernamePasswordAuthenticationToken [Principal=UserDetailsImpl(username=asep1, password=$2a$10$ZzlvImsg3v0KfWs7sWgd8umVU.IWm17.IV7e3iwuKMDntBXwurwa., authorities=[CUSTOMER]), Credentials=[PROTECTED], Authenticated=true, Details=null, Granted Authorities=[CUSTOMER]]
