2024-05-31 21:04:44,238 INFO o.a.j.l.DirectJDKLog [http-nio-8080-exec-1] Initializing Spring DispatcherServlet 'dispatcherServlet'
2024-05-31 21:04:44,241 INFO o.s.w.s.FrameworkServlet [http-nio-8080-exec-1] Initializing Servlet 'dispatcherServlet'
2024-05-31 21:04:44,244 INFO o.s.w.s.FrameworkServlet [http-nio-8080-exec-1] Completed initialization in 3 ms
2024-05-31 21:28:31,100 INFO o.s.o.j.AbstractEntityManagerFactoryBean [SpringApplicationShutdownHook] Closing JPA EntityManagerFactory for persistence unit 'default'
2024-05-31 21:28:31,235 INFO c.z.h.HikariDataSource [SpringApplicationShutdownHook] HikariPool-1 - Shutdown initiated...
2024-05-31 21:28:31,283 INFO c.z.h.HikariDataSource [SpringApplicationShutdownHook] HikariPool-1 - Shutdown completed.
2024-05-31 21:28:38,124 INFO o.s.b.StartupInfoLogger [main] Starting BinarfudApplication using Java 17.0.2 with PID 3240 (D:\synrgy\sinau_java\F-BJV24001115-synrgy7-syi-binarfud-ch5\target\classes started by hp in D:\synrgy\sinau_java\F-BJV24001115-synrgy7-syi-binarfud-ch5)
2024-05-31 21:28:38,127 INFO o.s.b.SpringApplication [main] No active profile set, falling back to 1 default profile: "default"
2024-05-31 21:28:39,616 INFO o.s.d.r.c.RepositoryConfigurationDelegate [main] Bootstrapping Spring Data JPA repositories in DEFAULT mode.
2024-05-31 21:28:39,747 INFO o.s.d.r.c.RepositoryConfigurationDelegate [main] Finished Spring Data repository scanning in 112 ms. Found 6 JPA repository interfaces.
2024-05-31 21:28:40,830 INFO o.s.b.w.e.t.TomcatWebServer [main] Tomcat initialized with port 8080 (http)
2024-05-31 21:28:40,847 INFO o.a.j.l.DirectJDKLog [main] Initializing ProtocolHandler ["http-nio-8080"]
2024-05-31 21:28:40,852 INFO o.a.j.l.DirectJDKLog [main] Starting service [Tomcat]
2024-05-31 21:28:40,853 INFO o.a.j.l.DirectJDKLog [main] Starting Servlet engine: [Apache Tomcat/10.1.20]
2024-05-31 21:28:40,977 INFO o.a.j.l.DirectJDKLog [main] Initializing Spring embedded WebApplicationContext
2024-05-31 21:28:40,980 INFO o.s.b.w.s.c.ServletWebServerApplicationContext [main] Root WebApplicationContext: initialization completed in 2788 ms
2024-05-31 21:28:41,221 INFO o.h.j.i.u.LogHelper [main] HHH000204: Processing PersistenceUnitInfo [name: default]
2024-05-31 21:28:41,345 INFO o.h.Version [main] HHH000412: Hibernate ORM core version 6.4.4.Final
2024-05-31 21:28:41,415 INFO o.h.c.i.RegionFactoryInitiator [main] HHH000026: Second-level cache disabled
2024-05-31 21:28:41,860 INFO o.s.o.j.p.SpringPersistenceUnitInfo [main] No LoadTimeWeaver setup: ignoring JPA class transformer
2024-05-31 21:28:41,907 INFO c.z.h.HikariDataSource [main] HikariPool-1 - Starting...
2024-05-31 21:28:42,200 INFO c.z.h.p.HikariPool [main] HikariPool-1 - Added connection org.postgresql.jdbc.PgConnection@1224e1b6
2024-05-31 21:28:42,203 INFO c.z.h.HikariDataSource [main] HikariPool-1 - Start completed.
2024-05-31 21:28:42,267 WARN o.h.e.j.d.i.DialectFactoryImpl [main] HHH90000025: PostgreSQLDialect does not need to be specified explicitly using 'hibernate.dialect' (remove the property setting and it will be selected by default)
2024-05-31 21:28:43,699 INFO o.h.e.t.j.p.i.JtaPlatformInitiator [main] HHH000489: No JTA platform available (set 'hibernate.transaction.jta.platform' to enable JTA platform integration)
2024-05-31 21:28:43,868 INFO o.s.o.j.AbstractEntityManagerFactoryBean [main] Initialized JPA EntityManagerFactory for persistence unit 'default'
2024-05-31 21:28:44,611 INFO o.s.d.j.r.q.QueryEnhancerFactory [main] Hibernate is in classpath; If applicable, HQL parser will be used.
2024-05-31 21:28:45,598 WARN o.s.b.a.o.j.JpaBaseConfiguration$JpaWebConfiguration [main] spring.jpa.open-in-view is enabled by default. Therefore, database queries may be performed during view rendering. Explicitly configure spring.jpa.open-in-view to disable this warning
2024-05-31 21:28:46,378 INFO o.s.s.w.DefaultSecurityFilterChain [main] Will secure any request with [org.springframework.security.web.session.DisableEncodeUrlFilter@f48a79a, org.springframework.security.web.context.request.async.WebAsyncManagerIntegrationFilter@38fc1904, org.springframework.security.web.context.SecurityContextHolderFilter@24c04958, org.springframework.security.web.header.HeaderWriterFilter@38067d41, org.springframework.web.filter.CorsFilter@7625bfbd, org.springframework.security.web.authentication.logout.LogoutFilter@48ac4201, org.springframework.security.oauth2.client.web.OAuth2AuthorizationRequestRedirectFilter@700b9a54, org.springframework.security.oauth2.client.web.OAuth2LoginAuthenticationFilter@5323b690, com.example.Binarfud.security.jwt.JwtAuthTokenFilter@2f09907, org.springframework.security.web.authentication.UsernamePasswordAuthenticationFilter@446d7669, org.springframework.security.web.savedrequest.RequestCacheAwareFilter@2394fad2, org.springframework.security.web.servletapi.SecurityContextHolderAwareRequestFilter@53785d1a, org.springframework.security.web.authentication.AnonymousAuthenticationFilter@3bc2146c, org.springframework.security.web.session.SessionManagementFilter@7d97a1a0, org.springframework.security.web.access.ExceptionTranslationFilter@47c8c176, org.springframework.security.web.access.intercept.AuthorizationFilter@39584147]
2024-05-31 21:28:46,819 WARN o.s.s.c.a.w.b.WebSecurity [main] You are asking Spring Security to ignore Mvc [pattern='/webjars/**']. This is not recommended -- please use permitAll via HttpSecurity#authorizeHttpRequests instead.
2024-05-31 21:28:46,821 INFO o.s.s.w.DefaultSecurityFilterChain [main] Will not secure Mvc [pattern='/webjars/**']
2024-05-31 21:28:46,822 WARN o.s.s.c.a.w.b.WebSecurity [main] You are asking Spring Security to ignore Mvc [pattern='/images/**']. This is not recommended -- please use permitAll via HttpSecurity#authorizeHttpRequests instead.
2024-05-31 21:28:46,823 INFO o.s.s.w.DefaultSecurityFilterChain [main] Will not secure Mvc [pattern='/images/**']
2024-05-31 21:28:46,823 WARN o.s.s.c.a.w.b.WebSecurity [main] You are asking Spring Security to ignore Mvc [pattern='/css/**']. This is not recommended -- please use permitAll via HttpSecurity#authorizeHttpRequests instead.
2024-05-31 21:28:46,823 INFO o.s.s.w.DefaultSecurityFilterChain [main] Will not secure Mvc [pattern='/css/**']
2024-05-31 21:28:46,823 WARN o.s.s.c.a.w.b.WebSecurity [main] You are asking Spring Security to ignore Mvc [pattern='/assets/**']. This is not recommended -- please use permitAll via HttpSecurity#authorizeHttpRequests instead.
2024-05-31 21:28:46,824 INFO o.s.s.w.DefaultSecurityFilterChain [main] Will not secure Mvc [pattern='/assets/**']
2024-05-31 21:28:46,824 WARN o.s.s.c.a.w.b.WebSecurity [main] You are asking Spring Security to ignore Mvc [pattern='/favicon.ico']. This is not recommended -- please use permitAll via HttpSecurity#authorizeHttpRequests instead.
2024-05-31 21:28:46,824 INFO o.s.s.w.DefaultSecurityFilterChain [main] Will not secure Mvc [pattern='/favicon.ico']
2024-05-31 21:28:46,891 INFO o.a.j.l.DirectJDKLog [main] Starting ProtocolHandler ["http-nio-8080"]
2024-05-31 21:28:46,926 INFO o.s.b.w.e.t.TomcatWebServer [main] Tomcat started on port 8080 (http) with context path ''
2024-05-31 21:28:46,939 INFO o.s.b.StartupInfoLogger [main] Started BinarfudApplication in 9.631 seconds (process running for 10.334)
2024-05-31 21:29:15,094 INFO o.a.j.l.DirectJDKLog [http-nio-8080-exec-1] Initializing Spring DispatcherServlet 'dispatcherServlet'
2024-05-31 21:29:15,095 INFO o.s.w.s.FrameworkServlet [http-nio-8080-exec-1] Initializing Servlet 'dispatcherServlet'
2024-05-31 21:29:15,097 INFO o.s.w.s.FrameworkServlet [http-nio-8080-exec-1] Completed initialization in 1 ms
