2024-05-29 22:29:28,235 INFO o.s.b.StartupInfoLogger [main] Starting BinarfudApplication using Java 17.0.2 with PID 6764 (D:\synrgy\sinau_java\F-BJV24001115-synrgy7-syi-binarfud-ch5\target\classes started by hp in D:\synrgy\sinau_java\F-BJV24001115-synrgy7-syi-binarfud-ch5)
2024-05-29 22:29:28,251 INFO o.s.b.SpringApplication [main] No active profile set, falling back to 1 default profile: "default"
2024-05-29 22:29:30,427 INFO o.s.d.r.c.RepositoryConfigurationDelegate [main] Bootstrapping Spring Data JPA repositories in DEFAULT mode.
2024-05-29 22:29:30,565 INFO o.s.d.r.c.RepositoryConfigurationDelegate [main] Finished Spring Data repository scanning in 122 ms. Found 5 JPA repository interfaces.
2024-05-29 22:29:31,610 INFO o.s.b.w.e.t.TomcatWebServer [main] Tomcat initialized with port 8080 (http)
2024-05-29 22:29:31,631 INFO o.a.j.l.DirectJDKLog [main] Initializing ProtocolHandler ["http-nio-8080"]
2024-05-29 22:29:31,635 INFO o.a.j.l.DirectJDKLog [main] Starting service [Tomcat]
2024-05-29 22:29:31,637 INFO o.a.j.l.DirectJDKLog [main] Starting Servlet engine: [Apache Tomcat/10.1.20]
2024-05-29 22:29:31,760 INFO o.a.j.l.DirectJDKLog [main] Initializing Spring embedded WebApplicationContext
2024-05-29 22:29:31,760 INFO o.s.b.w.s.c.ServletWebServerApplicationContext [main] Root WebApplicationContext: initialization completed in 3394 ms
2024-05-29 22:29:31,996 INFO o.h.j.i.u.LogHelper [main] HHH000204: Processing PersistenceUnitInfo [name: default]
2024-05-29 22:29:32,124 INFO o.h.Version [main] HHH000412: Hibernate ORM core version 6.4.4.Final
2024-05-29 22:29:32,187 INFO o.h.c.i.RegionFactoryInitiator [main] HHH000026: Second-level cache disabled
2024-05-29 22:29:32,714 INFO o.s.o.j.p.SpringPersistenceUnitInfo [main] No LoadTimeWeaver setup: ignoring JPA class transformer
2024-05-29 22:29:32,751 INFO c.z.h.HikariDataSource [main] HikariPool-1 - Starting...
2024-05-29 22:29:33,039 INFO c.z.h.p.HikariPool [main] HikariPool-1 - Added connection org.postgresql.jdbc.PgConnection@7c5c20ed
2024-05-29 22:29:33,039 INFO c.z.h.HikariDataSource [main] HikariPool-1 - Start completed.
2024-05-29 22:29:33,105 WARN o.h.e.j.d.i.DialectFactoryImpl [main] HHH90000025: PostgreSQLDialect does not need to be specified explicitly using 'hibernate.dialect' (remove the property setting and it will be selected by default)
2024-05-29 22:29:34,757 INFO o.h.e.t.j.p.i.JtaPlatformInitiator [main] HHH000489: No JTA platform available (set 'hibernate.transaction.jta.platform' to enable JTA platform integration)
2024-05-29 22:29:34,975 INFO o.s.o.j.AbstractEntityManagerFactoryBean [main] Initialized JPA EntityManagerFactory for persistence unit 'default'
2024-05-29 22:29:35,673 INFO o.s.d.j.r.q.QueryEnhancerFactory [main] Hibernate is in classpath; If applicable, HQL parser will be used.
2024-05-29 22:29:36,567 WARN o.s.b.a.o.j.JpaBaseConfiguration$JpaWebConfiguration [main] spring.jpa.open-in-view is enabled by default. Therefore, database queries may be performed during view rendering. Explicitly configure spring.jpa.open-in-view to disable this warning
2024-05-29 22:29:37,119 INFO o.s.s.w.DefaultSecurityFilterChain [main] Will secure any request with [org.springframework.security.web.session.DisableEncodeUrlFilter@2f48adcc, org.springframework.security.web.context.request.async.WebAsyncManagerIntegrationFilter@6adee80f, org.springframework.security.web.context.SecurityContextHolderFilter@c62d08a, org.springframework.security.web.header.HeaderWriterFilter@6245303e, org.springframework.web.filter.CorsFilter@180466a9, org.springframework.security.web.authentication.logout.LogoutFilter@2b6282bb, com.example.Binarfud.security.jwt.JwtAuthTokenFilter@38318d67, org.springframework.security.web.savedrequest.RequestCacheAwareFilter@58453967, org.springframework.security.web.servletapi.SecurityContextHolderAwareRequestFilter@6f34d178, org.springframework.security.web.authentication.AnonymousAuthenticationFilter@2670435, org.springframework.security.web.session.SessionManagementFilter@23fed844, org.springframework.security.web.access.ExceptionTranslationFilter@6682e9b0, org.springframework.security.web.access.intercept.AuthorizationFilter@370e5bb9]
2024-05-29 22:29:37,572 INFO o.a.j.l.DirectJDKLog [main] Starting ProtocolHandler ["http-nio-8080"]
2024-05-29 22:29:37,622 INFO o.s.b.w.e.t.TomcatWebServer [main] Tomcat started on port 8080 (http) with context path ''
2024-05-29 22:29:37,637 INFO o.s.b.StartupInfoLogger [main] Started BinarfudApplication in 10.555 seconds (process running for 11.745)
2024-05-29 22:29:39,300 INFO o.a.j.l.DirectJDKLog [http-nio-8080-exec-2] Initializing Spring DispatcherServlet 'dispatcherServlet'
2024-05-29 22:29:39,306 INFO o.s.w.s.FrameworkServlet [http-nio-8080-exec-2] Initializing Servlet 'dispatcherServlet'
2024-05-29 22:29:39,309 INFO o.s.w.s.FrameworkServlet [http-nio-8080-exec-2] Completed initialization in 3 ms
2024-05-29 22:29:39,537 INFO c.e.B.c.AuthController [http-nio-8080-exec-2] loginRequestDto: LoginRequestDTO(username=asep2, password=12345678)
2024-05-29 22:29:39,940 INFO c.e.B.c.AuthController [http-nio-8080-exec-2] authentication: UsernamePasswordAuthenticationToken [Principal=UserDetailsImpl(username=asep2, password=$2a$10$KOOnRFLcoqMxf9715yX4pO5O76kSxKF.wb6JcDgQ0jUMs.izlmBPi, authorities=[MERCHANT]), Credentials=[PROTECTED], Authenticated=true, Details=null, Granted Authorities=[MERCHANT]]
