2024-05-27 19:58:54,653 INFO o.s.b.StartupInfoLogger [main] Starting BinarfudApplication using Java 17.0.2 with PID 23228 (D:\synrgy\sinau_java\F-BJV24001115-synrgy7-syi-binarfud-ch5\target\classes started by hp in D:\synrgy\sinau_java\F-BJV24001115-synrgy7-syi-binarfud-ch5)
2024-05-27 19:58:54,669 INFO o.s.b.SpringApplication [main] No active profile set, falling back to 1 default profile: "default"
2024-05-27 19:58:57,947 INFO o.s.d.r.c.RepositoryConfigurationDelegate [main] Bootstrapping Spring Data JPA repositories in DEFAULT mode.
2024-05-27 19:58:58,247 INFO o.s.d.r.c.RepositoryConfigurationDelegate [main] Finished Spring Data repository scanning in 272 ms. Found 5 JPA repository interfaces.
2024-05-27 19:59:00,367 INFO o.s.b.w.e.t.TomcatWebServer [main] Tomcat initialized with port 8080 (http)
2024-05-27 19:59:00,401 INFO o.a.j.l.DirectJDKLog [main] Initializing ProtocolHandler ["http-nio-8080"]
2024-05-27 19:59:00,413 INFO o.a.j.l.DirectJDKLog [main] Starting service [Tomcat]
2024-05-27 19:59:00,414 INFO o.a.j.l.DirectJDKLog [main] Starting Servlet engine: [Apache Tomcat/10.1.20]
2024-05-27 19:59:00,627 INFO o.a.j.l.DirectJDKLog [main] Initializing Spring embedded WebApplicationContext
2024-05-27 19:59:00,631 INFO o.s.b.w.s.c.ServletWebServerApplicationContext [main] Root WebApplicationContext: initialization completed in 5821 ms
2024-05-27 19:59:01,077 INFO o.h.j.i.u.LogHelper [main] HHH000204: Processing PersistenceUnitInfo [name: default]
2024-05-27 19:59:01,390 INFO o.h.Version [main] HHH000412: Hibernate ORM core version 6.4.4.Final
2024-05-27 19:59:01,529 INFO o.h.c.i.RegionFactoryInitiator [main] HHH000026: Second-level cache disabled
2024-05-27 19:59:02,523 INFO o.s.o.j.p.SpringPersistenceUnitInfo [main] No LoadTimeWeaver setup: ignoring JPA class transformer
2024-05-27 19:59:02,626 INFO c.z.h.HikariDataSource [main] HikariPool-1 - Starting...
2024-05-27 19:59:03,260 INFO c.z.h.p.HikariPool [main] HikariPool-1 - Added connection org.postgresql.jdbc.PgConnection@7e2c6fd6
2024-05-27 19:59:03,266 INFO c.z.h.HikariDataSource [main] HikariPool-1 - Start completed.
2024-05-27 19:59:03,451 WARN o.h.e.j.d.i.DialectFactoryImpl [main] HHH90000025: PostgreSQLDialect does not need to be specified explicitly using 'hibernate.dialect' (remove the property setting and it will be selected by default)
2024-05-27 19:59:06,214 INFO o.h.e.t.j.p.i.JtaPlatformInitiator [main] HHH000489: No JTA platform available (set 'hibernate.transaction.jta.platform' to enable JTA platform integration)
2024-05-27 19:59:06,509 INFO o.s.o.j.AbstractEntityManagerFactoryBean [main] Initialized JPA EntityManagerFactory for persistence unit 'default'
2024-05-27 19:59:07,221 INFO o.s.d.j.r.q.QueryEnhancerFactory [main] Hibernate is in classpath; If applicable, HQL parser will be used.
2024-05-27 19:59:08,408 WARN o.s.b.a.o.j.JpaBaseConfiguration$JpaWebConfiguration [main] spring.jpa.open-in-view is enabled by default. Therefore, database queries may be performed during view rendering. Explicitly configure spring.jpa.open-in-view to disable this warning
2024-05-27 19:59:09,207 INFO o.s.s.w.DefaultSecurityFilterChain [main] Will secure any request with [org.springframework.security.web.session.DisableEncodeUrlFilter@7b6824db, org.springframework.security.web.context.request.async.WebAsyncManagerIntegrationFilter@509d0d21, org.springframework.security.web.context.SecurityContextHolderFilter@15d41953, org.springframework.security.web.header.HeaderWriterFilter@534f4a65, org.springframework.web.filter.CorsFilter@5a6dd1e7, org.springframework.security.web.authentication.logout.LogoutFilter@464d25b2, com.example.Binarfud.security.jwt.JwtAuthTokenFilter@3fc2a1d1, org.springframework.security.web.savedrequest.RequestCacheAwareFilter@248e31a1, org.springframework.security.web.servletapi.SecurityContextHolderAwareRequestFilter@2eb6a77f, org.springframework.security.web.authentication.AnonymousAuthenticationFilter@4fd9deed, org.springframework.security.web.session.SessionManagementFilter@64f3f849, org.springframework.security.web.access.ExceptionTranslationFilter@10e7ade5, org.springframework.security.web.access.intercept.AuthorizationFilter@635900ef]
2024-05-27 19:59:10,079 INFO o.a.j.l.DirectJDKLog [main] Starting ProtocolHandler ["http-nio-8080"]
2024-05-27 19:59:10,131 INFO o.s.b.w.e.t.TomcatWebServer [main] Tomcat started on port 8080 (http) with context path ''
2024-05-27 19:59:10,154 INFO o.s.b.StartupInfoLogger [main] Started BinarfudApplication in 17.431 seconds (process running for 19.127)
2024-05-27 20:05:09,669 INFO o.a.j.l.DirectJDKLog [http-nio-8080-exec-2] Initializing Spring DispatcherServlet 'dispatcherServlet'
2024-05-27 20:05:09,681 INFO o.s.w.s.FrameworkServlet [http-nio-8080-exec-2] Initializing Servlet 'dispatcherServlet'
2024-05-27 20:05:09,762 INFO o.s.w.s.FrameworkServlet [http-nio-8080-exec-2] Completed initialization in 81 ms
2024-05-27 20:07:11,979 INFO o.s.o.j.AbstractEntityManagerFactoryBean [SpringApplicationShutdownHook] Closing JPA EntityManagerFactory for persistence unit 'default'
2024-05-27 20:07:12,006 INFO c.z.h.HikariDataSource [SpringApplicationShutdownHook] HikariPool-1 - Shutdown initiated...
2024-05-27 20:07:12,016 INFO c.z.h.HikariDataSource [SpringApplicationShutdownHook] HikariPool-1 - Shutdown completed.
