2024-04-24 21:10:00,831 INFO o.s.b.StartupInfoLogger [main] Starting BioskopXxlApplication using Java 17.0.2 with PID 57332 (D:\synrgy\sinau_java\BioskopXXL\target\classes started by hp in D:\synrgy\sinau_java\BioskopXXL)
2024-04-24 21:10:00,837 INFO o.s.b.SpringApplication [main] No active profile set, falling back to 1 default profile: "default"
2024-04-24 21:10:02,247 INFO o.s.d.r.c.RepositoryConfigurationDelegate [main] Bootstrapping Spring Data JPA repositories in DEFAULT mode.
2024-04-24 21:10:02,289 INFO o.s.d.r.c.RepositoryConfigurationDelegate [main] Finished Spring Data repository scanning in 25 ms. Found 0 JPA repository interfaces.
2024-04-24 21:10:03,321 INFO o.s.b.w.e.t.TomcatWebServer [main] Tomcat initialized with port 8080 (http)
2024-04-24 21:10:03,346 INFO o.a.j.l.DirectJDKLog [main] Initializing ProtocolHandler ["http-nio-8080"]
2024-04-24 21:10:03,353 INFO o.a.j.l.DirectJDKLog [main] Starting service [Tomcat]
2024-04-24 21:10:03,353 INFO o.a.j.l.DirectJDKLog [main] Starting Servlet engine: [Apache Tomcat/10.1.20]
2024-04-24 21:10:03,519 INFO o.a.j.l.DirectJDKLog [main] Initializing Spring embedded WebApplicationContext
2024-04-24 21:10:03,524 INFO o.s.b.w.s.c.ServletWebServerApplicationContext [main] Root WebApplicationContext: initialization completed in 2552 ms
2024-04-24 21:10:03,778 INFO c.z.h.HikariDataSource [main] HikariPool-1 - Starting...
2024-04-24 21:10:04,212 INFO c.z.h.p.HikariPool [main] HikariPool-1 - Added connection org.postgresql.jdbc.PgConnection@73041b7d
2024-04-24 21:10:04,216 INFO c.z.h.HikariDataSource [main] HikariPool-1 - Start completed.
2024-04-24 21:10:04,293 INFO o.h.j.i.u.LogHelper [main] HHH000204: Processing PersistenceUnitInfo [name: default]
2024-04-24 21:10:04,413 INFO o.h.Version [main] HHH000412: Hibernate ORM core version 6.4.4.Final
2024-04-24 21:10:04,508 INFO o.h.c.i.RegionFactoryInitiator [main] HHH000026: Second-level cache disabled
2024-04-24 21:10:04,992 INFO o.s.o.j.p.SpringPersistenceUnitInfo [main] No LoadTimeWeaver setup: ignoring JPA class transformer
2024-04-24 21:10:05,790 INFO o.h.e.t.j.p.i.JtaPlatformInitiator [main] HHH000489: No JTA platform available (set 'hibernate.transaction.jta.platform' to enable JTA platform integration)
2024-04-24 21:10:05,805 INFO o.s.o.j.AbstractEntityManagerFactoryBean [main] Initialized JPA EntityManagerFactory for persistence unit 'default'
2024-04-24 21:10:05,875 WARN o.s.b.a.o.j.JpaBaseConfiguration$JpaWebConfiguration [main] spring.jpa.open-in-view is enabled by default. Therefore, database queries may be performed during view rendering. Explicitly configure spring.jpa.open-in-view to disable this warning
2024-04-24 21:10:07,347 INFO o.a.j.l.DirectJDKLog [main] Starting ProtocolHandler ["http-nio-8080"]
2024-04-24 21:10:07,407 INFO o.s.b.w.e.t.TomcatWebServer [main] Tomcat started on port 8080 (http) with context path ''
2024-04-24 21:10:07,423 INFO o.s.b.StartupInfoLogger [main] Started BioskopXxlApplication in 8.009 seconds (process running for 9.738)
2024-04-24 21:10:15,207 INFO o.a.j.l.DirectJDKLog [http-nio-8080-exec-2] Initializing Spring DispatcherServlet 'dispatcherServlet'
2024-04-24 21:10:15,211 INFO o.s.w.s.FrameworkServlet [http-nio-8080-exec-2] Initializing Servlet 'dispatcherServlet'
2024-04-24 21:10:15,220 INFO o.s.w.s.FrameworkServlet [http-nio-8080-exec-2] Completed initialization in 4 ms
2024-04-24 21:11:18,211 INFO o.s.o.j.AbstractEntityManagerFactoryBean [SpringApplicationShutdownHook] Closing JPA EntityManagerFactory for persistence unit 'default'
2024-04-24 21:11:18,214 INFO c.z.h.HikariDataSource [SpringApplicationShutdownHook] HikariPool-1 - Shutdown initiated...
2024-04-24 21:11:18,224 INFO c.z.h.HikariDataSource [SpringApplicationShutdownHook] HikariPool-1 - Shutdown completed.
2024-04-24 21:11:38,981 INFO o.s.b.StartupInfoLogger [main] Starting BioskopXxlApplication using Java 17.0.2 with PID 100768 (D:\synrgy\sinau_java\BioskopXXL\target\classes started by hp in D:\synrgy\sinau_java\BioskopXXL)
2024-04-24 21:11:38,989 INFO o.s.b.SpringApplication [main] No active profile set, falling back to 1 default profile: "default"
2024-04-24 21:11:40,496 INFO o.s.d.r.c.RepositoryConfigurationDelegate [main] Bootstrapping Spring Data JPA repositories in DEFAULT mode.
2024-04-24 21:11:40,535 INFO o.s.d.r.c.RepositoryConfigurationDelegate [main] Finished Spring Data repository scanning in 24 ms. Found 0 JPA repository interfaces.
2024-04-24 21:11:41,667 INFO o.s.b.w.e.t.TomcatWebServer [main] Tomcat initialized with port 8080 (http)
2024-04-24 21:11:41,686 INFO o.a.j.l.DirectJDKLog [main] Initializing ProtocolHandler ["http-nio-8080"]
2024-04-24 21:11:41,691 INFO o.a.j.l.DirectJDKLog [main] Starting service [Tomcat]
2024-04-24 21:11:41,692 INFO o.a.j.l.DirectJDKLog [main] Starting Servlet engine: [Apache Tomcat/10.1.20]
2024-04-24 21:11:41,977 INFO o.a.j.l.DirectJDKLog [main] Initializing Spring embedded WebApplicationContext
2024-04-24 21:11:41,980 INFO o.s.b.w.s.c.ServletWebServerApplicationContext [main] Root WebApplicationContext: initialization completed in 2845 ms
2024-04-24 21:11:42,242 INFO c.z.h.HikariDataSource [main] HikariPool-1 - Starting...
2024-04-24 21:11:42,639 INFO c.z.h.p.HikariPool [main] HikariPool-1 - Added connection org.postgresql.jdbc.PgConnection@208205ed
2024-04-24 21:11:42,642 INFO c.z.h.HikariDataSource [main] HikariPool-1 - Start completed.
2024-04-24 21:11:42,729 INFO o.h.j.i.u.LogHelper [main] HHH000204: Processing PersistenceUnitInfo [name: default]
2024-04-24 21:11:42,887 INFO o.h.Version [main] HHH000412: Hibernate ORM core version 6.4.4.Final
2024-04-24 21:11:42,965 INFO o.h.c.i.RegionFactoryInitiator [main] HHH000026: Second-level cache disabled
2024-04-24 21:11:43,536 INFO o.s.o.j.p.SpringPersistenceUnitInfo [main] No LoadTimeWeaver setup: ignoring JPA class transformer
2024-04-24 21:11:44,306 INFO o.h.e.t.j.p.i.JtaPlatformInitiator [main] HHH000489: No JTA platform available (set 'hibernate.transaction.jta.platform' to enable JTA platform integration)
2024-04-24 21:11:44,319 INFO o.s.o.j.AbstractEntityManagerFactoryBean [main] Initialized JPA EntityManagerFactory for persistence unit 'default'
2024-04-24 21:11:44,399 WARN o.s.b.a.o.j.JpaBaseConfiguration$JpaWebConfiguration [main] spring.jpa.open-in-view is enabled by default. Therefore, database queries may be performed during view rendering. Explicitly configure spring.jpa.open-in-view to disable this warning
2024-04-24 21:11:45,068 INFO o.a.j.l.DirectJDKLog [main] Starting ProtocolHandler ["http-nio-8080"]
2024-04-24 21:11:45,107 INFO o.s.b.w.e.t.TomcatWebServer [main] Tomcat started on port 8080 (http) with context path ''
2024-04-24 21:11:45,122 INFO o.s.b.StartupInfoLogger [main] Started BioskopXxlApplication in 7.79 seconds (process running for 10.399)
2024-04-24 21:11:50,924 INFO o.a.j.l.DirectJDKLog [http-nio-8080-exec-1] Initializing Spring DispatcherServlet 'dispatcherServlet'
2024-04-24 21:11:50,925 INFO o.s.w.s.FrameworkServlet [http-nio-8080-exec-1] Initializing Servlet 'dispatcherServlet'
2024-04-24 21:11:50,928 INFO o.s.w.s.FrameworkServlet [http-nio-8080-exec-1] Completed initialization in 3 ms
2024-04-24 21:12:23,221 INFO c.e.B.c.MovieController [http-nio-8080-exec-4] Returning all movies
