2024-05-31 02:54:38,752 INFO o.s.b.StartupInfoLogger [main] Starting BinarfudApplication using Java 17.0.2 with PID 16488 (D:\synrgy\sinau_java\F-BJV24001115-synrgy7-syi-binarfud-ch5\target\classes started by hp in D:\synrgy\sinau_java\F-BJV24001115-synrgy7-syi-binarfud-ch5)
2024-05-31 02:54:38,758 INFO o.s.b.SpringApplication [main] No active profile set, falling back to 1 default profile: "default"
2024-05-31 02:54:40,680 INFO o.s.d.r.c.RepositoryConfigurationDelegate [main] Bootstrapping Spring Data JPA repositories in DEFAULT mode.
2024-05-31 02:54:40,868 INFO o.s.d.r.c.RepositoryConfigurationDelegate [main] Finished Spring Data repository scanning in 164 ms. Found 6 JPA repository interfaces.
2024-05-31 02:54:42,138 INFO o.s.b.w.e.t.TomcatWebServer [main] Tomcat initialized with port 8080 (http)
2024-05-31 02:54:42,162 INFO o.a.j.l.DirectJDKLog [main] Initializing ProtocolHandler ["http-nio-8080"]
2024-05-31 02:54:42,167 INFO o.a.j.l.DirectJDKLog [main] Starting service [Tomcat]
2024-05-31 02:54:42,169 INFO o.a.j.l.DirectJDKLog [main] Starting Servlet engine: [Apache Tomcat/10.1.20]
2024-05-31 02:54:42,313 INFO o.a.j.l.DirectJDKLog [main] Initializing Spring embedded WebApplicationContext
2024-05-31 02:54:42,316 INFO o.s.b.w.s.c.ServletWebServerApplicationContext [main] Root WebApplicationContext: initialization completed in 3477 ms
2024-05-31 02:54:42,699 INFO o.h.j.i.u.LogHelper [main] HHH000204: Processing PersistenceUnitInfo [name: default]
2024-05-31 02:54:42,997 INFO o.h.Version [main] HHH000412: Hibernate ORM core version 6.4.4.Final
2024-05-31 02:54:43,093 INFO o.h.c.i.RegionFactoryInitiator [main] HHH000026: Second-level cache disabled
2024-05-31 02:54:43,787 INFO o.s.o.j.p.SpringPersistenceUnitInfo [main] No LoadTimeWeaver setup: ignoring JPA class transformer
2024-05-31 02:54:43,848 INFO c.z.h.HikariDataSource [main] HikariPool-1 - Starting...
2024-05-31 02:54:44,147 INFO c.z.h.p.HikariPool [main] HikariPool-1 - Added connection org.postgresql.jdbc.PgConnection@7f2c995b
2024-05-31 02:54:44,151 INFO c.z.h.HikariDataSource [main] HikariPool-1 - Start completed.
2024-05-31 02:54:44,217 WARN o.h.e.j.d.i.DialectFactoryImpl [main] HHH90000025: PostgreSQLDialect does not need to be specified explicitly using 'hibernate.dialect' (remove the property setting and it will be selected by default)
2024-05-31 02:54:46,212 INFO o.h.e.t.j.p.i.JtaPlatformInitiator [main] HHH000489: No JTA platform available (set 'hibernate.transaction.jta.platform' to enable JTA platform integration)
2024-05-31 02:54:46,482 INFO o.s.o.j.AbstractEntityManagerFactoryBean [main] Initialized JPA EntityManagerFactory for persistence unit 'default'
2024-05-31 02:54:47,356 INFO o.s.d.j.r.q.QueryEnhancerFactory [main] Hibernate is in classpath; If applicable, HQL parser will be used.
2024-05-31 02:54:48,140 WARN o.s.b.a.o.j.JpaBaseConfiguration$JpaWebConfiguration [main] spring.jpa.open-in-view is enabled by default. Therefore, database queries may be performed during view rendering. Explicitly configure spring.jpa.open-in-view to disable this warning
2024-05-31 02:54:48,749 INFO o.s.s.w.DefaultSecurityFilterChain [main] Will secure any request with [org.springframework.security.web.session.DisableEncodeUrlFilter@1def2d16, org.springframework.security.web.context.request.async.WebAsyncManagerIntegrationFilter@47bcb545, org.springframework.security.web.context.SecurityContextHolderFilter@42ea4bac, org.springframework.security.web.header.HeaderWriterFilter@68fce3e5, org.springframework.web.filter.CorsFilter@2899745e, org.springframework.security.web.authentication.logout.LogoutFilter@2c1eba2e, com.example.Binarfud.security.jwt.JwtAuthTokenFilter@1f05d08c, org.springframework.security.web.savedrequest.RequestCacheAwareFilter@627a1c77, org.springframework.security.web.servletapi.SecurityContextHolderAwareRequestFilter@1acfb04c, org.springframework.security.web.authentication.AnonymousAuthenticationFilter@3df88502, org.springframework.security.web.session.SessionManagementFilter@4988c303, org.springframework.security.web.access.ExceptionTranslationFilter@e620893, org.springframework.security.web.access.intercept.AuthorizationFilter@2d1ef2fc]
2024-05-31 02:54:49,228 INFO o.a.j.l.DirectJDKLog [main] Starting ProtocolHandler ["http-nio-8080"]
2024-05-31 02:54:49,268 INFO o.s.b.w.e.t.TomcatWebServer [main] Tomcat started on port 8080 (http) with context path ''
2024-05-31 02:54:49,288 INFO o.s.b.StartupInfoLogger [main] Started BinarfudApplication in 11.331 seconds (process running for 11.924)
2024-05-31 02:54:54,065 INFO o.a.j.l.DirectJDKLog [http-nio-8080-exec-2] Initializing Spring DispatcherServlet 'dispatcherServlet'
2024-05-31 02:54:54,066 INFO o.s.w.s.FrameworkServlet [http-nio-8080-exec-2] Initializing Servlet 'dispatcherServlet'
2024-05-31 02:54:54,068 INFO o.s.w.s.FrameworkServlet [http-nio-8080-exec-2] Completed initialization in 2 ms
2024-05-31 02:54:54,214 INFO c.e.B.c.AuthController [http-nio-8080-exec-2] loginRequestDto: LoginRequestDTO(username=asep, password=123)
2024-05-31 02:54:54,579 INFO c.e.B.c.AuthController [http-nio-8080-exec-2] authentication: UsernamePasswordAuthenticationToken [Principal=UserDetailsImpl(username=asep, password=$2a$10$I5PI29QDEF3mxnv3irkljeopgrAWUbh4YJFnxE9rPDJCCkghp7Uja, authorities=[ROLE_MERCHANT]), Credentials=[PROTECTED], Authenticated=true, Details=null, Granted Authorities=[ROLE_MERCHANT]]
2024-05-31 02:55:00,312 INFO c.e.B.c.AuthController [http-nio-8080-exec-4] signUpRequest: SignUpRequestDTO(username=asep1, email=asep@gmail1.com, password=123, roles=[com.example.Binarfud.model.Role@6c7cc851])
2024-05-31 02:55:06,551 INFO c.e.B.c.AuthController [http-nio-8080-exec-3] loginRequestDto: LoginRequestDTO(username=asep1, password=123)
2024-05-31 02:55:06,616 INFO c.e.B.c.AuthController [http-nio-8080-exec-3] authentication: UsernamePasswordAuthenticationToken [Principal=UserDetailsImpl(username=asep1, password=$2a$10$d4dWbTqeMT1stVInnu/MquF04JHl0LUl/Sclc/OUU9mZHq1sTRcbO, authorities=[ROLE_MERCHANT]), Credentials=[PROTECTED], Authenticated=true, Details=null, Granted Authorities=[ROLE_MERCHANT]]
