2024-05-26 23:02:13,079 INFO o.s.b.StartupInfoLogger [main] Starting BinarfudApplication using Java 17.0.2 with PID 20536 (D:\synrgy\sinau_java\F-BJV24001115-synrgy7-syi-binarfud-ch5\target\classes started by hp in D:\synrgy\sinau_java\F-BJV24001115-synrgy7-syi-binarfud-ch5)
2024-05-26 23:02:13,085 INFO o.s.b.SpringApplication [main] No active profile set, falling back to 1 default profile: "default"
2024-05-26 23:02:14,348 INFO o.s.d.r.c.RepositoryConfigurationDelegate [main] Bootstrapping Spring Data JPA repositories in DEFAULT mode.
2024-05-26 23:02:14,472 INFO o.s.d.r.c.RepositoryConfigurationDelegate [main] Finished Spring Data repository scanning in 115 ms. Found 5 JPA repository interfaces.
2024-05-26 23:02:15,318 INFO o.s.b.w.e.t.TomcatWebServer [main] Tomcat initialized with port 8080 (http)
2024-05-26 23:02:15,344 INFO o.a.j.l.DirectJDKLog [main] Initializing ProtocolHandler ["http-nio-8080"]
2024-05-26 23:02:15,351 INFO o.a.j.l.DirectJDKLog [main] Starting service [Tomcat]
2024-05-26 23:02:15,352 INFO o.a.j.l.DirectJDKLog [main] Starting Servlet engine: [Apache Tomcat/10.1.20]
2024-05-26 23:02:15,488 INFO o.a.j.l.DirectJDKLog [main] Initializing Spring embedded WebApplicationContext
2024-05-26 23:02:15,491 INFO o.s.b.w.s.c.ServletWebServerApplicationContext [main] Root WebApplicationContext: initialization completed in 2349 ms
2024-05-26 23:02:15,749 INFO o.h.j.i.u.LogHelper [main] HHH000204: Processing PersistenceUnitInfo [name: default]
2024-05-26 23:02:15,910 INFO o.h.Version [main] HHH000412: Hibernate ORM core version 6.4.4.Final
2024-05-26 23:02:15,970 INFO o.h.c.i.RegionFactoryInitiator [main] HHH000026: Second-level cache disabled
2024-05-26 23:02:16,426 INFO o.s.o.j.p.SpringPersistenceUnitInfo [main] No LoadTimeWeaver setup: ignoring JPA class transformer
2024-05-26 23:02:16,469 INFO c.z.h.HikariDataSource [main] HikariPool-1 - Starting...
2024-05-26 23:02:16,710 INFO c.z.h.p.HikariPool [main] HikariPool-1 - Added connection org.postgresql.jdbc.PgConnection@778c2e7c
2024-05-26 23:02:16,712 INFO c.z.h.HikariDataSource [main] HikariPool-1 - Start completed.
2024-05-26 23:02:16,773 WARN o.h.e.j.d.i.DialectFactoryImpl [main] HHH90000025: PostgreSQLDialect does not need to be specified explicitly using 'hibernate.dialect' (remove the property setting and it will be selected by default)
2024-05-26 23:02:18,538 INFO o.h.e.t.j.p.i.JtaPlatformInitiator [main] HHH000489: No JTA platform available (set 'hibernate.transaction.jta.platform' to enable JTA platform integration)
2024-05-26 23:02:18,708 INFO o.s.o.j.AbstractEntityManagerFactoryBean [main] Initialized JPA EntityManagerFactory for persistence unit 'default'
2024-05-26 23:02:19,279 INFO o.s.d.j.r.q.QueryEnhancerFactory [main] Hibernate is in classpath; If applicable, HQL parser will be used.
2024-05-26 23:02:19,928 WARN o.s.b.a.o.j.JpaBaseConfiguration$JpaWebConfiguration [main] spring.jpa.open-in-view is enabled by default. Therefore, database queries may be performed during view rendering. Explicitly configure spring.jpa.open-in-view to disable this warning
2024-05-26 23:02:20,376 INFO o.s.s.w.DefaultSecurityFilterChain [main] Will secure any request with [org.springframework.security.web.session.DisableEncodeUrlFilter@78181f7f, org.springframework.security.web.context.request.async.WebAsyncManagerIntegrationFilter@6682e9b0, org.springframework.security.web.context.SecurityContextHolderFilter@4f091800, org.springframework.security.web.header.HeaderWriterFilter@6ef3f72c, org.springframework.web.filter.CorsFilter@27f7db5a, org.springframework.security.web.authentication.logout.LogoutFilter@60ab906e, com.example.Binarfud.security.jwt.JwtAuthTokenFilter@2c257c0a, org.springframework.security.web.savedrequest.RequestCacheAwareFilter@73daf6a6, org.springframework.security.web.servletapi.SecurityContextHolderAwareRequestFilter@59ea2a36, org.springframework.security.web.authentication.AnonymousAuthenticationFilter@6245303e, org.springframework.security.web.session.SessionManagementFilter@1b1d2d7b, org.springframework.security.web.access.ExceptionTranslationFilter@43941806, org.springframework.security.web.access.intercept.AuthorizationFilter@75ad7531]
2024-05-26 23:02:20,782 INFO o.a.j.l.DirectJDKLog [main] Starting ProtocolHandler ["http-nio-8080"]
2024-05-26 23:02:20,818 INFO o.s.b.w.e.t.TomcatWebServer [main] Tomcat started on port 8080 (http) with context path ''
2024-05-26 23:02:20,833 INFO o.s.b.StartupInfoLogger [main] Started BinarfudApplication in 8.572 seconds (process running for 9.18)
2024-05-26 23:02:21,084 INFO o.a.j.l.DirectJDKLog [http-nio-8080-exec-1] Initializing Spring DispatcherServlet 'dispatcherServlet'
2024-05-26 23:02:21,085 INFO o.s.w.s.FrameworkServlet [http-nio-8080-exec-1] Initializing Servlet 'dispatcherServlet'
2024-05-26 23:02:21,087 INFO o.s.w.s.FrameworkServlet [http-nio-8080-exec-1] Completed initialization in 2 ms
2024-05-26 23:03:02,948 INFO o.s.o.j.AbstractEntityManagerFactoryBean [SpringApplicationShutdownHook] Closing JPA EntityManagerFactory for persistence unit 'default'
2024-05-26 23:03:02,952 INFO c.z.h.HikariDataSource [SpringApplicationShutdownHook] HikariPool-1 - Shutdown initiated...
2024-05-26 23:03:02,955 INFO c.z.h.HikariDataSource [SpringApplicationShutdownHook] HikariPool-1 - Shutdown completed.
