2024-05-31 01:32:20,223 INFO c.e.B.c.AuthController [http-nio-8080-exec-9] loginRequestDto: LoginRequestDTO(username=asep2, password=12345678)
2024-05-31 01:32:20,417 INFO c.e.B.c.AuthController [http-nio-8080-exec-9] authentication: UsernamePasswordAuthenticationToken [Principal=UserDetailsImpl(username=asep2, password=$2a$10$fgkce0HdmIPb56CaSvpnFu5Dg5BgQIns3mkP6MFZoov6Ac89fuiHa, authorities=[]), Credentials=[PROTECTED], Authenticated=true, Details=null, Granted Authorities=[]]
2024-05-31 01:32:39,885 WARN o.s.w.s.h.AbstractHandlerExceptionResolver [http-nio-8080-exec-10] Resolved [org.springframework.http.converter.HttpMessageNotReadableException: JSON parse error: Cannot construct instance of `com.example.Binarfud.model.Role` (although at least one Creator exists): no String-argument constructor/factory method to deserialize from String value ('ROLE_MERCHANT')]
2024-05-31 01:34:49,647 INFO c.e.B.c.AuthController [http-nio-8080-exec-5] loginRequestDto: LoginRequestDTO(username=asep2, password=12345678)
2024-05-31 01:34:49,721 INFO c.e.B.c.AuthController [http-nio-8080-exec-5] authentication: UsernamePasswordAuthenticationToken [Principal=UserDetailsImpl(username=asep2, password=$2a$10$fgkce0HdmIPb56CaSvpnFu5Dg5BgQIns3mkP6MFZoov6Ac89fuiHa, authorities=[]), Credentials=[PROTECTED], Authenticated=true, Details=null, Granted Authorities=[]]
2024-05-31 01:34:56,626 INFO c.e.B.c.AuthController [http-nio-8080-exec-2] loginRequestDto: LoginRequestDTO(username=asep2, password=12345678)
2024-05-31 01:34:56,714 INFO c.e.B.c.AuthController [http-nio-8080-exec-2] authentication: UsernamePasswordAuthenticationToken [Principal=UserDetailsImpl(username=asep2, password=$2a$10$fgkce0HdmIPb56CaSvpnFu5Dg5BgQIns3mkP6MFZoov6Ac89fuiHa, authorities=[]), Credentials=[PROTECTED], Authenticated=true, Details=null, Granted Authorities=[]]
2024-05-31 01:35:02,178 WARN o.s.w.s.h.AbstractHandlerExceptionResolver [http-nio-8080-exec-4] Resolved [org.springframework.http.converter.HttpMessageNotReadableException: JSON parse error: Cannot construct instance of `com.example.Binarfud.model.Role` (although at least one Creator exists): no String-argument constructor/factory method to deserialize from String value ('ROLE_MERCHANT')]
2024-05-31 01:36:12,533 INFO o.s.o.j.AbstractEntityManagerFactoryBean [SpringApplicationShutdownHook] Closing JPA EntityManagerFactory for persistence unit 'default'
2024-05-31 01:36:12,593 INFO c.z.h.HikariDataSource [SpringApplicationShutdownHook] HikariPool-1 - Shutdown initiated...
2024-05-31 01:36:12,624 INFO c.z.h.HikariDataSource [SpringApplicationShutdownHook] HikariPool-1 - Shutdown completed.
2024-05-31 01:36:20,786 INFO o.s.b.StartupInfoLogger [main] Starting BinarfudApplication using Java 17.0.2 with PID 7088 (D:\synrgy\sinau_java\F-BJV24001115-synrgy7-syi-binarfud-ch5\target\classes started by hp in D:\synrgy\sinau_java\F-BJV24001115-synrgy7-syi-binarfud-ch5)
2024-05-31 01:36:20,790 INFO o.s.b.SpringApplication [main] No active profile set, falling back to 1 default profile: "default"
2024-05-31 01:36:22,502 INFO o.s.d.r.c.RepositoryConfigurationDelegate [main] Bootstrapping Spring Data JPA repositories in DEFAULT mode.
2024-05-31 01:36:22,682 INFO o.s.d.r.c.RepositoryConfigurationDelegate [main] Finished Spring Data repository scanning in 161 ms. Found 6 JPA repository interfaces.
2024-05-31 01:36:23,792 INFO o.s.b.w.e.t.TomcatWebServer [main] Tomcat initialized with port 8080 (http)
2024-05-31 01:36:23,808 INFO o.a.j.l.DirectJDKLog [main] Initializing ProtocolHandler ["http-nio-8080"]
2024-05-31 01:36:23,817 INFO o.a.j.l.DirectJDKLog [main] Starting service [Tomcat]
2024-05-31 01:36:23,817 INFO o.a.j.l.DirectJDKLog [main] Starting Servlet engine: [Apache Tomcat/10.1.20]
2024-05-31 01:36:23,943 INFO o.a.j.l.DirectJDKLog [main] Initializing Spring embedded WebApplicationContext
2024-05-31 01:36:23,945 INFO o.s.b.w.s.c.ServletWebServerApplicationContext [main] Root WebApplicationContext: initialization completed in 3065 ms
2024-05-31 01:36:24,227 INFO o.h.j.i.u.LogHelper [main] HHH000204: Processing PersistenceUnitInfo [name: default]
2024-05-31 01:36:24,357 INFO o.h.Version [main] HHH000412: Hibernate ORM core version 6.4.4.Final
2024-05-31 01:36:24,427 INFO o.h.c.i.RegionFactoryInitiator [main] HHH000026: Second-level cache disabled
2024-05-31 01:36:24,908 INFO o.s.o.j.p.SpringPersistenceUnitInfo [main] No LoadTimeWeaver setup: ignoring JPA class transformer
2024-05-31 01:36:24,961 INFO c.z.h.HikariDataSource [main] HikariPool-1 - Starting...
2024-05-31 01:36:25,263 INFO c.z.h.p.HikariPool [main] HikariPool-1 - Added connection org.postgresql.jdbc.PgConnection@1bec1589
2024-05-31 01:36:25,267 INFO c.z.h.HikariDataSource [main] HikariPool-1 - Start completed.
2024-05-31 01:36:25,352 WARN o.h.e.j.d.i.DialectFactoryImpl [main] HHH90000025: PostgreSQLDialect does not need to be specified explicitly using 'hibernate.dialect' (remove the property setting and it will be selected by default)
2024-05-31 01:36:26,881 INFO o.h.e.t.j.p.i.JtaPlatformInitiator [main] HHH000489: No JTA platform available (set 'hibernate.transaction.jta.platform' to enable JTA platform integration)
2024-05-31 01:36:27,093 INFO o.s.o.j.AbstractEntityManagerFactoryBean [main] Initialized JPA EntityManagerFactory for persistence unit 'default'
2024-05-31 01:36:27,744 INFO o.s.d.j.r.q.QueryEnhancerFactory [main] Hibernate is in classpath; If applicable, HQL parser will be used.
2024-05-31 01:36:28,592 WARN o.s.b.a.o.j.JpaBaseConfiguration$JpaWebConfiguration [main] spring.jpa.open-in-view is enabled by default. Therefore, database queries may be performed during view rendering. Explicitly configure spring.jpa.open-in-view to disable this warning
2024-05-31 01:36:29,292 INFO o.s.s.w.DefaultSecurityFilterChain [main] Will secure any request with [org.springframework.security.web.session.DisableEncodeUrlFilter@485902cd, org.springframework.security.web.context.request.async.WebAsyncManagerIntegrationFilter@75abbb61, org.springframework.security.web.context.SecurityContextHolderFilter@c5dc3db, org.springframework.security.web.header.HeaderWriterFilter@1cfa5e46, org.springframework.web.filter.CorsFilter@740610a2, org.springframework.security.web.authentication.logout.LogoutFilter@409a164d, org.springframework.security.oauth2.client.web.OAuth2AuthorizationRequestRedirectFilter@545bc8e1, org.springframework.security.oauth2.client.web.OAuth2LoginAuthenticationFilter@14b53f58, com.example.Binarfud.security.jwt.JwtAuthTokenFilter@4a467ada, org.springframework.security.web.savedrequest.RequestCacheAwareFilter@2182ebc7, org.springframework.security.web.servletapi.SecurityContextHolderAwareRequestFilter@543895d2, org.springframework.security.web.authentication.AnonymousAuthenticationFilter@6bfa228c, org.springframework.security.web.session.SessionManagementFilter@3e4d197, org.springframework.security.web.access.ExceptionTranslationFilter@988eae9, org.springframework.security.web.access.intercept.AuthorizationFilter@1243ad9a]
2024-05-31 01:36:29,726 INFO o.a.j.l.DirectJDKLog [main] Starting ProtocolHandler ["http-nio-8080"]
2024-05-31 01:36:29,758 INFO o.s.b.w.e.t.TomcatWebServer [main] Tomcat started on port 8080 (http) with context path ''
2024-05-31 01:36:29,770 INFO o.s.b.StartupInfoLogger [main] Started BinarfudApplication in 10.125 seconds (process running for 11.276)
2024-05-31 01:36:35,476 INFO o.a.j.l.DirectJDKLog [http-nio-8080-exec-7] Initializing Spring DispatcherServlet 'dispatcherServlet'
2024-05-31 01:36:35,478 INFO o.s.w.s.FrameworkServlet [http-nio-8080-exec-7] Initializing Servlet 'dispatcherServlet'
2024-05-31 01:36:35,478 INFO o.s.w.s.FrameworkServlet [http-nio-8080-exec-7] Completed initialization in 0 ms
2024-05-31 01:36:35,714 WARN o.s.w.s.h.AbstractHandlerExceptionResolver [http-nio-8080-exec-7] Resolved [org.springframework.http.converter.HttpMessageNotReadableException: JSON parse error: Cannot construct instance of `com.example.Binarfud.model.Role` (although at least one Creator exists): no String-argument constructor/factory method to deserialize from String value ('MERCHANT')]
2024-05-31 01:36:38,747 WARN o.s.w.s.h.AbstractHandlerExceptionResolver [http-nio-8080-exec-2] Resolved [org.springframework.http.converter.HttpMessageNotReadableException: JSON parse error: Cannot construct instance of `com.example.Binarfud.model.Role` (although at least one Creator exists): no String-argument constructor/factory method to deserialize from String value ('MERCHANT')]
2024-05-31 01:37:01,981 WARN o.s.w.s.h.AbstractHandlerExceptionResolver [http-nio-8080-exec-4] Resolved [org.springframework.http.converter.HttpMessageNotReadableException: JSON parse error: Cannot construct instance of `com.example.Binarfud.model.Role` (although at least one Creator exists): no String-argument constructor/factory method to deserialize from String value ('ROLE_MERCHANT')]
