2024-05-29 22:09:52,467 INFO o.s.o.j.AbstractEntityManagerFactoryBean [SpringApplicationShutdownHook] Closing JPA EntityManagerFactory for persistence unit 'default'
2024-05-29 22:09:52,481 INFO c.z.h.HikariDataSource [SpringApplicationShutdownHook] HikariPool-1 - Shutdown initiated...
2024-05-29 22:09:52,486 INFO c.z.h.HikariDataSource [SpringApplicationShutdownHook] HikariPool-1 - Shutdown completed.
2024-05-29 22:09:59,878 INFO o.s.b.StartupInfoLogger [main] Starting BinarfudApplication using Java 17.0.2 with PID 17512 (D:\synrgy\sinau_java\F-BJV24001115-synrgy7-syi-binarfud-ch5\target\classes started by hp in D:\synrgy\sinau_java\F-BJV24001115-synrgy7-syi-binarfud-ch5)
2024-05-29 22:09:59,880 INFO o.s.b.SpringApplication [main] No active profile set, falling back to 1 default profile: "default"
2024-05-29 22:10:01,442 INFO o.s.d.r.c.RepositoryConfigurationDelegate [main] Bootstrapping Spring Data JPA repositories in DEFAULT mode.
2024-05-29 22:10:01,613 INFO o.s.d.r.c.RepositoryConfigurationDelegate [main] Finished Spring Data repository scanning in 151 ms. Found 5 JPA repository interfaces.
2024-05-29 22:10:02,722 INFO o.s.b.w.e.t.TomcatWebServer [main] Tomcat initialized with port 8080 (http)
2024-05-29 22:10:02,741 INFO o.a.j.l.DirectJDKLog [main] Initializing ProtocolHandler ["http-nio-8080"]
2024-05-29 22:10:02,747 INFO o.a.j.l.DirectJDKLog [main] Starting service [Tomcat]
2024-05-29 22:10:02,747 INFO o.a.j.l.DirectJDKLog [main] Starting Servlet engine: [Apache Tomcat/10.1.20]
2024-05-29 22:10:02,870 INFO o.a.j.l.DirectJDKLog [main] Initializing Spring embedded WebApplicationContext
2024-05-29 22:10:02,870 INFO o.s.b.w.s.c.ServletWebServerApplicationContext [main] Root WebApplicationContext: initialization completed in 2919 ms
2024-05-29 22:10:03,139 INFO o.h.j.i.u.LogHelper [main] HHH000204: Processing PersistenceUnitInfo [name: default]
2024-05-29 22:10:03,269 INFO o.h.Version [main] HHH000412: Hibernate ORM core version 6.4.4.Final
2024-05-29 22:10:03,340 INFO o.h.c.i.RegionFactoryInitiator [main] HHH000026: Second-level cache disabled
2024-05-29 22:10:03,865 INFO o.s.o.j.p.SpringPersistenceUnitInfo [main] No LoadTimeWeaver setup: ignoring JPA class transformer
2024-05-29 22:10:03,904 INFO c.z.h.HikariDataSource [main] HikariPool-1 - Starting...
2024-05-29 22:10:04,210 INFO c.z.h.p.HikariPool [main] HikariPool-1 - Added connection org.postgresql.jdbc.PgConnection@7e31d53b
2024-05-29 22:10:04,212 INFO c.z.h.HikariDataSource [main] HikariPool-1 - Start completed.
2024-05-29 22:10:04,289 WARN o.h.e.j.d.i.DialectFactoryImpl [main] HHH90000025: PostgreSQLDialect does not need to be specified explicitly using 'hibernate.dialect' (remove the property setting and it will be selected by default)
2024-05-29 22:10:05,815 INFO o.h.e.t.j.p.i.JtaPlatformInitiator [main] HHH000489: No JTA platform available (set 'hibernate.transaction.jta.platform' to enable JTA platform integration)
2024-05-29 22:10:05,986 INFO o.s.o.j.AbstractEntityManagerFactoryBean [main] Initialized JPA EntityManagerFactory for persistence unit 'default'
2024-05-29 22:10:06,511 INFO o.s.d.j.r.q.QueryEnhancerFactory [main] Hibernate is in classpath; If applicable, HQL parser will be used.
2024-05-29 22:10:07,297 WARN o.s.b.a.o.j.JpaBaseConfiguration$JpaWebConfiguration [main] spring.jpa.open-in-view is enabled by default. Therefore, database queries may be performed during view rendering. Explicitly configure spring.jpa.open-in-view to disable this warning
2024-05-29 22:10:07,700 INFO o.s.s.w.DefaultSecurityFilterChain [main] Will secure any request with [org.springframework.security.web.session.DisableEncodeUrlFilter@23043ba, org.springframework.security.web.context.request.async.WebAsyncManagerIntegrationFilter@1088b120, org.springframework.security.web.context.SecurityContextHolderFilter@14abde3e, org.springframework.security.web.header.HeaderWriterFilter@746f5752, org.springframework.web.filter.CorsFilter@6b4133d0, org.springframework.security.web.authentication.logout.LogoutFilter@7528ece2, com.example.Binarfud.security.jwt.JwtAuthTokenFilter@6f9b5f01, org.springframework.security.web.savedrequest.RequestCacheAwareFilter@334d96af, org.springframework.security.web.servletapi.SecurityContextHolderAwareRequestFilter@67253518, org.springframework.security.web.authentication.AnonymousAuthenticationFilter@4ebefe31, org.springframework.security.web.session.SessionManagementFilter@5698a866, org.springframework.security.web.access.ExceptionTranslationFilter@6f34d178, org.springframework.security.web.access.intercept.AuthorizationFilter@616e7884]
2024-05-29 22:10:08,089 INFO o.a.j.l.DirectJDKLog [main] Starting ProtocolHandler ["http-nio-8080"]
2024-05-29 22:10:08,113 INFO o.s.b.w.e.t.TomcatWebServer [main] Tomcat started on port 8080 (http) with context path ''
2024-05-29 22:10:08,121 INFO o.s.b.StartupInfoLogger [main] Started BinarfudApplication in 9.14 seconds (process running for 9.926)
2024-05-29 22:10:09,472 INFO o.a.j.l.DirectJDKLog [http-nio-8080-exec-1] Initializing Spring DispatcherServlet 'dispatcherServlet'
2024-05-29 22:10:09,472 INFO o.s.w.s.FrameworkServlet [http-nio-8080-exec-1] Initializing Servlet 'dispatcherServlet'
2024-05-29 22:10:09,478 INFO o.s.w.s.FrameworkServlet [http-nio-8080-exec-1] Completed initialization in 6 ms
2024-05-29 22:10:09,716 INFO c.e.B.c.AuthController [http-nio-8080-exec-1] loginRequestDto: LoginRequestDTO(username=asep1, password=12345678)
2024-05-29 22:10:10,102 INFO c.e.B.c.AuthController [http-nio-8080-exec-1] authentication: UsernamePasswordAuthenticationToken [Principal=UserDetailsImpl(username=asep1, password=$2a$10$ZzlvImsg3v0KfWs7sWgd8umVU.IWm17.IV7e3iwuKMDntBXwurwa., authorities=[CUSTOMER]), Credentials=[PROTECTED], Authenticated=true, Details=null, Granted Authorities=[CUSTOMER]]
2024-05-29 22:10:10,955 INFO c.e.B.c.AuthController [http-nio-8080-exec-4] loginRequestDto: LoginRequestDTO(username=asep1, password=12345678)
2024-05-29 22:10:11,035 INFO c.e.B.c.AuthController [http-nio-8080-exec-4] authentication: UsernamePasswordAuthenticationToken [Principal=UserDetailsImpl(username=asep1, password=$2a$10$ZzlvImsg3v0KfWs7sWgd8umVU.IWm17.IV7e3iwuKMDntBXwurwa., authorities=[CUSTOMER]), Credentials=[PROTECTED], Authenticated=true, Details=null, Granted Authorities=[CUSTOMER]]
