2024-06-02 17:01:15,418 INFO o.s.o.j.AbstractEntityManagerFactoryBean [SpringApplicationShutdownHook] Closing JPA EntityManagerFactory for persistence unit 'default'
2024-06-02 17:01:15,479 INFO c.z.h.HikariDataSource [SpringApplicationShutdownHook] HikariPool-1 - Shutdown initiated...
2024-06-02 17:01:15,495 INFO c.z.h.HikariDataSource [SpringApplicationShutdownHook] HikariPool-1 - Shutdown completed.
2024-06-02 17:01:22,779 INFO o.s.b.StartupInfoLogger [main] Starting BinarfudApplication using Java 17.0.2 with PID 14888 (D:\synrgy\sinau_java\F-BJV24001115-synrgy7-syi-binarfud-ch6\target\classes started by hp in D:\synrgy\sinau_java\F-BJV24001115-synrgy7-syi-binarfud-ch6)
2024-06-02 17:01:22,782 INFO o.s.b.SpringApplication [main] No active profile set, falling back to 1 default profile: "default"
2024-06-02 17:01:24,354 INFO o.s.d.r.c.RepositoryConfigurationDelegate [main] Bootstrapping Spring Data JPA repositories in DEFAULT mode.
2024-06-02 17:01:24,491 INFO o.s.d.r.c.RepositoryConfigurationDelegate [main] Finished Spring Data repository scanning in 121 ms. Found 7 JPA repository interfaces.
2024-06-02 17:01:25,614 INFO o.s.b.w.e.t.TomcatWebServer [main] Tomcat initialized with port 8080 (http)
2024-06-02 17:01:25,638 INFO o.a.j.l.DirectJDKLog [main] Initializing ProtocolHandler ["http-nio-8080"]
2024-06-02 17:01:25,644 INFO o.a.j.l.DirectJDKLog [main] Starting service [Tomcat]
2024-06-02 17:01:25,645 INFO o.a.j.l.DirectJDKLog [main] Starting Servlet engine: [Apache Tomcat/10.1.20]
2024-06-02 17:01:25,768 INFO o.a.j.l.DirectJDKLog [main] Initializing Spring embedded WebApplicationContext
2024-06-02 17:01:25,770 INFO o.s.b.w.s.c.ServletWebServerApplicationContext [main] Root WebApplicationContext: initialization completed in 2914 ms
2024-06-02 17:01:26,021 INFO o.h.j.i.u.LogHelper [main] HHH000204: Processing PersistenceUnitInfo [name: default]
2024-06-02 17:01:26,155 INFO o.h.Version [main] HHH000412: Hibernate ORM core version 6.4.4.Final
2024-06-02 17:01:26,223 INFO o.h.c.i.RegionFactoryInitiator [main] HHH000026: Second-level cache disabled
2024-06-02 17:01:26,678 INFO o.s.o.j.p.SpringPersistenceUnitInfo [main] No LoadTimeWeaver setup: ignoring JPA class transformer
2024-06-02 17:01:26,738 INFO c.z.h.HikariDataSource [main] HikariPool-1 - Starting...
2024-06-02 17:01:27,058 INFO c.z.h.p.HikariPool [main] HikariPool-1 - Added connection org.postgresql.jdbc.PgConnection@250a946
2024-06-02 17:01:27,061 INFO c.z.h.HikariDataSource [main] HikariPool-1 - Start completed.
2024-06-02 17:01:27,133 WARN o.h.e.j.d.i.DialectFactoryImpl [main] HHH90000025: PostgreSQLDialect does not need to be specified explicitly using 'hibernate.dialect' (remove the property setting and it will be selected by default)
2024-06-02 17:01:28,612 INFO o.h.e.t.j.p.i.JtaPlatformInitiator [main] HHH000489: No JTA platform available (set 'hibernate.transaction.jta.platform' to enable JTA platform integration)
2024-06-02 17:01:28,803 INFO o.s.o.j.AbstractEntityManagerFactoryBean [main] Initialized JPA EntityManagerFactory for persistence unit 'default'
2024-06-02 17:01:29,578 INFO o.s.d.j.r.q.QueryEnhancerFactory [main] Hibernate is in classpath; If applicable, HQL parser will be used.
2024-06-02 17:01:30,431 WARN o.s.b.a.o.j.JpaBaseConfiguration$JpaWebConfiguration [main] spring.jpa.open-in-view is enabled by default. Therefore, database queries may be performed during view rendering. Explicitly configure spring.jpa.open-in-view to disable this warning
2024-06-02 17:01:31,135 INFO o.s.s.w.DefaultSecurityFilterChain [main] Will secure any request with [org.springframework.security.web.session.DisableEncodeUrlFilter@2769d577, org.springframework.security.web.context.request.async.WebAsyncManagerIntegrationFilter@25297d52, org.springframework.security.web.context.SecurityContextHolderFilter@6e8627e6, org.springframework.security.web.header.HeaderWriterFilter@22ff53d1, org.springframework.web.filter.CorsFilter@69c27acb, org.springframework.security.web.authentication.logout.LogoutFilter@1e3469df, org.springframework.security.oauth2.client.web.OAuth2AuthorizationRequestRedirectFilter@10ba757f, org.springframework.security.oauth2.client.web.OAuth2LoginAuthenticationFilter@7307e418, com.example.Binarfud.security.jwt.JwtAuthTokenFilter@2786b644, org.springframework.security.web.authentication.UsernamePasswordAuthenticationFilter@3f31ccef, org.springframework.security.web.savedrequest.RequestCacheAwareFilter@2a073f4f, org.springframework.security.web.servletapi.SecurityContextHolderAwareRequestFilter@55b9ffd0, org.springframework.security.web.authentication.AnonymousAuthenticationFilter@72b8b04f, org.springframework.security.web.access.ExceptionTranslationFilter@7cad6289, org.springframework.security.web.access.intercept.AuthorizationFilter@350a3df3]
2024-06-02 17:01:31,542 WARN o.s.s.c.a.w.b.WebSecurity [main] You are asking Spring Security to ignore Mvc [pattern='/webjars/**']. This is not recommended -- please use permitAll via HttpSecurity#authorizeHttpRequests instead.
2024-06-02 17:01:31,543 INFO o.s.s.w.DefaultSecurityFilterChain [main] Will not secure Mvc [pattern='/webjars/**']
2024-06-02 17:01:31,543 WARN o.s.s.c.a.w.b.WebSecurity [main] You are asking Spring Security to ignore Mvc [pattern='/images/**']. This is not recommended -- please use permitAll via HttpSecurity#authorizeHttpRequests instead.
2024-06-02 17:01:31,544 INFO o.s.s.w.DefaultSecurityFilterChain [main] Will not secure Mvc [pattern='/images/**']
2024-06-02 17:01:31,544 WARN o.s.s.c.a.w.b.WebSecurity [main] You are asking Spring Security to ignore Mvc [pattern='/css/**']. This is not recommended -- please use permitAll via HttpSecurity#authorizeHttpRequests instead.
2024-06-02 17:01:31,544 INFO o.s.s.w.DefaultSecurityFilterChain [main] Will not secure Mvc [pattern='/css/**']
2024-06-02 17:01:31,544 WARN o.s.s.c.a.w.b.WebSecurity [main] You are asking Spring Security to ignore Mvc [pattern='/assets/**']. This is not recommended -- please use permitAll via HttpSecurity#authorizeHttpRequests instead.
2024-06-02 17:01:31,544 INFO o.s.s.w.DefaultSecurityFilterChain [main] Will not secure Mvc [pattern='/assets/**']
2024-06-02 17:01:31,545 WARN o.s.s.c.a.w.b.WebSecurity [main] You are asking Spring Security to ignore Mvc [pattern='/favicon.ico']. This is not recommended -- please use permitAll via HttpSecurity#authorizeHttpRequests instead.
2024-06-02 17:01:31,545 INFO o.s.s.w.DefaultSecurityFilterChain [main] Will not secure Mvc [pattern='/favicon.ico']
2024-06-02 17:01:31,605 INFO o.a.j.l.DirectJDKLog [main] Starting ProtocolHandler ["http-nio-8080"]
2024-06-02 17:01:31,630 INFO o.s.b.w.e.t.TomcatWebServer [main] Tomcat started on port 8080 (http) with context path ''
2024-06-02 17:01:31,642 INFO o.s.b.StartupInfoLogger [main] Started BinarfudApplication in 9.715 seconds (process running for 10.401)
2024-06-02 17:02:04,414 INFO o.a.j.l.DirectJDKLog [http-nio-8080-exec-5] Initializing Spring DispatcherServlet 'dispatcherServlet'
2024-06-02 17:02:04,414 INFO o.s.w.s.FrameworkServlet [http-nio-8080-exec-5] Initializing Servlet 'dispatcherServlet'
2024-06-02 17:02:04,417 INFO o.s.w.s.FrameworkServlet [http-nio-8080-exec-5] Completed initialization in 3 ms
