2024-05-29 22:06:12,254 INFO o.s.o.j.AbstractEntityManagerFactoryBean [SpringApplicationShutdownHook] Closing JPA EntityManagerFactory for persistence unit 'default'
2024-05-29 22:06:12,261 INFO c.z.h.HikariDataSource [SpringApplicationShutdownHook] HikariPool-1 - Shutdown initiated...
2024-05-29 22:06:12,270 INFO c.z.h.HikariDataSource [SpringApplicationShutdownHook] HikariPool-1 - Shutdown completed.
2024-05-29 22:06:19,085 INFO o.s.b.StartupInfoLogger [main] Starting BinarfudApplication using Java 17.0.2 with PID 29792 (D:\synrgy\sinau_java\F-BJV24001115-synrgy7-syi-binarfud-ch5\target\classes started by hp in D:\synrgy\sinau_java\F-BJV24001115-synrgy7-syi-binarfud-ch5)
2024-05-29 22:06:19,090 INFO o.s.b.SpringApplication [main] No active profile set, falling back to 1 default profile: "default"
2024-05-29 22:06:20,715 INFO o.s.d.r.c.RepositoryConfigurationDelegate [main] Bootstrapping Spring Data JPA repositories in DEFAULT mode.
2024-05-29 22:06:20,887 INFO o.s.d.r.c.RepositoryConfigurationDelegate [main] Finished Spring Data repository scanning in 157 ms. Found 5 JPA repository interfaces.
2024-05-29 22:06:21,999 INFO o.s.b.w.e.t.TomcatWebServer [main] Tomcat initialized with port 8080 (http)
2024-05-29 22:06:22,017 INFO o.a.j.l.DirectJDKLog [main] Initializing ProtocolHandler ["http-nio-8080"]
2024-05-29 22:06:22,022 INFO o.a.j.l.DirectJDKLog [main] Starting service [Tomcat]
2024-05-29 22:06:22,023 INFO o.a.j.l.DirectJDKLog [main] Starting Servlet engine: [Apache Tomcat/10.1.20]
2024-05-29 22:06:22,183 INFO o.a.j.l.DirectJDKLog [main] Initializing Spring embedded WebApplicationContext
2024-05-29 22:06:22,185 INFO o.s.b.w.s.c.ServletWebServerApplicationContext [main] Root WebApplicationContext: initialization completed in 3022 ms
2024-05-29 22:06:22,450 INFO o.h.j.i.u.LogHelper [main] HHH000204: Processing PersistenceUnitInfo [name: default]
2024-05-29 22:06:22,583 INFO o.h.Version [main] HHH000412: Hibernate ORM core version 6.4.4.Final
2024-05-29 22:06:22,669 INFO o.h.c.i.RegionFactoryInitiator [main] HHH000026: Second-level cache disabled
2024-05-29 22:06:23,121 INFO o.s.o.j.p.SpringPersistenceUnitInfo [main] No LoadTimeWeaver setup: ignoring JPA class transformer
2024-05-29 22:06:23,165 INFO c.z.h.HikariDataSource [main] HikariPool-1 - Starting...
2024-05-29 22:06:23,435 INFO c.z.h.p.HikariPool [main] HikariPool-1 - Added connection org.postgresql.jdbc.PgConnection@6a4a2090
2024-05-29 22:06:23,439 INFO c.z.h.HikariDataSource [main] HikariPool-1 - Start completed.
2024-05-29 22:06:23,502 WARN o.h.e.j.d.i.DialectFactoryImpl [main] HHH90000025: PostgreSQLDialect does not need to be specified explicitly using 'hibernate.dialect' (remove the property setting and it will be selected by default)
2024-05-29 22:06:24,999 INFO o.h.e.t.j.p.i.JtaPlatformInitiator [main] HHH000489: No JTA platform available (set 'hibernate.transaction.jta.platform' to enable JTA platform integration)
2024-05-29 22:06:25,162 INFO o.s.o.j.AbstractEntityManagerFactoryBean [main] Initialized JPA EntityManagerFactory for persistence unit 'default'
2024-05-29 22:06:26,062 INFO o.s.d.j.r.q.QueryEnhancerFactory [main] Hibernate is in classpath; If applicable, HQL parser will be used.
2024-05-29 22:06:26,951 WARN o.s.b.a.o.j.JpaBaseConfiguration$JpaWebConfiguration [main] spring.jpa.open-in-view is enabled by default. Therefore, database queries may be performed during view rendering. Explicitly configure spring.jpa.open-in-view to disable this warning
2024-05-29 22:06:27,517 INFO o.s.s.w.DefaultSecurityFilterChain [main] Will secure any request with [org.springframework.security.web.session.DisableEncodeUrlFilter@4fd9deed, org.springframework.security.web.context.request.async.WebAsyncManagerIntegrationFilter@75ad7531, org.springframework.security.web.context.SecurityContextHolderFilter@2eb6a77f, org.springframework.security.web.header.HeaderWriterFilter@602854ed, org.springframework.web.filter.CorsFilter@4d619aa0, org.springframework.security.web.authentication.logout.LogoutFilter@553d9329, com.example.Binarfud.security.jwt.JwtAuthTokenFilter@be186df, org.springframework.security.web.savedrequest.RequestCacheAwareFilter@1c9fa12, org.springframework.security.web.servletapi.SecurityContextHolderAwareRequestFilter@549fc0b3, org.springframework.security.web.authentication.AnonymousAuthenticationFilter@79378802, org.springframework.security.web.session.SessionManagementFilter@15d41953, org.springframework.security.web.access.ExceptionTranslationFilter@8a0447e, org.springframework.security.web.access.intercept.AuthorizationFilter@7b6824db]
2024-05-29 22:06:27,997 INFO o.a.j.l.DirectJDKLog [main] Starting ProtocolHandler ["http-nio-8080"]
2024-05-29 22:06:28,027 INFO o.s.b.w.e.t.TomcatWebServer [main] Tomcat started on port 8080 (http) with context path ''
2024-05-29 22:06:28,044 INFO o.s.b.StartupInfoLogger [main] Started BinarfudApplication in 9.823 seconds (process running for 10.677)
2024-05-29 22:06:31,176 INFO o.a.j.l.DirectJDKLog [http-nio-8080-exec-2] Initializing Spring DispatcherServlet 'dispatcherServlet'
2024-05-29 22:06:31,178 INFO o.s.w.s.FrameworkServlet [http-nio-8080-exec-2] Initializing Servlet 'dispatcherServlet'
2024-05-29 22:06:31,180 INFO o.s.w.s.FrameworkServlet [http-nio-8080-exec-2] Completed initialization in 2 ms
2024-05-29 22:06:39,795 INFO c.e.B.c.AuthController [http-nio-8080-exec-4] loginRequestDto: LoginRequestDTO(username=asep1, password=12345678)
2024-05-29 22:06:40,029 INFO c.e.B.c.AuthController [http-nio-8080-exec-4] authentication: UsernamePasswordAuthenticationToken [Principal=UserDetailsImpl(username=asep1, password=$2a$10$ZzlvImsg3v0KfWs7sWgd8umVU.IWm17.IV7e3iwuKMDntBXwurwa., authorities=[CUSTOMER]), Credentials=[PROTECTED], Authenticated=true, Details=null, Granted Authorities=[CUSTOMER]]
