2024-04-25 14:53:39,516 INFO c.e.B.s.MerchantService [http-nio-8080-exec-8] Merchants: [Merchant(id=77cb466b-eaad-4224-9fd7-d0b072990d26, merchantName=KFC, merchantLocation=Jakarta, open=true)]
2024-04-25 14:54:17,123 WARN o.s.w.s.h.AbstractHandlerExceptionResolver [http-nio-8080-exec-9] Resolved [org.springframework.http.converter.HttpMessageNotReadableException: JSON parse error: Cannot construct instance of `com.example.Binarfud.model.Merchant` (although at least one Creator exists): no String-argument constructor/factory method to deserialize from String value ('77cb466b-eaad-4224-9fd7-d0b072990d26')]
2024-04-25 14:54:35,461 WARN o.s.w.s.h.AbstractHandlerExceptionResolver [http-nio-8080-exec-1] Resolved [org.springframework.http.converter.HttpMessageNotReadableException: JSON parse error: Cannot construct instance of `com.example.Binarfud.model.Merchant` (although at least one Creator exists): no String-argument constructor/factory method to deserialize from String value ('77cb466b-eaad-4224-9fd7-d0b072990d26')]
2024-04-25 14:54:37,499 WARN o.s.w.s.h.AbstractHandlerExceptionResolver [http-nio-8080-exec-5] Resolved [org.springframework.http.converter.HttpMessageNotReadableException: JSON parse error: Cannot construct instance of `com.example.Binarfud.model.Merchant` (although at least one Creator exists): no String-argument constructor/factory method to deserialize from String value ('77cb466b-eaad-4224-9fd7-d0b072990d26')]
2024-04-25 14:55:12,045 WARN o.s.w.s.h.AbstractHandlerExceptionResolver [http-nio-8080-exec-3] Resolved [org.springframework.http.converter.HttpMessageNotReadableException: JSON parse error: Cannot construct instance of `com.example.Binarfud.model.Merchant` (although at least one Creator exists): no int/Int-argument constructor/factory method to deserialize from Number value (77)]
2024-04-25 15:01:12,930 INFO o.s.o.j.AbstractEntityManagerFactoryBean [SpringApplicationShutdownHook] Closing JPA EntityManagerFactory for persistence unit 'default'
2024-04-25 15:01:12,946 INFO c.z.h.HikariDataSource [SpringApplicationShutdownHook] HikariPool-1 - Shutdown initiated...
2024-04-25 15:01:12,970 INFO c.z.h.HikariDataSource [SpringApplicationShutdownHook] HikariPool-1 - Shutdown completed.
2024-04-25 15:01:22,205 INFO o.s.b.StartupInfoLogger [main] Starting BinarfudApplication using Java 17.0.2 with PID 16844 (D:\synrgy\sinau_java\Binarfud\target\classes started by hp in D:\synrgy\sinau_java\Binarfud)
2024-04-25 15:01:22,208 INFO o.s.b.SpringApplication [main] No active profile set, falling back to 1 default profile: "default"
2024-04-25 15:01:24,085 INFO o.s.d.r.c.RepositoryConfigurationDelegate [main] Bootstrapping Spring Data JPA repositories in DEFAULT mode.
2024-04-25 15:01:24,301 INFO o.s.d.r.c.RepositoryConfigurationDelegate [main] Finished Spring Data repository scanning in 173 ms. Found 4 JPA repository interfaces.
2024-04-25 15:01:26,002 INFO o.s.b.w.e.t.TomcatWebServer [main] Tomcat initialized with port 8080 (http)
2024-04-25 15:01:26,045 INFO o.a.j.l.DirectJDKLog [main] Initializing ProtocolHandler ["http-nio-8080"]
2024-04-25 15:01:26,051 INFO o.a.j.l.DirectJDKLog [main] Starting service [Tomcat]
2024-04-25 15:01:26,051 INFO o.a.j.l.DirectJDKLog [main] Starting Servlet engine: [Apache Tomcat/10.1.20]
2024-04-25 15:01:26,225 INFO o.a.j.l.DirectJDKLog [main] Initializing Spring embedded WebApplicationContext
2024-04-25 15:01:26,226 INFO o.s.b.w.s.c.ServletWebServerApplicationContext [main] Root WebApplicationContext: initialization completed in 3862 ms
2024-04-25 15:01:26,616 INFO c.z.h.HikariDataSource [main] HikariPool-1 - Starting...
2024-04-25 15:01:27,254 INFO c.z.h.p.HikariPool [main] HikariPool-1 - Added connection org.postgresql.jdbc.PgConnection@e7b265e
2024-04-25 15:01:27,261 INFO c.z.h.HikariDataSource [main] HikariPool-1 - Start completed.
2024-04-25 15:01:27,456 INFO o.h.j.i.u.LogHelper [main] HHH000204: Processing PersistenceUnitInfo [name: default]
2024-04-25 15:01:27,708 INFO o.h.Version [main] HHH000412: Hibernate ORM core version 6.4.4.Final
2024-04-25 15:01:27,865 INFO o.h.c.i.RegionFactoryInitiator [main] HHH000026: Second-level cache disabled
2024-04-25 15:01:28,584 INFO o.s.o.j.p.SpringPersistenceUnitInfo [main] No LoadTimeWeaver setup: ignoring JPA class transformer
2024-04-25 15:01:31,118 INFO o.h.e.t.j.p.i.JtaPlatformInitiator [main] HHH000489: No JTA platform available (set 'hibernate.transaction.jta.platform' to enable JTA platform integration)
2024-04-25 15:01:31,126 INFO o.s.o.j.AbstractEntityManagerFactoryBean [main] Initialized JPA EntityManagerFactory for persistence unit 'default'
2024-04-25 15:01:31,762 WARN o.s.b.a.o.j.JpaBaseConfiguration$JpaWebConfiguration [main] spring.jpa.open-in-view is enabled by default. Therefore, database queries may be performed during view rendering. Explicitly configure spring.jpa.open-in-view to disable this warning
2024-04-25 15:01:32,489 INFO o.a.j.l.DirectJDKLog [main] Starting ProtocolHandler ["http-nio-8080"]
2024-04-25 15:01:32,538 INFO o.s.b.w.e.t.TomcatWebServer [main] Tomcat started on port 8080 (http) with context path ''
2024-04-25 15:01:32,561 INFO o.s.b.StartupInfoLogger [main] Started BinarfudApplication in 11.673 seconds (process running for 12.603)
2024-04-25 15:01:36,902 INFO o.a.j.l.DirectJDKLog [http-nio-8080-exec-1] Initializing Spring DispatcherServlet 'dispatcherServlet'
2024-04-25 15:01:36,904 INFO o.s.w.s.FrameworkServlet [http-nio-8080-exec-1] Initializing Servlet 'dispatcherServlet'
2024-04-25 15:01:36,913 INFO o.s.w.s.FrameworkServlet [http-nio-8080-exec-1] Completed initialization in 9 ms
2024-04-25 15:01:37,347 INFO c.e.B.s.ProductService [http-nio-8080-exec-1] Products: []
2024-04-25 15:01:38,915 INFO c.e.B.s.ProductService [http-nio-8080-exec-3] Products: []
2024-04-25 15:01:44,571 INFO c.e.B.s.ProductService [http-nio-8080-exec-4] Product saved: Product(id=539f14cb-4c01-4512-ac2a-de9e78ad19b7, product_name=Super Besar 1, price=50000, merchant_id=null)
