2024-04-25 23:03:12,574 INFO o.s.b.StartupInfoLogger [main] Starting BinarfudApplication using Java 17.0.2 with PID 18560 (D:\synrgy\sinau_java\Binarfud\target\classes started by hp in D:\synrgy\sinau_java\Binarfud)
2024-04-25 23:03:12,579 INFO o.s.b.SpringApplication [main] No active profile set, falling back to 1 default profile: "default"
2024-04-25 23:03:13,711 INFO o.s.d.r.c.RepositoryConfigurationDelegate [main] Bootstrapping Spring Data JPA repositories in DEFAULT mode.
2024-04-25 23:03:13,845 INFO o.s.d.r.c.RepositoryConfigurationDelegate [main] Finished Spring Data repository scanning in 112 ms. Found 4 JPA repository interfaces.
2024-04-25 23:03:14,731 INFO o.s.b.w.e.t.TomcatWebServer [main] Tomcat initialized with port 8080 (http)
2024-04-25 23:03:14,751 INFO o.a.j.l.DirectJDKLog [main] Initializing ProtocolHandler ["http-nio-8080"]
2024-04-25 23:03:14,755 INFO o.a.j.l.DirectJDKLog [main] Starting service [Tomcat]
2024-04-25 23:03:14,755 INFO o.a.j.l.DirectJDKLog [main] Starting Servlet engine: [Apache Tomcat/10.1.20]
2024-04-25 23:03:14,836 INFO o.a.j.l.DirectJDKLog [main] Initializing Spring embedded WebApplicationContext
2024-04-25 23:03:14,844 INFO o.s.b.w.s.c.ServletWebServerApplicationContext [main] Root WebApplicationContext: initialization completed in 2179 ms
2024-04-25 23:03:15,049 INFO c.z.h.HikariDataSource [main] HikariPool-1 - Starting...
2024-04-25 23:03:15,324 INFO c.z.h.p.HikariPool [main] HikariPool-1 - Added connection org.postgresql.jdbc.PgConnection@33d60b7e
2024-04-25 23:03:15,324 INFO c.z.h.HikariDataSource [main] HikariPool-1 - Start completed.
2024-04-25 23:03:15,403 INFO o.h.j.i.u.LogHelper [main] HHH000204: Processing PersistenceUnitInfo [name: default]
2024-04-25 23:03:15,518 INFO o.h.Version [main] HHH000412: Hibernate ORM core version 6.4.4.Final
2024-04-25 23:03:15,596 INFO o.h.c.i.RegionFactoryInitiator [main] HHH000026: Second-level cache disabled
2024-04-25 23:03:16,007 INFO o.s.o.j.p.SpringPersistenceUnitInfo [main] No LoadTimeWeaver setup: ignoring JPA class transformer
2024-04-25 23:03:17,507 INFO o.h.e.t.j.p.i.JtaPlatformInitiator [main] HHH000489: No JTA platform available (set 'hibernate.transaction.jta.platform' to enable JTA platform integration)
2024-04-25 23:03:17,507 INFO o.s.o.j.AbstractEntityManagerFactoryBean [main] Initialized JPA EntityManagerFactory for persistence unit 'default'
2024-04-25 23:03:17,893 WARN o.s.b.a.o.j.JpaBaseConfiguration$JpaWebConfiguration [main] spring.jpa.open-in-view is enabled by default. Therefore, database queries may be performed during view rendering. Explicitly configure spring.jpa.open-in-view to disable this warning
2024-04-25 23:03:18,338 INFO o.a.j.l.DirectJDKLog [main] Starting ProtocolHandler ["http-nio-8080"]
2024-04-25 23:03:18,362 INFO o.s.b.w.e.t.TomcatWebServer [main] Tomcat started on port 8080 (http) with context path ''
2024-04-25 23:03:18,370 INFO o.s.b.StartupInfoLogger [main] Started BinarfudApplication in 6.692 seconds (process running for 7.403)
