2024-05-26 22:26:05,854 INFO o.s.b.StartupInfoLogger [main] Starting BinarfudApplication using Java 17.0.2 with PID 5448 (D:\synrgy\sinau_java\F-BJV24001115-synrgy7-syi-binarfud-ch5\target\classes started by hp in D:\synrgy\sinau_java\F-BJV24001115-synrgy7-syi-binarfud-ch5)
2024-05-26 22:26:05,858 INFO o.s.b.SpringApplication [main] No active profile set, falling back to 1 default profile: "default"
2024-05-26 22:26:07,076 INFO o.s.d.r.c.RepositoryConfigurationDelegate [main] Bootstrapping Spring Data JPA repositories in DEFAULT mode.
2024-05-26 22:26:07,185 INFO o.s.d.r.c.RepositoryConfigurationDelegate [main] Finished Spring Data repository scanning in 97 ms. Found 5 JPA repository interfaces.
2024-05-26 22:26:08,065 INFO o.s.b.w.e.t.TomcatWebServer [main] Tomcat initialized with port 8080 (http)
2024-05-26 22:26:08,091 INFO o.a.j.l.DirectJDKLog [main] Initializing ProtocolHandler ["http-nio-8080"]
2024-05-26 22:26:08,096 INFO o.a.j.l.DirectJDKLog [main] Starting service [Tomcat]
2024-05-26 22:26:08,097 INFO o.a.j.l.DirectJDKLog [main] Starting Servlet engine: [Apache Tomcat/10.1.20]
2024-05-26 22:26:08,191 INFO o.a.j.l.DirectJDKLog [main] Initializing Spring embedded WebApplicationContext
2024-05-26 22:26:08,193 INFO o.s.b.w.s.c.ServletWebServerApplicationContext [main] Root WebApplicationContext: initialization completed in 2282 ms
2024-05-26 22:26:08,417 INFO o.h.j.i.u.LogHelper [main] HHH000204: Processing PersistenceUnitInfo [name: default]
2024-05-26 22:26:08,492 INFO o.h.Version [main] HHH000412: Hibernate ORM core version 6.4.4.Final
2024-05-26 22:26:08,550 INFO o.h.c.i.RegionFactoryInitiator [main] HHH000026: Second-level cache disabled
2024-05-26 22:26:08,883 INFO o.s.o.j.p.SpringPersistenceUnitInfo [main] No LoadTimeWeaver setup: ignoring JPA class transformer
2024-05-26 22:26:08,913 INFO c.z.h.HikariDataSource [main] HikariPool-1 - Starting...
2024-05-26 22:26:09,136 INFO c.z.h.p.HikariPool [main] HikariPool-1 - Added connection org.postgresql.jdbc.PgConnection@64757d56
2024-05-26 22:26:09,139 INFO c.z.h.HikariDataSource [main] HikariPool-1 - Start completed.
2024-05-26 22:26:09,184 WARN o.h.e.j.d.i.DialectFactoryImpl [main] HHH90000025: PostgreSQLDialect does not need to be specified explicitly using 'hibernate.dialect' (remove the property setting and it will be selected by default)
2024-05-26 22:26:10,678 INFO o.h.e.t.j.p.i.JtaPlatformInitiator [main] HHH000489: No JTA platform available (set 'hibernate.transaction.jta.platform' to enable JTA platform integration)
2024-05-26 22:26:10,807 INFO o.s.o.j.AbstractEntityManagerFactoryBean [main] Initialized JPA EntityManagerFactory for persistence unit 'default'
2024-05-26 22:26:11,460 INFO o.s.d.j.r.q.QueryEnhancerFactory [main] Hibernate is in classpath; If applicable, HQL parser will be used.
2024-05-26 22:26:12,141 WARN o.s.b.a.o.j.JpaBaseConfiguration$JpaWebConfiguration [main] spring.jpa.open-in-view is enabled by default. Therefore, database queries may be performed during view rendering. Explicitly configure spring.jpa.open-in-view to disable this warning
2024-05-26 22:26:12,556 INFO o.s.s.w.DefaultSecurityFilterChain [main] Will secure any request with [org.springframework.security.web.session.DisableEncodeUrlFilter@2b208574, org.springframework.security.web.context.request.async.WebAsyncManagerIntegrationFilter@3294b641, org.springframework.security.web.context.SecurityContextHolderFilter@feb0f52, org.springframework.security.web.header.HeaderWriterFilter@64f3f849, org.springframework.web.filter.CorsFilter@799bb4ed, org.springframework.security.web.authentication.logout.LogoutFilter@635900ef, com.example.Binarfud.security.jwt.JwtAuthTokenFilter@4a225014, org.springframework.security.web.savedrequest.RequestCacheAwareFilter@23138317, org.springframework.security.web.servletapi.SecurityContextHolderAwareRequestFilter@5ace5b0e, org.springframework.security.web.authentication.AnonymousAuthenticationFilter@5269aa68, org.springframework.security.web.session.SessionManagementFilter@73daf6a6, org.springframework.security.web.access.ExceptionTranslationFilter@13453610, org.springframework.security.web.access.intercept.AuthorizationFilter@27f7db5a]
2024-05-26 22:26:12,957 INFO o.a.j.l.DirectJDKLog [main] Starting ProtocolHandler ["http-nio-8080"]
2024-05-26 22:26:12,984 INFO o.s.b.w.e.t.TomcatWebServer [main] Tomcat started on port 8080 (http) with context path ''
2024-05-26 22:26:12,996 INFO o.s.b.StartupInfoLogger [main] Started BinarfudApplication in 7.863 seconds (process running for 8.459)
2024-05-26 22:26:24,019 INFO o.a.j.l.DirectJDKLog [http-nio-8080-exec-1] Initializing Spring DispatcherServlet 'dispatcherServlet'
2024-05-26 22:26:24,019 INFO o.s.w.s.FrameworkServlet [http-nio-8080-exec-1] Initializing Servlet 'dispatcherServlet'
2024-05-26 22:26:24,021 INFO o.s.w.s.FrameworkServlet [http-nio-8080-exec-1] Completed initialization in 1 ms
2024-05-26 22:26:24,154 INFO c.e.B.c.AuthController [http-nio-8080-exec-1] Authenticating user: asep1
2024-05-26 22:26:24,376 ERROR c.e.B.c.AuthController [http-nio-8080-exec-1] Authentication failed: Bad credentials
2024-05-26 22:26:58,521 INFO o.s.o.j.AbstractEntityManagerFactoryBean [SpringApplicationShutdownHook] Closing JPA EntityManagerFactory for persistence unit 'default'
2024-05-26 22:26:58,525 INFO c.z.h.HikariDataSource [SpringApplicationShutdownHook] HikariPool-1 - Shutdown initiated...
2024-05-26 22:26:58,531 INFO c.z.h.HikariDataSource [SpringApplicationShutdownHook] HikariPool-1 - Shutdown completed.
