2024-04-26 18:30:06,367 INFO o.s.b.StartupInfoLogger [main] Starting BinarfudApplication using Java 17.0.2 with PID 12076 (D:\synrgy\sinau_java\Binarfud\target\classes started by hp in D:\synrgy\sinau_java\Binarfud)
2024-04-26 18:30:06,371 INFO o.s.b.SpringApplication [main] No active profile set, falling back to 1 default profile: "default"
2024-04-26 18:30:07,352 INFO o.s.d.r.c.RepositoryConfigurationDelegate [main] Bootstrapping Spring Data JPA repositories in DEFAULT mode.
2024-04-26 18:30:07,475 INFO o.s.d.r.c.RepositoryConfigurationDelegate [main] Finished Spring Data repository scanning in 105 ms. Found 4 JPA repository interfaces.
2024-04-26 18:30:08,419 INFO o.s.b.w.e.t.TomcatWebServer [main] Tomcat initialized with port 8080 (http)
2024-04-26 18:30:08,436 INFO o.a.j.l.DirectJDKLog [main] Initializing ProtocolHandler ["http-nio-8080"]
2024-04-26 18:30:08,441 INFO o.a.j.l.DirectJDKLog [main] Starting service [Tomcat]
2024-04-26 18:30:08,442 INFO o.a.j.l.DirectJDKLog [main] Starting Servlet engine: [Apache Tomcat/10.1.20]
2024-04-26 18:30:08,530 INFO o.a.j.l.DirectJDKLog [main] Initializing Spring embedded WebApplicationContext
2024-04-26 18:30:08,532 INFO o.s.b.w.s.c.ServletWebServerApplicationContext [main] Root WebApplicationContext: initialization completed in 2085 ms
2024-04-26 18:30:08,827 INFO c.z.h.HikariDataSource [main] HikariPool-1 - Starting...
2024-04-26 18:30:09,155 INFO c.z.h.p.HikariPool [main] HikariPool-1 - Added connection org.postgresql.jdbc.PgConnection@51da32e5
2024-04-26 18:30:09,157 INFO c.z.h.HikariDataSource [main] HikariPool-1 - Start completed.
2024-04-26 18:30:09,253 INFO o.h.j.i.u.LogHelper [main] HHH000204: Processing PersistenceUnitInfo [name: default]
2024-04-26 18:30:09,393 INFO o.h.Version [main] HHH000412: Hibernate ORM core version 6.4.4.Final
2024-04-26 18:30:09,476 INFO o.h.c.i.RegionFactoryInitiator [main] HHH000026: Second-level cache disabled
2024-04-26 18:30:09,925 INFO o.s.o.j.p.SpringPersistenceUnitInfo [main] No LoadTimeWeaver setup: ignoring JPA class transformer
2024-04-26 18:30:11,505 INFO o.h.e.t.j.p.i.JtaPlatformInitiator [main] HHH000489: No JTA platform available (set 'hibernate.transaction.jta.platform' to enable JTA platform integration)
2024-04-26 18:30:11,510 INFO o.s.o.j.AbstractEntityManagerFactoryBean [main] Initialized JPA EntityManagerFactory for persistence unit 'default'
2024-04-26 18:30:11,851 WARN o.s.b.a.o.j.JpaBaseConfiguration$JpaWebConfiguration [main] spring.jpa.open-in-view is enabled by default. Therefore, database queries may be performed during view rendering. Explicitly configure spring.jpa.open-in-view to disable this warning
2024-04-26 18:30:12,248 INFO o.a.j.l.DirectJDKLog [main] Starting ProtocolHandler ["http-nio-8080"]
2024-04-26 18:30:12,271 INFO o.s.b.w.e.t.TomcatWebServer [main] Tomcat started on port 8080 (http) with context path ''
2024-04-26 18:30:12,280 INFO o.s.b.StartupInfoLogger [main] Started BinarfudApplication in 6.767 seconds (process running for 7.383)
2024-04-26 18:30:16,275 INFO o.a.j.l.DirectJDKLog [http-nio-8080-exec-2] Initializing Spring DispatcherServlet 'dispatcherServlet'
2024-04-26 18:30:16,277 INFO o.s.w.s.FrameworkServlet [http-nio-8080-exec-2] Initializing Servlet 'dispatcherServlet'
2024-04-26 18:30:16,278 INFO o.s.w.s.FrameworkServlet [http-nio-8080-exec-2] Completed initialization in 1 ms
2024-04-26 18:30:16,535 INFO c.e.B.s.MerchantService [http-nio-8080-exec-2] Merchants: [Merchant(id=940df57f-19bd-44dc-b43a-a71e7228747e, merchantName=KFC, merchantLocation=Jakarta, open=true, products=[]), Merchant(id=a9499d73-cd6e-4939-b1db-570d3ad64de4, merchantName=A&W, merchantLocation=Jakarta, open=true, products=[])]
2024-04-26 18:30:20,211 INFO c.e.B.s.ProductService [http-nio-8080-exec-6] Products: []
2024-04-26 18:30:24,678 INFO c.e.B.s.ProductService [http-nio-8080-exec-8] Product saved: Product(id=e7b430ef-2f0f-4b6a-8aa7-6c78ed34397e, product_name=Super Besar 1, price=50000, merchant=Merchant(id=940df57f-19bd-44dc-b43a-a71e7228747e, merchantName=KFC, merchantLocation=Jakarta, open=true, products=null))
2024-04-26 18:30:30,061 INFO c.e.B.s.MerchantService [http-nio-8080-exec-5] Merchants: [Merchant(id=940df57f-19bd-44dc-b43a-a71e7228747e, merchantName=KFC, merchantLocation=Jakarta, open=true, products=[]), Merchant(id=a9499d73-cd6e-4939-b1db-570d3ad64de4, merchantName=A&W, merchantLocation=Jakarta, open=true, products=[])]
2024-04-26 18:30:58,977 INFO o.s.o.j.AbstractEntityManagerFactoryBean [SpringApplicationShutdownHook] Closing JPA EntityManagerFactory for persistence unit 'default'
2024-04-26 18:30:58,979 INFO c.z.h.HikariDataSource [SpringApplicationShutdownHook] HikariPool-1 - Shutdown initiated...
2024-04-26 18:30:58,983 INFO c.z.h.HikariDataSource [SpringApplicationShutdownHook] HikariPool-1 - Shutdown completed.
2024-04-26 18:31:02,255 INFO o.s.b.StartupInfoLogger [main] Starting BinarfudApplication using Java 17.0.2 with PID 22128 (D:\synrgy\sinau_java\Binarfud\target\classes started by hp in D:\synrgy\sinau_java\Binarfud)
2024-04-26 18:31:02,258 INFO o.s.b.SpringApplication [main] No active profile set, falling back to 1 default profile: "default"
2024-04-26 18:31:03,267 INFO o.s.d.r.c.RepositoryConfigurationDelegate [main] Bootstrapping Spring Data JPA repositories in DEFAULT mode.
2024-04-26 18:31:03,385 INFO o.s.d.r.c.RepositoryConfigurationDelegate [main] Finished Spring Data repository scanning in 104 ms. Found 4 JPA repository interfaces.
2024-04-26 18:31:04,253 INFO o.s.b.w.e.t.TomcatWebServer [main] Tomcat initialized with port 8080 (http)
2024-04-26 18:31:04,271 INFO o.a.j.l.DirectJDKLog [main] Initializing ProtocolHandler ["http-nio-8080"]
2024-04-26 18:31:04,276 INFO o.a.j.l.DirectJDKLog [main] Starting service [Tomcat]
2024-04-26 18:31:04,277 INFO o.a.j.l.DirectJDKLog [main] Starting Servlet engine: [Apache Tomcat/10.1.20]
2024-04-26 18:31:04,432 INFO o.a.j.l.DirectJDKLog [main] Initializing Spring embedded WebApplicationContext
2024-04-26 18:31:04,434 INFO o.s.b.w.s.c.ServletWebServerApplicationContext [main] Root WebApplicationContext: initialization completed in 2104 ms
2024-04-26 18:31:04,712 INFO c.z.h.HikariDataSource [main] HikariPool-1 - Starting...
2024-04-26 18:31:04,969 INFO c.z.h.p.HikariPool [main] HikariPool-1 - Added connection org.postgresql.jdbc.PgConnection@6b4125ed
2024-04-26 18:31:04,971 INFO c.z.h.HikariDataSource [main] HikariPool-1 - Start completed.
2024-04-26 18:31:05,051 INFO o.h.j.i.u.LogHelper [main] HHH000204: Processing PersistenceUnitInfo [name: default]
2024-04-26 18:31:05,149 INFO o.h.Version [main] HHH000412: Hibernate ORM core version 6.4.4.Final
2024-04-26 18:31:05,201 INFO o.h.c.i.RegionFactoryInitiator [main] HHH000026: Second-level cache disabled
2024-04-26 18:31:05,604 INFO o.s.o.j.p.SpringPersistenceUnitInfo [main] No LoadTimeWeaver setup: ignoring JPA class transformer
2024-04-26 18:31:06,782 INFO o.h.e.t.j.p.i.JtaPlatformInitiator [main] HHH000489: No JTA platform available (set 'hibernate.transaction.jta.platform' to enable JTA platform integration)
2024-04-26 18:31:06,785 INFO o.s.o.j.AbstractEntityManagerFactoryBean [main] Initialized JPA EntityManagerFactory for persistence unit 'default'
2024-04-26 18:31:07,149 WARN o.s.b.a.o.j.JpaBaseConfiguration$JpaWebConfiguration [main] spring.jpa.open-in-view is enabled by default. Therefore, database queries may be performed during view rendering. Explicitly configure spring.jpa.open-in-view to disable this warning
2024-04-26 18:31:07,620 INFO o.a.j.l.DirectJDKLog [main] Starting ProtocolHandler ["http-nio-8080"]
2024-04-26 18:31:07,667 INFO o.s.b.w.e.t.TomcatWebServer [main] Tomcat started on port 8080 (http) with context path ''
2024-04-26 18:31:07,684 INFO o.s.b.StartupInfoLogger [main] Started BinarfudApplication in 6.229 seconds (process running for 6.778)
2024-04-26 18:31:15,934 INFO o.s.o.j.AbstractEntityManagerFactoryBean [SpringApplicationShutdownHook] Closing JPA EntityManagerFactory for persistence unit 'default'
2024-04-26 18:31:15,936 INFO c.z.h.HikariDataSource [SpringApplicationShutdownHook] HikariPool-1 - Shutdown initiated...
2024-04-26 18:31:15,941 INFO c.z.h.HikariDataSource [SpringApplicationShutdownHook] HikariPool-1 - Shutdown completed.
