2024-05-17 22:01:55,780 INFO c.e.B.s.MerchantService [http-nio-8080-exec-10] Merchant retrieved: Merchant(id=4a5e66c6-cb15-401e-beec-c1a291b664c4, merchantName=KFC, merchantLocation=Samarinda, open=true)
2024-05-17 22:02:44,132 INFO o.s.o.j.AbstractEntityManagerFactoryBean [SpringApplicationShutdownHook] Closing JPA EntityManagerFactory for persistence unit 'default'
2024-05-17 22:02:44,157 INFO c.z.h.HikariDataSource [SpringApplicationShutdownHook] HikariPool-1 - Shutdown initiated...
2024-05-17 22:02:44,166 INFO c.z.h.HikariDataSource [SpringApplicationShutdownHook] HikariPool-1 - Shutdown completed.
2024-05-17 22:02:51,641 INFO o.s.b.StartupInfoLogger [main] Starting BinarfudApplication using Java 17.0.2 with PID 20584 (D:\synrgy\sinau_java\F-BJV24001115-synrgy7-syi-binarfud-ch5\target\classes started by hp in D:\synrgy\sinau_java\F-BJV24001115-synrgy7-syi-binarfud-ch5)
2024-05-17 22:02:51,644 INFO o.s.b.SpringApplication [main] No active profile set, falling back to 1 default profile: "default"
2024-05-17 22:02:53,188 INFO o.s.d.r.c.RepositoryConfigurationDelegate [main] Bootstrapping Spring Data JPA repositories in DEFAULT mode.
2024-05-17 22:02:53,308 INFO o.s.d.r.c.RepositoryConfigurationDelegate [main] Finished Spring Data repository scanning in 104 ms. Found 5 JPA repository interfaces.
2024-05-17 22:02:54,376 INFO o.s.b.w.e.t.TomcatWebServer [main] Tomcat initialized with port 8080 (http)
2024-05-17 22:02:54,395 INFO o.a.j.l.DirectJDKLog [main] Initializing ProtocolHandler ["http-nio-8080"]
2024-05-17 22:02:54,400 INFO o.a.j.l.DirectJDKLog [main] Starting service [Tomcat]
2024-05-17 22:02:54,408 INFO o.a.j.l.DirectJDKLog [main] Starting Servlet engine: [Apache Tomcat/10.1.20]
2024-05-17 22:02:54,541 INFO o.a.j.l.DirectJDKLog [main] Initializing Spring embedded WebApplicationContext
2024-05-17 22:02:54,543 INFO o.s.b.w.s.c.ServletWebServerApplicationContext [main] Root WebApplicationContext: initialization completed in 2825 ms
2024-05-17 22:02:54,843 INFO o.h.j.i.u.LogHelper [main] HHH000204: Processing PersistenceUnitInfo [name: default]
2024-05-17 22:02:54,984 INFO o.h.Version [main] HHH000412: Hibernate ORM core version 6.4.4.Final
2024-05-17 22:02:55,063 INFO o.h.c.i.RegionFactoryInitiator [main] HHH000026: Second-level cache disabled
2024-05-17 22:02:55,505 INFO o.s.o.j.p.SpringPersistenceUnitInfo [main] No LoadTimeWeaver setup: ignoring JPA class transformer
2024-05-17 22:02:55,559 INFO c.z.h.HikariDataSource [main] HikariPool-1 - Starting...
2024-05-17 22:02:55,833 INFO c.z.h.p.HikariPool [main] HikariPool-1 - Added connection org.postgresql.jdbc.PgConnection@7de5871d
2024-05-17 22:02:55,836 INFO c.z.h.HikariDataSource [main] HikariPool-1 - Start completed.
2024-05-17 22:02:55,904 WARN o.h.e.j.d.i.DialectFactoryImpl [main] HHH90000025: PostgreSQLDialect does not need to be specified explicitly using 'hibernate.dialect' (remove the property setting and it will be selected by default)
2024-05-17 22:02:57,281 INFO o.h.e.t.j.p.i.JtaPlatformInitiator [main] HHH000489: No JTA platform available (set 'hibernate.transaction.jta.platform' to enable JTA platform integration)
2024-05-17 22:02:57,448 INFO o.s.o.j.AbstractEntityManagerFactoryBean [main] Initialized JPA EntityManagerFactory for persistence unit 'default'
2024-05-17 22:02:57,832 INFO o.s.d.j.r.q.QueryEnhancerFactory [main] Hibernate is in classpath; If applicable, HQL parser will be used.
2024-05-17 22:02:58,855 WARN o.s.b.a.o.j.JpaBaseConfiguration$JpaWebConfiguration [main] spring.jpa.open-in-view is enabled by default. Therefore, database queries may be performed during view rendering. Explicitly configure spring.jpa.open-in-view to disable this warning
2024-05-17 22:02:59,601 INFO o.a.j.l.DirectJDKLog [main] Starting ProtocolHandler ["http-nio-8080"]
2024-05-17 22:02:59,634 INFO o.s.b.w.e.t.TomcatWebServer [main] Tomcat started on port 8080 (http) with context path ''
2024-05-17 22:02:59,646 INFO o.s.b.StartupInfoLogger [main] Started BinarfudApplication in 8.901 seconds (process running for 9.661)
2024-05-17 22:03:27,038 INFO o.a.j.l.DirectJDKLog [http-nio-8080-exec-3] Initializing Spring DispatcherServlet 'dispatcherServlet'
2024-05-17 22:03:27,039 INFO o.s.w.s.FrameworkServlet [http-nio-8080-exec-3] Initializing Servlet 'dispatcherServlet'
2024-05-17 22:03:27,040 INFO o.s.w.s.FrameworkServlet [http-nio-8080-exec-3] Completed initialization in 1 ms
2024-05-17 22:03:27,183 WARN o.s.c.l.CompositeLog [http-nio-8080-exec-3] Failed to evaluate Jackson deserialization for type [[simple type, class com.example.Binarfud.payload.RevenueRequestDTO]]: com.fasterxml.jackson.databind.exc.InvalidDefinitionException: Invalid type definition for type `java.security.Timestamp`: Failed to call `setAccess()` on Field 'timestamp' (of class `java.security.Timestamp`) due to `java.lang.reflect.InaccessibleObjectException`, problem: Unable to make field private java.util.Date java.security.Timestamp.timestamp accessible: module java.base does not "opens java.security" to unnamed module @6c3f5566
2024-05-17 22:03:27,186 WARN o.s.c.l.CompositeLog [http-nio-8080-exec-3] Failed to evaluate Jackson deserialization for type [[simple type, class com.example.Binarfud.payload.RevenueRequestDTO]]: com.fasterxml.jackson.databind.exc.InvalidDefinitionException: Invalid type definition for type `java.security.Timestamp`: Failed to call `setAccess()` on Field 'timestamp' (of class `java.security.Timestamp`) due to `java.lang.reflect.InaccessibleObjectException`, problem: Unable to make field private java.util.Date java.security.Timestamp.timestamp accessible: module java.base does not "opens java.security" to unnamed module @6c3f5566
2024-05-17 22:03:27,195 WARN o.s.w.s.h.AbstractHandlerExceptionResolver [http-nio-8080-exec-3] Resolved [org.springframework.web.HttpMediaTypeNotSupportedException: Content-Type 'application/json;charset=UTF-8' is not supported]
2024-05-17 22:03:29,131 WARN o.s.c.l.CompositeLog [http-nio-8080-exec-2] Failed to evaluate Jackson deserialization for type [[simple type, class com.example.Binarfud.payload.RevenueRequestDTO]]: com.fasterxml.jackson.databind.exc.InvalidDefinitionException: Invalid type definition for type `java.security.Timestamp`: Failed to call `setAccess()` on Field 'timestamp' (of class `java.security.Timestamp`) due to `java.lang.reflect.InaccessibleObjectException`, problem: Unable to make field private java.util.Date java.security.Timestamp.timestamp accessible: module java.base does not "opens java.security" to unnamed module @6c3f5566
2024-05-17 22:03:29,132 WARN o.s.c.l.CompositeLog [http-nio-8080-exec-2] Failed to evaluate Jackson deserialization for type [[simple type, class com.example.Binarfud.payload.RevenueRequestDTO]]: com.fasterxml.jackson.databind.exc.InvalidDefinitionException: Invalid type definition for type `java.security.Timestamp`: Failed to call `setAccess()` on Field 'timestamp' (of class `java.security.Timestamp`) due to `java.lang.reflect.InaccessibleObjectException`, problem: Unable to make field private java.util.Date java.security.Timestamp.timestamp accessible: module java.base does not "opens java.security" to unnamed module @6c3f5566
2024-05-17 22:03:29,132 WARN o.s.w.s.h.AbstractHandlerExceptionResolver [http-nio-8080-exec-2] Resolved [org.springframework.web.HttpMediaTypeNotSupportedException: Content-Type 'application/json;charset=UTF-8' is not supported]
2024-05-17 22:03:30,516 WARN o.s.c.l.CompositeLog [http-nio-8080-exec-4] Failed to evaluate Jackson deserialization for type [[simple type, class com.example.Binarfud.payload.RevenueRequestDTO]]: com.fasterxml.jackson.databind.exc.InvalidDefinitionException: Invalid type definition for type `java.security.Timestamp`: Failed to call `setAccess()` on Field 'timestamp' (of class `java.security.Timestamp`) due to `java.lang.reflect.InaccessibleObjectException`, problem: Unable to make field private java.util.Date java.security.Timestamp.timestamp accessible: module java.base does not "opens java.security" to unnamed module @6c3f5566
2024-05-17 22:03:30,517 WARN o.s.c.l.CompositeLog [http-nio-8080-exec-4] Failed to evaluate Jackson deserialization for type [[simple type, class com.example.Binarfud.payload.RevenueRequestDTO]]: com.fasterxml.jackson.databind.exc.InvalidDefinitionException: Invalid type definition for type `java.security.Timestamp`: Failed to call `setAccess()` on Field 'timestamp' (of class `java.security.Timestamp`) due to `java.lang.reflect.InaccessibleObjectException`, problem: Unable to make field private java.util.Date java.security.Timestamp.timestamp accessible: module java.base does not "opens java.security" to unnamed module @6c3f5566
2024-05-17 22:03:30,519 WARN o.s.w.s.h.AbstractHandlerExceptionResolver [http-nio-8080-exec-4] Resolved [org.springframework.web.HttpMediaTypeNotSupportedException: Content-Type 'application/json;charset=UTF-8' is not supported]
