2024-05-31 03:35:26,399 INFO o.s.o.j.AbstractEntityManagerFactoryBean [SpringApplicationShutdownHook] Closing JPA EntityManagerFactory for persistence unit 'default'
2024-05-31 03:35:26,406 INFO c.z.h.HikariDataSource [SpringApplicationShutdownHook] HikariPool-1 - Shutdown initiated...
2024-05-31 03:35:26,410 INFO c.z.h.HikariDataSource [SpringApplicationShutdownHook] HikariPool-1 - Shutdown completed.
2024-05-31 03:35:30,204 INFO o.s.b.StartupInfoLogger [main] Starting BinarfudApplication using Java 17.0.2 with PID 9568 (D:\synrgy\sinau_java\F-BJV24001115-synrgy7-syi-binarfud-ch5\target\classes started by hp in D:\synrgy\sinau_java\F-BJV24001115-synrgy7-syi-binarfud-ch5)
2024-05-31 03:35:30,207 INFO o.s.b.SpringApplication [main] No active profile set, falling back to 1 default profile: "default"
2024-05-31 03:35:31,655 INFO o.s.d.r.c.RepositoryConfigurationDelegate [main] Bootstrapping Spring Data JPA repositories in DEFAULT mode.
2024-05-31 03:35:31,783 INFO o.s.d.r.c.RepositoryConfigurationDelegate [main] Finished Spring Data repository scanning in 111 ms. Found 6 JPA repository interfaces.
2024-05-31 03:35:32,936 INFO o.s.b.w.e.t.TomcatWebServer [main] Tomcat initialized with port 8080 (http)
2024-05-31 03:35:32,955 INFO o.a.j.l.DirectJDKLog [main] Initializing ProtocolHandler ["http-nio-8080"]
2024-05-31 03:35:32,961 INFO o.a.j.l.DirectJDKLog [main] Starting service [Tomcat]
2024-05-31 03:35:32,962 INFO o.a.j.l.DirectJDKLog [main] Starting Servlet engine: [Apache Tomcat/10.1.20]
2024-05-31 03:35:33,087 INFO o.a.j.l.DirectJDKLog [main] Initializing Spring embedded WebApplicationContext
2024-05-31 03:35:33,089 INFO o.s.b.w.s.c.ServletWebServerApplicationContext [main] Root WebApplicationContext: initialization completed in 2828 ms
2024-05-31 03:35:33,319 INFO o.h.j.i.u.LogHelper [main] HHH000204: Processing PersistenceUnitInfo [name: default]
2024-05-31 03:35:33,449 INFO o.h.Version [main] HHH000412: Hibernate ORM core version 6.4.4.Final
2024-05-31 03:35:33,521 INFO o.h.c.i.RegionFactoryInitiator [main] HHH000026: Second-level cache disabled
2024-05-31 03:35:33,953 INFO o.s.o.j.p.SpringPersistenceUnitInfo [main] No LoadTimeWeaver setup: ignoring JPA class transformer
2024-05-31 03:35:33,992 INFO c.z.h.HikariDataSource [main] HikariPool-1 - Starting...
2024-05-31 03:35:34,268 INFO c.z.h.p.HikariPool [main] HikariPool-1 - Added connection org.postgresql.jdbc.PgConnection@1a89414e
2024-05-31 03:35:34,271 INFO c.z.h.HikariDataSource [main] HikariPool-1 - Start completed.
2024-05-31 03:35:34,335 WARN o.h.e.j.d.i.DialectFactoryImpl [main] HHH90000025: PostgreSQLDialect does not need to be specified explicitly using 'hibernate.dialect' (remove the property setting and it will be selected by default)
2024-05-31 03:35:35,767 INFO o.h.e.t.j.p.i.JtaPlatformInitiator [main] HHH000489: No JTA platform available (set 'hibernate.transaction.jta.platform' to enable JTA platform integration)
2024-05-31 03:35:35,926 INFO o.s.o.j.AbstractEntityManagerFactoryBean [main] Initialized JPA EntityManagerFactory for persistence unit 'default'
2024-05-31 03:35:36,686 INFO o.s.d.j.r.q.QueryEnhancerFactory [main] Hibernate is in classpath; If applicable, HQL parser will be used.
2024-05-31 03:35:37,475 WARN o.s.b.a.o.j.JpaBaseConfiguration$JpaWebConfiguration [main] spring.jpa.open-in-view is enabled by default. Therefore, database queries may be performed during view rendering. Explicitly configure spring.jpa.open-in-view to disable this warning
2024-05-31 03:35:38,078 INFO o.s.s.w.DefaultSecurityFilterChain [main] Will secure any request with [org.springframework.security.web.session.DisableEncodeUrlFilter@732f7660, org.springframework.security.web.context.request.async.WebAsyncManagerIntegrationFilter@7d525b45, org.springframework.security.web.context.SecurityContextHolderFilter@15045e40, org.springframework.security.web.header.HeaderWriterFilter@7ba0c0e5, org.springframework.web.filter.CorsFilter@3a0afe5b, org.springframework.security.web.authentication.logout.LogoutFilter@46092840, org.springframework.security.oauth2.client.web.OAuth2AuthorizationRequestRedirectFilter@70c741be, org.springframework.security.oauth2.client.web.OAuth2LoginAuthenticationFilter@34775090, com.example.Binarfud.security.jwt.JwtAuthTokenFilter@37922937, org.springframework.security.web.authentication.UsernamePasswordAuthenticationFilter@dc9033f, org.springframework.security.web.authentication.ui.DefaultLoginPageGeneratingFilter@6231bb88, org.springframework.security.web.authentication.ui.DefaultLogoutPageGeneratingFilter@243b8682, org.springframework.security.web.savedrequest.RequestCacheAwareFilter@2574123a, org.springframework.security.web.servletapi.SecurityContextHolderAwareRequestFilter@1bc467bd, org.springframework.security.web.authentication.AnonymousAuthenticationFilter@2caf6813, org.springframework.security.web.session.SessionManagementFilter@60e83cb9, org.springframework.security.web.access.ExceptionTranslationFilter@5435582e, org.springframework.security.web.access.intercept.AuthorizationFilter@7cb15360]
2024-05-31 03:35:38,470 WARN o.s.s.c.a.w.b.WebSecurity [main] You are asking Spring Security to ignore Mvc [pattern='/webjars/**']. This is not recommended -- please use permitAll via HttpSecurity#authorizeHttpRequests instead.
2024-05-31 03:35:38,470 INFO o.s.s.w.DefaultSecurityFilterChain [main] Will not secure Mvc [pattern='/webjars/**']
2024-05-31 03:35:38,472 WARN o.s.s.c.a.w.b.WebSecurity [main] You are asking Spring Security to ignore Mvc [pattern='/images/**']. This is not recommended -- please use permitAll via HttpSecurity#authorizeHttpRequests instead.
2024-05-31 03:35:38,472 INFO o.s.s.w.DefaultSecurityFilterChain [main] Will not secure Mvc [pattern='/images/**']
2024-05-31 03:35:38,472 WARN o.s.s.c.a.w.b.WebSecurity [main] You are asking Spring Security to ignore Mvc [pattern='/css/**']. This is not recommended -- please use permitAll via HttpSecurity#authorizeHttpRequests instead.
2024-05-31 03:35:38,473 INFO o.s.s.w.DefaultSecurityFilterChain [main] Will not secure Mvc [pattern='/css/**']
2024-05-31 03:35:38,473 WARN o.s.s.c.a.w.b.WebSecurity [main] You are asking Spring Security to ignore Mvc [pattern='/assets/**']. This is not recommended -- please use permitAll via HttpSecurity#authorizeHttpRequests instead.
2024-05-31 03:35:38,473 INFO o.s.s.w.DefaultSecurityFilterChain [main] Will not secure Mvc [pattern='/assets/**']
2024-05-31 03:35:38,473 WARN o.s.s.c.a.w.b.WebSecurity [main] You are asking Spring Security to ignore Mvc [pattern='/favicon.ico']. This is not recommended -- please use permitAll via HttpSecurity#authorizeHttpRequests instead.
2024-05-31 03:35:38,474 INFO o.s.s.w.DefaultSecurityFilterChain [main] Will not secure Mvc [pattern='/favicon.ico']
2024-05-31 03:35:38,536 INFO o.a.j.l.DirectJDKLog [main] Starting ProtocolHandler ["http-nio-8080"]
2024-05-31 03:35:38,583 INFO o.s.b.w.e.t.TomcatWebServer [main] Tomcat started on port 8080 (http) with context path ''
2024-05-31 03:35:38,608 INFO o.s.b.StartupInfoLogger [main] Started BinarfudApplication in 9.16 seconds (process running for 9.857)
2024-05-31 03:36:13,643 INFO o.a.j.l.DirectJDKLog [http-nio-8080-exec-2] Initializing Spring DispatcherServlet 'dispatcherServlet'
2024-05-31 03:36:13,645 INFO o.s.w.s.FrameworkServlet [http-nio-8080-exec-2] Initializing Servlet 'dispatcherServlet'
2024-05-31 03:36:13,647 INFO o.s.w.s.FrameworkServlet [http-nio-8080-exec-2] Completed initialization in 1 ms
