2024-05-29 22:13:49,975 INFO o.s.o.j.AbstractEntityManagerFactoryBean [SpringApplicationShutdownHook] Closing JPA EntityManagerFactory for persistence unit 'default'
2024-05-29 22:13:50,000 INFO c.z.h.HikariDataSource [SpringApplicationShutdownHook] HikariPool-1 - Shutdown initiated...
2024-05-29 22:13:50,010 INFO c.z.h.HikariDataSource [SpringApplicationShutdownHook] HikariPool-1 - Shutdown completed.
2024-05-29 22:13:57,028 INFO o.s.b.StartupInfoLogger [main] Starting BinarfudApplication using Java 17.0.2 with PID 28972 (D:\synrgy\sinau_java\F-BJV24001115-synrgy7-syi-binarfud-ch5\target\classes started by hp in D:\synrgy\sinau_java\F-BJV24001115-synrgy7-syi-binarfud-ch5)
2024-05-29 22:13:57,035 INFO o.s.b.SpringApplication [main] No active profile set, falling back to 1 default profile: "default"
2024-05-29 22:13:58,638 INFO o.s.d.r.c.RepositoryConfigurationDelegate [main] Bootstrapping Spring Data JPA repositories in DEFAULT mode.
2024-05-29 22:13:58,798 INFO o.s.d.r.c.RepositoryConfigurationDelegate [main] Finished Spring Data repository scanning in 145 ms. Found 5 JPA repository interfaces.
2024-05-29 22:13:59,941 INFO o.s.b.w.e.t.TomcatWebServer [main] Tomcat initialized with port 8080 (http)
2024-05-29 22:13:59,978 INFO o.a.j.l.DirectJDKLog [main] Initializing ProtocolHandler ["http-nio-8080"]
2024-05-29 22:13:59,991 INFO o.a.j.l.DirectJDKLog [main] Starting service [Tomcat]
2024-05-29 22:13:59,991 INFO o.a.j.l.DirectJDKLog [main] Starting Servlet engine: [Apache Tomcat/10.1.20]
2024-05-29 22:14:00,188 INFO o.a.j.l.DirectJDKLog [main] Initializing Spring embedded WebApplicationContext
2024-05-29 22:14:00,196 INFO o.s.b.w.s.c.ServletWebServerApplicationContext [main] Root WebApplicationContext: initialization completed in 3082 ms
2024-05-29 22:14:00,466 INFO o.h.j.i.u.LogHelper [main] HHH000204: Processing PersistenceUnitInfo [name: default]
2024-05-29 22:14:00,618 INFO o.h.Version [main] HHH000412: Hibernate ORM core version 6.4.4.Final
2024-05-29 22:14:00,719 INFO o.h.c.i.RegionFactoryInitiator [main] HHH000026: Second-level cache disabled
2024-05-29 22:14:01,248 INFO o.s.o.j.p.SpringPersistenceUnitInfo [main] No LoadTimeWeaver setup: ignoring JPA class transformer
2024-05-29 22:14:01,297 INFO c.z.h.HikariDataSource [main] HikariPool-1 - Starting...
2024-05-29 22:14:01,621 INFO c.z.h.p.HikariPool [main] HikariPool-1 - Added connection org.postgresql.jdbc.PgConnection@3d71e10b
2024-05-29 22:14:01,629 INFO c.z.h.HikariDataSource [main] HikariPool-1 - Start completed.
2024-05-29 22:14:01,704 WARN o.h.e.j.d.i.DialectFactoryImpl [main] HHH90000025: PostgreSQLDialect does not need to be specified explicitly using 'hibernate.dialect' (remove the property setting and it will be selected by default)
2024-05-29 22:14:03,162 INFO o.h.e.t.j.p.i.JtaPlatformInitiator [main] HHH000489: No JTA platform available (set 'hibernate.transaction.jta.platform' to enable JTA platform integration)
2024-05-29 22:14:03,317 INFO o.s.o.j.AbstractEntityManagerFactoryBean [main] Initialized JPA EntityManagerFactory for persistence unit 'default'
2024-05-29 22:14:04,015 INFO o.s.d.j.r.q.QueryEnhancerFactory [main] Hibernate is in classpath; If applicable, HQL parser will be used.
2024-05-29 22:14:04,981 WARN o.s.b.a.o.j.JpaBaseConfiguration$JpaWebConfiguration [main] spring.jpa.open-in-view is enabled by default. Therefore, database queries may be performed during view rendering. Explicitly configure spring.jpa.open-in-view to disable this warning
2024-05-29 22:14:05,559 INFO o.s.s.w.DefaultSecurityFilterChain [main] Will secure any request with [org.springframework.security.web.session.DisableEncodeUrlFilter@4fd9deed, org.springframework.security.web.context.request.async.WebAsyncManagerIntegrationFilter@75ad7531, org.springframework.security.web.context.SecurityContextHolderFilter@2eb6a77f, org.springframework.security.web.header.HeaderWriterFilter@602854ed, org.springframework.web.filter.CorsFilter@4d619aa0, org.springframework.security.web.authentication.logout.LogoutFilter@553d9329, com.example.Binarfud.security.jwt.JwtAuthTokenFilter@7d12fb85, org.springframework.security.web.savedrequest.RequestCacheAwareFilter@1c9fa12, org.springframework.security.web.servletapi.SecurityContextHolderAwareRequestFilter@549fc0b3, org.springframework.security.web.authentication.AnonymousAuthenticationFilter@79378802, org.springframework.security.web.session.SessionManagementFilter@15d41953, org.springframework.security.web.access.ExceptionTranslationFilter@8a0447e, org.springframework.security.web.access.intercept.AuthorizationFilter@7b6824db]
2024-05-29 22:14:06,048 INFO o.a.j.l.DirectJDKLog [main] Starting ProtocolHandler ["http-nio-8080"]
2024-05-29 22:14:06,089 INFO o.s.b.w.e.t.TomcatWebServer [main] Tomcat started on port 8080 (http) with context path ''
2024-05-29 22:14:06,106 INFO o.s.b.StartupInfoLogger [main] Started BinarfudApplication in 10.243 seconds (process running for 11.045)
2024-05-29 22:14:10,551 INFO o.a.j.l.DirectJDKLog [http-nio-8080-exec-1] Initializing Spring DispatcherServlet 'dispatcherServlet'
2024-05-29 22:14:10,551 INFO o.s.w.s.FrameworkServlet [http-nio-8080-exec-1] Initializing Servlet 'dispatcherServlet'
2024-05-29 22:14:10,551 INFO o.s.w.s.FrameworkServlet [http-nio-8080-exec-1] Completed initialization in 0 ms
2024-05-29 22:14:10,780 INFO c.e.B.c.AuthController [http-nio-8080-exec-1] loginRequestDto: LoginRequestDTO(username=asep2, password=12345678)
2024-05-29 22:14:11,168 INFO c.e.B.c.AuthController [http-nio-8080-exec-1] authentication: UsernamePasswordAuthenticationToken [Principal=UserDetailsImpl(username=asep2, password=$2a$10$WqkDVjmtdT9rlxOhgTuFceNptknBzOqBXdpzj51UojjAaNocER4gq, authorities=[MERCHANT]), Credentials=[PROTECTED], Authenticated=true, Details=null, Granted Authorities=[MERCHANT]]
