2024-06-02 16:39:24,924 INFO o.s.b.StartupInfoLogger [main] Starting BinarfudApplication using Java 17.0.2 with PID 27056 (D:\synrgy\sinau_java\F-BJV24001115-synrgy7-syi-binarfud-ch6\target\classes started by hp in D:\synrgy\sinau_java\F-BJV24001115-synrgy7-syi-binarfud-ch6)
2024-06-02 16:39:24,934 INFO o.s.b.SpringApplication [main] No active profile set, falling back to 1 default profile: "default"
2024-06-02 16:39:27,454 INFO o.s.d.r.c.RepositoryConfigurationDelegate [main] Bootstrapping Spring Data JPA repositories in DEFAULT mode.
2024-06-02 16:39:27,702 INFO o.s.d.r.c.RepositoryConfigurationDelegate [main] Finished Spring Data repository scanning in 231 ms. Found 7 JPA repository interfaces.
2024-06-02 16:39:29,832 INFO o.s.b.w.e.t.TomcatWebServer [main] Tomcat initialized with port 8080 (http)
2024-06-02 16:39:29,863 INFO o.a.j.l.DirectJDKLog [main] Initializing ProtocolHandler ["http-nio-8080"]
2024-06-02 16:39:29,865 INFO o.a.j.l.DirectJDKLog [main] Starting service [Tomcat]
2024-06-02 16:39:29,871 INFO o.a.j.l.DirectJDKLog [main] Starting Servlet engine: [Apache Tomcat/10.1.20]
2024-06-02 16:39:30,085 INFO o.a.j.l.DirectJDKLog [main] Initializing Spring embedded WebApplicationContext
2024-06-02 16:39:30,090 INFO o.s.b.w.s.c.ServletWebServerApplicationContext [main] Root WebApplicationContext: initialization completed in 4998 ms
2024-06-02 16:39:30,392 INFO o.h.j.i.u.LogHelper [main] HHH000204: Processing PersistenceUnitInfo [name: default]
2024-06-02 16:39:30,585 INFO o.h.Version [main] HHH000412: Hibernate ORM core version 6.4.4.Final
2024-06-02 16:39:30,703 INFO o.h.c.i.RegionFactoryInitiator [main] HHH000026: Second-level cache disabled
2024-06-02 16:39:31,347 INFO o.s.o.j.p.SpringPersistenceUnitInfo [main] No LoadTimeWeaver setup: ignoring JPA class transformer
2024-06-02 16:39:31,408 INFO c.z.h.HikariDataSource [main] HikariPool-1 - Starting...
2024-06-02 16:39:31,816 INFO c.z.h.p.HikariPool [main] HikariPool-1 - Added connection org.postgresql.jdbc.PgConnection@250a946
2024-06-02 16:39:31,823 INFO c.z.h.HikariDataSource [main] HikariPool-1 - Start completed.
2024-06-02 16:39:31,932 WARN o.h.e.j.d.i.DialectFactoryImpl [main] HHH90000025: PostgreSQLDialect does not need to be specified explicitly using 'hibernate.dialect' (remove the property setting and it will be selected by default)
2024-06-02 16:39:34,459 INFO o.h.e.t.j.p.i.JtaPlatformInitiator [main] HHH000489: No JTA platform available (set 'hibernate.transaction.jta.platform' to enable JTA platform integration)
2024-06-02 16:39:34,763 INFO o.s.o.j.AbstractEntityManagerFactoryBean [main] Initialized JPA EntityManagerFactory for persistence unit 'default'
2024-06-02 16:39:35,767 INFO o.s.d.j.r.q.QueryEnhancerFactory [main] Hibernate is in classpath; If applicable, HQL parser will be used.
2024-06-02 16:39:36,854 WARN o.s.b.a.o.j.JpaBaseConfiguration$JpaWebConfiguration [main] spring.jpa.open-in-view is enabled by default. Therefore, database queries may be performed during view rendering. Explicitly configure spring.jpa.open-in-view to disable this warning
2024-06-02 16:39:37,721 INFO o.s.s.w.DefaultSecurityFilterChain [main] Will secure any request with [org.springframework.security.web.session.DisableEncodeUrlFilter@1cf38112, org.springframework.security.web.context.request.async.WebAsyncManagerIntegrationFilter@59e6fb8a, org.springframework.security.web.context.SecurityContextHolderFilter@6011176f, org.springframework.security.web.header.HeaderWriterFilter@f4deb35, org.springframework.web.filter.CorsFilter@502cd238, org.springframework.security.web.authentication.logout.LogoutFilter@252d690, org.springframework.security.oauth2.client.web.OAuth2AuthorizationRequestRedirectFilter@724d4c0a, org.springframework.security.oauth2.client.web.OAuth2LoginAuthenticationFilter@698c19ef, com.example.Binarfud.security.jwt.JwtAuthTokenFilter@7bbd944e, org.springframework.security.web.authentication.UsernamePasswordAuthenticationFilter@14021c10, org.springframework.security.web.savedrequest.RequestCacheAwareFilter@48d44acf, org.springframework.security.web.servletapi.SecurityContextHolderAwareRequestFilter@21304869, org.springframework.security.web.authentication.AnonymousAuthenticationFilter@68032a80, org.springframework.security.web.access.ExceptionTranslationFilter@7416b560, org.springframework.security.web.access.intercept.AuthorizationFilter@30769e7a]
2024-06-02 16:39:38,252 WARN o.s.s.c.a.w.b.WebSecurity [main] You are asking Spring Security to ignore Mvc [pattern='/webjars/**']. This is not recommended -- please use permitAll via HttpSecurity#authorizeHttpRequests instead.
2024-06-02 16:39:38,252 INFO o.s.s.w.DefaultSecurityFilterChain [main] Will not secure Mvc [pattern='/webjars/**']
2024-06-02 16:39:38,253 WARN o.s.s.c.a.w.b.WebSecurity [main] You are asking Spring Security to ignore Mvc [pattern='/images/**']. This is not recommended -- please use permitAll via HttpSecurity#authorizeHttpRequests instead.
2024-06-02 16:39:38,253 INFO o.s.s.w.DefaultSecurityFilterChain [main] Will not secure Mvc [pattern='/images/**']
2024-06-02 16:39:38,253 WARN o.s.s.c.a.w.b.WebSecurity [main] You are asking Spring Security to ignore Mvc [pattern='/css/**']. This is not recommended -- please use permitAll via HttpSecurity#authorizeHttpRequests instead.
2024-06-02 16:39:38,253 INFO o.s.s.w.DefaultSecurityFilterChain [main] Will not secure Mvc [pattern='/css/**']
2024-06-02 16:39:38,253 WARN o.s.s.c.a.w.b.WebSecurity [main] You are asking Spring Security to ignore Mvc [pattern='/assets/**']. This is not recommended -- please use permitAll via HttpSecurity#authorizeHttpRequests instead.
2024-06-02 16:39:38,253 INFO o.s.s.w.DefaultSecurityFilterChain [main] Will not secure Mvc [pattern='/assets/**']
2024-06-02 16:39:38,253 WARN o.s.s.c.a.w.b.WebSecurity [main] You are asking Spring Security to ignore Mvc [pattern='/favicon.ico']. This is not recommended -- please use permitAll via HttpSecurity#authorizeHttpRequests instead.
2024-06-02 16:39:38,253 INFO o.s.s.w.DefaultSecurityFilterChain [main] Will not secure Mvc [pattern='/favicon.ico']
2024-06-02 16:39:38,357 INFO o.a.j.l.DirectJDKLog [main] Starting ProtocolHandler ["http-nio-8080"]
2024-06-02 16:39:38,393 INFO o.s.b.w.e.t.TomcatWebServer [main] Tomcat started on port 8080 (http) with context path ''
2024-06-02 16:39:38,412 INFO o.s.b.StartupInfoLogger [main] Started BinarfudApplication in 14.85 seconds (process running for 16.292)
2024-06-02 16:39:58,285 INFO o.a.j.l.DirectJDKLog [http-nio-8080-exec-2] Initializing Spring DispatcherServlet 'dispatcherServlet'
2024-06-02 16:39:58,285 INFO o.s.w.s.FrameworkServlet [http-nio-8080-exec-2] Initializing Servlet 'dispatcherServlet'
2024-06-02 16:39:58,291 INFO o.s.w.s.FrameworkServlet [http-nio-8080-exec-2] Completed initialization in 6 ms
2024-06-02 16:39:58,766 INFO c.e.B.c.AuthController [http-nio-8080-exec-2] signUpRequest: SignUpRequestDTO(username=asepkuda, email=asepkuda@gmaiL.com, password=123, roles=[com.example.Binarfud.model.Role@5addee48])
2024-06-02 16:40:06,995 INFO c.e.B.c.AuthController [http-nio-8080-exec-3] loginRequestDto: LoginRequestDTO(username=asepkuda, password=123)
2024-06-02 16:40:07,333 INFO c.e.B.c.AuthController [http-nio-8080-exec-3] authentication: UsernamePasswordAuthenticationToken [Principal=UserDetailsImpl(username=asepkuda, password=$2a$10$NiLbKQDWPRudAQNa.VzDBeIScpCoVDPaUFTEbO/zahimYdOjUeZGO, authorities=[ROLE_USER]), Credentials=[PROTECTED], Authenticated=true, Details=null, Granted Authorities=[ROLE_USER]]
