2024-05-26 22:18:53,406 INFO o.s.b.StartupInfoLogger [main] Starting BinarfudApplication using Java 17.0.2 with PID 18980 (D:\synrgy\sinau_java\F-BJV24001115-synrgy7-syi-binarfud-ch5\target\classes started by hp in D:\synrgy\sinau_java\F-BJV24001115-synrgy7-syi-binarfud-ch5)
2024-05-26 22:18:53,411 INFO o.s.b.SpringApplication [main] No active profile set, falling back to 1 default profile: "default"
2024-05-26 22:18:54,737 INFO o.s.d.r.c.RepositoryConfigurationDelegate [main] Bootstrapping Spring Data JPA repositories in DEFAULT mode.
2024-05-26 22:18:54,845 INFO o.s.d.r.c.RepositoryConfigurationDelegate [main] Finished Spring Data repository scanning in 96 ms. Found 5 JPA repository interfaces.
2024-05-26 22:18:55,825 INFO o.s.b.w.e.t.TomcatWebServer [main] Tomcat initialized with port 8080 (http)
2024-05-26 22:18:55,839 INFO o.a.j.l.DirectJDKLog [main] Initializing ProtocolHandler ["http-nio-8080"]
2024-05-26 22:18:55,842 INFO o.a.j.l.DirectJDKLog [main] Starting service [Tomcat]
2024-05-26 22:18:55,843 INFO o.a.j.l.DirectJDKLog [main] Starting Servlet engine: [Apache Tomcat/10.1.20]
2024-05-26 22:18:55,936 INFO o.a.j.l.DirectJDKLog [main] Initializing Spring embedded WebApplicationContext
2024-05-26 22:18:55,938 INFO o.s.b.w.s.c.ServletWebServerApplicationContext [main] Root WebApplicationContext: initialization completed in 2472 ms
2024-05-26 22:18:56,154 INFO o.h.j.i.u.LogHelper [main] HHH000204: Processing PersistenceUnitInfo [name: default]
2024-05-26 22:18:56,237 INFO o.h.Version [main] HHH000412: Hibernate ORM core version 6.4.4.Final
2024-05-26 22:18:56,287 INFO o.h.c.i.RegionFactoryInitiator [main] HHH000026: Second-level cache disabled
2024-05-26 22:18:56,639 INFO o.s.o.j.p.SpringPersistenceUnitInfo [main] No LoadTimeWeaver setup: ignoring JPA class transformer
2024-05-26 22:18:56,665 INFO c.z.h.HikariDataSource [main] HikariPool-1 - Starting...
2024-05-26 22:18:56,892 INFO c.z.h.p.HikariPool [main] HikariPool-1 - Added connection org.postgresql.jdbc.PgConnection@702096ef
2024-05-26 22:18:56,895 INFO c.z.h.HikariDataSource [main] HikariPool-1 - Start completed.
2024-05-26 22:18:56,940 WARN o.h.e.j.d.i.DialectFactoryImpl [main] HHH90000025: PostgreSQLDialect does not need to be specified explicitly using 'hibernate.dialect' (remove the property setting and it will be selected by default)
2024-05-26 22:18:58,159 INFO o.h.e.t.j.p.i.JtaPlatformInitiator [main] HHH000489: No JTA platform available (set 'hibernate.transaction.jta.platform' to enable JTA platform integration)
2024-05-26 22:18:58,298 INFO o.s.o.j.AbstractEntityManagerFactoryBean [main] Initialized JPA EntityManagerFactory for persistence unit 'default'
2024-05-26 22:18:58,864 INFO o.s.d.j.r.q.QueryEnhancerFactory [main] Hibernate is in classpath; If applicable, HQL parser will be used.
2024-05-26 22:18:59,517 WARN o.s.b.a.o.j.JpaBaseConfiguration$JpaWebConfiguration [main] spring.jpa.open-in-view is enabled by default. Therefore, database queries may be performed during view rendering. Explicitly configure spring.jpa.open-in-view to disable this warning
2024-05-26 22:18:59,952 INFO o.s.s.w.DefaultSecurityFilterChain [main] Will secure any request with [org.springframework.security.web.session.DisableEncodeUrlFilter@799bb4ed, org.springframework.security.web.context.request.async.WebAsyncManagerIntegrationFilter@5269aa68, org.springframework.security.web.context.SecurityContextHolderFilter@23138317, org.springframework.security.web.header.HeaderWriterFilter@71586f, org.springframework.web.filter.CorsFilter@7dcd8e74, org.springframework.security.web.authentication.logout.LogoutFilter@648e25f2, com.example.Binarfud.security.jwt.JwtAuthTokenFilter@485547ac, org.springframework.security.web.savedrequest.RequestCacheAwareFilter@d884e9a, org.springframework.security.web.servletapi.SecurityContextHolderAwareRequestFilter@23389e2b, org.springframework.security.web.authentication.AnonymousAuthenticationFilter@6a7c0932, org.springframework.security.web.session.SessionManagementFilter@5e24f013, org.springframework.security.web.access.ExceptionTranslationFilter@64f3f849, org.springframework.security.web.access.intercept.AuthorizationFilter@5a1e28ee]
2024-05-26 22:19:00,359 INFO o.a.j.l.DirectJDKLog [main] Starting ProtocolHandler ["http-nio-8080"]
2024-05-26 22:19:00,399 INFO o.s.b.w.e.t.TomcatWebServer [main] Tomcat started on port 8080 (http) with context path ''
2024-05-26 22:19:00,411 INFO o.s.b.StartupInfoLogger [main] Started BinarfudApplication in 7.748 seconds (process running for 8.3)
2024-05-26 22:19:05,098 INFO o.a.j.l.DirectJDKLog [http-nio-8080-exec-2] Initializing Spring DispatcherServlet 'dispatcherServlet'
2024-05-26 22:19:05,098 INFO o.s.w.s.FrameworkServlet [http-nio-8080-exec-2] Initializing Servlet 'dispatcherServlet'
2024-05-26 22:19:05,099 INFO o.s.w.s.FrameworkServlet [http-nio-8080-exec-2] Completed initialization in 1 ms
2024-05-26 22:19:05,205 INFO c.e.B.c.AuthController [http-nio-8080-exec-2] Authenticating user: asep1
2024-05-26 22:19:06,530 INFO c.e.B.c.AuthController [http-nio-8080-exec-3] Authenticating user: asep1
2024-05-26 22:19:07,220 INFO c.e.B.c.AuthController [http-nio-8080-exec-4] Authenticating user: asep1
2024-05-26 22:19:07,792 INFO c.e.B.c.AuthController [http-nio-8080-exec-5] Authenticating user: asep1
2024-05-26 22:19:08,473 INFO c.e.B.c.AuthController [http-nio-8080-exec-6] Authenticating user: asep1
2024-05-26 22:19:09,056 INFO c.e.B.c.AuthController [http-nio-8080-exec-7] Authenticating user: asep1
