2024-05-29 22:33:38,454 INFO o.s.b.StartupInfoLogger [main] Starting BinarfudApplication using Java 17.0.2 with PID 9812 (D:\synrgy\sinau_java\F-BJV24001115-synrgy7-syi-binarfud-ch5\target\classes started by hp in D:\synrgy\sinau_java\F-BJV24001115-synrgy7-syi-binarfud-ch5)
2024-05-29 22:33:38,457 INFO o.s.b.SpringApplication [main] No active profile set, falling back to 1 default profile: "default"
2024-05-29 22:33:39,878 INFO o.s.d.r.c.RepositoryConfigurationDelegate [main] Bootstrapping Spring Data JPA repositories in DEFAULT mode.
2024-05-29 22:33:40,009 INFO o.s.d.r.c.RepositoryConfigurationDelegate [main] Finished Spring Data repository scanning in 119 ms. Found 5 JPA repository interfaces.
2024-05-29 22:33:41,221 INFO o.s.b.w.e.t.TomcatWebServer [main] Tomcat initialized with port 8080 (http)
2024-05-29 22:33:41,238 INFO o.a.j.l.DirectJDKLog [main] Initializing ProtocolHandler ["http-nio-8080"]
2024-05-29 22:33:41,244 INFO o.a.j.l.DirectJDKLog [main] Starting service [Tomcat]
2024-05-29 22:33:41,246 INFO o.a.j.l.DirectJDKLog [main] Starting Servlet engine: [Apache Tomcat/10.1.20]
2024-05-29 22:33:41,359 INFO o.a.j.l.DirectJDKLog [main] Initializing Spring embedded WebApplicationContext
2024-05-29 22:33:41,359 INFO o.s.b.w.s.c.ServletWebServerApplicationContext [main] Root WebApplicationContext: initialization completed in 2827 ms
2024-05-29 22:33:41,593 INFO o.h.j.i.u.LogHelper [main] HHH000204: Processing PersistenceUnitInfo [name: default]
2024-05-29 22:33:41,760 INFO o.h.Version [main] HHH000412: Hibernate ORM core version 6.4.4.Final
2024-05-29 22:33:41,822 INFO o.h.c.i.RegionFactoryInitiator [main] HHH000026: Second-level cache disabled
2024-05-29 22:33:42,240 INFO o.s.o.j.p.SpringPersistenceUnitInfo [main] No LoadTimeWeaver setup: ignoring JPA class transformer
2024-05-29 22:33:42,288 INFO c.z.h.HikariDataSource [main] HikariPool-1 - Starting...
2024-05-29 22:33:42,565 INFO c.z.h.p.HikariPool [main] HikariPool-1 - Added connection org.postgresql.jdbc.PgConnection@2404abe2
2024-05-29 22:33:42,568 INFO c.z.h.HikariDataSource [main] HikariPool-1 - Start completed.
2024-05-29 22:33:42,639 WARN o.h.e.j.d.i.DialectFactoryImpl [main] HHH90000025: PostgreSQLDialect does not need to be specified explicitly using 'hibernate.dialect' (remove the property setting and it will be selected by default)
2024-05-29 22:33:44,181 INFO o.h.e.t.j.p.i.JtaPlatformInitiator [main] HHH000489: No JTA platform available (set 'hibernate.transaction.jta.platform' to enable JTA platform integration)
2024-05-29 22:33:44,330 INFO o.s.o.j.AbstractEntityManagerFactoryBean [main] Initialized JPA EntityManagerFactory for persistence unit 'default'
2024-05-29 22:33:45,416 INFO o.s.d.j.r.q.QueryEnhancerFactory [main] Hibernate is in classpath; If applicable, HQL parser will be used.
2024-05-29 22:33:46,304 WARN o.s.b.a.o.j.JpaBaseConfiguration$JpaWebConfiguration [main] spring.jpa.open-in-view is enabled by default. Therefore, database queries may be performed during view rendering. Explicitly configure spring.jpa.open-in-view to disable this warning
2024-05-29 22:33:46,827 INFO o.s.s.w.DefaultSecurityFilterChain [main] Will secure any request with [org.springframework.security.web.session.DisableEncodeUrlFilter@7528ece2, org.springframework.security.web.context.request.async.WebAsyncManagerIntegrationFilter@4e22fdc0, org.springframework.security.web.context.SecurityContextHolderFilter@746f5752, org.springframework.security.web.header.HeaderWriterFilter@5269aa68, org.springframework.web.filter.CorsFilter@74de1e9d, org.springframework.security.web.authentication.logout.LogoutFilter@281f2d6c, com.example.Binarfud.security.jwt.JwtAuthTokenFilter@1acfc058, org.springframework.security.web.savedrequest.RequestCacheAwareFilter@4c666872, org.springframework.security.web.servletapi.SecurityContextHolderAwareRequestFilter@7c4a7770, org.springframework.security.web.authentication.AnonymousAuthenticationFilter@43b9ef41, org.springframework.security.web.session.SessionManagementFilter@58453967, org.springframework.security.web.access.ExceptionTranslationFilter@3294b641, org.springframework.security.web.access.intercept.AuthorizationFilter@180466a9]
2024-05-29 22:33:47,259 INFO o.a.j.l.DirectJDKLog [main] Starting ProtocolHandler ["http-nio-8080"]
2024-05-29 22:33:47,304 INFO o.s.b.w.e.t.TomcatWebServer [main] Tomcat started on port 8080 (http) with context path ''
2024-05-29 22:33:47,319 INFO o.s.b.StartupInfoLogger [main] Started BinarfudApplication in 9.739 seconds (process running for 10.423)
2024-05-29 22:33:47,658 INFO o.a.j.l.DirectJDKLog [http-nio-8080-exec-2] Initializing Spring DispatcherServlet 'dispatcherServlet'
2024-05-29 22:33:47,658 INFO o.s.w.s.FrameworkServlet [http-nio-8080-exec-2] Initializing Servlet 'dispatcherServlet'
2024-05-29 22:33:47,658 INFO o.s.w.s.FrameworkServlet [http-nio-8080-exec-2] Completed initialization in 0 ms
2024-05-29 22:34:00,787 INFO c.e.B.c.AuthController [http-nio-8080-exec-7] loginRequestDto: LoginRequestDTO(username=asep2, password=12345678)
2024-05-29 22:34:00,960 INFO c.e.B.c.AuthController [http-nio-8080-exec-7] authentication: UsernamePasswordAuthenticationToken [Principal=UserDetailsImpl(username=asep2, password=$2a$10$KOOnRFLcoqMxf9715yX4pO5O76kSxKF.wb6JcDgQ0jUMs.izlmBPi, authorities=[MERCHANT]), Credentials=[PROTECTED], Authenticated=true, Details=null, Granted Authorities=[MERCHANT]]
2024-05-29 22:34:33,716 INFO o.s.o.j.AbstractEntityManagerFactoryBean [SpringApplicationShutdownHook] Closing JPA EntityManagerFactory for persistence unit 'default'
2024-05-29 22:34:33,723 INFO c.z.h.HikariDataSource [SpringApplicationShutdownHook] HikariPool-1 - Shutdown initiated...
2024-05-29 22:34:33,727 INFO c.z.h.HikariDataSource [SpringApplicationShutdownHook] HikariPool-1 - Shutdown completed.
