2024-05-26 22:40:46,788 INFO o.s.o.j.AbstractEntityManagerFactoryBean [SpringApplicationShutdownHook] Closing JPA EntityManagerFactory for persistence unit 'default'
2024-05-26 22:40:46,795 INFO c.z.h.HikariDataSource [SpringApplicationShutdownHook] HikariPool-1 - Shutdown initiated...
2024-05-26 22:40:46,803 INFO c.z.h.HikariDataSource [SpringApplicationShutdownHook] HikariPool-1 - Shutdown completed.
2024-05-26 22:40:52,563 INFO o.s.b.StartupInfoLogger [main] Starting BinarfudApplication using Java 17.0.2 with PID 21324 (D:\synrgy\sinau_java\F-BJV24001115-synrgy7-syi-binarfud-ch5\target\classes started by hp in D:\synrgy\sinau_java\F-BJV24001115-synrgy7-syi-binarfud-ch5)
2024-05-26 22:40:52,568 INFO o.s.b.SpringApplication [main] No active profile set, falling back to 1 default profile: "default"
2024-05-26 22:40:53,805 INFO o.s.d.r.c.RepositoryConfigurationDelegate [main] Bootstrapping Spring Data JPA repositories in DEFAULT mode.
2024-05-26 22:40:53,920 INFO o.s.d.r.c.RepositoryConfigurationDelegate [main] Finished Spring Data repository scanning in 103 ms. Found 5 JPA repository interfaces.
2024-05-26 22:40:54,838 INFO o.s.b.w.e.t.TomcatWebServer [main] Tomcat initialized with port 8080 (http)
2024-05-26 22:40:54,856 INFO o.a.j.l.DirectJDKLog [main] Initializing ProtocolHandler ["http-nio-8080"]
2024-05-26 22:40:54,861 INFO o.a.j.l.DirectJDKLog [main] Starting service [Tomcat]
2024-05-26 22:40:54,861 INFO o.a.j.l.DirectJDKLog [main] Starting Servlet engine: [Apache Tomcat/10.1.20]
2024-05-26 22:40:54,968 INFO o.a.j.l.DirectJDKLog [main] Initializing Spring embedded WebApplicationContext
2024-05-26 22:40:54,970 INFO o.s.b.w.s.c.ServletWebServerApplicationContext [main] Root WebApplicationContext: initialization completed in 2346 ms
2024-05-26 22:40:55,190 INFO o.h.j.i.u.LogHelper [main] HHH000204: Processing PersistenceUnitInfo [name: default]
2024-05-26 22:40:55,322 INFO o.h.Version [main] HHH000412: Hibernate ORM core version 6.4.4.Final
2024-05-26 22:40:55,377 INFO o.h.c.i.RegionFactoryInitiator [main] HHH000026: Second-level cache disabled
2024-05-26 22:40:55,747 INFO o.s.o.j.p.SpringPersistenceUnitInfo [main] No LoadTimeWeaver setup: ignoring JPA class transformer
2024-05-26 22:40:55,779 INFO c.z.h.HikariDataSource [main] HikariPool-1 - Starting...
2024-05-26 22:40:56,006 INFO c.z.h.p.HikariPool [main] HikariPool-1 - Added connection org.postgresql.jdbc.PgConnection@7c5c20ed
2024-05-26 22:40:56,009 INFO c.z.h.HikariDataSource [main] HikariPool-1 - Start completed.
2024-05-26 22:40:56,072 WARN o.h.e.j.d.i.DialectFactoryImpl [main] HHH90000025: PostgreSQLDialect does not need to be specified explicitly using 'hibernate.dialect' (remove the property setting and it will be selected by default)
2024-05-26 22:40:57,363 INFO o.h.e.t.j.p.i.JtaPlatformInitiator [main] HHH000489: No JTA platform available (set 'hibernate.transaction.jta.platform' to enable JTA platform integration)
2024-05-26 22:40:57,499 INFO o.s.o.j.AbstractEntityManagerFactoryBean [main] Initialized JPA EntityManagerFactory for persistence unit 'default'
2024-05-26 22:40:58,069 INFO o.s.d.j.r.q.QueryEnhancerFactory [main] Hibernate is in classpath; If applicable, HQL parser will be used.
2024-05-26 22:40:58,772 WARN o.s.b.a.o.j.JpaBaseConfiguration$JpaWebConfiguration [main] spring.jpa.open-in-view is enabled by default. Therefore, database queries may be performed during view rendering. Explicitly configure spring.jpa.open-in-view to disable this warning
2024-05-26 22:40:59,266 INFO o.s.s.w.DefaultSecurityFilterChain [main] Will secure any request with [org.springframework.security.web.session.DisableEncodeUrlFilter@4fd9deed, org.springframework.security.web.context.request.async.WebAsyncManagerIntegrationFilter@75ad7531, org.springframework.security.web.context.SecurityContextHolderFilter@2eb6a77f, org.springframework.security.web.header.HeaderWriterFilter@602854ed, org.springframework.web.filter.CorsFilter@4d619aa0, org.springframework.security.web.authentication.logout.LogoutFilter@553d9329, com.example.Binarfud.security.jwt.JwtAuthTokenFilter@136690b1, org.springframework.security.web.savedrequest.RequestCacheAwareFilter@1c9fa12, org.springframework.security.web.servletapi.SecurityContextHolderAwareRequestFilter@549fc0b3, org.springframework.security.web.authentication.AnonymousAuthenticationFilter@79378802, org.springframework.security.web.session.SessionManagementFilter@15d41953, org.springframework.security.web.access.ExceptionTranslationFilter@8a0447e, org.springframework.security.web.access.intercept.AuthorizationFilter@7b6824db]
2024-05-26 22:40:59,852 INFO o.a.j.l.DirectJDKLog [main] Starting ProtocolHandler ["http-nio-8080"]
2024-05-26 22:40:59,882 INFO o.s.b.w.e.t.TomcatWebServer [main] Tomcat started on port 8080 (http) with context path ''
2024-05-26 22:40:59,898 INFO o.s.b.StartupInfoLogger [main] Started BinarfudApplication in 8.045 seconds (process running for 8.574)
2024-05-26 22:41:00,383 INFO o.a.j.l.DirectJDKLog [http-nio-8080-exec-1] Initializing Spring DispatcherServlet 'dispatcherServlet'
2024-05-26 22:41:00,383 INFO o.s.w.s.FrameworkServlet [http-nio-8080-exec-1] Initializing Servlet 'dispatcherServlet'
2024-05-26 22:41:00,385 INFO o.s.w.s.FrameworkServlet [http-nio-8080-exec-1] Completed initialization in 0 ms
2024-05-26 22:41:00,496 INFO c.e.B.c.AuthController [http-nio-8080-exec-1] Authenticating user: asep1
2024-05-26 22:41:00,496 INFO c.e.B.c.AuthController [http-nio-8080-exec-1] Authenticating user: 123
2024-05-26 22:41:00,676 INFO c.e.B.s.s.UserDetailsServiceImpl [http-nio-8080-exec-1] User found: Users(id=007a28df-4f6a-4f51-ba51-9edaaba8645f, username=asep1, emailAddress=asep@gmail1.com, password=$2a$10$SFuWkELjPzGmVkWAD0c0P.laQBGUb1JfKQsOP0Wq5QEsJ0lBhaj7i, role=MERCHANT)
2024-05-26 22:41:00,738 ERROR c.e.B.c.AuthController [http-nio-8080-exec-1] Authentication failed: Bad credentials
