2024-06-02 16:40:42,414 INFO c.e.B.c.AuthController [http-nio-8080-exec-5] signUpRequest: SignUpRequestDTO(username=asep, email=syihabupnyk@gmaiL.com, password=123, roles=[com.example.Binarfud.model.Role@50669078])
2024-06-02 16:40:53,309 WARN o.s.w.s.h.AbstractHandlerExceptionResolver [http-nio-8080-exec-6] Resolved [org.springframework.web.HttpRequestMethodNotSupportedException: Request method 'GET' is not supported]
2024-06-02 16:44:25,770 INFO o.s.o.j.AbstractEntityManagerFactoryBean [SpringApplicationShutdownHook] Closing JPA EntityManagerFactory for persistence unit 'default'
2024-06-02 16:44:25,855 INFO c.z.h.HikariDataSource [SpringApplicationShutdownHook] HikariPool-1 - Shutdown initiated...
2024-06-02 16:44:25,895 INFO c.z.h.HikariDataSource [SpringApplicationShutdownHook] HikariPool-1 - Shutdown completed.
2024-06-02 16:44:38,385 INFO o.s.b.StartupInfoLogger [main] Starting BinarfudApplication using Java 17.0.2 with PID 23472 (D:\synrgy\sinau_java\F-BJV24001115-synrgy7-syi-binarfud-ch6\target\classes started by hp in D:\synrgy\sinau_java\F-BJV24001115-synrgy7-syi-binarfud-ch6)
2024-06-02 16:44:38,389 INFO o.s.b.SpringApplication [main] No active profile set, falling back to 1 default profile: "default"
2024-06-02 16:44:40,920 INFO o.s.d.r.c.RepositoryConfigurationDelegate [main] Bootstrapping Spring Data JPA repositories in DEFAULT mode.
2024-06-02 16:44:41,148 INFO o.s.d.r.c.RepositoryConfigurationDelegate [main] Finished Spring Data repository scanning in 207 ms. Found 7 JPA repository interfaces.
2024-06-02 16:44:42,776 INFO o.s.b.w.e.t.TomcatWebServer [main] Tomcat initialized with port 8080 (http)
2024-06-02 16:44:42,801 INFO o.a.j.l.DirectJDKLog [main] Initializing ProtocolHandler ["http-nio-8080"]
2024-06-02 16:44:42,805 INFO o.a.j.l.DirectJDKLog [main] Starting service [Tomcat]
2024-06-02 16:44:42,805 INFO o.a.j.l.DirectJDKLog [main] Starting Servlet engine: [Apache Tomcat/10.1.20]
2024-06-02 16:44:43,027 INFO o.a.j.l.DirectJDKLog [main] Initializing Spring embedded WebApplicationContext
2024-06-02 16:44:43,034 INFO o.s.b.w.s.c.ServletWebServerApplicationContext [main] Root WebApplicationContext: initialization completed in 4500 ms
2024-06-02 16:44:43,374 INFO o.h.j.i.u.LogHelper [main] HHH000204: Processing PersistenceUnitInfo [name: default]
2024-06-02 16:44:43,552 INFO o.h.Version [main] HHH000412: Hibernate ORM core version 6.4.4.Final
2024-06-02 16:44:43,645 INFO o.h.c.i.RegionFactoryInitiator [main] HHH000026: Second-level cache disabled
2024-06-02 16:44:44,296 INFO o.s.o.j.p.SpringPersistenceUnitInfo [main] No LoadTimeWeaver setup: ignoring JPA class transformer
2024-06-02 16:44:44,374 INFO c.z.h.HikariDataSource [main] HikariPool-1 - Starting...
2024-06-02 16:44:44,826 INFO c.z.h.p.HikariPool [main] HikariPool-1 - Added connection org.postgresql.jdbc.PgConnection@38dbeb39
2024-06-02 16:44:44,830 INFO c.z.h.HikariDataSource [main] HikariPool-1 - Start completed.
2024-06-02 16:44:44,914 WARN o.h.e.j.d.i.DialectFactoryImpl [main] HHH90000025: PostgreSQLDialect does not need to be specified explicitly using 'hibernate.dialect' (remove the property setting and it will be selected by default)
2024-06-02 16:44:47,280 INFO o.h.e.t.j.p.i.JtaPlatformInitiator [main] HHH000489: No JTA platform available (set 'hibernate.transaction.jta.platform' to enable JTA platform integration)
2024-06-02 16:44:47,563 INFO o.s.o.j.AbstractEntityManagerFactoryBean [main] Initialized JPA EntityManagerFactory for persistence unit 'default'
2024-06-02 16:44:48,669 INFO o.s.d.j.r.q.QueryEnhancerFactory [main] Hibernate is in classpath; If applicable, HQL parser will be used.
2024-06-02 16:44:49,788 WARN o.s.b.a.o.j.JpaBaseConfiguration$JpaWebConfiguration [main] spring.jpa.open-in-view is enabled by default. Therefore, database queries may be performed during view rendering. Explicitly configure spring.jpa.open-in-view to disable this warning
2024-06-02 16:44:50,837 INFO o.s.s.w.DefaultSecurityFilterChain [main] Will secure any request with [org.springframework.security.web.session.DisableEncodeUrlFilter@3027fe42, org.springframework.security.web.context.request.async.WebAsyncManagerIntegrationFilter@410185ec, org.springframework.security.web.context.SecurityContextHolderFilter@9353d68, org.springframework.security.web.header.HeaderWriterFilter@21304869, org.springframework.web.filter.CorsFilter@6f3b4c9a, org.springframework.security.web.authentication.logout.LogoutFilter@12c66345, org.springframework.security.oauth2.client.web.OAuth2AuthorizationRequestRedirectFilter@59e6fb8a, org.springframework.security.oauth2.client.web.OAuth2LoginAuthenticationFilter@6878cd83, com.example.Binarfud.security.jwt.JwtAuthTokenFilter@4960b819, org.springframework.security.web.authentication.UsernamePasswordAuthenticationFilter@6c1e2161, org.springframework.security.web.savedrequest.RequestCacheAwareFilter@770093c5, org.springframework.security.web.servletapi.SecurityContextHolderAwareRequestFilter@785dbe3a, org.springframework.security.web.authentication.AnonymousAuthenticationFilter@bfe49f9, org.springframework.security.web.access.ExceptionTranslationFilter@655c1b, org.springframework.security.web.access.intercept.AuthorizationFilter@5126c0cd]
2024-06-02 16:44:51,567 WARN o.s.s.c.a.w.b.WebSecurity [main] You are asking Spring Security to ignore Mvc [pattern='/webjars/**']. This is not recommended -- please use permitAll via HttpSecurity#authorizeHttpRequests instead.
2024-06-02 16:44:51,568 INFO o.s.s.w.DefaultSecurityFilterChain [main] Will not secure Mvc [pattern='/webjars/**']
2024-06-02 16:44:51,568 WARN o.s.s.c.a.w.b.WebSecurity [main] You are asking Spring Security to ignore Mvc [pattern='/images/**']. This is not recommended -- please use permitAll via HttpSecurity#authorizeHttpRequests instead.
2024-06-02 16:44:51,569 INFO o.s.s.w.DefaultSecurityFilterChain [main] Will not secure Mvc [pattern='/images/**']
2024-06-02 16:44:51,569 WARN o.s.s.c.a.w.b.WebSecurity [main] You are asking Spring Security to ignore Mvc [pattern='/css/**']. This is not recommended -- please use permitAll via HttpSecurity#authorizeHttpRequests instead.
2024-06-02 16:44:51,569 INFO o.s.s.w.DefaultSecurityFilterChain [main] Will not secure Mvc [pattern='/css/**']
2024-06-02 16:44:51,569 WARN o.s.s.c.a.w.b.WebSecurity [main] You are asking Spring Security to ignore Mvc [pattern='/assets/**']. This is not recommended -- please use permitAll via HttpSecurity#authorizeHttpRequests instead.
2024-06-02 16:44:51,569 INFO o.s.s.w.DefaultSecurityFilterChain [main] Will not secure Mvc [pattern='/assets/**']
2024-06-02 16:44:51,571 WARN o.s.s.c.a.w.b.WebSecurity [main] You are asking Spring Security to ignore Mvc [pattern='/favicon.ico']. This is not recommended -- please use permitAll via HttpSecurity#authorizeHttpRequests instead.
2024-06-02 16:44:51,571 INFO o.s.s.w.DefaultSecurityFilterChain [main] Will not secure Mvc [pattern='/favicon.ico']
2024-06-02 16:44:51,646 INFO o.a.j.l.DirectJDKLog [main] Starting ProtocolHandler ["http-nio-8080"]
2024-06-02 16:44:51,686 INFO o.s.b.w.e.t.TomcatWebServer [main] Tomcat started on port 8080 (http) with context path ''
2024-06-02 16:44:51,709 INFO o.s.b.StartupInfoLogger [main] Started BinarfudApplication in 14.758 seconds (process running for 16.066)
