2024-05-31 02:11:26,967 INFO o.s.b.StartupInfoLogger [main] Starting BinarfudApplication using Java 17.0.2 with PID 16956 (D:\synrgy\sinau_java\F-BJV24001115-synrgy7-syi-binarfud-ch5\target\classes started by hp in D:\synrgy\sinau_java\F-BJV24001115-synrgy7-syi-binarfud-ch5)
2024-05-31 02:11:26,975 INFO o.s.b.SpringApplication [main] No active profile set, falling back to 1 default profile: "default"
2024-05-31 02:11:29,577 INFO o.s.d.r.c.RepositoryConfigurationDelegate [main] Bootstrapping Spring Data JPA repositories in DEFAULT mode.
2024-05-31 02:11:29,802 INFO o.s.d.r.c.RepositoryConfigurationDelegate [main] Finished Spring Data repository scanning in 197 ms. Found 6 JPA repository interfaces.
2024-05-31 02:11:31,853 INFO o.s.b.w.e.t.TomcatWebServer [main] Tomcat initialized with port 8080 (http)
2024-05-31 02:11:31,881 INFO o.a.j.l.DirectJDKLog [main] Initializing ProtocolHandler ["http-nio-8080"]
2024-05-31 02:11:31,886 INFO o.a.j.l.DirectJDKLog [main] Starting service [Tomcat]
2024-05-31 02:11:31,886 INFO o.a.j.l.DirectJDKLog [main] Starting Servlet engine: [Apache Tomcat/10.1.20]
2024-05-31 02:11:32,085 INFO o.a.j.l.DirectJDKLog [main] Initializing Spring embedded WebApplicationContext
2024-05-31 02:11:32,094 INFO o.s.b.w.s.c.ServletWebServerApplicationContext [main] Root WebApplicationContext: initialization completed in 5002 ms
2024-05-31 02:11:32,483 INFO o.h.j.i.u.LogHelper [main] HHH000204: Processing PersistenceUnitInfo [name: default]
2024-05-31 02:11:32,632 INFO o.h.Version [main] HHH000412: Hibernate ORM core version 6.4.4.Final
2024-05-31 02:11:32,723 INFO o.h.c.i.RegionFactoryInitiator [main] HHH000026: Second-level cache disabled
2024-05-31 02:11:33,419 INFO o.s.o.j.p.SpringPersistenceUnitInfo [main] No LoadTimeWeaver setup: ignoring JPA class transformer
2024-05-31 02:11:33,505 INFO c.z.h.HikariDataSource [main] HikariPool-1 - Starting...
2024-05-31 02:11:34,021 INFO c.z.h.p.HikariPool [main] HikariPool-1 - Added connection org.postgresql.jdbc.PgConnection@1760e594
2024-05-31 02:11:34,025 INFO c.z.h.HikariDataSource [main] HikariPool-1 - Start completed.
2024-05-31 02:11:34,153 WARN o.h.e.j.d.i.DialectFactoryImpl [main] HHH90000025: PostgreSQLDialect does not need to be specified explicitly using 'hibernate.dialect' (remove the property setting and it will be selected by default)
2024-05-31 02:11:37,834 INFO o.h.e.t.j.p.i.JtaPlatformInitiator [main] HHH000489: No JTA platform available (set 'hibernate.transaction.jta.platform' to enable JTA platform integration)
2024-05-31 02:11:38,153 INFO o.s.o.j.AbstractEntityManagerFactoryBean [main] Initialized JPA EntityManagerFactory for persistence unit 'default'
2024-05-31 02:11:39,189 INFO o.s.d.j.r.q.QueryEnhancerFactory [main] Hibernate is in classpath; If applicable, HQL parser will be used.
2024-05-31 02:11:40,498 WARN o.s.b.a.o.j.JpaBaseConfiguration$JpaWebConfiguration [main] spring.jpa.open-in-view is enabled by default. Therefore, database queries may be performed during view rendering. Explicitly configure spring.jpa.open-in-view to disable this warning
2024-05-31 02:11:41,438 INFO o.s.s.w.DefaultSecurityFilterChain [main] Will secure any request with [org.springframework.security.web.session.DisableEncodeUrlFilter@2b2f8cf, org.springframework.security.web.context.request.async.WebAsyncManagerIntegrationFilter@1def2d16, org.springframework.security.web.context.SecurityContextHolderFilter@51653509, org.springframework.security.web.header.HeaderWriterFilter@411c5fa2, org.springframework.web.filter.CorsFilter@47bcb545, org.springframework.security.web.authentication.logout.LogoutFilter@45b63133, com.example.Binarfud.security.jwt.JwtAuthTokenFilter@451f3f66, org.springframework.security.web.savedrequest.RequestCacheAwareFilter@4df50829, org.springframework.security.web.servletapi.SecurityContextHolderAwareRequestFilter@627a1c77, org.springframework.security.web.authentication.AnonymousAuthenticationFilter@2899745e, org.springframework.security.web.session.SessionManagementFilter@6c9fe061, org.springframework.security.web.access.ExceptionTranslationFilter@5216e43c, org.springframework.security.web.access.intercept.AuthorizationFilter@6dfe4788]
2024-05-31 02:11:42,147 INFO o.a.j.l.DirectJDKLog [main] Starting ProtocolHandler ["http-nio-8080"]
2024-05-31 02:11:42,207 INFO o.s.b.w.e.t.TomcatWebServer [main] Tomcat started on port 8080 (http) with context path ''
2024-05-31 02:11:42,229 INFO o.s.b.StartupInfoLogger [main] Started BinarfudApplication in 16.742 seconds (process running for 17.82)
2024-05-31 02:12:47,110 INFO o.a.j.l.DirectJDKLog [http-nio-8080-exec-2] Initializing Spring DispatcherServlet 'dispatcherServlet'
2024-05-31 02:12:47,110 INFO o.s.w.s.FrameworkServlet [http-nio-8080-exec-2] Initializing Servlet 'dispatcherServlet'
2024-05-31 02:12:47,143 INFO o.s.w.s.FrameworkServlet [http-nio-8080-exec-2] Completed initialization in 28 ms
2024-05-31 02:13:23,410 INFO c.e.B.c.AuthController [http-nio-8080-exec-8] loginRequestDto: LoginRequestDTO(username=asep6, password=123)
2024-05-31 02:13:23,796 INFO c.e.B.c.AuthController [http-nio-8080-exec-8] authentication: UsernamePasswordAuthenticationToken [Principal=UserDetailsImpl(username=asep6, password=$2a$10$4Wnyh6c6TpiK4979IEgNmeVUbfLWTk2CmAQ3yofz8oGe1dCuiXY9G, authorities=[]), Credentials=[PROTECTED], Authenticated=true, Details=null, Granted Authorities=[]]
