2024-05-03 20:44:37,427 INFO o.s.o.j.AbstractEntityManagerFactoryBean [SpringApplicationShutdownHook] Closing JPA EntityManagerFactory for persistence unit 'default'
2024-05-03 20:44:37,474 INFO c.z.h.HikariDataSource [SpringApplicationShutdownHook] HikariPool-1 - Shutdown initiated...
2024-05-03 20:44:37,494 INFO c.z.h.HikariDataSource [SpringApplicationShutdownHook] HikariPool-1 - Shutdown completed.
2024-05-03 20:44:46,660 INFO o.s.b.StartupInfoLogger [main] Starting BinarfudApplication using Java 17.0.2 with PID 23408 (D:\synrgy\sinau_java\F-BJV24001115-synrgy7-syi-binarfud-ch4\target\classes started by hp in D:\synrgy\sinau_java\F-BJV24001115-synrgy7-syi-binarfud-ch4)
2024-05-03 20:44:46,665 INFO o.s.b.SpringApplication [main] No active profile set, falling back to 1 default profile: "default"
2024-05-03 20:44:48,129 INFO o.s.d.r.c.RepositoryConfigurationDelegate [main] Bootstrapping Spring Data JPA repositories in DEFAULT mode.
2024-05-03 20:44:48,275 INFO o.s.d.r.c.RepositoryConfigurationDelegate [main] Finished Spring Data repository scanning in 125 ms. Found 5 JPA repository interfaces.
2024-05-03 20:44:49,373 INFO o.s.b.w.e.t.TomcatWebServer [main] Tomcat initialized with port 8080 (http)
2024-05-03 20:44:49,398 INFO o.a.j.l.DirectJDKLog [main] Initializing ProtocolHandler ["http-nio-8080"]
2024-05-03 20:44:49,405 INFO o.a.j.l.DirectJDKLog [main] Starting service [Tomcat]
2024-05-03 20:44:49,406 INFO o.a.j.l.DirectJDKLog [main] Starting Servlet engine: [Apache Tomcat/10.1.20]
2024-05-03 20:44:49,525 INFO o.a.j.l.DirectJDKLog [main] Initializing Spring embedded WebApplicationContext
2024-05-03 20:44:49,527 INFO o.s.b.w.s.c.ServletWebServerApplicationContext [main] Root WebApplicationContext: initialization completed in 2751 ms
2024-05-03 20:44:49,880 INFO o.h.j.i.u.LogHelper [main] HHH000204: Processing PersistenceUnitInfo [name: default]
2024-05-03 20:44:50,030 INFO o.h.Version [main] HHH000412: Hibernate ORM core version 6.4.4.Final
2024-05-03 20:44:50,117 INFO o.h.c.i.RegionFactoryInitiator [main] HHH000026: Second-level cache disabled
2024-05-03 20:44:50,667 INFO o.s.o.j.p.SpringPersistenceUnitInfo [main] No LoadTimeWeaver setup: ignoring JPA class transformer
2024-05-03 20:44:50,723 INFO c.z.h.HikariDataSource [main] HikariPool-1 - Starting...
2024-05-03 20:44:51,071 INFO c.z.h.p.HikariPool [main] HikariPool-1 - Added connection org.postgresql.jdbc.PgConnection@7606bd03
2024-05-03 20:44:51,075 INFO c.z.h.HikariDataSource [main] HikariPool-1 - Start completed.
2024-05-03 20:44:51,153 WARN o.h.e.j.d.i.DialectFactoryImpl [main] HHH90000025: PostgreSQLDialect does not need to be specified explicitly using 'hibernate.dialect' (remove the property setting and it will be selected by default)
2024-05-03 20:44:53,039 INFO o.h.e.t.j.p.i.JtaPlatformInitiator [main] HHH000489: No JTA platform available (set 'hibernate.transaction.jta.platform' to enable JTA platform integration)
2024-05-03 20:44:53,295 INFO o.s.o.j.AbstractEntityManagerFactoryBean [main] Initialized JPA EntityManagerFactory for persistence unit 'default'
2024-05-03 20:44:53,820 INFO o.s.d.j.r.q.QueryEnhancerFactory [main] Hibernate is in classpath; If applicable, HQL parser will be used.
2024-05-03 20:44:54,065 WARN o.s.b.a.o.j.JpaBaseConfiguration$JpaWebConfiguration [main] spring.jpa.open-in-view is enabled by default. Therefore, database queries may be performed during view rendering. Explicitly configure spring.jpa.open-in-view to disable this warning
2024-05-03 20:44:54,779 INFO o.a.j.l.DirectJDKLog [main] Starting ProtocolHandler ["http-nio-8080"]
2024-05-03 20:44:54,828 INFO o.s.b.w.e.t.TomcatWebServer [main] Tomcat started on port 8080 (http) with context path ''
2024-05-03 20:44:54,848 INFO o.s.b.StartupInfoLogger [main] Started BinarfudApplication in 9.329 seconds (process running for 10.115)
2024-05-03 20:45:12,137 INFO o.a.j.l.DirectJDKLog [http-nio-8080-exec-1] Initializing Spring DispatcherServlet 'dispatcherServlet'
2024-05-03 20:45:12,138 INFO o.s.w.s.FrameworkServlet [http-nio-8080-exec-1] Initializing Servlet 'dispatcherServlet'
2024-05-03 20:45:12,139 INFO o.s.w.s.FrameworkServlet [http-nio-8080-exec-1] Completed initialization in 1 ms
2024-05-03 20:45:12,547 INFO c.e.B.s.ProductService [http-nio-8080-exec-1] Products: Page 1 of 1 containing com.example.Binarfud.model.Product instances
2024-05-03 20:45:12,599 WARN o.s.w.s.h.AbstractHandlerExceptionResolver [http-nio-8080-exec-1] Resolved [org.springframework.web.HttpMediaTypeNotAcceptableException: No acceptable representation]
2024-05-03 20:45:17,643 INFO c.e.B.s.ProductService [http-nio-8080-exec-3] Products: Page 1 of 1 containing com.example.Binarfud.model.Product instances
2024-05-03 20:45:17,645 WARN o.s.w.s.h.AbstractHandlerExceptionResolver [http-nio-8080-exec-3] Resolved [org.springframework.web.HttpMediaTypeNotAcceptableException: No acceptable representation]
2024-05-03 20:45:49,435 INFO c.e.B.s.ProductService [http-nio-8080-exec-4] Products: Page 1 of 1 containing com.example.Binarfud.model.Product instances
2024-05-03 20:45:49,436 WARN o.s.w.s.h.AbstractHandlerExceptionResolver [http-nio-8080-exec-4] Resolved [org.springframework.web.HttpMediaTypeNotAcceptableException: No acceptable representation]
2024-05-03 20:46:31,416 INFO o.s.o.j.AbstractEntityManagerFactoryBean [SpringApplicationShutdownHook] Closing JPA EntityManagerFactory for persistence unit 'default'
2024-05-03 20:46:31,420 INFO c.z.h.HikariDataSource [SpringApplicationShutdownHook] HikariPool-1 - Shutdown initiated...
2024-05-03 20:46:31,433 INFO c.z.h.HikariDataSource [SpringApplicationShutdownHook] HikariPool-1 - Shutdown completed.
