2024-06-30 19:29:35,812 INFO o.s.b.StartupInfoLogger [main] Starting BinarfudApplication using Java 17.0.2 with PID 23588 (D:\synrgy\sinau_java\F-BJV24001115-synrgy7-syi-binarfud-ch7\Binarfud\target\classes started by hp in D:\synrgy\sinau_java\F-BJV24001115-synrgy7-syi-binarfud-ch7\Binarfud)
2024-06-30 19:29:35,826 INFO o.s.b.SpringApplication [main] No active profile set, falling back to 1 default profile: "default"
2024-06-30 19:29:38,180 INFO o.s.d.r.c.RepositoryConfigurationDelegate [main] Bootstrapping Spring Data JPA repositories in DEFAULT mode.
2024-06-30 19:29:38,368 INFO o.s.d.r.c.RepositoryConfigurationDelegate [main] Finished Spring Data repository scanning in 168 ms. Found 7 JPA repository interfaces.
2024-06-30 19:29:40,134 INFO o.s.b.w.e.t.TomcatWebServer [main] Tomcat initialized with port 8080 (http)
2024-06-30 19:29:40,158 INFO o.a.j.l.DirectJDKLog [main] Initializing ProtocolHandler ["http-nio-8080"]
2024-06-30 19:29:40,170 INFO o.a.j.l.DirectJDKLog [main] Starting service [Tomcat]
2024-06-30 19:29:40,170 INFO o.a.j.l.DirectJDKLog [main] Starting Servlet engine: [Apache Tomcat/10.1.20]
2024-06-30 19:29:40,452 INFO o.a.j.l.DirectJDKLog [main] Initializing Spring embedded WebApplicationContext
2024-06-30 19:29:40,452 INFO o.s.b.w.s.c.ServletWebServerApplicationContext [main] Root WebApplicationContext: initialization completed in 4512 ms
2024-06-30 19:29:40,824 INFO o.h.j.i.u.LogHelper [main] HHH000204: Processing PersistenceUnitInfo [name: default]
2024-06-30 19:29:41,066 INFO o.h.Version [main] HHH000412: Hibernate ORM core version 6.4.4.Final
2024-06-30 19:29:41,157 INFO o.h.c.i.RegionFactoryInitiator [main] HHH000026: Second-level cache disabled
2024-06-30 19:29:41,775 INFO o.s.o.j.p.SpringPersistenceUnitInfo [main] No LoadTimeWeaver setup: ignoring JPA class transformer
2024-06-30 19:29:41,859 INFO c.z.h.HikariDataSource [main] HikariPool-1 - Starting...
2024-06-30 19:29:43,157 INFO c.z.h.p.HikariPool [main] HikariPool-1 - Added connection org.postgresql.jdbc.PgConnection@470135da
2024-06-30 19:29:43,160 INFO c.z.h.HikariDataSource [main] HikariPool-1 - Start completed.
2024-06-30 19:29:43,269 WARN o.h.e.j.d.i.DialectFactoryImpl [main] HHH90000025: PostgreSQLDialect does not need to be specified explicitly using 'hibernate.dialect' (remove the property setting and it will be selected by default)
2024-06-30 19:29:44,800 INFO o.h.e.t.j.p.i.JtaPlatformInitiator [main] HHH000489: No JTA platform available (set 'hibernate.transaction.jta.platform' to enable JTA platform integration)
2024-06-30 19:29:46,408 INFO o.s.o.j.AbstractEntityManagerFactoryBean [main] Initialized JPA EntityManagerFactory for persistence unit 'default'
2024-06-30 19:29:47,431 INFO o.s.d.j.r.q.QueryEnhancerFactory [main] Hibernate is in classpath; If applicable, HQL parser will be used.
2024-06-30 19:29:48,474 INFO c.e.B.s.FCMInitializer [main] Firebase application has been initialized
2024-06-30 19:29:49,144 WARN o.s.b.a.o.j.JpaBaseConfiguration$JpaWebConfiguration [main] spring.jpa.open-in-view is enabled by default. Therefore, database queries may be performed during view rendering. Explicitly configure spring.jpa.open-in-view to disable this warning
2024-06-30 19:29:50,121 INFO o.s.s.w.DefaultSecurityFilterChain [main] Will secure any request with [org.springframework.security.web.session.DisableEncodeUrlFilter@2cfde5a4, org.springframework.security.web.context.request.async.WebAsyncManagerIntegrationFilter@339b1c34, org.springframework.security.web.context.SecurityContextHolderFilter@48adb967, org.springframework.security.web.header.HeaderWriterFilter@69765d94, org.springframework.web.filter.CorsFilter@5b4fd31f, org.springframework.security.web.authentication.logout.LogoutFilter@2de4045a, org.springframework.security.oauth2.client.web.OAuth2AuthorizationRequestRedirectFilter@20a1c8a1, org.springframework.security.oauth2.client.web.OAuth2LoginAuthenticationFilter@64d19dad, com.example.Binarfud.security.jwt.JwtAuthTokenFilter@1509bd56, org.springframework.security.web.authentication.UsernamePasswordAuthenticationFilter@23f6a18d, org.springframework.security.web.savedrequest.RequestCacheAwareFilter@631f188a, org.springframework.security.web.servletapi.SecurityContextHolderAwareRequestFilter@285bee4e, org.springframework.security.web.authentication.AnonymousAuthenticationFilter@4c697c25, org.springframework.security.web.access.ExceptionTranslationFilter@13e6b26c, org.springframework.security.web.access.intercept.AuthorizationFilter@6e8e1a98]
2024-06-30 19:29:50,797 WARN o.s.s.c.a.w.b.WebSecurity [main] You are asking Spring Security to ignore Mvc [pattern='/webjars/**']. This is not recommended -- please use permitAll via HttpSecurity#authorizeHttpRequests instead.
2024-06-30 19:29:50,797 INFO o.s.s.w.DefaultSecurityFilterChain [main] Will not secure Mvc [pattern='/webjars/**']
2024-06-30 19:29:50,802 WARN o.s.s.c.a.w.b.WebSecurity [main] You are asking Spring Security to ignore Mvc [pattern='/images/**']. This is not recommended -- please use permitAll via HttpSecurity#authorizeHttpRequests instead.
2024-06-30 19:29:50,802 INFO o.s.s.w.DefaultSecurityFilterChain [main] Will not secure Mvc [pattern='/images/**']
2024-06-30 19:29:50,802 WARN o.s.s.c.a.w.b.WebSecurity [main] You are asking Spring Security to ignore Mvc [pattern='/css/**']. This is not recommended -- please use permitAll via HttpSecurity#authorizeHttpRequests instead.
2024-06-30 19:29:50,802 INFO o.s.s.w.DefaultSecurityFilterChain [main] Will not secure Mvc [pattern='/css/**']
2024-06-30 19:29:50,802 WARN o.s.s.c.a.w.b.WebSecurity [main] You are asking Spring Security to ignore Mvc [pattern='/assets/**']. This is not recommended -- please use permitAll via HttpSecurity#authorizeHttpRequests instead.
2024-06-30 19:29:50,802 INFO o.s.s.w.DefaultSecurityFilterChain [main] Will not secure Mvc [pattern='/assets/**']
2024-06-30 19:29:50,802 WARN o.s.s.c.a.w.b.WebSecurity [main] You are asking Spring Security to ignore Mvc [pattern='/favicon.ico']. This is not recommended -- please use permitAll via HttpSecurity#authorizeHttpRequests instead.
2024-06-30 19:29:50,802 INFO o.s.s.w.DefaultSecurityFilterChain [main] Will not secure Mvc [pattern='/favicon.ico']
2024-06-30 19:29:50,900 INFO o.a.j.l.DirectJDKLog [main] Starting ProtocolHandler ["http-nio-8080"]
2024-06-30 19:29:50,941 INFO o.s.b.w.e.t.TomcatWebServer [main] Tomcat started on port 8080 (http) with context path ''
2024-06-30 19:29:51,028 INFO o.a.k.c.c.AbstractConfig [main] ConsumerConfig values: 
	allow.auto.create.topics = true
	auto.commit.interval.ms = 5000
	auto.include.jmx.reporter = true
	auto.offset.reset = latest
	bootstrap.servers = [localhost:9092]
	check.crcs = true
	client.dns.lookup = use_all_dns_ips
	client.id = consumer-binarfudgroup-1
	client.rack = 
	connections.max.idle.ms = 540000
	default.api.timeout.ms = 60000
	enable.auto.commit = false
	exclude.internal.topics = true
	fetch.max.bytes = 52428800
	fetch.max.wait.ms = 500
	fetch.min.bytes = 1
	group.id = binarfudgroup
	group.instance.id = null
	heartbeat.interval.ms = 3000
	interceptor.classes = []
	internal.leave.group.on.close = true
	internal.throw.on.fetch.stable.offset.unsupported = false
	isolation.level = read_uncommitted
	key.deserializer = class org.apache.kafka.common.serialization.StringDeserializer
	max.partition.fetch.bytes = 1048576
	max.poll.interval.ms = 300000
	max.poll.records = 500
	metadata.max.age.ms = 300000
	metric.reporters = []
	metrics.num.samples = 2
	metrics.recording.level = INFO
	metrics.sample.window.ms = 30000
	partition.assignment.strategy = [class org.apache.kafka.clients.consumer.RangeAssignor, class org.apache.kafka.clients.consumer.CooperativeStickyAssignor]
	receive.buffer.bytes = 65536
	reconnect.backoff.max.ms = 1000
	reconnect.backoff.ms = 50
	request.timeout.ms = 30000
	retry.backoff.ms = 100
	sasl.client.callback.handler.class = null
	sasl.jaas.config = null
	sasl.kerberos.kinit.cmd = /usr/bin/kinit
	sasl.kerberos.min.time.before.relogin = 60000
	sasl.kerberos.service.name = null
	sasl.kerberos.ticket.renew.jitter = 0.05
	sasl.kerberos.ticket.renew.window.factor = 0.8
	sasl.login.callback.handler.class = null
	sasl.login.class = null
	sasl.login.connect.timeout.ms = null
	sasl.login.read.timeout.ms = null
	sasl.login.refresh.buffer.seconds = 300
	sasl.login.refresh.min.period.seconds = 60
	sasl.login.refresh.window.factor = 0.8
	sasl.login.refresh.window.jitter = 0.05
	sasl.login.retry.backoff.max.ms = 10000
	sasl.login.retry.backoff.ms = 100
	sasl.mechanism = GSSAPI
	sasl.oauthbearer.clock.skew.seconds = 30
	sasl.oauthbearer.expected.audience = null
	sasl.oauthbearer.expected.issuer = null
	sasl.oauthbearer.jwks.endpoint.refresh.ms = 3600000
	sasl.oauthbearer.jwks.endpoint.retry.backoff.max.ms = 10000
	sasl.oauthbearer.jwks.endpoint.retry.backoff.ms = 100
	sasl.oauthbearer.jwks.endpoint.url = null
	sasl.oauthbearer.scope.claim.name = scope
	sasl.oauthbearer.sub.claim.name = sub
	sasl.oauthbearer.token.endpoint.url = null
	security.protocol = PLAINTEXT
	security.providers = null
	send.buffer.bytes = 131072
	session.timeout.ms = 45000
	socket.connection.setup.timeout.max.ms = 30000
	socket.connection.setup.timeout.ms = 10000
	ssl.cipher.suites = null
	ssl.enabled.protocols = [TLSv1.2, TLSv1.3]
	ssl.endpoint.identification.algorithm = https
	ssl.engine.factory.class = null
	ssl.key.password = null
	ssl.keymanager.algorithm = SunX509
	ssl.keystore.certificate.chain = null
	ssl.keystore.key = null
	ssl.keystore.location = null
	ssl.keystore.password = null
	ssl.keystore.type = JKS
	ssl.protocol = TLSv1.3
	ssl.provider = null
	ssl.secure.random.implementation = null
	ssl.trustmanager.algorithm = PKIX
	ssl.truststore.certificates = null
	ssl.truststore.location = null
	ssl.truststore.password = null
	ssl.truststore.type = JKS
	value.deserializer = class org.apache.kafka.common.serialization.StringDeserializer

2024-06-30 19:29:51,392 INFO o.a.k.c.u.AppInfoParser$AppInfo [main] Kafka version: 3.6.2
2024-06-30 19:29:51,392 INFO o.a.k.c.u.AppInfoParser$AppInfo [main] Kafka commitId: c4deed513057c94e
2024-06-30 19:29:51,393 INFO o.a.k.c.u.AppInfoParser$AppInfo [main] Kafka startTimeMs: 1719750591389
2024-06-30 19:29:51,401 INFO o.a.k.c.c.KafkaConsumer [main] [Consumer clientId=consumer-binarfudgroup-1, groupId=binarfudgroup] Subscribed to topic(s): order
2024-06-30 19:29:51,440 INFO o.s.b.StartupInfoLogger [main] Started BinarfudApplication in 16.938 seconds (process running for 18.322)
2024-06-30 19:29:52,050 INFO o.a.k.c.NetworkClient [org.springframework.kafka.KafkaListenerEndpointContainer#0-0-C-1] [Consumer clientId=consumer-binarfudgroup-1, groupId=binarfudgroup] Node -1 disconnected.
2024-06-30 19:29:52,053 WARN o.a.k.c.NetworkClient [org.springframework.kafka.KafkaListenerEndpointContainer#0-0-C-1] [Consumer clientId=consumer-binarfudgroup-1, groupId=binarfudgroup] Connection to node -1 (localhost/127.0.0.1:9092) could not be established. Broker may not be available.
2024-06-30 19:29:52,053 WARN o.a.k.c.NetworkClient$DefaultMetadataUpdater [org.springframework.kafka.KafkaListenerEndpointContainer#0-0-C-1] [Consumer clientId=consumer-binarfudgroup-1, groupId=binarfudgroup] Bootstrap broker localhost:9092 (id: -1 rack: null) disconnected
2024-06-30 19:29:52,153 INFO o.a.k.c.NetworkClient [org.springframework.kafka.KafkaListenerEndpointContainer#0-0-C-1] [Consumer clientId=consumer-binarfudgroup-1, groupId=binarfudgroup] Node -1 disconnected.
2024-06-30 19:29:52,153 WARN o.a.k.c.NetworkClient [org.springframework.kafka.KafkaListenerEndpointContainer#0-0-C-1] [Consumer clientId=consumer-binarfudgroup-1, groupId=binarfudgroup] Connection to node -1 (localhost/127.0.0.1:9092) could not be established. Broker may not be available.
2024-06-30 19:29:52,153 WARN o.a.k.c.NetworkClient$DefaultMetadataUpdater [org.springframework.kafka.KafkaListenerEndpointContainer#0-0-C-1] [Consumer clientId=consumer-binarfudgroup-1, groupId=binarfudgroup] Bootstrap broker localhost:9092 (id: -1 rack: null) disconnected
2024-06-30 19:29:52,260 INFO o.a.k.c.NetworkClient [org.springframework.kafka.KafkaListenerEndpointContainer#0-0-C-1] [Consumer clientId=consumer-binarfudgroup-1, groupId=binarfudgroup] Node -1 disconnected.
2024-06-30 19:29:52,260 WARN o.a.k.c.NetworkClient [org.springframework.kafka.KafkaListenerEndpointContainer#0-0-C-1] [Consumer clientId=consumer-binarfudgroup-1, groupId=binarfudgroup] Connection to node -1 (localhost/127.0.0.1:9092) could not be established. Broker may not be available.
2024-06-30 19:29:52,260 WARN o.a.k.c.NetworkClient$DefaultMetadataUpdater [org.springframework.kafka.KafkaListenerEndpointContainer#0-0-C-1] [Consumer clientId=consumer-binarfudgroup-1, groupId=binarfudgroup] Bootstrap broker localhost:9092 (id: -1 rack: null) disconnected
2024-06-30 19:29:52,482 INFO o.a.k.c.NetworkClient [org.springframework.kafka.KafkaListenerEndpointContainer#0-0-C-1] [Consumer clientId=consumer-binarfudgroup-1, groupId=binarfudgroup] Node -1 disconnected.
2024-06-30 19:29:52,482 WARN o.a.k.c.NetworkClient [org.springframework.kafka.KafkaListenerEndpointContainer#0-0-C-1] [Consumer clientId=consumer-binarfudgroup-1, groupId=binarfudgroup] Connection to node -1 (localhost/127.0.0.1:9092) could not be established. Broker may not be available.
2024-06-30 19:29:52,482 WARN o.a.k.c.NetworkClient$DefaultMetadataUpdater [org.springframework.kafka.KafkaListenerEndpointContainer#0-0-C-1] [Consumer clientId=consumer-binarfudgroup-1, groupId=binarfudgroup] Bootstrap broker localhost:9092 (id: -1 rack: null) disconnected
2024-06-30 19:29:52,829 INFO o.a.k.c.NetworkClient [org.springframework.kafka.KafkaListenerEndpointContainer#0-0-C-1] [Consumer clientId=consumer-binarfudgroup-1, groupId=binarfudgroup] Node -1 disconnected.
2024-06-30 19:29:52,829 WARN o.a.k.c.NetworkClient [org.springframework.kafka.KafkaListenerEndpointContainer#0-0-C-1] [Consumer clientId=consumer-binarfudgroup-1, groupId=binarfudgroup] Connection to node -1 (localhost/127.0.0.1:9092) could not be established. Broker may not be available.
2024-06-30 19:29:52,829 WARN o.a.k.c.NetworkClient$DefaultMetadataUpdater [org.springframework.kafka.KafkaListenerEndpointContainer#0-0-C-1] [Consumer clientId=consumer-binarfudgroup-1, groupId=binarfudgroup] Bootstrap broker localhost:9092 (id: -1 rack: null) disconnected
2024-06-30 19:29:53,546 INFO o.a.k.c.NetworkClient [org.springframework.kafka.KafkaListenerEndpointContainer#0-0-C-1] [Consumer clientId=consumer-binarfudgroup-1, groupId=binarfudgroup] Node -1 disconnected.
2024-06-30 19:29:53,546 WARN o.a.k.c.NetworkClient [org.springframework.kafka.KafkaListenerEndpointContainer#0-0-C-1] [Consumer clientId=consumer-binarfudgroup-1, groupId=binarfudgroup] Connection to node -1 (localhost/127.0.0.1:9092) could not be established. Broker may not be available.
2024-06-30 19:29:53,546 WARN o.a.k.c.NetworkClient$DefaultMetadataUpdater [org.springframework.kafka.KafkaListenerEndpointContainer#0-0-C-1] [Consumer clientId=consumer-binarfudgroup-1, groupId=binarfudgroup] Bootstrap broker localhost:9092 (id: -1 rack: null) disconnected
2024-06-30 19:29:54,646 INFO o.a.k.c.NetworkClient [org.springframework.kafka.KafkaListenerEndpointContainer#0-0-C-1] [Consumer clientId=consumer-binarfudgroup-1, groupId=binarfudgroup] Node -1 disconnected.
2024-06-30 19:29:54,648 WARN o.a.k.c.NetworkClient [org.springframework.kafka.KafkaListenerEndpointContainer#0-0-C-1] [Consumer clientId=consumer-binarfudgroup-1, groupId=binarfudgroup] Connection to node -1 (localhost/127.0.0.1:9092) could not be established. Broker may not be available.
2024-06-30 19:29:54,648 WARN o.a.k.c.NetworkClient$DefaultMetadataUpdater [org.springframework.kafka.KafkaListenerEndpointContainer#0-0-C-1] [Consumer clientId=consumer-binarfudgroup-1, groupId=binarfudgroup] Bootstrap broker localhost:9092 (id: -1 rack: null) disconnected
2024-06-30 19:29:55,796 INFO o.a.k.c.NetworkClient [org.springframework.kafka.KafkaListenerEndpointContainer#0-0-C-1] [Consumer clientId=consumer-binarfudgroup-1, groupId=binarfudgroup] Node -1 disconnected.
2024-06-30 19:29:55,797 WARN o.a.k.c.NetworkClient [org.springframework.kafka.KafkaListenerEndpointContainer#0-0-C-1] [Consumer clientId=consumer-binarfudgroup-1, groupId=binarfudgroup] Connection to node -1 (localhost/127.0.0.1:9092) could not be established. Broker may not be available.
2024-06-30 19:29:55,797 WARN o.a.k.c.NetworkClient$DefaultMetadataUpdater [org.springframework.kafka.KafkaListenerEndpointContainer#0-0-C-1] [Consumer clientId=consumer-binarfudgroup-1, groupId=binarfudgroup] Bootstrap broker localhost:9092 (id: -1 rack: null) disconnected
2024-06-30 19:29:56,956 INFO o.a.k.c.NetworkClient [org.springframework.kafka.KafkaListenerEndpointContainer#0-0-C-1] [Consumer clientId=consumer-binarfudgroup-1, groupId=binarfudgroup] Node -1 disconnected.
2024-06-30 19:29:56,956 WARN o.a.k.c.NetworkClient [org.springframework.kafka.KafkaListenerEndpointContainer#0-0-C-1] [Consumer clientId=consumer-binarfudgroup-1, groupId=binarfudgroup] Connection to node -1 (localhost/127.0.0.1:9092) could not be established. Broker may not be available.
2024-06-30 19:29:56,956 WARN o.a.k.c.NetworkClient$DefaultMetadataUpdater [org.springframework.kafka.KafkaListenerEndpointContainer#0-0-C-1] [Consumer clientId=consumer-binarfudgroup-1, groupId=binarfudgroup] Bootstrap broker localhost:9092 (id: -1 rack: null) disconnected
2024-06-30 19:29:58,309 INFO o.a.k.c.Metadata [org.springframework.kafka.KafkaListenerEndpointContainer#0-0-C-1] [Consumer clientId=consumer-binarfudgroup-1, groupId=binarfudgroup] Cluster ID: uzENuvuPRe6Mjhk94roBwg
2024-06-30 19:29:58,329 INFO o.a.k.c.c.i.AbstractCoordinator$FindCoordinatorResponseHandler [org.springframework.kafka.KafkaListenerEndpointContainer#0-0-C-1] [Consumer clientId=consumer-binarfudgroup-1, groupId=binarfudgroup] Discovered group coordinator LAPTOP-0IHDEQKP:9092 (id: 2147483647 rack: null)
2024-06-30 19:29:58,333 INFO o.a.k.c.c.i.AbstractCoordinator [org.springframework.kafka.KafkaListenerEndpointContainer#0-0-C-1] [Consumer clientId=consumer-binarfudgroup-1, groupId=binarfudgroup] (Re-)joining group
2024-06-30 19:29:58,374 INFO o.a.k.c.c.i.AbstractCoordinator [org.springframework.kafka.KafkaListenerEndpointContainer#0-0-C-1] [Consumer clientId=consumer-binarfudgroup-1, groupId=binarfudgroup] Request joining group due to: need to re-join with the given member-id: consumer-binarfudgroup-1-e36c72f5-275f-4e0e-8595-81f50eae5e2e
2024-06-30 19:29:58,374 INFO o.a.k.c.c.i.AbstractCoordinator [org.springframework.kafka.KafkaListenerEndpointContainer#0-0-C-1] [Consumer clientId=consumer-binarfudgroup-1, groupId=binarfudgroup] Request joining group due to: rebalance failed due to 'The group member needs to have a valid member id before actually entering a consumer group.' (MemberIdRequiredException)
2024-06-30 19:29:58,374 INFO o.a.k.c.c.i.AbstractCoordinator [org.springframework.kafka.KafkaListenerEndpointContainer#0-0-C-1] [Consumer clientId=consumer-binarfudgroup-1, groupId=binarfudgroup] (Re-)joining group
2024-06-30 19:30:10,287 INFO o.a.k.c.NetworkClient [org.springframework.kafka.KafkaListenerEndpointContainer#0-0-C-1] [Consumer clientId=consumer-binarfudgroup-1, groupId=binarfudgroup] Node 0 disconnected.
2024-06-30 19:30:10,293 INFO o.a.k.c.NetworkClient [org.springframework.kafka.KafkaListenerEndpointContainer#0-0-C-1] [Consumer clientId=consumer-binarfudgroup-1, groupId=binarfudgroup] Node 2147483647 disconnected.
2024-06-30 19:30:10,293 INFO o.a.k.c.NetworkClient [org.springframework.kafka.KafkaListenerEndpointContainer#0-0-C-1] [Consumer clientId=consumer-binarfudgroup-1, groupId=binarfudgroup] Cancelled in-flight JOIN_GROUP request with correlation id 7 due to node 2147483647 being disconnected (elapsed time since creation: 11919ms, elapsed time since send: 11919ms, request timeout: 305000ms)
2024-06-30 19:30:10,293 INFO o.a.k.c.NetworkClient [org.springframework.kafka.KafkaListenerEndpointContainer#0-0-C-1] [Consumer clientId=consumer-binarfudgroup-1, groupId=binarfudgroup] Node -1 disconnected.
2024-06-30 19:30:10,293 INFO o.a.k.c.c.i.AbstractCoordinator [org.springframework.kafka.KafkaListenerEndpointContainer#0-0-C-1] [Consumer clientId=consumer-binarfudgroup-1, groupId=binarfudgroup] Group coordinator LAPTOP-0IHDEQKP:9092 (id: 2147483647 rack: null) is unavailable or invalid due to cause: null. isDisconnected: true. Rediscovery will be attempted.
2024-06-30 19:30:10,293 INFO o.a.k.c.c.i.AbstractCoordinator [org.springframework.kafka.KafkaListenerEndpointContainer#0-0-C-1] [Consumer clientId=consumer-binarfudgroup-1, groupId=binarfudgroup] Request joining group due to: rebalance failed due to 'null' (DisconnectException)
2024-06-30 19:30:12,412 INFO o.a.k.c.NetworkClient [org.springframework.kafka.KafkaListenerEndpointContainer#0-0-C-1] [Consumer clientId=consumer-binarfudgroup-1, groupId=binarfudgroup] Node 0 disconnected.
2024-06-30 19:30:12,412 WARN o.a.k.c.NetworkClient [org.springframework.kafka.KafkaListenerEndpointContainer#0-0-C-1] [Consumer clientId=consumer-binarfudgroup-1, groupId=binarfudgroup] Connection to node 0 (LAPTOP-0IHDEQKP/172.16.0.2:9092) could not be established. Broker may not be available.
2024-06-30 19:30:14,594 INFO o.a.k.c.NetworkClient [org.springframework.kafka.KafkaListenerEndpointContainer#0-0-C-1] [Consumer clientId=consumer-binarfudgroup-1, groupId=binarfudgroup] Node 0 disconnected.
2024-06-30 19:30:14,594 WARN o.a.k.c.NetworkClient [org.springframework.kafka.KafkaListenerEndpointContainer#0-0-C-1] [Consumer clientId=consumer-binarfudgroup-1, groupId=binarfudgroup] Connection to node 0 (LAPTOP-0IHDEQKP/172.30.144.1:9092) could not be established. Broker may not be available.
2024-06-30 19:30:16,804 INFO o.a.k.c.NetworkClient [org.springframework.kafka.KafkaListenerEndpointContainer#0-0-C-1] [Consumer clientId=consumer-binarfudgroup-1, groupId=binarfudgroup] Node 0 disconnected.
2024-06-30 19:30:16,804 WARN o.a.k.c.NetworkClient [org.springframework.kafka.KafkaListenerEndpointContainer#0-0-C-1] [Consumer clientId=consumer-binarfudgroup-1, groupId=binarfudgroup] Connection to node 0 (LAPTOP-0IHDEQKP/10.200.83.88:9092) could not be established. Broker may not be available.
2024-06-30 19:30:19,298 INFO o.a.k.c.NetworkClient [org.springframework.kafka.KafkaListenerEndpointContainer#0-0-C-1] [Consumer clientId=consumer-binarfudgroup-1, groupId=binarfudgroup] Node 0 disconnected.
2024-06-30 19:30:19,299 WARN o.a.k.c.NetworkClient [org.springframework.kafka.KafkaListenerEndpointContainer#0-0-C-1] [Consumer clientId=consumer-binarfudgroup-1, groupId=binarfudgroup] Connection to node 0 (LAPTOP-0IHDEQKP/172.16.0.2:9092) could not be established. Broker may not be available.
2024-06-30 19:30:22,264 INFO o.a.k.c.NetworkClient [org.springframework.kafka.KafkaListenerEndpointContainer#0-0-C-1] [Consumer clientId=consumer-binarfudgroup-1, groupId=binarfudgroup] Node 0 disconnected.
2024-06-30 19:30:22,264 WARN o.a.k.c.NetworkClient [org.springframework.kafka.KafkaListenerEndpointContainer#0-0-C-1] [Consumer clientId=consumer-binarfudgroup-1, groupId=binarfudgroup] Connection to node 0 (LAPTOP-0IHDEQKP/172.30.144.1:9092) could not be established. Broker may not be available.
2024-06-30 19:30:25,381 INFO o.a.k.c.NetworkClient [org.springframework.kafka.KafkaListenerEndpointContainer#0-0-C-1] [Consumer clientId=consumer-binarfudgroup-1, groupId=binarfudgroup] Node 0 disconnected.
2024-06-30 19:30:25,382 WARN o.a.k.c.NetworkClient [org.springframework.kafka.KafkaListenerEndpointContainer#0-0-C-1] [Consumer clientId=consumer-binarfudgroup-1, groupId=binarfudgroup] Connection to node 0 (LAPTOP-0IHDEQKP/10.200.83.88:9092) could not be established. Broker may not be available.
2024-06-30 19:30:28,611 INFO o.a.k.c.NetworkClient [org.springframework.kafka.KafkaListenerEndpointContainer#0-0-C-1] [Consumer clientId=consumer-binarfudgroup-1, groupId=binarfudgroup] Node 0 disconnected.
2024-06-30 19:30:28,611 WARN o.a.k.c.NetworkClient [org.springframework.kafka.KafkaListenerEndpointContainer#0-0-C-1] [Consumer clientId=consumer-binarfudgroup-1, groupId=binarfudgroup] Connection to node 0 (LAPTOP-0IHDEQKP/172.16.0.2:9092) could not be established. Broker may not be available.
2024-06-30 19:30:31,841 INFO o.a.k.c.NetworkClient [org.springframework.kafka.KafkaListenerEndpointContainer#0-0-C-1] [Consumer clientId=consumer-binarfudgroup-1, groupId=binarfudgroup] Node 0 disconnected.
2024-06-30 19:30:31,841 WARN o.a.k.c.NetworkClient [org.springframework.kafka.KafkaListenerEndpointContainer#0-0-C-1] [Consumer clientId=consumer-binarfudgroup-1, groupId=binarfudgroup] Connection to node 0 (LAPTOP-0IHDEQKP/172.30.144.1:9092) could not be established. Broker may not be available.
2024-06-30 19:30:34,973 INFO o.a.k.c.NetworkClient [org.springframework.kafka.KafkaListenerEndpointContainer#0-0-C-1] [Consumer clientId=consumer-binarfudgroup-1, groupId=binarfudgroup] Node 0 disconnected.
2024-06-30 19:30:34,975 WARN o.a.k.c.NetworkClient [org.springframework.kafka.KafkaListenerEndpointContainer#0-0-C-1] [Consumer clientId=consumer-binarfudgroup-1, groupId=binarfudgroup] Connection to node 0 (LAPTOP-0IHDEQKP/10.200.83.88:9092) could not be established. Broker may not be available.
