2024-05-26 22:17:25,653 INFO o.s.b.StartupInfoLogger [main] Starting BinarfudApplication using Java 17.0.2 with PID 2272 (D:\synrgy\sinau_java\F-BJV24001115-synrgy7-syi-binarfud-ch5\target\classes started by hp in D:\synrgy\sinau_java\F-BJV24001115-synrgy7-syi-binarfud-ch5)
2024-05-26 22:17:25,659 INFO o.s.b.SpringApplication [main] No active profile set, falling back to 1 default profile: "default"
2024-05-26 22:17:26,923 INFO o.s.d.r.c.RepositoryConfigurationDelegate [main] Bootstrapping Spring Data JPA repositories in DEFAULT mode.
2024-05-26 22:17:27,018 INFO o.s.d.r.c.RepositoryConfigurationDelegate [main] Finished Spring Data repository scanning in 87 ms. Found 5 JPA repository interfaces.
2024-05-26 22:17:28,005 INFO o.s.b.w.e.t.TomcatWebServer [main] Tomcat initialized with port 8080 (http)
2024-05-26 22:17:28,018 INFO o.a.j.l.DirectJDKLog [main] Initializing ProtocolHandler ["http-nio-8080"]
2024-05-26 22:17:28,022 INFO o.a.j.l.DirectJDKLog [main] Starting service [Tomcat]
2024-05-26 22:17:28,023 INFO o.a.j.l.DirectJDKLog [main] Starting Servlet engine: [Apache Tomcat/10.1.20]
2024-05-26 22:17:28,114 INFO o.a.j.l.DirectJDKLog [main] Initializing Spring embedded WebApplicationContext
2024-05-26 22:17:28,117 INFO o.s.b.w.s.c.ServletWebServerApplicationContext [main] Root WebApplicationContext: initialization completed in 2406 ms
2024-05-26 22:17:28,381 INFO o.h.j.i.u.LogHelper [main] HHH000204: Processing PersistenceUnitInfo [name: default]
2024-05-26 22:17:28,448 INFO o.h.Version [main] HHH000412: Hibernate ORM core version 6.4.4.Final
2024-05-26 22:17:28,517 INFO o.h.c.i.RegionFactoryInitiator [main] HHH000026: Second-level cache disabled
2024-05-26 22:17:28,942 INFO o.s.o.j.p.SpringPersistenceUnitInfo [main] No LoadTimeWeaver setup: ignoring JPA class transformer
2024-05-26 22:17:28,997 INFO c.z.h.HikariDataSource [main] HikariPool-1 - Starting...
2024-05-26 22:17:29,437 INFO c.z.h.p.HikariPool [main] HikariPool-1 - Added connection org.postgresql.jdbc.PgConnection@1f9a7684
2024-05-26 22:17:29,439 INFO c.z.h.HikariDataSource [main] HikariPool-1 - Start completed.
2024-05-26 22:17:29,480 WARN o.h.e.j.d.i.DialectFactoryImpl [main] HHH90000025: PostgreSQLDialect does not need to be specified explicitly using 'hibernate.dialect' (remove the property setting and it will be selected by default)
2024-05-26 22:17:30,853 INFO o.h.e.t.j.p.i.JtaPlatformInitiator [main] HHH000489: No JTA platform available (set 'hibernate.transaction.jta.platform' to enable JTA platform integration)
2024-05-26 22:17:31,011 INFO o.s.o.j.AbstractEntityManagerFactoryBean [main] Initialized JPA EntityManagerFactory for persistence unit 'default'
2024-05-26 22:17:31,540 INFO o.s.d.j.r.q.QueryEnhancerFactory [main] Hibernate is in classpath; If applicable, HQL parser will be used.
2024-05-26 22:17:32,093 WARN o.s.b.a.o.j.JpaBaseConfiguration$JpaWebConfiguration [main] spring.jpa.open-in-view is enabled by default. Therefore, database queries may be performed during view rendering. Explicitly configure spring.jpa.open-in-view to disable this warning
2024-05-26 22:17:32,460 INFO o.s.s.w.DefaultSecurityFilterChain [main] Will secure any request with [org.springframework.security.web.session.DisableEncodeUrlFilter@5936e4ba, org.springframework.security.web.context.request.async.WebAsyncManagerIntegrationFilter@60ab906e, org.springframework.security.web.context.SecurityContextHolderFilter@4cde5d66, org.springframework.security.web.header.HeaderWriterFilter@3e8cf854, org.springframework.web.filter.CorsFilter@8551ee6, org.springframework.security.web.authentication.logout.LogoutFilter@453d2a55, com.example.Binarfud.security.jwt.JwtAuthTokenFilter@3af6c672, org.springframework.security.web.savedrequest.RequestCacheAwareFilter@4e791e53, org.springframework.security.web.servletapi.SecurityContextHolderAwareRequestFilter@2d4e6bb2, org.springframework.security.web.authentication.AnonymousAuthenticationFilter@11b26693, org.springframework.security.web.session.SessionManagementFilter@602854ed, org.springframework.security.web.access.ExceptionTranslationFilter@1f3c3291, org.springframework.security.web.access.intercept.AuthorizationFilter@553d9329]
2024-05-26 22:17:32,792 INFO o.a.j.l.DirectJDKLog [main] Starting ProtocolHandler ["http-nio-8080"]
2024-05-26 22:17:32,811 INFO o.s.b.w.e.t.TomcatWebServer [main] Tomcat started on port 8080 (http) with context path ''
2024-05-26 22:17:32,822 INFO o.s.b.StartupInfoLogger [main] Started BinarfudApplication in 7.879 seconds (process running for 8.457)
2024-05-26 22:17:41,429 INFO o.a.j.l.DirectJDKLog [http-nio-8080-exec-3] Initializing Spring DispatcherServlet 'dispatcherServlet'
2024-05-26 22:17:41,429 INFO o.s.w.s.FrameworkServlet [http-nio-8080-exec-3] Initializing Servlet 'dispatcherServlet'
2024-05-26 22:17:41,431 INFO o.s.w.s.FrameworkServlet [http-nio-8080-exec-3] Completed initialization in 2 ms
2024-05-26 22:17:41,600 INFO c.e.B.c.AuthController [http-nio-8080-exec-3] Authenticating user: asep1
2024-05-26 22:18:48,536 INFO o.s.o.j.AbstractEntityManagerFactoryBean [SpringApplicationShutdownHook] Closing JPA EntityManagerFactory for persistence unit 'default'
2024-05-26 22:18:48,539 INFO c.z.h.HikariDataSource [SpringApplicationShutdownHook] HikariPool-1 - Shutdown initiated...
2024-05-26 22:18:48,542 INFO c.z.h.HikariDataSource [SpringApplicationShutdownHook] HikariPool-1 - Shutdown completed.
