2024-06-02 16:50:14,729 INFO o.s.b.StartupInfoLogger [main] Starting BinarfudApplication using Java 17.0.2 with PID 23488 (D:\synrgy\sinau_java\F-BJV24001115-synrgy7-syi-binarfud-ch6\target\classes started by hp in D:\synrgy\sinau_java\F-BJV24001115-synrgy7-syi-binarfud-ch6)
2024-06-02 16:50:14,736 INFO o.s.b.SpringApplication [main] No active profile set, falling back to 1 default profile: "default"
2024-06-02 16:50:16,388 INFO o.s.d.r.c.RepositoryConfigurationDelegate [main] Bootstrapping Spring Data JPA repositories in DEFAULT mode.
2024-06-02 16:50:16,565 INFO o.s.d.r.c.RepositoryConfigurationDelegate [main] Finished Spring Data repository scanning in 158 ms. Found 7 JPA repository interfaces.
2024-06-02 16:50:17,682 INFO o.s.b.w.e.t.TomcatWebServer [main] Tomcat initialized with port 8080 (http)
2024-06-02 16:50:17,701 INFO o.a.j.l.DirectJDKLog [main] Initializing ProtocolHandler ["http-nio-8080"]
2024-06-02 16:50:17,706 INFO o.a.j.l.DirectJDKLog [main] Starting service [Tomcat]
2024-06-02 16:50:17,707 INFO o.a.j.l.DirectJDKLog [main] Starting Servlet engine: [Apache Tomcat/10.1.20]
2024-06-02 16:50:17,824 INFO o.a.j.l.DirectJDKLog [main] Initializing Spring embedded WebApplicationContext
2024-06-02 16:50:17,826 INFO o.s.b.w.s.c.ServletWebServerApplicationContext [main] Root WebApplicationContext: initialization completed in 3006 ms
2024-06-02 16:50:18,042 INFO o.h.j.i.u.LogHelper [main] HHH000204: Processing PersistenceUnitInfo [name: default]
2024-06-02 16:50:18,195 INFO o.h.Version [main] HHH000412: Hibernate ORM core version 6.4.4.Final
2024-06-02 16:50:18,255 INFO o.h.c.i.RegionFactoryInitiator [main] HHH000026: Second-level cache disabled
2024-06-02 16:50:18,687 INFO o.s.o.j.p.SpringPersistenceUnitInfo [main] No LoadTimeWeaver setup: ignoring JPA class transformer
2024-06-02 16:50:18,729 INFO c.z.h.HikariDataSource [main] HikariPool-1 - Starting...
2024-06-02 16:50:19,003 INFO c.z.h.p.HikariPool [main] HikariPool-1 - Added connection org.postgresql.jdbc.PgConnection@3e9fb485
2024-06-02 16:50:19,005 INFO c.z.h.HikariDataSource [main] HikariPool-1 - Start completed.
2024-06-02 16:50:19,073 WARN o.h.e.j.d.i.DialectFactoryImpl [main] HHH90000025: PostgreSQLDialect does not need to be specified explicitly using 'hibernate.dialect' (remove the property setting and it will be selected by default)
2024-06-02 16:50:20,539 INFO o.h.e.t.j.p.i.JtaPlatformInitiator [main] HHH000489: No JTA platform available (set 'hibernate.transaction.jta.platform' to enable JTA platform integration)
2024-06-02 16:50:20,745 INFO o.s.o.j.AbstractEntityManagerFactoryBean [main] Initialized JPA EntityManagerFactory for persistence unit 'default'
2024-06-02 16:50:21,472 INFO o.s.d.j.r.q.QueryEnhancerFactory [main] Hibernate is in classpath; If applicable, HQL parser will be used.
2024-06-02 16:50:22,281 WARN o.s.b.a.o.j.JpaBaseConfiguration$JpaWebConfiguration [main] spring.jpa.open-in-view is enabled by default. Therefore, database queries may be performed during view rendering. Explicitly configure spring.jpa.open-in-view to disable this warning
2024-06-02 16:50:23,137 INFO o.s.s.w.DefaultSecurityFilterChain [main] Will secure any request with [org.springframework.security.web.session.DisableEncodeUrlFilter@1b131102, org.springframework.security.web.context.request.async.WebAsyncManagerIntegrationFilter@75be3cdf, org.springframework.security.web.context.SecurityContextHolderFilter@a5f5b96, org.springframework.security.web.header.HeaderWriterFilter@36bf903c, org.springframework.web.filter.CorsFilter@f500481, org.springframework.security.web.authentication.logout.LogoutFilter@9cabd07, org.springframework.security.oauth2.client.web.OAuth2AuthorizationRequestRedirectFilter@30d5668a, org.springframework.security.oauth2.client.web.OAuth2LoginAuthenticationFilter@69c27acb, com.example.Binarfud.security.jwt.JwtAuthTokenFilter@6fd07a56, org.springframework.security.web.authentication.UsernamePasswordAuthenticationFilter@3ae81b53, org.springframework.security.web.savedrequest.RequestCacheAwareFilter@5345b68c, org.springframework.security.web.servletapi.SecurityContextHolderAwareRequestFilter@4998944b, org.springframework.security.web.authentication.AnonymousAuthenticationFilter@38dde7ec, org.springframework.security.web.access.ExceptionTranslationFilter@4127dcdb, org.springframework.security.web.access.intercept.AuthorizationFilter@b0ff869]
2024-06-02 16:50:23,585 WARN o.s.s.c.a.w.b.WebSecurity [main] You are asking Spring Security to ignore Mvc [pattern='/webjars/**']. This is not recommended -- please use permitAll via HttpSecurity#authorizeHttpRequests instead.
2024-06-02 16:50:23,586 INFO o.s.s.w.DefaultSecurityFilterChain [main] Will not secure Mvc [pattern='/webjars/**']
2024-06-02 16:50:23,588 WARN o.s.s.c.a.w.b.WebSecurity [main] You are asking Spring Security to ignore Mvc [pattern='/images/**']. This is not recommended -- please use permitAll via HttpSecurity#authorizeHttpRequests instead.
2024-06-02 16:50:23,588 INFO o.s.s.w.DefaultSecurityFilterChain [main] Will not secure Mvc [pattern='/images/**']
2024-06-02 16:50:23,588 WARN o.s.s.c.a.w.b.WebSecurity [main] You are asking Spring Security to ignore Mvc [pattern='/css/**']. This is not recommended -- please use permitAll via HttpSecurity#authorizeHttpRequests instead.
2024-06-02 16:50:23,588 INFO o.s.s.w.DefaultSecurityFilterChain [main] Will not secure Mvc [pattern='/css/**']
2024-06-02 16:50:23,588 WARN o.s.s.c.a.w.b.WebSecurity [main] You are asking Spring Security to ignore Mvc [pattern='/assets/**']. This is not recommended -- please use permitAll via HttpSecurity#authorizeHttpRequests instead.
2024-06-02 16:50:23,588 INFO o.s.s.w.DefaultSecurityFilterChain [main] Will not secure Mvc [pattern='/assets/**']
2024-06-02 16:50:23,588 WARN o.s.s.c.a.w.b.WebSecurity [main] You are asking Spring Security to ignore Mvc [pattern='/favicon.ico']. This is not recommended -- please use permitAll via HttpSecurity#authorizeHttpRequests instead.
2024-06-02 16:50:23,589 INFO o.s.s.w.DefaultSecurityFilterChain [main] Will not secure Mvc [pattern='/favicon.ico']
2024-06-02 16:50:23,655 INFO o.a.j.l.DirectJDKLog [main] Starting ProtocolHandler ["http-nio-8080"]
2024-06-02 16:50:23,682 INFO o.s.b.w.e.t.TomcatWebServer [main] Tomcat started on port 8080 (http) with context path ''
2024-06-02 16:50:23,696 INFO o.s.b.StartupInfoLogger [main] Started BinarfudApplication in 9.863 seconds (process running for 10.542)
2024-06-02 16:50:32,259 INFO o.a.j.l.DirectJDKLog [http-nio-8080-exec-1] Initializing Spring DispatcherServlet 'dispatcherServlet'
2024-06-02 16:50:32,259 INFO o.s.w.s.FrameworkServlet [http-nio-8080-exec-1] Initializing Servlet 'dispatcherServlet'
2024-06-02 16:50:32,262 INFO o.s.w.s.FrameworkServlet [http-nio-8080-exec-1] Completed initialization in 2 ms
2024-06-02 16:50:32,627 INFO c.e.B.c.AuthController [http-nio-8080-exec-1] signUpRequest: SignUpRequestDTO(username=asep, email=syihabupnyk@gmaiL.com, password=123, roles=[com.example.Binarfud.model.Role@5c05cf41])
2024-06-02 16:50:36,662 INFO c.e.B.c.AuthController [http-nio-8080-exec-3] loginRequestDto: LoginRequestDTO(username=asep, password=123)
2024-06-02 16:50:36,827 INFO c.e.B.c.AuthController [http-nio-8080-exec-3] authentication: UsernamePasswordAuthenticationToken [Principal=UserDetailsImpl(username=asep, password=$2a$10$dMIIi4TEPDA38VAhWCUhsuPIupLvfHjWP62JtsmuvMR50urpEiRnq, authorities=[ROLE_USER]), Credentials=[PROTECTED], Authenticated=true, Details=null, Granted Authorities=[ROLE_USER]]
