2024-06-28 21:47:02,401 INFO o.s.b.StartupInfoLogger [main] Starting BinarfudApplication using Java 17.0.2 with PID 11772 (D:\synrgy\sinau_java\F-BJV24001115-synrgy7-syi-binarfud-ch7\Binarfud\target\classes started by hp in D:\synrgy\sinau_java\F-BJV24001115-synrgy7-syi-binarfud-ch7\Binarfud)
2024-06-28 21:47:02,408 INFO o.s.b.SpringApplication [main] No active profile set, falling back to 1 default profile: "default"
2024-06-28 21:47:04,213 INFO o.s.d.r.c.RepositoryConfigurationDelegate [main] Bootstrapping Spring Data JPA repositories in DEFAULT mode.
2024-06-28 21:47:04,347 INFO o.s.d.r.c.RepositoryConfigurationDelegate [main] Finished Spring Data repository scanning in 123 ms. Found 7 JPA repository interfaces.
2024-06-28 21:47:05,733 INFO o.s.b.w.e.t.TomcatWebServer [main] Tomcat initialized with port 8080 (http)
2024-06-28 21:47:05,750 INFO o.a.j.l.DirectJDKLog [main] Initializing ProtocolHandler ["http-nio-8080"]
2024-06-28 21:47:05,756 INFO o.a.j.l.DirectJDKLog [main] Starting service [Tomcat]
2024-06-28 21:47:05,758 INFO o.a.j.l.DirectJDKLog [main] Starting Servlet engine: [Apache Tomcat/10.1.20]
2024-06-28 21:47:05,895 INFO o.a.j.l.DirectJDKLog [main] Initializing Spring embedded WebApplicationContext
2024-06-28 21:47:05,898 INFO o.s.b.w.s.c.ServletWebServerApplicationContext [main] Root WebApplicationContext: initialization completed in 3408 ms
2024-06-28 21:47:06,240 INFO o.h.j.i.u.LogHelper [main] HHH000204: Processing PersistenceUnitInfo [name: default]
2024-06-28 21:47:06,494 INFO o.h.Version [main] HHH000412: Hibernate ORM core version 6.4.4.Final
2024-06-28 21:47:06,575 INFO o.h.c.i.RegionFactoryInitiator [main] HHH000026: Second-level cache disabled
2024-06-28 21:47:07,033 INFO o.s.o.j.p.SpringPersistenceUnitInfo [main] No LoadTimeWeaver setup: ignoring JPA class transformer
2024-06-28 21:47:07,097 INFO c.z.h.HikariDataSource [main] HikariPool-1 - Starting...
2024-06-28 21:47:08,370 INFO c.z.h.p.HikariPool [main] HikariPool-1 - Added connection org.postgresql.jdbc.PgConnection@5814b4fb
2024-06-28 21:47:08,373 INFO c.z.h.HikariDataSource [main] HikariPool-1 - Start completed.
2024-06-28 21:47:08,488 WARN o.h.e.j.d.i.DialectFactoryImpl [main] HHH90000025: PostgreSQLDialect does not need to be specified explicitly using 'hibernate.dialect' (remove the property setting and it will be selected by default)
2024-06-28 21:47:11,071 INFO o.h.e.t.j.p.i.JtaPlatformInitiator [main] HHH000489: No JTA platform available (set 'hibernate.transaction.jta.platform' to enable JTA platform integration)
2024-06-28 21:47:12,569 INFO o.s.o.j.AbstractEntityManagerFactoryBean [main] Initialized JPA EntityManagerFactory for persistence unit 'default'
2024-06-28 21:47:13,682 INFO o.s.d.j.r.q.QueryEnhancerFactory [main] Hibernate is in classpath; If applicable, HQL parser will be used.
2024-06-28 21:47:15,177 INFO c.e.B.s.FCMInitializer [main] Firebase application has been initialized
2024-06-28 21:47:15,448 WARN o.s.b.a.o.j.JpaBaseConfiguration$JpaWebConfiguration [main] spring.jpa.open-in-view is enabled by default. Therefore, database queries may be performed during view rendering. Explicitly configure spring.jpa.open-in-view to disable this warning
2024-06-28 21:47:16,386 INFO o.s.s.w.DefaultSecurityFilterChain [main] Will secure any request with [org.springframework.security.web.session.DisableEncodeUrlFilter@84f0686, org.springframework.security.web.context.request.async.WebAsyncManagerIntegrationFilter@7b6846c6, org.springframework.security.web.context.SecurityContextHolderFilter@42017162, org.springframework.security.web.header.HeaderWriterFilter@38c38c5a, org.springframework.web.filter.CorsFilter@71103416, org.springframework.security.web.authentication.logout.LogoutFilter@19a652cd, org.springframework.security.oauth2.client.web.OAuth2AuthorizationRequestRedirectFilter@1858f93e, org.springframework.security.oauth2.client.web.OAuth2LoginAuthenticationFilter@720f0fa2, com.example.Binarfud.security.jwt.JwtAuthTokenFilter@6c8f5262, org.springframework.security.web.authentication.UsernamePasswordAuthenticationFilter@6ddf3c5e, org.springframework.security.web.savedrequest.RequestCacheAwareFilter@8eb1297, org.springframework.security.web.servletapi.SecurityContextHolderAwareRequestFilter@766f2d65, org.springframework.security.web.authentication.AnonymousAuthenticationFilter@503e1cd9, org.springframework.security.web.access.ExceptionTranslationFilter@32c503d3, org.springframework.security.web.access.intercept.AuthorizationFilter@1926a40f]
2024-06-28 21:47:17,026 WARN o.s.s.c.a.w.b.WebSecurity [main] You are asking Spring Security to ignore Mvc [pattern='/webjars/**']. This is not recommended -- please use permitAll via HttpSecurity#authorizeHttpRequests instead.
2024-06-28 21:47:17,028 INFO o.s.s.w.DefaultSecurityFilterChain [main] Will not secure Mvc [pattern='/webjars/**']
2024-06-28 21:47:17,029 WARN o.s.s.c.a.w.b.WebSecurity [main] You are asking Spring Security to ignore Mvc [pattern='/images/**']. This is not recommended -- please use permitAll via HttpSecurity#authorizeHttpRequests instead.
2024-06-28 21:47:17,029 INFO o.s.s.w.DefaultSecurityFilterChain [main] Will not secure Mvc [pattern='/images/**']
2024-06-28 21:47:17,030 WARN o.s.s.c.a.w.b.WebSecurity [main] You are asking Spring Security to ignore Mvc [pattern='/css/**']. This is not recommended -- please use permitAll via HttpSecurity#authorizeHttpRequests instead.
2024-06-28 21:47:17,031 INFO o.s.s.w.DefaultSecurityFilterChain [main] Will not secure Mvc [pattern='/css/**']
2024-06-28 21:47:17,031 WARN o.s.s.c.a.w.b.WebSecurity [main] You are asking Spring Security to ignore Mvc [pattern='/assets/**']. This is not recommended -- please use permitAll via HttpSecurity#authorizeHttpRequests instead.
2024-06-28 21:47:17,031 INFO o.s.s.w.DefaultSecurityFilterChain [main] Will not secure Mvc [pattern='/assets/**']
2024-06-28 21:47:17,032 WARN o.s.s.c.a.w.b.WebSecurity [main] You are asking Spring Security to ignore Mvc [pattern='/favicon.ico']. This is not recommended -- please use permitAll via HttpSecurity#authorizeHttpRequests instead.
2024-06-28 21:47:17,032 INFO o.s.s.w.DefaultSecurityFilterChain [main] Will not secure Mvc [pattern='/favicon.ico']
2024-06-28 21:47:17,161 INFO o.a.j.l.DirectJDKLog [main] Starting ProtocolHandler ["http-nio-8080"]
2024-06-28 21:47:17,211 INFO o.s.b.w.e.t.TomcatWebServer [main] Tomcat started on port 8080 (http) with context path ''
2024-06-28 21:47:17,308 INFO o.a.k.c.c.AbstractConfig [main] ConsumerConfig values: 
	allow.auto.create.topics = true
	auto.commit.interval.ms = 5000
	auto.include.jmx.reporter = true
	auto.offset.reset = latest
	bootstrap.servers = [localhost:9092]
	check.crcs = true
	client.dns.lookup = use_all_dns_ips
	client.id = consumer-binarfudgroup-1
	client.rack = 
	connections.max.idle.ms = 540000
	default.api.timeout.ms = 60000
	enable.auto.commit = false
	exclude.internal.topics = true
	fetch.max.bytes = 52428800
	fetch.max.wait.ms = 500
	fetch.min.bytes = 1
	group.id = binarfudgroup
	group.instance.id = null
	heartbeat.interval.ms = 3000
	interceptor.classes = []
	internal.leave.group.on.close = true
	internal.throw.on.fetch.stable.offset.unsupported = false
	isolation.level = read_uncommitted
	key.deserializer = class org.apache.kafka.common.serialization.StringDeserializer
	max.partition.fetch.bytes = 1048576
	max.poll.interval.ms = 300000
	max.poll.records = 500
	metadata.max.age.ms = 300000
	metric.reporters = []
	metrics.num.samples = 2
	metrics.recording.level = INFO
	metrics.sample.window.ms = 30000
	partition.assignment.strategy = [class org.apache.kafka.clients.consumer.RangeAssignor, class org.apache.kafka.clients.consumer.CooperativeStickyAssignor]
	receive.buffer.bytes = 65536
	reconnect.backoff.max.ms = 1000
	reconnect.backoff.ms = 50
	request.timeout.ms = 30000
	retry.backoff.ms = 100
	sasl.client.callback.handler.class = null
	sasl.jaas.config = null
	sasl.kerberos.kinit.cmd = /usr/bin/kinit
	sasl.kerberos.min.time.before.relogin = 60000
	sasl.kerberos.service.name = null
	sasl.kerberos.ticket.renew.jitter = 0.05
	sasl.kerberos.ticket.renew.window.factor = 0.8
	sasl.login.callback.handler.class = null
	sasl.login.class = null
	sasl.login.connect.timeout.ms = null
	sasl.login.read.timeout.ms = null
	sasl.login.refresh.buffer.seconds = 300
	sasl.login.refresh.min.period.seconds = 60
	sasl.login.refresh.window.factor = 0.8
	sasl.login.refresh.window.jitter = 0.05
	sasl.login.retry.backoff.max.ms = 10000
	sasl.login.retry.backoff.ms = 100
	sasl.mechanism = GSSAPI
	sasl.oauthbearer.clock.skew.seconds = 30
	sasl.oauthbearer.expected.audience = null
	sasl.oauthbearer.expected.issuer = null
	sasl.oauthbearer.jwks.endpoint.refresh.ms = 3600000
	sasl.oauthbearer.jwks.endpoint.retry.backoff.max.ms = 10000
	sasl.oauthbearer.jwks.endpoint.retry.backoff.ms = 100
	sasl.oauthbearer.jwks.endpoint.url = null
	sasl.oauthbearer.scope.claim.name = scope
	sasl.oauthbearer.sub.claim.name = sub
	sasl.oauthbearer.token.endpoint.url = null
	security.protocol = PLAINTEXT
	security.providers = null
	send.buffer.bytes = 131072
	session.timeout.ms = 45000
	socket.connection.setup.timeout.max.ms = 30000
	socket.connection.setup.timeout.ms = 10000
	ssl.cipher.suites = null
	ssl.enabled.protocols = [TLSv1.2, TLSv1.3]
	ssl.endpoint.identification.algorithm = https
	ssl.engine.factory.class = null
	ssl.key.password = null
	ssl.keymanager.algorithm = SunX509
	ssl.keystore.certificate.chain = null
	ssl.keystore.key = null
	ssl.keystore.location = null
	ssl.keystore.password = null
	ssl.keystore.type = JKS
	ssl.protocol = TLSv1.3
	ssl.provider = null
	ssl.secure.random.implementation = null
	ssl.trustmanager.algorithm = PKIX
	ssl.truststore.certificates = null
	ssl.truststore.location = null
	ssl.truststore.password = null
	ssl.truststore.type = JKS
	value.deserializer = class org.apache.kafka.common.serialization.StringDeserializer

2024-06-28 21:47:17,583 INFO o.a.k.c.u.AppInfoParser$AppInfo [main] Kafka version: 3.6.2
2024-06-28 21:47:17,584 INFO o.a.k.c.u.AppInfoParser$AppInfo [main] Kafka commitId: c4deed513057c94e
2024-06-28 21:47:17,584 INFO o.a.k.c.u.AppInfoParser$AppInfo [main] Kafka startTimeMs: 1719586037580
2024-06-28 21:47:17,590 INFO o.a.k.c.c.KafkaConsumer [main] [Consumer clientId=consumer-binarfudgroup-1, groupId=binarfudgroup] Subscribed to topic(s): order
2024-06-28 21:47:17,616 INFO o.s.b.StartupInfoLogger [main] Started BinarfudApplication in 16.555 seconds (process running for 18.194)
2024-06-28 21:47:18,068 INFO o.a.k.c.NetworkClient [org.springframework.kafka.KafkaListenerEndpointContainer#0-0-C-1] [Consumer clientId=consumer-binarfudgroup-1, groupId=binarfudgroup] Node -1 disconnected.
2024-06-28 21:47:18,071 WARN o.a.k.c.NetworkClient [org.springframework.kafka.KafkaListenerEndpointContainer#0-0-C-1] [Consumer clientId=consumer-binarfudgroup-1, groupId=binarfudgroup] Connection to node -1 (localhost/127.0.0.1:9092) could not be established. Broker may not be available.
2024-06-28 21:47:18,072 WARN o.a.k.c.NetworkClient$DefaultMetadataUpdater [org.springframework.kafka.KafkaListenerEndpointContainer#0-0-C-1] [Consumer clientId=consumer-binarfudgroup-1, groupId=binarfudgroup] Bootstrap broker localhost:9092 (id: -1 rack: null) disconnected
2024-06-28 21:47:18,176 INFO o.a.k.c.NetworkClient [org.springframework.kafka.KafkaListenerEndpointContainer#0-0-C-1] [Consumer clientId=consumer-binarfudgroup-1, groupId=binarfudgroup] Node -1 disconnected.
2024-06-28 21:47:18,176 WARN o.a.k.c.NetworkClient [org.springframework.kafka.KafkaListenerEndpointContainer#0-0-C-1] [Consumer clientId=consumer-binarfudgroup-1, groupId=binarfudgroup] Connection to node -1 (localhost/127.0.0.1:9092) could not be established. Broker may not be available.
2024-06-28 21:47:18,177 WARN o.a.k.c.NetworkClient$DefaultMetadataUpdater [org.springframework.kafka.KafkaListenerEndpointContainer#0-0-C-1] [Consumer clientId=consumer-binarfudgroup-1, groupId=binarfudgroup] Bootstrap broker localhost:9092 (id: -1 rack: null) disconnected
2024-06-28 21:47:18,284 INFO o.a.k.c.NetworkClient [org.springframework.kafka.KafkaListenerEndpointContainer#0-0-C-1] [Consumer clientId=consumer-binarfudgroup-1, groupId=binarfudgroup] Node -1 disconnected.
2024-06-28 21:47:18,284 WARN o.a.k.c.NetworkClient [org.springframework.kafka.KafkaListenerEndpointContainer#0-0-C-1] [Consumer clientId=consumer-binarfudgroup-1, groupId=binarfudgroup] Connection to node -1 (localhost/127.0.0.1:9092) could not be established. Broker may not be available.
2024-06-28 21:47:18,284 WARN o.a.k.c.NetworkClient$DefaultMetadataUpdater [org.springframework.kafka.KafkaListenerEndpointContainer#0-0-C-1] [Consumer clientId=consumer-binarfudgroup-1, groupId=binarfudgroup] Bootstrap broker localhost:9092 (id: -1 rack: null) disconnected
2024-06-28 21:47:18,516 INFO o.a.k.c.NetworkClient [org.springframework.kafka.KafkaListenerEndpointContainer#0-0-C-1] [Consumer clientId=consumer-binarfudgroup-1, groupId=binarfudgroup] Node -1 disconnected.
2024-06-28 21:47:18,517 WARN o.a.k.c.NetworkClient [org.springframework.kafka.KafkaListenerEndpointContainer#0-0-C-1] [Consumer clientId=consumer-binarfudgroup-1, groupId=binarfudgroup] Connection to node -1 (localhost/127.0.0.1:9092) could not be established. Broker may not be available.
2024-06-28 21:47:18,517 WARN o.a.k.c.NetworkClient$DefaultMetadataUpdater [org.springframework.kafka.KafkaListenerEndpointContainer#0-0-C-1] [Consumer clientId=consumer-binarfudgroup-1, groupId=binarfudgroup] Bootstrap broker localhost:9092 (id: -1 rack: null) disconnected
2024-06-28 21:47:18,993 INFO o.a.k.c.NetworkClient [org.springframework.kafka.KafkaListenerEndpointContainer#0-0-C-1] [Consumer clientId=consumer-binarfudgroup-1, groupId=binarfudgroup] Node -1 disconnected.
2024-06-28 21:47:18,993 WARN o.a.k.c.NetworkClient [org.springframework.kafka.KafkaListenerEndpointContainer#0-0-C-1] [Consumer clientId=consumer-binarfudgroup-1, groupId=binarfudgroup] Connection to node -1 (localhost/127.0.0.1:9092) could not be established. Broker may not be available.
2024-06-28 21:47:18,993 WARN o.a.k.c.NetworkClient$DefaultMetadataUpdater [org.springframework.kafka.KafkaListenerEndpointContainer#0-0-C-1] [Consumer clientId=consumer-binarfudgroup-1, groupId=binarfudgroup] Bootstrap broker localhost:9092 (id: -1 rack: null) disconnected
2024-06-28 21:47:19,723 INFO o.a.k.c.NetworkClient [org.springframework.kafka.KafkaListenerEndpointContainer#0-0-C-1] [Consumer clientId=consumer-binarfudgroup-1, groupId=binarfudgroup] Node -1 disconnected.
2024-06-28 21:47:19,724 WARN o.a.k.c.NetworkClient [org.springframework.kafka.KafkaListenerEndpointContainer#0-0-C-1] [Consumer clientId=consumer-binarfudgroup-1, groupId=binarfudgroup] Connection to node -1 (localhost/127.0.0.1:9092) could not be established. Broker may not be available.
2024-06-28 21:47:19,724 WARN o.a.k.c.NetworkClient$DefaultMetadataUpdater [org.springframework.kafka.KafkaListenerEndpointContainer#0-0-C-1] [Consumer clientId=consumer-binarfudgroup-1, groupId=binarfudgroup] Bootstrap broker localhost:9092 (id: -1 rack: null) disconnected
2024-06-28 21:47:20,878 INFO o.a.k.c.NetworkClient [org.springframework.kafka.KafkaListenerEndpointContainer#0-0-C-1] [Consumer clientId=consumer-binarfudgroup-1, groupId=binarfudgroup] Node -1 disconnected.
2024-06-28 21:47:20,880 WARN o.a.k.c.NetworkClient [org.springframework.kafka.KafkaListenerEndpointContainer#0-0-C-1] [Consumer clientId=consumer-binarfudgroup-1, groupId=binarfudgroup] Connection to node -1 (localhost/127.0.0.1:9092) could not be established. Broker may not be available.
2024-06-28 21:47:20,880 WARN o.a.k.c.NetworkClient$DefaultMetadataUpdater [org.springframework.kafka.KafkaListenerEndpointContainer#0-0-C-1] [Consumer clientId=consumer-binarfudgroup-1, groupId=binarfudgroup] Bootstrap broker localhost:9092 (id: -1 rack: null) disconnected
2024-06-28 21:47:21,794 INFO o.a.k.c.NetworkClient [org.springframework.kafka.KafkaListenerEndpointContainer#0-0-C-1] [Consumer clientId=consumer-binarfudgroup-1, groupId=binarfudgroup] Node -1 disconnected.
2024-06-28 21:47:21,794 WARN o.a.k.c.NetworkClient [org.springframework.kafka.KafkaListenerEndpointContainer#0-0-C-1] [Consumer clientId=consumer-binarfudgroup-1, groupId=binarfudgroup] Connection to node -1 (localhost/127.0.0.1:9092) could not be established. Broker may not be available.
2024-06-28 21:47:21,794 WARN o.a.k.c.NetworkClient$DefaultMetadataUpdater [org.springframework.kafka.KafkaListenerEndpointContainer#0-0-C-1] [Consumer clientId=consumer-binarfudgroup-1, groupId=binarfudgroup] Bootstrap broker localhost:9092 (id: -1 rack: null) disconnected
2024-06-28 21:47:22,861 INFO o.a.k.c.NetworkClient [org.springframework.kafka.KafkaListenerEndpointContainer#0-0-C-1] [Consumer clientId=consumer-binarfudgroup-1, groupId=binarfudgroup] Node -1 disconnected.
2024-06-28 21:47:22,862 WARN o.a.k.c.NetworkClient [org.springframework.kafka.KafkaListenerEndpointContainer#0-0-C-1] [Consumer clientId=consumer-binarfudgroup-1, groupId=binarfudgroup] Connection to node -1 (localhost/127.0.0.1:9092) could not be established. Broker may not be available.
2024-06-28 21:47:22,862 WARN o.a.k.c.NetworkClient$DefaultMetadataUpdater [org.springframework.kafka.KafkaListenerEndpointContainer#0-0-C-1] [Consumer clientId=consumer-binarfudgroup-1, groupId=binarfudgroup] Bootstrap broker localhost:9092 (id: -1 rack: null) disconnected
2024-06-28 21:47:24,024 INFO o.a.k.c.NetworkClient [org.springframework.kafka.KafkaListenerEndpointContainer#0-0-C-1] [Consumer clientId=consumer-binarfudgroup-1, groupId=binarfudgroup] Node -1 disconnected.
2024-06-28 21:47:24,024 WARN o.a.k.c.NetworkClient [org.springframework.kafka.KafkaListenerEndpointContainer#0-0-C-1] [Consumer clientId=consumer-binarfudgroup-1, groupId=binarfudgroup] Connection to node -1 (localhost/127.0.0.1:9092) could not be established. Broker may not be available.
2024-06-28 21:47:24,024 WARN o.a.k.c.NetworkClient$DefaultMetadataUpdater [org.springframework.kafka.KafkaListenerEndpointContainer#0-0-C-1] [Consumer clientId=consumer-binarfudgroup-1, groupId=binarfudgroup] Bootstrap broker localhost:9092 (id: -1 rack: null) disconnected
2024-06-28 21:47:25,057 INFO o.a.k.c.NetworkClient [org.springframework.kafka.KafkaListenerEndpointContainer#0-0-C-1] [Consumer clientId=consumer-binarfudgroup-1, groupId=binarfudgroup] Node -1 disconnected.
2024-06-28 21:47:25,057 WARN o.a.k.c.NetworkClient [org.springframework.kafka.KafkaListenerEndpointContainer#0-0-C-1] [Consumer clientId=consumer-binarfudgroup-1, groupId=binarfudgroup] Connection to node -1 (localhost/127.0.0.1:9092) could not be established. Broker may not be available.
2024-06-28 21:47:25,057 WARN o.a.k.c.NetworkClient$DefaultMetadataUpdater [org.springframework.kafka.KafkaListenerEndpointContainer#0-0-C-1] [Consumer clientId=consumer-binarfudgroup-1, groupId=binarfudgroup] Bootstrap broker localhost:9092 (id: -1 rack: null) disconnected
2024-06-28 21:47:26,271 INFO o.a.k.c.NetworkClient [org.springframework.kafka.KafkaListenerEndpointContainer#0-0-C-1] [Consumer clientId=consumer-binarfudgroup-1, groupId=binarfudgroup] Node -1 disconnected.
2024-06-28 21:47:26,272 WARN o.a.k.c.NetworkClient [org.springframework.kafka.KafkaListenerEndpointContainer#0-0-C-1] [Consumer clientId=consumer-binarfudgroup-1, groupId=binarfudgroup] Connection to node -1 (localhost/127.0.0.1:9092) could not be established. Broker may not be available.
2024-06-28 21:47:26,272 WARN o.a.k.c.NetworkClient$DefaultMetadataUpdater [org.springframework.kafka.KafkaListenerEndpointContainer#0-0-C-1] [Consumer clientId=consumer-binarfudgroup-1, groupId=binarfudgroup] Bootstrap broker localhost:9092 (id: -1 rack: null) disconnected
2024-06-28 21:47:27,427 INFO o.a.k.c.NetworkClient [org.springframework.kafka.KafkaListenerEndpointContainer#0-0-C-1] [Consumer clientId=consumer-binarfudgroup-1, groupId=binarfudgroup] Node -1 disconnected.
2024-06-28 21:47:27,427 WARN o.a.k.c.NetworkClient [org.springframework.kafka.KafkaListenerEndpointContainer#0-0-C-1] [Consumer clientId=consumer-binarfudgroup-1, groupId=binarfudgroup] Connection to node -1 (localhost/127.0.0.1:9092) could not be established. Broker may not be available.
2024-06-28 21:47:27,428 WARN o.a.k.c.NetworkClient$DefaultMetadataUpdater [org.springframework.kafka.KafkaListenerEndpointContainer#0-0-C-1] [Consumer clientId=consumer-binarfudgroup-1, groupId=binarfudgroup] Bootstrap broker localhost:9092 (id: -1 rack: null) disconnected
2024-06-28 21:47:28,314 INFO o.a.k.c.NetworkClient [org.springframework.kafka.KafkaListenerEndpointContainer#0-0-C-1] [Consumer clientId=consumer-binarfudgroup-1, groupId=binarfudgroup] Node -1 disconnected.
2024-06-28 21:47:28,315 WARN o.a.k.c.NetworkClient [org.springframework.kafka.KafkaListenerEndpointContainer#0-0-C-1] [Consumer clientId=consumer-binarfudgroup-1, groupId=binarfudgroup] Connection to node -1 (localhost/127.0.0.1:9092) could not be established. Broker may not be available.
2024-06-28 21:47:28,315 WARN o.a.k.c.NetworkClient$DefaultMetadataUpdater [org.springframework.kafka.KafkaListenerEndpointContainer#0-0-C-1] [Consumer clientId=consumer-binarfudgroup-1, groupId=binarfudgroup] Bootstrap broker localhost:9092 (id: -1 rack: null) disconnected
2024-06-28 21:47:29,282 INFO o.a.k.c.NetworkClient [org.springframework.kafka.KafkaListenerEndpointContainer#0-0-C-1] [Consumer clientId=consumer-binarfudgroup-1, groupId=binarfudgroup] Node -1 disconnected.
2024-06-28 21:47:29,283 WARN o.a.k.c.NetworkClient [org.springframework.kafka.KafkaListenerEndpointContainer#0-0-C-1] [Consumer clientId=consumer-binarfudgroup-1, groupId=binarfudgroup] Connection to node -1 (localhost/127.0.0.1:9092) could not be established. Broker may not be available.
2024-06-28 21:47:29,283 WARN o.a.k.c.NetworkClient$DefaultMetadataUpdater [org.springframework.kafka.KafkaListenerEndpointContainer#0-0-C-1] [Consumer clientId=consumer-binarfudgroup-1, groupId=binarfudgroup] Bootstrap broker localhost:9092 (id: -1 rack: null) disconnected
2024-06-28 21:47:30,321 INFO o.a.k.c.NetworkClient [org.springframework.kafka.KafkaListenerEndpointContainer#0-0-C-1] [Consumer clientId=consumer-binarfudgroup-1, groupId=binarfudgroup] Node -1 disconnected.
2024-06-28 21:47:30,321 WARN o.a.k.c.NetworkClient [org.springframework.kafka.KafkaListenerEndpointContainer#0-0-C-1] [Consumer clientId=consumer-binarfudgroup-1, groupId=binarfudgroup] Connection to node -1 (localhost/127.0.0.1:9092) could not be established. Broker may not be available.
2024-06-28 21:47:30,321 WARN o.a.k.c.NetworkClient$DefaultMetadataUpdater [org.springframework.kafka.KafkaListenerEndpointContainer#0-0-C-1] [Consumer clientId=consumer-binarfudgroup-1, groupId=binarfudgroup] Bootstrap broker localhost:9092 (id: -1 rack: null) disconnected
2024-06-28 21:47:31,541 INFO o.a.k.c.NetworkClient [org.springframework.kafka.KafkaListenerEndpointContainer#0-0-C-1] [Consumer clientId=consumer-binarfudgroup-1, groupId=binarfudgroup] Node -1 disconnected.
2024-06-28 21:47:31,541 WARN o.a.k.c.NetworkClient [org.springframework.kafka.KafkaListenerEndpointContainer#0-0-C-1] [Consumer clientId=consumer-binarfudgroup-1, groupId=binarfudgroup] Connection to node -1 (localhost/127.0.0.1:9092) could not be established. Broker may not be available.
2024-06-28 21:47:31,542 WARN o.a.k.c.NetworkClient$DefaultMetadataUpdater [org.springframework.kafka.KafkaListenerEndpointContainer#0-0-C-1] [Consumer clientId=consumer-binarfudgroup-1, groupId=binarfudgroup] Bootstrap broker localhost:9092 (id: -1 rack: null) disconnected
2024-06-28 21:47:32,706 INFO o.a.k.c.NetworkClient [org.springframework.kafka.KafkaListenerEndpointContainer#0-0-C-1] [Consumer clientId=consumer-binarfudgroup-1, groupId=binarfudgroup] Node -1 disconnected.
2024-06-28 21:47:32,707 WARN o.a.k.c.NetworkClient [org.springframework.kafka.KafkaListenerEndpointContainer#0-0-C-1] [Consumer clientId=consumer-binarfudgroup-1, groupId=binarfudgroup] Connection to node -1 (localhost/127.0.0.1:9092) could not be established. Broker may not be available.
2024-06-28 21:47:32,707 WARN o.a.k.c.NetworkClient$DefaultMetadataUpdater [org.springframework.kafka.KafkaListenerEndpointContainer#0-0-C-1] [Consumer clientId=consumer-binarfudgroup-1, groupId=binarfudgroup] Bootstrap broker localhost:9092 (id: -1 rack: null) disconnected
2024-06-28 21:47:33,867 INFO o.a.k.c.NetworkClient [org.springframework.kafka.KafkaListenerEndpointContainer#0-0-C-1] [Consumer clientId=consumer-binarfudgroup-1, groupId=binarfudgroup] Node -1 disconnected.
2024-06-28 21:47:33,867 WARN o.a.k.c.NetworkClient [org.springframework.kafka.KafkaListenerEndpointContainer#0-0-C-1] [Consumer clientId=consumer-binarfudgroup-1, groupId=binarfudgroup] Connection to node -1 (localhost/127.0.0.1:9092) could not be established. Broker may not be available.
2024-06-28 21:47:33,867 WARN o.a.k.c.NetworkClient$DefaultMetadataUpdater [org.springframework.kafka.KafkaListenerEndpointContainer#0-0-C-1] [Consumer clientId=consumer-binarfudgroup-1, groupId=binarfudgroup] Bootstrap broker localhost:9092 (id: -1 rack: null) disconnected
2024-06-28 21:47:34,783 INFO o.a.k.c.NetworkClient [org.springframework.kafka.KafkaListenerEndpointContainer#0-0-C-1] [Consumer clientId=consumer-binarfudgroup-1, groupId=binarfudgroup] Node -1 disconnected.
2024-06-28 21:47:34,784 WARN o.a.k.c.NetworkClient [org.springframework.kafka.KafkaListenerEndpointContainer#0-0-C-1] [Consumer clientId=consumer-binarfudgroup-1, groupId=binarfudgroup] Connection to node -1 (localhost/127.0.0.1:9092) could not be established. Broker may not be available.
2024-06-28 21:47:34,784 WARN o.a.k.c.NetworkClient$DefaultMetadataUpdater [org.springframework.kafka.KafkaListenerEndpointContainer#0-0-C-1] [Consumer clientId=consumer-binarfudgroup-1, groupId=binarfudgroup] Bootstrap broker localhost:9092 (id: -1 rack: null) disconnected
2024-06-28 21:47:35,821 INFO o.a.k.c.NetworkClient [org.springframework.kafka.KafkaListenerEndpointContainer#0-0-C-1] [Consumer clientId=consumer-binarfudgroup-1, groupId=binarfudgroup] Node -1 disconnected.
2024-06-28 21:47:35,821 WARN o.a.k.c.NetworkClient [org.springframework.kafka.KafkaListenerEndpointContainer#0-0-C-1] [Consumer clientId=consumer-binarfudgroup-1, groupId=binarfudgroup] Connection to node -1 (localhost/127.0.0.1:9092) could not be established. Broker may not be available.
2024-06-28 21:47:35,821 WARN o.a.k.c.NetworkClient$DefaultMetadataUpdater [org.springframework.kafka.KafkaListenerEndpointContainer#0-0-C-1] [Consumer clientId=consumer-binarfudgroup-1, groupId=binarfudgroup] Bootstrap broker localhost:9092 (id: -1 rack: null) disconnected
2024-06-28 21:47:36,918 INFO o.a.k.c.NetworkClient [org.springframework.kafka.KafkaListenerEndpointContainer#0-0-C-1] [Consumer clientId=consumer-binarfudgroup-1, groupId=binarfudgroup] Node -1 disconnected.
2024-06-28 21:47:36,918 WARN o.a.k.c.NetworkClient [org.springframework.kafka.KafkaListenerEndpointContainer#0-0-C-1] [Consumer clientId=consumer-binarfudgroup-1, groupId=binarfudgroup] Connection to node -1 (localhost/127.0.0.1:9092) could not be established. Broker may not be available.
2024-06-28 21:47:36,918 WARN o.a.k.c.NetworkClient$DefaultMetadataUpdater [org.springframework.kafka.KafkaListenerEndpointContainer#0-0-C-1] [Consumer clientId=consumer-binarfudgroup-1, groupId=binarfudgroup] Bootstrap broker localhost:9092 (id: -1 rack: null) disconnected
2024-06-28 21:47:38,031 INFO o.a.k.c.NetworkClient [org.springframework.kafka.KafkaListenerEndpointContainer#0-0-C-1] [Consumer clientId=consumer-binarfudgroup-1, groupId=binarfudgroup] Node -1 disconnected.
2024-06-28 21:47:38,031 WARN o.a.k.c.NetworkClient [org.springframework.kafka.KafkaListenerEndpointContainer#0-0-C-1] [Consumer clientId=consumer-binarfudgroup-1, groupId=binarfudgroup] Connection to node -1 (localhost/127.0.0.1:9092) could not be established. Broker may not be available.
2024-06-28 21:47:38,031 WARN o.a.k.c.NetworkClient$DefaultMetadataUpdater [org.springframework.kafka.KafkaListenerEndpointContainer#0-0-C-1] [Consumer clientId=consumer-binarfudgroup-1, groupId=binarfudgroup] Bootstrap broker localhost:9092 (id: -1 rack: null) disconnected
2024-06-28 21:47:39,194 INFO o.a.k.c.NetworkClient [org.springframework.kafka.KafkaListenerEndpointContainer#0-0-C-1] [Consumer clientId=consumer-binarfudgroup-1, groupId=binarfudgroup] Node -1 disconnected.
2024-06-28 21:47:39,194 WARN o.a.k.c.NetworkClient [org.springframework.kafka.KafkaListenerEndpointContainer#0-0-C-1] [Consumer clientId=consumer-binarfudgroup-1, groupId=binarfudgroup] Connection to node -1 (localhost/127.0.0.1:9092) could not be established. Broker may not be available.
2024-06-28 21:47:39,194 WARN o.a.k.c.NetworkClient$DefaultMetadataUpdater [org.springframework.kafka.KafkaListenerEndpointContainer#0-0-C-1] [Consumer clientId=consumer-binarfudgroup-1, groupId=binarfudgroup] Bootstrap broker localhost:9092 (id: -1 rack: null) disconnected
2024-06-28 21:47:40,417 INFO o.a.k.c.NetworkClient [org.springframework.kafka.KafkaListenerEndpointContainer#0-0-C-1] [Consumer clientId=consumer-binarfudgroup-1, groupId=binarfudgroup] Node -1 disconnected.
2024-06-28 21:47:40,417 WARN o.a.k.c.NetworkClient [org.springframework.kafka.KafkaListenerEndpointContainer#0-0-C-1] [Consumer clientId=consumer-binarfudgroup-1, groupId=binarfudgroup] Connection to node -1 (localhost/127.0.0.1:9092) could not be established. Broker may not be available.
2024-06-28 21:47:40,417 WARN o.a.k.c.NetworkClient$DefaultMetadataUpdater [org.springframework.kafka.KafkaListenerEndpointContainer#0-0-C-1] [Consumer clientId=consumer-binarfudgroup-1, groupId=binarfudgroup] Bootstrap broker localhost:9092 (id: -1 rack: null) disconnected
2024-06-28 21:47:41,398 INFO o.a.k.c.NetworkClient [org.springframework.kafka.KafkaListenerEndpointContainer#0-0-C-1] [Consumer clientId=consumer-binarfudgroup-1, groupId=binarfudgroup] Node -1 disconnected.
2024-06-28 21:47:41,398 WARN o.a.k.c.NetworkClient [org.springframework.kafka.KafkaListenerEndpointContainer#0-0-C-1] [Consumer clientId=consumer-binarfudgroup-1, groupId=binarfudgroup] Connection to node -1 (localhost/127.0.0.1:9092) could not be established. Broker may not be available.
2024-06-28 21:47:41,398 WARN o.a.k.c.NetworkClient$DefaultMetadataUpdater [org.springframework.kafka.KafkaListenerEndpointContainer#0-0-C-1] [Consumer clientId=consumer-binarfudgroup-1, groupId=binarfudgroup] Bootstrap broker localhost:9092 (id: -1 rack: null) disconnected
2024-06-28 21:47:42,315 INFO o.a.k.c.NetworkClient [org.springframework.kafka.KafkaListenerEndpointContainer#0-0-C-1] [Consumer clientId=consumer-binarfudgroup-1, groupId=binarfudgroup] Node -1 disconnected.
2024-06-28 21:47:42,315 WARN o.a.k.c.NetworkClient [org.springframework.kafka.KafkaListenerEndpointContainer#0-0-C-1] [Consumer clientId=consumer-binarfudgroup-1, groupId=binarfudgroup] Connection to node -1 (localhost/127.0.0.1:9092) could not be established. Broker may not be available.
2024-06-28 21:47:42,315 WARN o.a.k.c.NetworkClient$DefaultMetadataUpdater [org.springframework.kafka.KafkaListenerEndpointContainer#0-0-C-1] [Consumer clientId=consumer-binarfudgroup-1, groupId=binarfudgroup] Bootstrap broker localhost:9092 (id: -1 rack: null) disconnected
2024-06-28 21:47:43,414 INFO o.a.k.c.NetworkClient [org.springframework.kafka.KafkaListenerEndpointContainer#0-0-C-1] [Consumer clientId=consumer-binarfudgroup-1, groupId=binarfudgroup] Node -1 disconnected.
2024-06-28 21:47:43,414 WARN o.a.k.c.NetworkClient [org.springframework.kafka.KafkaListenerEndpointContainer#0-0-C-1] [Consumer clientId=consumer-binarfudgroup-1, groupId=binarfudgroup] Connection to node -1 (localhost/127.0.0.1:9092) could not be established. Broker may not be available.
2024-06-28 21:47:43,415 WARN o.a.k.c.NetworkClient$DefaultMetadataUpdater [org.springframework.kafka.KafkaListenerEndpointContainer#0-0-C-1] [Consumer clientId=consumer-binarfudgroup-1, groupId=binarfudgroup] Bootstrap broker localhost:9092 (id: -1 rack: null) disconnected
2024-06-28 21:47:44,574 INFO o.a.k.c.NetworkClient [org.springframework.kafka.KafkaListenerEndpointContainer#0-0-C-1] [Consumer clientId=consumer-binarfudgroup-1, groupId=binarfudgroup] Node -1 disconnected.
2024-06-28 21:47:44,575 WARN o.a.k.c.NetworkClient [org.springframework.kafka.KafkaListenerEndpointContainer#0-0-C-1] [Consumer clientId=consumer-binarfudgroup-1, groupId=binarfudgroup] Connection to node -1 (localhost/127.0.0.1:9092) could not be established. Broker may not be available.
2024-06-28 21:47:44,575 WARN o.a.k.c.NetworkClient$DefaultMetadataUpdater [org.springframework.kafka.KafkaListenerEndpointContainer#0-0-C-1] [Consumer clientId=consumer-binarfudgroup-1, groupId=binarfudgroup] Bootstrap broker localhost:9092 (id: -1 rack: null) disconnected
2024-06-28 21:47:45,744 INFO o.a.k.c.NetworkClient [org.springframework.kafka.KafkaListenerEndpointContainer#0-0-C-1] [Consumer clientId=consumer-binarfudgroup-1, groupId=binarfudgroup] Node -1 disconnected.
2024-06-28 21:47:45,744 WARN o.a.k.c.NetworkClient [org.springframework.kafka.KafkaListenerEndpointContainer#0-0-C-1] [Consumer clientId=consumer-binarfudgroup-1, groupId=binarfudgroup] Connection to node -1 (localhost/127.0.0.1:9092) could not be established. Broker may not be available.
2024-06-28 21:47:45,744 WARN o.a.k.c.NetworkClient$DefaultMetadataUpdater [org.springframework.kafka.KafkaListenerEndpointContainer#0-0-C-1] [Consumer clientId=consumer-binarfudgroup-1, groupId=binarfudgroup] Bootstrap broker localhost:9092 (id: -1 rack: null) disconnected
2024-06-28 21:47:46,657 INFO o.a.k.c.NetworkClient [org.springframework.kafka.KafkaListenerEndpointContainer#0-0-C-1] [Consumer clientId=consumer-binarfudgroup-1, groupId=binarfudgroup] Node -1 disconnected.
2024-06-28 21:47:46,658 WARN o.a.k.c.NetworkClient [org.springframework.kafka.KafkaListenerEndpointContainer#0-0-C-1] [Consumer clientId=consumer-binarfudgroup-1, groupId=binarfudgroup] Connection to node -1 (localhost/127.0.0.1:9092) could not be established. Broker may not be available.
2024-06-28 21:47:46,658 WARN o.a.k.c.NetworkClient$DefaultMetadataUpdater [org.springframework.kafka.KafkaListenerEndpointContainer#0-0-C-1] [Consumer clientId=consumer-binarfudgroup-1, groupId=binarfudgroup] Bootstrap broker localhost:9092 (id: -1 rack: null) disconnected
2024-06-28 21:47:47,629 INFO o.a.k.c.NetworkClient [org.springframework.kafka.KafkaListenerEndpointContainer#0-0-C-1] [Consumer clientId=consumer-binarfudgroup-1, groupId=binarfudgroup] Node -1 disconnected.
2024-06-28 21:47:47,629 WARN o.a.k.c.NetworkClient [org.springframework.kafka.KafkaListenerEndpointContainer#0-0-C-1] [Consumer clientId=consumer-binarfudgroup-1, groupId=binarfudgroup] Connection to node -1 (localhost/127.0.0.1:9092) could not be established. Broker may not be available.
2024-06-28 21:47:47,629 WARN o.a.k.c.NetworkClient$DefaultMetadataUpdater [org.springframework.kafka.KafkaListenerEndpointContainer#0-0-C-1] [Consumer clientId=consumer-binarfudgroup-1, groupId=binarfudgroup] Bootstrap broker localhost:9092 (id: -1 rack: null) disconnected
2024-06-28 21:47:48,600 INFO o.a.k.c.NetworkClient [org.springframework.kafka.KafkaListenerEndpointContainer#0-0-C-1] [Consumer clientId=consumer-binarfudgroup-1, groupId=binarfudgroup] Node -1 disconnected.
2024-06-28 21:47:48,601 WARN o.a.k.c.NetworkClient [org.springframework.kafka.KafkaListenerEndpointContainer#0-0-C-1] [Consumer clientId=consumer-binarfudgroup-1, groupId=binarfudgroup] Connection to node -1 (localhost/127.0.0.1:9092) could not be established. Broker may not be available.
2024-06-28 21:47:48,601 WARN o.a.k.c.NetworkClient$DefaultMetadataUpdater [org.springframework.kafka.KafkaListenerEndpointContainer#0-0-C-1] [Consumer clientId=consumer-binarfudgroup-1, groupId=binarfudgroup] Bootstrap broker localhost:9092 (id: -1 rack: null) disconnected
2024-06-28 21:47:49,766 INFO o.a.k.c.NetworkClient [org.springframework.kafka.KafkaListenerEndpointContainer#0-0-C-1] [Consumer clientId=consumer-binarfudgroup-1, groupId=binarfudgroup] Node -1 disconnected.
2024-06-28 21:47:49,766 WARN o.a.k.c.NetworkClient [org.springframework.kafka.KafkaListenerEndpointContainer#0-0-C-1] [Consumer clientId=consumer-binarfudgroup-1, groupId=binarfudgroup] Connection to node -1 (localhost/127.0.0.1:9092) could not be established. Broker may not be available.
2024-06-28 21:47:49,766 WARN o.a.k.c.NetworkClient$DefaultMetadataUpdater [org.springframework.kafka.KafkaListenerEndpointContainer#0-0-C-1] [Consumer clientId=consumer-binarfudgroup-1, groupId=binarfudgroup] Bootstrap broker localhost:9092 (id: -1 rack: null) disconnected
2024-06-28 21:47:50,800 INFO o.a.k.c.NetworkClient [org.springframework.kafka.KafkaListenerEndpointContainer#0-0-C-1] [Consumer clientId=consumer-binarfudgroup-1, groupId=binarfudgroup] Node -1 disconnected.
2024-06-28 21:47:50,801 WARN o.a.k.c.NetworkClient [org.springframework.kafka.KafkaListenerEndpointContainer#0-0-C-1] [Consumer clientId=consumer-binarfudgroup-1, groupId=binarfudgroup] Connection to node -1 (localhost/127.0.0.1:9092) could not be established. Broker may not be available.
2024-06-28 21:47:50,801 WARN o.a.k.c.NetworkClient$DefaultMetadataUpdater [org.springframework.kafka.KafkaListenerEndpointContainer#0-0-C-1] [Consumer clientId=consumer-binarfudgroup-1, groupId=binarfudgroup] Bootstrap broker localhost:9092 (id: -1 rack: null) disconnected
2024-06-28 21:47:52,023 INFO o.a.k.c.NetworkClient [org.springframework.kafka.KafkaListenerEndpointContainer#0-0-C-1] [Consumer clientId=consumer-binarfudgroup-1, groupId=binarfudgroup] Node -1 disconnected.
2024-06-28 21:47:52,024 WARN o.a.k.c.NetworkClient [org.springframework.kafka.KafkaListenerEndpointContainer#0-0-C-1] [Consumer clientId=consumer-binarfudgroup-1, groupId=binarfudgroup] Connection to node -1 (localhost/127.0.0.1:9092) could not be established. Broker may not be available.
2024-06-28 21:47:52,024 WARN o.a.k.c.NetworkClient$DefaultMetadataUpdater [org.springframework.kafka.KafkaListenerEndpointContainer#0-0-C-1] [Consumer clientId=consumer-binarfudgroup-1, groupId=binarfudgroup] Bootstrap broker localhost:9092 (id: -1 rack: null) disconnected
2024-06-28 21:47:53,189 INFO o.a.k.c.NetworkClient [org.springframework.kafka.KafkaListenerEndpointContainer#0-0-C-1] [Consumer clientId=consumer-binarfudgroup-1, groupId=binarfudgroup] Node -1 disconnected.
2024-06-28 21:47:53,189 WARN o.a.k.c.NetworkClient [org.springframework.kafka.KafkaListenerEndpointContainer#0-0-C-1] [Consumer clientId=consumer-binarfudgroup-1, groupId=binarfudgroup] Connection to node -1 (localhost/127.0.0.1:9092) could not be established. Broker may not be available.
2024-06-28 21:47:53,189 WARN o.a.k.c.NetworkClient$DefaultMetadataUpdater [org.springframework.kafka.KafkaListenerEndpointContainer#0-0-C-1] [Consumer clientId=consumer-binarfudgroup-1, groupId=binarfudgroup] Bootstrap broker localhost:9092 (id: -1 rack: null) disconnected
2024-06-28 21:47:54,163 INFO o.a.k.c.NetworkClient [org.springframework.kafka.KafkaListenerEndpointContainer#0-0-C-1] [Consumer clientId=consumer-binarfudgroup-1, groupId=binarfudgroup] Node -1 disconnected.
2024-06-28 21:47:54,163 WARN o.a.k.c.NetworkClient [org.springframework.kafka.KafkaListenerEndpointContainer#0-0-C-1] [Consumer clientId=consumer-binarfudgroup-1, groupId=binarfudgroup] Connection to node -1 (localhost/127.0.0.1:9092) could not be established. Broker may not be available.
2024-06-28 21:47:54,163 WARN o.a.k.c.NetworkClient$DefaultMetadataUpdater [org.springframework.kafka.KafkaListenerEndpointContainer#0-0-C-1] [Consumer clientId=consumer-binarfudgroup-1, groupId=binarfudgroup] Bootstrap broker localhost:9092 (id: -1 rack: null) disconnected
2024-06-28 21:47:55,080 INFO o.a.k.c.NetworkClient [org.springframework.kafka.KafkaListenerEndpointContainer#0-0-C-1] [Consumer clientId=consumer-binarfudgroup-1, groupId=binarfudgroup] Node -1 disconnected.
2024-06-28 21:47:55,080 WARN o.a.k.c.NetworkClient [org.springframework.kafka.KafkaListenerEndpointContainer#0-0-C-1] [Consumer clientId=consumer-binarfudgroup-1, groupId=binarfudgroup] Connection to node -1 (localhost/127.0.0.1:9092) could not be established. Broker may not be available.
2024-06-28 21:47:55,080 WARN o.a.k.c.NetworkClient$DefaultMetadataUpdater [org.springframework.kafka.KafkaListenerEndpointContainer#0-0-C-1] [Consumer clientId=consumer-binarfudgroup-1, groupId=binarfudgroup] Bootstrap broker localhost:9092 (id: -1 rack: null) disconnected
2024-06-28 21:47:56,234 INFO o.a.k.c.NetworkClient [org.springframework.kafka.KafkaListenerEndpointContainer#0-0-C-1] [Consumer clientId=consumer-binarfudgroup-1, groupId=binarfudgroup] Node -1 disconnected.
2024-06-28 21:47:56,236 WARN o.a.k.c.NetworkClient [org.springframework.kafka.KafkaListenerEndpointContainer#0-0-C-1] [Consumer clientId=consumer-binarfudgroup-1, groupId=binarfudgroup] Connection to node -1 (localhost/127.0.0.1:9092) could not be established. Broker may not be available.
2024-06-28 21:47:56,236 WARN o.a.k.c.NetworkClient$DefaultMetadataUpdater [org.springframework.kafka.KafkaListenerEndpointContainer#0-0-C-1] [Consumer clientId=consumer-binarfudgroup-1, groupId=binarfudgroup] Bootstrap broker localhost:9092 (id: -1 rack: null) disconnected
2024-06-28 21:47:57,083 INFO o.a.k.c.NetworkClient [org.springframework.kafka.KafkaListenerEndpointContainer#0-0-C-1] [Consumer clientId=consumer-binarfudgroup-1, groupId=binarfudgroup] Node -1 disconnected.
2024-06-28 21:47:57,084 WARN o.a.k.c.NetworkClient [org.springframework.kafka.KafkaListenerEndpointContainer#0-0-C-1] [Consumer clientId=consumer-binarfudgroup-1, groupId=binarfudgroup] Connection to node -1 (localhost/127.0.0.1:9092) could not be established. Broker may not be available.
2024-06-28 21:47:57,084 WARN o.a.k.c.NetworkClient$DefaultMetadataUpdater [org.springframework.kafka.KafkaListenerEndpointContainer#0-0-C-1] [Consumer clientId=consumer-binarfudgroup-1, groupId=binarfudgroup] Bootstrap broker localhost:9092 (id: -1 rack: null) disconnected
2024-06-28 21:47:58,314 INFO o.a.k.c.NetworkClient [org.springframework.kafka.KafkaListenerEndpointContainer#0-0-C-1] [Consumer clientId=consumer-binarfudgroup-1, groupId=binarfudgroup] Node -1 disconnected.
2024-06-28 21:47:58,314 WARN o.a.k.c.NetworkClient [org.springframework.kafka.KafkaListenerEndpointContainer#0-0-C-1] [Consumer clientId=consumer-binarfudgroup-1, groupId=binarfudgroup] Connection to node -1 (localhost/127.0.0.1:9092) could not be established. Broker may not be available.
2024-06-28 21:47:58,314 WARN o.a.k.c.NetworkClient$DefaultMetadataUpdater [org.springframework.kafka.KafkaListenerEndpointContainer#0-0-C-1] [Consumer clientId=consumer-binarfudgroup-1, groupId=binarfudgroup] Bootstrap broker localhost:9092 (id: -1 rack: null) disconnected
2024-06-28 21:47:59,408 INFO o.a.k.c.NetworkClient [org.springframework.kafka.KafkaListenerEndpointContainer#0-0-C-1] [Consumer clientId=consumer-binarfudgroup-1, groupId=binarfudgroup] Node -1 disconnected.
2024-06-28 21:47:59,409 WARN o.a.k.c.NetworkClient [org.springframework.kafka.KafkaListenerEndpointContainer#0-0-C-1] [Consumer clientId=consumer-binarfudgroup-1, groupId=binarfudgroup] Connection to node -1 (localhost/127.0.0.1:9092) could not be established. Broker may not be available.
2024-06-28 21:47:59,409 WARN o.a.k.c.NetworkClient$DefaultMetadataUpdater [org.springframework.kafka.KafkaListenerEndpointContainer#0-0-C-1] [Consumer clientId=consumer-binarfudgroup-1, groupId=binarfudgroup] Bootstrap broker localhost:9092 (id: -1 rack: null) disconnected
2024-06-28 21:48:00,561 INFO o.a.k.c.NetworkClient [org.springframework.kafka.KafkaListenerEndpointContainer#0-0-C-1] [Consumer clientId=consumer-binarfudgroup-1, groupId=binarfudgroup] Node -1 disconnected.
2024-06-28 21:48:00,562 WARN o.a.k.c.NetworkClient [org.springframework.kafka.KafkaListenerEndpointContainer#0-0-C-1] [Consumer clientId=consumer-binarfudgroup-1, groupId=binarfudgroup] Connection to node -1 (localhost/127.0.0.1:9092) could not be established. Broker may not be available.
2024-06-28 21:48:00,563 WARN o.a.k.c.NetworkClient$DefaultMetadataUpdater [org.springframework.kafka.KafkaListenerEndpointContainer#0-0-C-1] [Consumer clientId=consumer-binarfudgroup-1, groupId=binarfudgroup] Bootstrap broker localhost:9092 (id: -1 rack: null) disconnected
2024-06-28 21:48:01,714 INFO o.a.k.c.NetworkClient [org.springframework.kafka.KafkaListenerEndpointContainer#0-0-C-1] [Consumer clientId=consumer-binarfudgroup-1, groupId=binarfudgroup] Node -1 disconnected.
2024-06-28 21:48:01,715 WARN o.a.k.c.NetworkClient [org.springframework.kafka.KafkaListenerEndpointContainer#0-0-C-1] [Consumer clientId=consumer-binarfudgroup-1, groupId=binarfudgroup] Connection to node -1 (localhost/127.0.0.1:9092) could not be established. Broker may not be available.
2024-06-28 21:48:01,715 WARN o.a.k.c.NetworkClient$DefaultMetadataUpdater [org.springframework.kafka.KafkaListenerEndpointContainer#0-0-C-1] [Consumer clientId=consumer-binarfudgroup-1, groupId=binarfudgroup] Bootstrap broker localhost:9092 (id: -1 rack: null) disconnected
