2024-06-14 15:06:19,717 INFO o.s.b.StartupInfoLogger [main] Starting BinarfudApplication using Java 17.0.2 with PID 24300 (D:\synrgy\Binarfud\Binarfud\target\classes started by hp in D:\synrgy\Binarfud\Binarfud)
2024-06-14 15:06:19,724 INFO o.s.b.SpringApplication [main] No active profile set, falling back to 1 default profile: "default"
2024-06-14 15:06:21,338 INFO o.s.d.r.c.RepositoryConfigurationDelegate [main] Bootstrapping Spring Data JPA repositories in DEFAULT mode.
2024-06-14 15:06:21,472 INFO o.s.d.r.c.RepositoryConfigurationDelegate [main] Finished Spring Data repository scanning in 117 ms. Found 7 JPA repository interfaces.
2024-06-14 15:06:22,713 INFO o.s.b.w.e.t.TomcatWebServer [main] Tomcat initialized with port 8080 (http)
2024-06-14 15:06:22,731 INFO o.a.j.l.DirectJDKLog [main] Initializing ProtocolHandler ["http-nio-8080"]
2024-06-14 15:06:22,736 INFO o.a.j.l.DirectJDKLog [main] Starting service [Tomcat]
2024-06-14 15:06:22,737 INFO o.a.j.l.DirectJDKLog [main] Starting Servlet engine: [Apache Tomcat/10.1.20]
2024-06-14 15:06:22,857 INFO o.a.j.l.DirectJDKLog [main] Initializing Spring embedded WebApplicationContext
2024-06-14 15:06:22,859 INFO o.s.b.w.s.c.ServletWebServerApplicationContext [main] Root WebApplicationContext: initialization completed in 3065 ms
2024-06-14 15:06:23,128 INFO o.h.j.i.u.LogHelper [main] HHH000204: Processing PersistenceUnitInfo [name: default]
2024-06-14 15:06:23,245 INFO o.h.Version [main] HHH000412: Hibernate ORM core version 6.4.4.Final
2024-06-14 15:06:23,309 INFO o.h.c.i.RegionFactoryInitiator [main] HHH000026: Second-level cache disabled
2024-06-14 15:06:23,778 INFO o.s.o.j.p.SpringPersistenceUnitInfo [main] No LoadTimeWeaver setup: ignoring JPA class transformer
2024-06-14 15:06:23,834 INFO c.z.h.HikariDataSource [main] HikariPool-1 - Starting...
2024-06-14 15:06:25,620 INFO c.z.h.p.HikariPool [main] HikariPool-1 - Added connection org.postgresql.jdbc.PgConnection@99c3cee
2024-06-14 15:06:25,622 INFO c.z.h.HikariDataSource [main] HikariPool-1 - Start completed.
2024-06-14 15:06:25,721 WARN o.h.e.j.d.i.DialectFactoryImpl [main] HHH90000025: PostgreSQLDialect does not need to be specified explicitly using 'hibernate.dialect' (remove the property setting and it will be selected by default)
2024-06-14 15:06:27,243 INFO o.h.e.t.j.p.i.JtaPlatformInitiator [main] HHH000489: No JTA platform available (set 'hibernate.transaction.jta.platform' to enable JTA platform integration)
2024-06-14 15:06:28,301 INFO o.s.o.j.AbstractEntityManagerFactoryBean [main] Initialized JPA EntityManagerFactory for persistence unit 'default'
2024-06-14 15:06:29,102 INFO o.s.d.j.r.q.QueryEnhancerFactory [main] Hibernate is in classpath; If applicable, HQL parser will be used.
2024-06-14 15:06:29,972 WARN o.s.b.a.o.j.JpaBaseConfiguration$JpaWebConfiguration [main] spring.jpa.open-in-view is enabled by default. Therefore, database queries may be performed during view rendering. Explicitly configure spring.jpa.open-in-view to disable this warning
2024-06-14 15:06:30,637 INFO o.s.s.w.DefaultSecurityFilterChain [main] Will secure any request with [org.springframework.security.web.session.DisableEncodeUrlFilter@57fd93f9, org.springframework.security.web.context.request.async.WebAsyncManagerIntegrationFilter@5e8ec0d9, org.springframework.security.web.context.SecurityContextHolderFilter@1cbb6037, org.springframework.security.web.header.HeaderWriterFilter@3167c0d, org.springframework.web.filter.CorsFilter@1a7f6678, org.springframework.security.web.authentication.logout.LogoutFilter@62509b77, org.springframework.security.oauth2.client.web.OAuth2AuthorizationRequestRedirectFilter@27796482, org.springframework.security.oauth2.client.web.OAuth2LoginAuthenticationFilter@52f2d8e8, com.example.Binarfud.security.jwt.JwtAuthTokenFilter@601ca994, org.springframework.security.web.authentication.UsernamePasswordAuthenticationFilter@c79a727, org.springframework.security.web.savedrequest.RequestCacheAwareFilter@491cceb4, org.springframework.security.web.servletapi.SecurityContextHolderAwareRequestFilter@17b3b021, org.springframework.security.web.authentication.AnonymousAuthenticationFilter@3b47178c, org.springframework.security.web.access.ExceptionTranslationFilter@746fda68, org.springframework.security.web.access.intercept.AuthorizationFilter@78494a59]
2024-06-14 15:06:31,119 WARN o.s.s.c.a.w.b.WebSecurity [main] You are asking Spring Security to ignore Mvc [pattern='/webjars/**']. This is not recommended -- please use permitAll via HttpSecurity#authorizeHttpRequests instead.
2024-06-14 15:06:31,119 INFO o.s.s.w.DefaultSecurityFilterChain [main] Will not secure Mvc [pattern='/webjars/**']
2024-06-14 15:06:31,119 WARN o.s.s.c.a.w.b.WebSecurity [main] You are asking Spring Security to ignore Mvc [pattern='/images/**']. This is not recommended -- please use permitAll via HttpSecurity#authorizeHttpRequests instead.
2024-06-14 15:06:31,119 INFO o.s.s.w.DefaultSecurityFilterChain [main] Will not secure Mvc [pattern='/images/**']
2024-06-14 15:06:31,119 WARN o.s.s.c.a.w.b.WebSecurity [main] You are asking Spring Security to ignore Mvc [pattern='/css/**']. This is not recommended -- please use permitAll via HttpSecurity#authorizeHttpRequests instead.
2024-06-14 15:06:31,119 INFO o.s.s.w.DefaultSecurityFilterChain [main] Will not secure Mvc [pattern='/css/**']
2024-06-14 15:06:31,120 WARN o.s.s.c.a.w.b.WebSecurity [main] You are asking Spring Security to ignore Mvc [pattern='/assets/**']. This is not recommended -- please use permitAll via HttpSecurity#authorizeHttpRequests instead.
2024-06-14 15:06:31,120 INFO o.s.s.w.DefaultSecurityFilterChain [main] Will not secure Mvc [pattern='/assets/**']
2024-06-14 15:06:31,120 WARN o.s.s.c.a.w.b.WebSecurity [main] You are asking Spring Security to ignore Mvc [pattern='/favicon.ico']. This is not recommended -- please use permitAll via HttpSecurity#authorizeHttpRequests instead.
2024-06-14 15:06:31,120 INFO o.s.s.w.DefaultSecurityFilterChain [main] Will not secure Mvc [pattern='/favicon.ico']
2024-06-14 15:06:31,234 INFO o.a.j.l.DirectJDKLog [main] Starting ProtocolHandler ["http-nio-8080"]
2024-06-14 15:06:31,266 INFO o.s.b.w.e.t.TomcatWebServer [main] Tomcat started on port 8080 (http) with context path ''
2024-06-14 15:06:31,348 INFO o.a.k.c.c.AbstractConfig [main] ConsumerConfig values: 
	allow.auto.create.topics = true
	auto.commit.interval.ms = 5000
	auto.include.jmx.reporter = true
	auto.offset.reset = latest
	bootstrap.servers = [localhost:9092]
	check.crcs = true
	client.dns.lookup = use_all_dns_ips
	client.id = consumer-binarfudgroup-1
	client.rack = 
	connections.max.idle.ms = 540000
	default.api.timeout.ms = 60000
	enable.auto.commit = false
	exclude.internal.topics = true
	fetch.max.bytes = 52428800
	fetch.max.wait.ms = 500
	fetch.min.bytes = 1
	group.id = binarfudgroup
	group.instance.id = null
	heartbeat.interval.ms = 3000
	interceptor.classes = []
	internal.leave.group.on.close = true
	internal.throw.on.fetch.stable.offset.unsupported = false
	isolation.level = read_uncommitted
	key.deserializer = class org.apache.kafka.common.serialization.StringDeserializer
	max.partition.fetch.bytes = 1048576
	max.poll.interval.ms = 300000
	max.poll.records = 500
	metadata.max.age.ms = 300000
	metric.reporters = []
	metrics.num.samples = 2
	metrics.recording.level = INFO
	metrics.sample.window.ms = 30000
	partition.assignment.strategy = [class org.apache.kafka.clients.consumer.RangeAssignor, class org.apache.kafka.clients.consumer.CooperativeStickyAssignor]
	receive.buffer.bytes = 65536
	reconnect.backoff.max.ms = 1000
	reconnect.backoff.ms = 50
	request.timeout.ms = 30000
	retry.backoff.ms = 100
	sasl.client.callback.handler.class = null
	sasl.jaas.config = null
	sasl.kerberos.kinit.cmd = /usr/bin/kinit
	sasl.kerberos.min.time.before.relogin = 60000
	sasl.kerberos.service.name = null
	sasl.kerberos.ticket.renew.jitter = 0.05
	sasl.kerberos.ticket.renew.window.factor = 0.8
	sasl.login.callback.handler.class = null
	sasl.login.class = null
	sasl.login.connect.timeout.ms = null
	sasl.login.read.timeout.ms = null
	sasl.login.refresh.buffer.seconds = 300
	sasl.login.refresh.min.period.seconds = 60
	sasl.login.refresh.window.factor = 0.8
	sasl.login.refresh.window.jitter = 0.05
	sasl.login.retry.backoff.max.ms = 10000
	sasl.login.retry.backoff.ms = 100
	sasl.mechanism = GSSAPI
	sasl.oauthbearer.clock.skew.seconds = 30
	sasl.oauthbearer.expected.audience = null
	sasl.oauthbearer.expected.issuer = null
	sasl.oauthbearer.jwks.endpoint.refresh.ms = 3600000
	sasl.oauthbearer.jwks.endpoint.retry.backoff.max.ms = 10000
	sasl.oauthbearer.jwks.endpoint.retry.backoff.ms = 100
	sasl.oauthbearer.jwks.endpoint.url = null
	sasl.oauthbearer.scope.claim.name = scope
	sasl.oauthbearer.sub.claim.name = sub
	sasl.oauthbearer.token.endpoint.url = null
	security.protocol = PLAINTEXT
	security.providers = null
	send.buffer.bytes = 131072
	session.timeout.ms = 45000
	socket.connection.setup.timeout.max.ms = 30000
	socket.connection.setup.timeout.ms = 10000
	ssl.cipher.suites = null
	ssl.enabled.protocols = [TLSv1.2, TLSv1.3]
	ssl.endpoint.identification.algorithm = https
	ssl.engine.factory.class = null
	ssl.key.password = null
	ssl.keymanager.algorithm = SunX509
	ssl.keystore.certificate.chain = null
	ssl.keystore.key = null
	ssl.keystore.location = null
	ssl.keystore.password = null
	ssl.keystore.type = JKS
	ssl.protocol = TLSv1.3
	ssl.provider = null
	ssl.secure.random.implementation = null
	ssl.trustmanager.algorithm = PKIX
	ssl.truststore.certificates = null
	ssl.truststore.location = null
	ssl.truststore.password = null
	ssl.truststore.type = JKS
	value.deserializer = class org.apache.kafka.common.serialization.StringDeserializer

2024-06-14 15:06:31,611 INFO o.a.k.c.u.AppInfoParser$AppInfo [main] Kafka version: 3.6.2
2024-06-14 15:06:31,611 INFO o.a.k.c.u.AppInfoParser$AppInfo [main] Kafka commitId: c4deed513057c94e
2024-06-14 15:06:31,612 INFO o.a.k.c.u.AppInfoParser$AppInfo [main] Kafka startTimeMs: 1718352391608
2024-06-14 15:06:31,617 INFO o.a.k.c.c.KafkaConsumer [main] [Consumer clientId=consumer-binarfudgroup-1, groupId=binarfudgroup] Subscribed to topic(s): order
2024-06-14 15:06:31,643 INFO o.s.b.StartupInfoLogger [main] Started BinarfudApplication in 12.825 seconds (process running for 13.517)
2024-06-14 15:06:32,135 INFO o.a.k.c.NetworkClient [org.springframework.kafka.KafkaListenerEndpointContainer#0-0-C-1] [Consumer clientId=consumer-binarfudgroup-1, groupId=binarfudgroup] Node -1 disconnected.
2024-06-14 15:06:32,138 WARN o.a.k.c.NetworkClient [org.springframework.kafka.KafkaListenerEndpointContainer#0-0-C-1] [Consumer clientId=consumer-binarfudgroup-1, groupId=binarfudgroup] Connection to node -1 (localhost/127.0.0.1:9092) could not be established. Broker may not be available.
2024-06-14 15:06:32,139 WARN o.a.k.c.NetworkClient$DefaultMetadataUpdater [org.springframework.kafka.KafkaListenerEndpointContainer#0-0-C-1] [Consumer clientId=consumer-binarfudgroup-1, groupId=binarfudgroup] Bootstrap broker localhost:9092 (id: -1 rack: null) disconnected
2024-06-14 15:06:32,244 INFO o.a.k.c.NetworkClient [org.springframework.kafka.KafkaListenerEndpointContainer#0-0-C-1] [Consumer clientId=consumer-binarfudgroup-1, groupId=binarfudgroup] Node -1 disconnected.
2024-06-14 15:06:32,245 WARN o.a.k.c.NetworkClient [org.springframework.kafka.KafkaListenerEndpointContainer#0-0-C-1] [Consumer clientId=consumer-binarfudgroup-1, groupId=binarfudgroup] Connection to node -1 (localhost/127.0.0.1:9092) could not be established. Broker may not be available.
2024-06-14 15:06:32,245 WARN o.a.k.c.NetworkClient$DefaultMetadataUpdater [org.springframework.kafka.KafkaListenerEndpointContainer#0-0-C-1] [Consumer clientId=consumer-binarfudgroup-1, groupId=binarfudgroup] Bootstrap broker localhost:9092 (id: -1 rack: null) disconnected
2024-06-14 15:06:32,355 INFO o.a.k.c.NetworkClient [org.springframework.kafka.KafkaListenerEndpointContainer#0-0-C-1] [Consumer clientId=consumer-binarfudgroup-1, groupId=binarfudgroup] Node -1 disconnected.
2024-06-14 15:06:32,355 WARN o.a.k.c.NetworkClient [org.springframework.kafka.KafkaListenerEndpointContainer#0-0-C-1] [Consumer clientId=consumer-binarfudgroup-1, groupId=binarfudgroup] Connection to node -1 (localhost/127.0.0.1:9092) could not be established. Broker may not be available.
2024-06-14 15:06:32,356 WARN o.a.k.c.NetworkClient$DefaultMetadataUpdater [org.springframework.kafka.KafkaListenerEndpointContainer#0-0-C-1] [Consumer clientId=consumer-binarfudgroup-1, groupId=binarfudgroup] Bootstrap broker localhost:9092 (id: -1 rack: null) disconnected
2024-06-14 15:06:32,590 INFO o.a.k.c.NetworkClient [org.springframework.kafka.KafkaListenerEndpointContainer#0-0-C-1] [Consumer clientId=consumer-binarfudgroup-1, groupId=binarfudgroup] Node -1 disconnected.
2024-06-14 15:06:32,590 WARN o.a.k.c.NetworkClient [org.springframework.kafka.KafkaListenerEndpointContainer#0-0-C-1] [Consumer clientId=consumer-binarfudgroup-1, groupId=binarfudgroup] Connection to node -1 (localhost/127.0.0.1:9092) could not be established. Broker may not be available.
2024-06-14 15:06:32,591 WARN o.a.k.c.NetworkClient$DefaultMetadataUpdater [org.springframework.kafka.KafkaListenerEndpointContainer#0-0-C-1] [Consumer clientId=consumer-binarfudgroup-1, groupId=binarfudgroup] Bootstrap broker localhost:9092 (id: -1 rack: null) disconnected
2024-06-14 15:06:33,010 INFO o.a.k.c.NetworkClient [org.springframework.kafka.KafkaListenerEndpointContainer#0-0-C-1] [Consumer clientId=consumer-binarfudgroup-1, groupId=binarfudgroup] Node -1 disconnected.
2024-06-14 15:06:33,010 WARN o.a.k.c.NetworkClient [org.springframework.kafka.KafkaListenerEndpointContainer#0-0-C-1] [Consumer clientId=consumer-binarfudgroup-1, groupId=binarfudgroup] Connection to node -1 (localhost/127.0.0.1:9092) could not be established. Broker may not be available.
2024-06-14 15:06:33,010 WARN o.a.k.c.NetworkClient$DefaultMetadataUpdater [org.springframework.kafka.KafkaListenerEndpointContainer#0-0-C-1] [Consumer clientId=consumer-binarfudgroup-1, groupId=binarfudgroup] Bootstrap broker localhost:9092 (id: -1 rack: null) disconnected
2024-06-14 15:06:33,930 INFO o.a.k.c.NetworkClient [org.springframework.kafka.KafkaListenerEndpointContainer#0-0-C-1] [Consumer clientId=consumer-binarfudgroup-1, groupId=binarfudgroup] Node -1 disconnected.
2024-06-14 15:06:33,931 WARN o.a.k.c.NetworkClient [org.springframework.kafka.KafkaListenerEndpointContainer#0-0-C-1] [Consumer clientId=consumer-binarfudgroup-1, groupId=binarfudgroup] Connection to node -1 (localhost/127.0.0.1:9092) could not be established. Broker may not be available.
2024-06-14 15:06:33,931 WARN o.a.k.c.NetworkClient$DefaultMetadataUpdater [org.springframework.kafka.KafkaListenerEndpointContainer#0-0-C-1] [Consumer clientId=consumer-binarfudgroup-1, groupId=binarfudgroup] Bootstrap broker localhost:9092 (id: -1 rack: null) disconnected
2024-06-14 15:06:35,162 INFO o.a.k.c.NetworkClient [org.springframework.kafka.KafkaListenerEndpointContainer#0-0-C-1] [Consumer clientId=consumer-binarfudgroup-1, groupId=binarfudgroup] Node -1 disconnected.
2024-06-14 15:06:35,163 WARN o.a.k.c.NetworkClient [org.springframework.kafka.KafkaListenerEndpointContainer#0-0-C-1] [Consumer clientId=consumer-binarfudgroup-1, groupId=binarfudgroup] Connection to node -1 (localhost/127.0.0.1:9092) could not be established. Broker may not be available.
2024-06-14 15:06:35,163 WARN o.a.k.c.NetworkClient$DefaultMetadataUpdater [org.springframework.kafka.KafkaListenerEndpointContainer#0-0-C-1] [Consumer clientId=consumer-binarfudgroup-1, groupId=binarfudgroup] Bootstrap broker localhost:9092 (id: -1 rack: null) disconnected
2024-06-14 15:06:36,206 INFO o.a.k.c.NetworkClient [org.springframework.kafka.KafkaListenerEndpointContainer#0-0-C-1] [Consumer clientId=consumer-binarfudgroup-1, groupId=binarfudgroup] Node -1 disconnected.
2024-06-14 15:06:36,207 WARN o.a.k.c.NetworkClient [org.springframework.kafka.KafkaListenerEndpointContainer#0-0-C-1] [Consumer clientId=consumer-binarfudgroup-1, groupId=binarfudgroup] Connection to node -1 (localhost/127.0.0.1:9092) could not be established. Broker may not be available.
2024-06-14 15:06:36,207 WARN o.a.k.c.NetworkClient$DefaultMetadataUpdater [org.springframework.kafka.KafkaListenerEndpointContainer#0-0-C-1] [Consumer clientId=consumer-binarfudgroup-1, groupId=binarfudgroup] Bootstrap broker localhost:9092 (id: -1 rack: null) disconnected
2024-06-14 15:06:37,324 INFO o.a.k.c.NetworkClient [org.springframework.kafka.KafkaListenerEndpointContainer#0-0-C-1] [Consumer clientId=consumer-binarfudgroup-1, groupId=binarfudgroup] Node -1 disconnected.
2024-06-14 15:06:37,325 WARN o.a.k.c.NetworkClient [org.springframework.kafka.KafkaListenerEndpointContainer#0-0-C-1] [Consumer clientId=consumer-binarfudgroup-1, groupId=binarfudgroup] Connection to node -1 (localhost/127.0.0.1:9092) could not be established. Broker may not be available.
2024-06-14 15:06:37,325 WARN o.a.k.c.NetworkClient$DefaultMetadataUpdater [org.springframework.kafka.KafkaListenerEndpointContainer#0-0-C-1] [Consumer clientId=consumer-binarfudgroup-1, groupId=binarfudgroup] Bootstrap broker localhost:9092 (id: -1 rack: null) disconnected
2024-06-14 15:06:38,184 INFO o.a.k.c.NetworkClient [org.springframework.kafka.KafkaListenerEndpointContainer#0-0-C-1] [Consumer clientId=consumer-binarfudgroup-1, groupId=binarfudgroup] Node -1 disconnected.
2024-06-14 15:06:38,185 WARN o.a.k.c.NetworkClient [org.springframework.kafka.KafkaListenerEndpointContainer#0-0-C-1] [Consumer clientId=consumer-binarfudgroup-1, groupId=binarfudgroup] Connection to node -1 (localhost/127.0.0.1:9092) could not be established. Broker may not be available.
2024-06-14 15:06:38,186 WARN o.a.k.c.NetworkClient$DefaultMetadataUpdater [org.springframework.kafka.KafkaListenerEndpointContainer#0-0-C-1] [Consumer clientId=consumer-binarfudgroup-1, groupId=binarfudgroup] Bootstrap broker localhost:9092 (id: -1 rack: null) disconnected
2024-06-14 15:06:39,228 INFO o.a.k.c.NetworkClient [org.springframework.kafka.KafkaListenerEndpointContainer#0-0-C-1] [Consumer clientId=consumer-binarfudgroup-1, groupId=binarfudgroup] Node -1 disconnected.
2024-06-14 15:06:39,228 WARN o.a.k.c.NetworkClient [org.springframework.kafka.KafkaListenerEndpointContainer#0-0-C-1] [Consumer clientId=consumer-binarfudgroup-1, groupId=binarfudgroup] Connection to node -1 (localhost/127.0.0.1:9092) could not be established. Broker may not be available.
2024-06-14 15:06:39,229 WARN o.a.k.c.NetworkClient$DefaultMetadataUpdater [org.springframework.kafka.KafkaListenerEndpointContainer#0-0-C-1] [Consumer clientId=consumer-binarfudgroup-1, groupId=binarfudgroup] Bootstrap broker localhost:9092 (id: -1 rack: null) disconnected
2024-06-14 15:06:40,209 INFO o.a.k.c.NetworkClient [org.springframework.kafka.KafkaListenerEndpointContainer#0-0-C-1] [Consumer clientId=consumer-binarfudgroup-1, groupId=binarfudgroup] Node -1 disconnected.
2024-06-14 15:06:40,209 WARN o.a.k.c.NetworkClient [org.springframework.kafka.KafkaListenerEndpointContainer#0-0-C-1] [Consumer clientId=consumer-binarfudgroup-1, groupId=binarfudgroup] Connection to node -1 (localhost/127.0.0.1:9092) could not be established. Broker may not be available.
2024-06-14 15:06:40,209 WARN o.a.k.c.NetworkClient$DefaultMetadataUpdater [org.springframework.kafka.KafkaListenerEndpointContainer#0-0-C-1] [Consumer clientId=consumer-binarfudgroup-1, groupId=binarfudgroup] Bootstrap broker localhost:9092 (id: -1 rack: null) disconnected
2024-06-14 15:06:41,069 INFO o.a.k.c.NetworkClient [org.springframework.kafka.KafkaListenerEndpointContainer#0-0-C-1] [Consumer clientId=consumer-binarfudgroup-1, groupId=binarfudgroup] Node -1 disconnected.
2024-06-14 15:06:41,069 WARN o.a.k.c.NetworkClient [org.springframework.kafka.KafkaListenerEndpointContainer#0-0-C-1] [Consumer clientId=consumer-binarfudgroup-1, groupId=binarfudgroup] Connection to node -1 (localhost/127.0.0.1:9092) could not be established. Broker may not be available.
2024-06-14 15:06:41,069 WARN o.a.k.c.NetworkClient$DefaultMetadataUpdater [org.springframework.kafka.KafkaListenerEndpointContainer#0-0-C-1] [Consumer clientId=consumer-binarfudgroup-1, groupId=binarfudgroup] Bootstrap broker localhost:9092 (id: -1 rack: null) disconnected
2024-06-14 15:06:42,219 INFO o.a.k.c.NetworkClient [org.springframework.kafka.KafkaListenerEndpointContainer#0-0-C-1] [Consumer clientId=consumer-binarfudgroup-1, groupId=binarfudgroup] Node -1 disconnected.
2024-06-14 15:06:42,219 WARN o.a.k.c.NetworkClient [org.springframework.kafka.KafkaListenerEndpointContainer#0-0-C-1] [Consumer clientId=consumer-binarfudgroup-1, groupId=binarfudgroup] Connection to node -1 (localhost/127.0.0.1:9092) could not be established. Broker may not be available.
2024-06-14 15:06:42,219 WARN o.a.k.c.NetworkClient$DefaultMetadataUpdater [org.springframework.kafka.KafkaListenerEndpointContainer#0-0-C-1] [Consumer clientId=consumer-binarfudgroup-1, groupId=binarfudgroup] Bootstrap broker localhost:9092 (id: -1 rack: null) disconnected
2024-06-14 15:06:43,205 INFO o.a.k.c.NetworkClient [org.springframework.kafka.KafkaListenerEndpointContainer#0-0-C-1] [Consumer clientId=consumer-binarfudgroup-1, groupId=binarfudgroup] Node -1 disconnected.
2024-06-14 15:06:43,206 WARN o.a.k.c.NetworkClient [org.springframework.kafka.KafkaListenerEndpointContainer#0-0-C-1] [Consumer clientId=consumer-binarfudgroup-1, groupId=binarfudgroup] Connection to node -1 (localhost/127.0.0.1:9092) could not be established. Broker may not be available.
2024-06-14 15:06:43,206 WARN o.a.k.c.NetworkClient$DefaultMetadataUpdater [org.springframework.kafka.KafkaListenerEndpointContainer#0-0-C-1] [Consumer clientId=consumer-binarfudgroup-1, groupId=binarfudgroup] Bootstrap broker localhost:9092 (id: -1 rack: null) disconnected
2024-06-14 15:06:44,243 INFO o.a.k.c.NetworkClient [org.springframework.kafka.KafkaListenerEndpointContainer#0-0-C-1] [Consumer clientId=consumer-binarfudgroup-1, groupId=binarfudgroup] Node -1 disconnected.
2024-06-14 15:06:44,244 WARN o.a.k.c.NetworkClient [org.springframework.kafka.KafkaListenerEndpointContainer#0-0-C-1] [Consumer clientId=consumer-binarfudgroup-1, groupId=binarfudgroup] Connection to node -1 (localhost/127.0.0.1:9092) could not be established. Broker may not be available.
2024-06-14 15:06:44,244 WARN o.a.k.c.NetworkClient$DefaultMetadataUpdater [org.springframework.kafka.KafkaListenerEndpointContainer#0-0-C-1] [Consumer clientId=consumer-binarfudgroup-1, groupId=binarfudgroup] Bootstrap broker localhost:9092 (id: -1 rack: null) disconnected
2024-06-14 15:06:45,101 INFO o.a.k.c.NetworkClient [org.springframework.kafka.KafkaListenerEndpointContainer#0-0-C-1] [Consumer clientId=consumer-binarfudgroup-1, groupId=binarfudgroup] Node -1 disconnected.
2024-06-14 15:06:45,101 WARN o.a.k.c.NetworkClient [org.springframework.kafka.KafkaListenerEndpointContainer#0-0-C-1] [Consumer clientId=consumer-binarfudgroup-1, groupId=binarfudgroup] Connection to node -1 (localhost/127.0.0.1:9092) could not be established. Broker may not be available.
2024-06-14 15:06:45,101 WARN o.a.k.c.NetworkClient$DefaultMetadataUpdater [org.springframework.kafka.KafkaListenerEndpointContainer#0-0-C-1] [Consumer clientId=consumer-binarfudgroup-1, groupId=binarfudgroup] Bootstrap broker localhost:9092 (id: -1 rack: null) disconnected
2024-06-14 15:06:45,939 INFO o.a.j.l.DirectJDKLog [http-nio-8080-exec-2] Initializing Spring DispatcherServlet 'dispatcherServlet'
2024-06-14 15:06:45,940 INFO o.s.w.s.FrameworkServlet [http-nio-8080-exec-2] Initializing Servlet 'dispatcherServlet'
2024-06-14 15:06:45,943 INFO o.s.w.s.FrameworkServlet [http-nio-8080-exec-2] Completed initialization in 3 ms
2024-06-14 15:06:46,129 INFO o.a.k.c.NetworkClient [org.springframework.kafka.KafkaListenerEndpointContainer#0-0-C-1] [Consumer clientId=consumer-binarfudgroup-1, groupId=binarfudgroup] Node -1 disconnected.
2024-06-14 15:06:46,129 WARN o.a.k.c.NetworkClient [org.springframework.kafka.KafkaListenerEndpointContainer#0-0-C-1] [Consumer clientId=consumer-binarfudgroup-1, groupId=binarfudgroup] Connection to node -1 (localhost/127.0.0.1:9092) could not be established. Broker may not be available.
2024-06-14 15:06:46,129 WARN o.a.k.c.NetworkClient$DefaultMetadataUpdater [org.springframework.kafka.KafkaListenerEndpointContainer#0-0-C-1] [Consumer clientId=consumer-binarfudgroup-1, groupId=binarfudgroup] Bootstrap broker localhost:9092 (id: -1 rack: null) disconnected
2024-06-14 15:06:46,601 INFO c.e.B.s.OrdersService [http-nio-8080-exec-2] Order saved: Orders(id=8b269a84-d76c-414e-a177-2b7e952c632f, orderTime=2024-06-14 15:06:46.517933, destinationAddress=Jln Kemang No 11, completed=false, user=Users(id=49327e1a-0699-4154-b919-94982b0f296c, username=null, emailAddress=null, password=null, verified=false, roles=[]))
2024-06-14 15:06:46,629 INFO o.a.k.c.c.AbstractConfig [http-nio-8080-exec-2] ProducerConfig values: 
	acks = -1
	auto.include.jmx.reporter = true
	batch.size = 16384
	bootstrap.servers = [localhost:9092]
	buffer.memory = 33554432
	client.dns.lookup = use_all_dns_ips
	client.id = producer-1
	compression.type = none
	connections.max.idle.ms = 540000
	delivery.timeout.ms = 120000
	enable.idempotence = true
	interceptor.classes = []
	key.serializer = class org.apache.kafka.common.serialization.StringSerializer
	linger.ms = 0
	max.block.ms = 60000
	max.in.flight.requests.per.connection = 5
	max.request.size = 1048576
	metadata.max.age.ms = 300000
	metadata.max.idle.ms = 300000
	metric.reporters = []
	metrics.num.samples = 2
	metrics.recording.level = INFO
	metrics.sample.window.ms = 30000
	partitioner.adaptive.partitioning.enable = true
	partitioner.availability.timeout.ms = 0
	partitioner.class = null
	partitioner.ignore.keys = false
	receive.buffer.bytes = 32768
	reconnect.backoff.max.ms = 1000
	reconnect.backoff.ms = 50
	request.timeout.ms = 30000
	retries = 2147483647
	retry.backoff.ms = 100
	sasl.client.callback.handler.class = null
	sasl.jaas.config = null
	sasl.kerberos.kinit.cmd = /usr/bin/kinit
	sasl.kerberos.min.time.before.relogin = 60000
	sasl.kerberos.service.name = null
	sasl.kerberos.ticket.renew.jitter = 0.05
	sasl.kerberos.ticket.renew.window.factor = 0.8
	sasl.login.callback.handler.class = null
	sasl.login.class = null
	sasl.login.connect.timeout.ms = null
	sasl.login.read.timeout.ms = null
	sasl.login.refresh.buffer.seconds = 300
	sasl.login.refresh.min.period.seconds = 60
	sasl.login.refresh.window.factor = 0.8
	sasl.login.refresh.window.jitter = 0.05
	sasl.login.retry.backoff.max.ms = 10000
	sasl.login.retry.backoff.ms = 100
	sasl.mechanism = GSSAPI
	sasl.oauthbearer.clock.skew.seconds = 30
	sasl.oauthbearer.expected.audience = null
	sasl.oauthbearer.expected.issuer = null
	sasl.oauthbearer.jwks.endpoint.refresh.ms = 3600000
	sasl.oauthbearer.jwks.endpoint.retry.backoff.max.ms = 10000
	sasl.oauthbearer.jwks.endpoint.retry.backoff.ms = 100
	sasl.oauthbearer.jwks.endpoint.url = null
	sasl.oauthbearer.scope.claim.name = scope
	sasl.oauthbearer.sub.claim.name = sub
	sasl.oauthbearer.token.endpoint.url = null
	security.protocol = PLAINTEXT
	security.providers = null
	send.buffer.bytes = 131072
	socket.connection.setup.timeout.max.ms = 30000
	socket.connection.setup.timeout.ms = 10000
	ssl.cipher.suites = null
	ssl.enabled.protocols = [TLSv1.2, TLSv1.3]
	ssl.endpoint.identification.algorithm = https
	ssl.engine.factory.class = null
	ssl.key.password = null
	ssl.keymanager.algorithm = SunX509
	ssl.keystore.certificate.chain = null
	ssl.keystore.key = null
	ssl.keystore.location = null
	ssl.keystore.password = null
	ssl.keystore.type = JKS
	ssl.protocol = TLSv1.3
	ssl.provider = null
	ssl.secure.random.implementation = null
	ssl.trustmanager.algorithm = PKIX
	ssl.truststore.certificates = null
	ssl.truststore.location = null
	ssl.truststore.password = null
	ssl.truststore.type = JKS
	transaction.timeout.ms = 60000
	transactional.id = null
	value.serializer = class org.apache.kafka.common.serialization.StringSerializer

2024-06-14 15:06:46,644 INFO o.a.k.c.p.KafkaProducer [http-nio-8080-exec-2] [Producer clientId=producer-1] Instantiated an idempotent producer.
2024-06-14 15:06:46,667 INFO o.a.k.c.u.AppInfoParser$AppInfo [http-nio-8080-exec-2] Kafka version: 3.6.2
2024-06-14 15:06:46,668 INFO o.a.k.c.u.AppInfoParser$AppInfo [http-nio-8080-exec-2] Kafka commitId: c4deed513057c94e
2024-06-14 15:06:46,668 INFO o.a.k.c.u.AppInfoParser$AppInfo [http-nio-8080-exec-2] Kafka startTimeMs: 1718352406667
2024-06-14 15:06:46,673 INFO o.a.k.c.NetworkClient [kafka-producer-network-thread | producer-1] [Producer clientId=producer-1] Node -1 disconnected.
2024-06-14 15:06:46,673 WARN o.a.k.c.NetworkClient [kafka-producer-network-thread | producer-1] [Producer clientId=producer-1] Connection to node -1 (localhost/127.0.0.1:9092) could not be established. Broker may not be available.
2024-06-14 15:06:46,673 WARN o.a.k.c.NetworkClient$DefaultMetadataUpdater [kafka-producer-network-thread | producer-1] [Producer clientId=producer-1] Bootstrap broker localhost:9092 (id: -1 rack: null) disconnected
2024-06-14 15:06:46,785 INFO o.a.k.c.NetworkClient [kafka-producer-network-thread | producer-1] [Producer clientId=producer-1] Node -1 disconnected.
2024-06-14 15:06:46,786 WARN o.a.k.c.NetworkClient [kafka-producer-network-thread | producer-1] [Producer clientId=producer-1] Connection to node -1 (localhost/127.0.0.1:9092) could not be established. Broker may not be available.
2024-06-14 15:06:46,786 WARN o.a.k.c.NetworkClient$DefaultMetadataUpdater [kafka-producer-network-thread | producer-1] [Producer clientId=producer-1] Bootstrap broker localhost:9092 (id: -1 rack: null) disconnected
2024-06-14 15:06:46,896 INFO o.a.k.c.NetworkClient [kafka-producer-network-thread | producer-1] [Producer clientId=producer-1] Node -1 disconnected.
2024-06-14 15:06:46,897 WARN o.a.k.c.NetworkClient [kafka-producer-network-thread | producer-1] [Producer clientId=producer-1] Connection to node -1 (localhost/127.0.0.1:9092) could not be established. Broker may not be available.
2024-06-14 15:06:46,898 WARN o.a.k.c.NetworkClient$DefaultMetadataUpdater [kafka-producer-network-thread | producer-1] [Producer clientId=producer-1] Bootstrap broker localhost:9092 (id: -1 rack: null) disconnected
2024-06-14 15:06:47,126 INFO o.a.k.c.NetworkClient [kafka-producer-network-thread | producer-1] [Producer clientId=producer-1] Node -1 disconnected.
2024-06-14 15:06:47,128 WARN o.a.k.c.NetworkClient [kafka-producer-network-thread | producer-1] [Producer clientId=producer-1] Connection to node -1 (localhost/127.0.0.1:9092) could not be established. Broker may not be available.
2024-06-14 15:06:47,128 WARN o.a.k.c.NetworkClient$DefaultMetadataUpdater [kafka-producer-network-thread | producer-1] [Producer clientId=producer-1] Bootstrap broker localhost:9092 (id: -1 rack: null) disconnected
2024-06-14 15:06:47,220 INFO o.a.k.c.NetworkClient [org.springframework.kafka.KafkaListenerEndpointContainer#0-0-C-1] [Consumer clientId=consumer-binarfudgroup-1, groupId=binarfudgroup] Node -1 disconnected.
2024-06-14 15:06:47,222 WARN o.a.k.c.NetworkClient [org.springframework.kafka.KafkaListenerEndpointContainer#0-0-C-1] [Consumer clientId=consumer-binarfudgroup-1, groupId=binarfudgroup] Connection to node -1 (localhost/127.0.0.1:9092) could not be established. Broker may not be available.
2024-06-14 15:06:47,222 WARN o.a.k.c.NetworkClient$DefaultMetadataUpdater [org.springframework.kafka.KafkaListenerEndpointContainer#0-0-C-1] [Consumer clientId=consumer-binarfudgroup-1, groupId=binarfudgroup] Bootstrap broker localhost:9092 (id: -1 rack: null) disconnected
2024-06-14 15:06:47,611 INFO o.a.k.c.NetworkClient [kafka-producer-network-thread | producer-1] [Producer clientId=producer-1] Node -1 disconnected.
2024-06-14 15:06:47,611 WARN o.a.k.c.NetworkClient [kafka-producer-network-thread | producer-1] [Producer clientId=producer-1] Connection to node -1 (localhost/127.0.0.1:9092) could not be established. Broker may not be available.
2024-06-14 15:06:47,611 WARN o.a.k.c.NetworkClient$DefaultMetadataUpdater [kafka-producer-network-thread | producer-1] [Producer clientId=producer-1] Bootstrap broker localhost:9092 (id: -1 rack: null) disconnected
2024-06-14 15:06:48,203 INFO o.a.k.c.NetworkClient [org.springframework.kafka.KafkaListenerEndpointContainer#0-0-C-1] [Consumer clientId=consumer-binarfudgroup-1, groupId=binarfudgroup] Node -1 disconnected.
2024-06-14 15:06:48,205 WARN o.a.k.c.NetworkClient [org.springframework.kafka.KafkaListenerEndpointContainer#0-0-C-1] [Consumer clientId=consumer-binarfudgroup-1, groupId=binarfudgroup] Connection to node -1 (localhost/127.0.0.1:9092) could not be established. Broker may not be available.
2024-06-14 15:06:48,205 WARN o.a.k.c.NetworkClient$DefaultMetadataUpdater [org.springframework.kafka.KafkaListenerEndpointContainer#0-0-C-1] [Consumer clientId=consumer-binarfudgroup-1, groupId=binarfudgroup] Bootstrap broker localhost:9092 (id: -1 rack: null) disconnected
2024-06-14 15:06:48,344 INFO o.a.k.c.NetworkClient [kafka-producer-network-thread | producer-1] [Producer clientId=producer-1] Node -1 disconnected.
2024-06-14 15:06:48,345 WARN o.a.k.c.NetworkClient [kafka-producer-network-thread | producer-1] [Producer clientId=producer-1] Connection to node -1 (localhost/127.0.0.1:9092) could not be established. Broker may not be available.
2024-06-14 15:06:48,345 WARN o.a.k.c.NetworkClient$DefaultMetadataUpdater [kafka-producer-network-thread | producer-1] [Producer clientId=producer-1] Bootstrap broker localhost:9092 (id: -1 rack: null) disconnected
2024-06-14 15:06:49,246 INFO o.a.k.c.NetworkClient [org.springframework.kafka.KafkaListenerEndpointContainer#0-0-C-1] [Consumer clientId=consumer-binarfudgroup-1, groupId=binarfudgroup] Node -1 disconnected.
2024-06-14 15:06:49,246 WARN o.a.k.c.NetworkClient [org.springframework.kafka.KafkaListenerEndpointContainer#0-0-C-1] [Consumer clientId=consumer-binarfudgroup-1, groupId=binarfudgroup] Connection to node -1 (localhost/127.0.0.1:9092) could not be established. Broker may not be available.
2024-06-14 15:06:49,246 WARN o.a.k.c.NetworkClient$DefaultMetadataUpdater [org.springframework.kafka.KafkaListenerEndpointContainer#0-0-C-1] [Consumer clientId=consumer-binarfudgroup-1, groupId=binarfudgroup] Bootstrap broker localhost:9092 (id: -1 rack: null) disconnected
2024-06-14 15:06:49,323 INFO o.a.k.c.NetworkClient [kafka-producer-network-thread | producer-1] [Producer clientId=producer-1] Node -1 disconnected.
2024-06-14 15:06:49,324 WARN o.a.k.c.NetworkClient [kafka-producer-network-thread | producer-1] [Producer clientId=producer-1] Connection to node -1 (localhost/127.0.0.1:9092) could not be established. Broker may not be available.
2024-06-14 15:06:49,324 WARN o.a.k.c.NetworkClient$DefaultMetadataUpdater [kafka-producer-network-thread | producer-1] [Producer clientId=producer-1] Bootstrap broker localhost:9092 (id: -1 rack: null) disconnected
2024-06-14 15:06:50,184 INFO o.a.k.c.NetworkClient [kafka-producer-network-thread | producer-1] [Producer clientId=producer-1] Node -1 disconnected.
2024-06-14 15:06:50,184 WARN o.a.k.c.NetworkClient [kafka-producer-network-thread | producer-1] [Producer clientId=producer-1] Connection to node -1 (localhost/127.0.0.1:9092) could not be established. Broker may not be available.
2024-06-14 15:06:50,184 WARN o.a.k.c.NetworkClient$DefaultMetadataUpdater [kafka-producer-network-thread | producer-1] [Producer clientId=producer-1] Bootstrap broker localhost:9092 (id: -1 rack: null) disconnected
2024-06-14 15:06:50,231 INFO o.a.k.c.NetworkClient [org.springframework.kafka.KafkaListenerEndpointContainer#0-0-C-1] [Consumer clientId=consumer-binarfudgroup-1, groupId=binarfudgroup] Node -1 disconnected.
2024-06-14 15:06:50,231 WARN o.a.k.c.NetworkClient [org.springframework.kafka.KafkaListenerEndpointContainer#0-0-C-1] [Consumer clientId=consumer-binarfudgroup-1, groupId=binarfudgroup] Connection to node -1 (localhost/127.0.0.1:9092) could not be established. Broker may not be available.
2024-06-14 15:06:50,231 WARN o.a.k.c.NetworkClient$DefaultMetadataUpdater [org.springframework.kafka.KafkaListenerEndpointContainer#0-0-C-1] [Consumer clientId=consumer-binarfudgroup-1, groupId=binarfudgroup] Bootstrap broker localhost:9092 (id: -1 rack: null) disconnected
2024-06-14 15:06:51,228 INFO o.a.k.c.NetworkClient [kafka-producer-network-thread | producer-1] [Producer clientId=producer-1] Node -1 disconnected.
2024-06-14 15:06:51,229 WARN o.a.k.c.NetworkClient [kafka-producer-network-thread | producer-1] [Producer clientId=producer-1] Connection to node -1 (localhost/127.0.0.1:9092) could not be established. Broker may not be available.
2024-06-14 15:06:51,229 WARN o.a.k.c.NetworkClient$DefaultMetadataUpdater [kafka-producer-network-thread | producer-1] [Producer clientId=producer-1] Bootstrap broker localhost:9092 (id: -1 rack: null) disconnected
2024-06-14 15:06:51,337 INFO o.a.k.c.NetworkClient [org.springframework.kafka.KafkaListenerEndpointContainer#0-0-C-1] [Consumer clientId=consumer-binarfudgroup-1, groupId=binarfudgroup] Node -1 disconnected.
2024-06-14 15:06:51,339 WARN o.a.k.c.NetworkClient [org.springframework.kafka.KafkaListenerEndpointContainer#0-0-C-1] [Consumer clientId=consumer-binarfudgroup-1, groupId=binarfudgroup] Connection to node -1 (localhost/127.0.0.1:9092) could not be established. Broker may not be available.
2024-06-14 15:06:51,339 WARN o.a.k.c.NetworkClient$DefaultMetadataUpdater [org.springframework.kafka.KafkaListenerEndpointContainer#0-0-C-1] [Consumer clientId=consumer-binarfudgroup-1, groupId=binarfudgroup] Bootstrap broker localhost:9092 (id: -1 rack: null) disconnected
2024-06-14 15:06:52,224 INFO o.a.k.c.NetworkClient [org.springframework.kafka.KafkaListenerEndpointContainer#0-0-C-1] [Consumer clientId=consumer-binarfudgroup-1, groupId=binarfudgroup] Node -1 disconnected.
2024-06-14 15:06:52,225 WARN o.a.k.c.NetworkClient [org.springframework.kafka.KafkaListenerEndpointContainer#0-0-C-1] [Consumer clientId=consumer-binarfudgroup-1, groupId=binarfudgroup] Connection to node -1 (localhost/127.0.0.1:9092) could not be established. Broker may not be available.
2024-06-14 15:06:52,225 WARN o.a.k.c.NetworkClient$DefaultMetadataUpdater [org.springframework.kafka.KafkaListenerEndpointContainer#0-0-C-1] [Consumer clientId=consumer-binarfudgroup-1, groupId=binarfudgroup] Bootstrap broker localhost:9092 (id: -1 rack: null) disconnected
2024-06-14 15:06:52,332 INFO o.a.k.c.NetworkClient [kafka-producer-network-thread | producer-1] [Producer clientId=producer-1] Node -1 disconnected.
2024-06-14 15:06:52,334 WARN o.a.k.c.NetworkClient [kafka-producer-network-thread | producer-1] [Producer clientId=producer-1] Connection to node -1 (localhost/127.0.0.1:9092) could not be established. Broker may not be available.
2024-06-14 15:06:52,334 WARN o.a.k.c.NetworkClient$DefaultMetadataUpdater [kafka-producer-network-thread | producer-1] [Producer clientId=producer-1] Bootstrap broker localhost:9092 (id: -1 rack: null) disconnected
2024-06-14 15:06:53,206 INFO o.a.k.c.NetworkClient [org.springframework.kafka.KafkaListenerEndpointContainer#0-0-C-1] [Consumer clientId=consumer-binarfudgroup-1, groupId=binarfudgroup] Node -1 disconnected.
2024-06-14 15:06:53,207 WARN o.a.k.c.NetworkClient [org.springframework.kafka.KafkaListenerEndpointContainer#0-0-C-1] [Consumer clientId=consumer-binarfudgroup-1, groupId=binarfudgroup] Connection to node -1 (localhost/127.0.0.1:9092) could not be established. Broker may not be available.
2024-06-14 15:06:53,207 WARN o.a.k.c.NetworkClient$DefaultMetadataUpdater [org.springframework.kafka.KafkaListenerEndpointContainer#0-0-C-1] [Consumer clientId=consumer-binarfudgroup-1, groupId=binarfudgroup] Bootstrap broker localhost:9092 (id: -1 rack: null) disconnected
2024-06-14 15:06:53,441 INFO o.a.k.c.NetworkClient [kafka-producer-network-thread | producer-1] [Producer clientId=producer-1] Node -1 disconnected.
2024-06-14 15:06:53,441 WARN o.a.k.c.NetworkClient [kafka-producer-network-thread | producer-1] [Producer clientId=producer-1] Connection to node -1 (localhost/127.0.0.1:9092) could not be established. Broker may not be available.
2024-06-14 15:06:53,441 WARN o.a.k.c.NetworkClient$DefaultMetadataUpdater [kafka-producer-network-thread | producer-1] [Producer clientId=producer-1] Bootstrap broker localhost:9092 (id: -1 rack: null) disconnected
2024-06-14 15:06:54,061 INFO o.a.k.c.NetworkClient [org.springframework.kafka.KafkaListenerEndpointContainer#0-0-C-1] [Consumer clientId=consumer-binarfudgroup-1, groupId=binarfudgroup] Node -1 disconnected.
2024-06-14 15:06:54,061 WARN o.a.k.c.NetworkClient [org.springframework.kafka.KafkaListenerEndpointContainer#0-0-C-1] [Consumer clientId=consumer-binarfudgroup-1, groupId=binarfudgroup] Connection to node -1 (localhost/127.0.0.1:9092) could not be established. Broker may not be available.
2024-06-14 15:06:54,061 WARN o.a.k.c.NetworkClient$DefaultMetadataUpdater [org.springframework.kafka.KafkaListenerEndpointContainer#0-0-C-1] [Consumer clientId=consumer-binarfudgroup-1, groupId=binarfudgroup] Bootstrap broker localhost:9092 (id: -1 rack: null) disconnected
2024-06-14 15:06:54,667 INFO o.a.k.c.NetworkClient [kafka-producer-network-thread | producer-1] [Producer clientId=producer-1] Node -1 disconnected.
2024-06-14 15:06:54,667 WARN o.a.k.c.NetworkClient [kafka-producer-network-thread | producer-1] [Producer clientId=producer-1] Connection to node -1 (localhost/127.0.0.1:9092) could not be established. Broker may not be available.
2024-06-14 15:06:54,667 WARN o.a.k.c.NetworkClient$DefaultMetadataUpdater [kafka-producer-network-thread | producer-1] [Producer clientId=producer-1] Bootstrap broker localhost:9092 (id: -1 rack: null) disconnected
2024-06-14 15:06:55,040 INFO o.a.k.c.NetworkClient [org.springframework.kafka.KafkaListenerEndpointContainer#0-0-C-1] [Consumer clientId=consumer-binarfudgroup-1, groupId=binarfudgroup] Node -1 disconnected.
2024-06-14 15:06:55,040 WARN o.a.k.c.NetworkClient [org.springframework.kafka.KafkaListenerEndpointContainer#0-0-C-1] [Consumer clientId=consumer-binarfudgroup-1, groupId=binarfudgroup] Connection to node -1 (localhost/127.0.0.1:9092) could not be established. Broker may not be available.
2024-06-14 15:06:55,040 WARN o.a.k.c.NetworkClient$DefaultMetadataUpdater [org.springframework.kafka.KafkaListenerEndpointContainer#0-0-C-1] [Consumer clientId=consumer-binarfudgroup-1, groupId=binarfudgroup] Bootstrap broker localhost:9092 (id: -1 rack: null) disconnected
2024-06-14 15:06:55,830 INFO o.a.k.c.NetworkClient [kafka-producer-network-thread | producer-1] [Producer clientId=producer-1] Node -1 disconnected.
2024-06-14 15:06:55,830 WARN o.a.k.c.NetworkClient [kafka-producer-network-thread | producer-1] [Producer clientId=producer-1] Connection to node -1 (localhost/127.0.0.1:9092) could not be established. Broker may not be available.
2024-06-14 15:06:55,830 WARN o.a.k.c.NetworkClient$DefaultMetadataUpdater [kafka-producer-network-thread | producer-1] [Producer clientId=producer-1] Bootstrap broker localhost:9092 (id: -1 rack: null) disconnected
2024-06-14 15:06:56,141 INFO o.a.k.c.NetworkClient [org.springframework.kafka.KafkaListenerEndpointContainer#0-0-C-1] [Consumer clientId=consumer-binarfudgroup-1, groupId=binarfudgroup] Node -1 disconnected.
2024-06-14 15:06:56,142 WARN o.a.k.c.NetworkClient [org.springframework.kafka.KafkaListenerEndpointContainer#0-0-C-1] [Consumer clientId=consumer-binarfudgroup-1, groupId=binarfudgroup] Connection to node -1 (localhost/127.0.0.1:9092) could not be established. Broker may not be available.
2024-06-14 15:06:56,142 WARN o.a.k.c.NetworkClient$DefaultMetadataUpdater [org.springframework.kafka.KafkaListenerEndpointContainer#0-0-C-1] [Consumer clientId=consumer-binarfudgroup-1, groupId=binarfudgroup] Bootstrap broker localhost:9092 (id: -1 rack: null) disconnected
2024-06-14 15:06:56,935 INFO o.a.k.c.NetworkClient [kafka-producer-network-thread | producer-1] [Producer clientId=producer-1] Node -1 disconnected.
2024-06-14 15:06:56,935 WARN o.a.k.c.NetworkClient [kafka-producer-network-thread | producer-1] [Producer clientId=producer-1] Connection to node -1 (localhost/127.0.0.1:9092) could not be established. Broker may not be available.
2024-06-14 15:06:56,935 WARN o.a.k.c.NetworkClient$DefaultMetadataUpdater [kafka-producer-network-thread | producer-1] [Producer clientId=producer-1] Bootstrap broker localhost:9092 (id: -1 rack: null) disconnected
2024-06-14 15:06:57,106 INFO o.a.k.c.NetworkClient [org.springframework.kafka.KafkaListenerEndpointContainer#0-0-C-1] [Consumer clientId=consumer-binarfudgroup-1, groupId=binarfudgroup] Node -1 disconnected.
2024-06-14 15:06:57,106 WARN o.a.k.c.NetworkClient [org.springframework.kafka.KafkaListenerEndpointContainer#0-0-C-1] [Consumer clientId=consumer-binarfudgroup-1, groupId=binarfudgroup] Connection to node -1 (localhost/127.0.0.1:9092) could not be established. Broker may not be available.
2024-06-14 15:06:57,106 WARN o.a.k.c.NetworkClient$DefaultMetadataUpdater [org.springframework.kafka.KafkaListenerEndpointContainer#0-0-C-1] [Consumer clientId=consumer-binarfudgroup-1, groupId=binarfudgroup] Bootstrap broker localhost:9092 (id: -1 rack: null) disconnected
2024-06-14 15:06:57,853 INFO o.a.k.c.NetworkClient [kafka-producer-network-thread | producer-1] [Producer clientId=producer-1] Node -1 disconnected.
2024-06-14 15:06:57,853 WARN o.a.k.c.NetworkClient [kafka-producer-network-thread | producer-1] [Producer clientId=producer-1] Connection to node -1 (localhost/127.0.0.1:9092) could not be established. Broker may not be available.
2024-06-14 15:06:57,853 WARN o.a.k.c.NetworkClient$DefaultMetadataUpdater [kafka-producer-network-thread | producer-1] [Producer clientId=producer-1] Bootstrap broker localhost:9092 (id: -1 rack: null) disconnected
2024-06-14 15:06:58,211 INFO o.a.k.c.NetworkClient [org.springframework.kafka.KafkaListenerEndpointContainer#0-0-C-1] [Consumer clientId=consumer-binarfudgroup-1, groupId=binarfudgroup] Node -1 disconnected.
2024-06-14 15:06:58,211 WARN o.a.k.c.NetworkClient [org.springframework.kafka.KafkaListenerEndpointContainer#0-0-C-1] [Consumer clientId=consumer-binarfudgroup-1, groupId=binarfudgroup] Connection to node -1 (localhost/127.0.0.1:9092) could not be established. Broker may not be available.
2024-06-14 15:06:58,211 WARN o.a.k.c.NetworkClient$DefaultMetadataUpdater [org.springframework.kafka.KafkaListenerEndpointContainer#0-0-C-1] [Consumer clientId=consumer-binarfudgroup-1, groupId=binarfudgroup] Bootstrap broker localhost:9092 (id: -1 rack: null) disconnected
2024-06-14 15:06:59,025 INFO o.a.k.c.NetworkClient [kafka-producer-network-thread | producer-1] [Producer clientId=producer-1] Node -1 disconnected.
2024-06-14 15:06:59,026 WARN o.a.k.c.NetworkClient [kafka-producer-network-thread | producer-1] [Producer clientId=producer-1] Connection to node -1 (localhost/127.0.0.1:9092) could not be established. Broker may not be available.
2024-06-14 15:06:59,026 WARN o.a.k.c.NetworkClient$DefaultMetadataUpdater [kafka-producer-network-thread | producer-1] [Producer clientId=producer-1] Bootstrap broker localhost:9092 (id: -1 rack: null) disconnected
2024-06-14 15:06:59,382 INFO o.a.k.c.NetworkClient [org.springframework.kafka.KafkaListenerEndpointContainer#0-0-C-1] [Consumer clientId=consumer-binarfudgroup-1, groupId=binarfudgroup] Node -1 disconnected.
2024-06-14 15:06:59,383 WARN o.a.k.c.NetworkClient [org.springframework.kafka.KafkaListenerEndpointContainer#0-0-C-1] [Consumer clientId=consumer-binarfudgroup-1, groupId=binarfudgroup] Connection to node -1 (localhost/127.0.0.1:9092) could not be established. Broker may not be available.
2024-06-14 15:06:59,383 WARN o.a.k.c.NetworkClient$DefaultMetadataUpdater [org.springframework.kafka.KafkaListenerEndpointContainer#0-0-C-1] [Consumer clientId=consumer-binarfudgroup-1, groupId=binarfudgroup] Bootstrap broker localhost:9092 (id: -1 rack: null) disconnected
2024-06-14 15:07:00,187 INFO o.a.k.c.NetworkClient [kafka-producer-network-thread | producer-1] [Producer clientId=producer-1] Node -1 disconnected.
2024-06-14 15:07:00,188 WARN o.a.k.c.NetworkClient [kafka-producer-network-thread | producer-1] [Producer clientId=producer-1] Connection to node -1 (localhost/127.0.0.1:9092) could not be established. Broker may not be available.
2024-06-14 15:07:00,188 WARN o.a.k.c.NetworkClient$DefaultMetadataUpdater [kafka-producer-network-thread | producer-1] [Producer clientId=producer-1] Bootstrap broker localhost:9092 (id: -1 rack: null) disconnected
2024-06-14 15:07:00,299 INFO o.a.k.c.NetworkClient [org.springframework.kafka.KafkaListenerEndpointContainer#0-0-C-1] [Consumer clientId=consumer-binarfudgroup-1, groupId=binarfudgroup] Node -1 disconnected.
2024-06-14 15:07:00,300 WARN o.a.k.c.NetworkClient [org.springframework.kafka.KafkaListenerEndpointContainer#0-0-C-1] [Consumer clientId=consumer-binarfudgroup-1, groupId=binarfudgroup] Connection to node -1 (localhost/127.0.0.1:9092) could not be established. Broker may not be available.
2024-06-14 15:07:00,300 WARN o.a.k.c.NetworkClient$DefaultMetadataUpdater [org.springframework.kafka.KafkaListenerEndpointContainer#0-0-C-1] [Consumer clientId=consumer-binarfudgroup-1, groupId=binarfudgroup] Bootstrap broker localhost:9092 (id: -1 rack: null) disconnected
2024-06-14 15:07:01,233 INFO o.a.k.c.NetworkClient [kafka-producer-network-thread | producer-1] [Producer clientId=producer-1] Node -1 disconnected.
2024-06-14 15:07:01,233 WARN o.a.k.c.NetworkClient [kafka-producer-network-thread | producer-1] [Producer clientId=producer-1] Connection to node -1 (localhost/127.0.0.1:9092) could not be established. Broker may not be available.
2024-06-14 15:07:01,233 WARN o.a.k.c.NetworkClient$DefaultMetadataUpdater [kafka-producer-network-thread | producer-1] [Producer clientId=producer-1] Bootstrap broker localhost:9092 (id: -1 rack: null) disconnected
2024-06-14 15:07:01,465 INFO o.a.k.c.NetworkClient [org.springframework.kafka.KafkaListenerEndpointContainer#0-0-C-1] [Consumer clientId=consumer-binarfudgroup-1, groupId=binarfudgroup] Node -1 disconnected.
2024-06-14 15:07:01,465 WARN o.a.k.c.NetworkClient [org.springframework.kafka.KafkaListenerEndpointContainer#0-0-C-1] [Consumer clientId=consumer-binarfudgroup-1, groupId=binarfudgroup] Connection to node -1 (localhost/127.0.0.1:9092) could not be established. Broker may not be available.
2024-06-14 15:07:01,465 WARN o.a.k.c.NetworkClient$DefaultMetadataUpdater [org.springframework.kafka.KafkaListenerEndpointContainer#0-0-C-1] [Consumer clientId=consumer-binarfudgroup-1, groupId=binarfudgroup] Bootstrap broker localhost:9092 (id: -1 rack: null) disconnected
2024-06-14 15:07:02,341 INFO o.a.k.c.NetworkClient [kafka-producer-network-thread | producer-1] [Producer clientId=producer-1] Node -1 disconnected.
2024-06-14 15:07:02,341 WARN o.a.k.c.NetworkClient [kafka-producer-network-thread | producer-1] [Producer clientId=producer-1] Connection to node -1 (localhost/127.0.0.1:9092) could not be established. Broker may not be available.
2024-06-14 15:07:02,341 WARN o.a.k.c.NetworkClient$DefaultMetadataUpdater [kafka-producer-network-thread | producer-1] [Producer clientId=producer-1] Bootstrap broker localhost:9092 (id: -1 rack: null) disconnected
2024-06-14 15:07:02,369 INFO o.a.k.c.NetworkClient [org.springframework.kafka.KafkaListenerEndpointContainer#0-0-C-1] [Consumer clientId=consumer-binarfudgroup-1, groupId=binarfudgroup] Node -1 disconnected.
2024-06-14 15:07:02,370 WARN o.a.k.c.NetworkClient [org.springframework.kafka.KafkaListenerEndpointContainer#0-0-C-1] [Consumer clientId=consumer-binarfudgroup-1, groupId=binarfudgroup] Connection to node -1 (localhost/127.0.0.1:9092) could not be established. Broker may not be available.
2024-06-14 15:07:02,370 WARN o.a.k.c.NetworkClient$DefaultMetadataUpdater [org.springframework.kafka.KafkaListenerEndpointContainer#0-0-C-1] [Consumer clientId=consumer-binarfudgroup-1, groupId=binarfudgroup] Bootstrap broker localhost:9092 (id: -1 rack: null) disconnected
2024-06-14 15:07:03,385 INFO o.a.k.c.NetworkClient [kafka-producer-network-thread | producer-1] [Producer clientId=producer-1] Node -1 disconnected.
2024-06-14 15:07:03,385 WARN o.a.k.c.NetworkClient [kafka-producer-network-thread | producer-1] [Producer clientId=producer-1] Connection to node -1 (localhost/127.0.0.1:9092) could not be established. Broker may not be available.
2024-06-14 15:07:03,385 WARN o.a.k.c.NetworkClient$DefaultMetadataUpdater [kafka-producer-network-thread | producer-1] [Producer clientId=producer-1] Bootstrap broker localhost:9092 (id: -1 rack: null) disconnected
2024-06-14 15:07:03,602 INFO o.a.k.c.NetworkClient [org.springframework.kafka.KafkaListenerEndpointContainer#0-0-C-1] [Consumer clientId=consumer-binarfudgroup-1, groupId=binarfudgroup] Node -1 disconnected.
2024-06-14 15:07:03,603 WARN o.a.k.c.NetworkClient [org.springframework.kafka.KafkaListenerEndpointContainer#0-0-C-1] [Consumer clientId=consumer-binarfudgroup-1, groupId=binarfudgroup] Connection to node -1 (localhost/127.0.0.1:9092) could not be established. Broker may not be available.
2024-06-14 15:07:03,603 WARN o.a.k.c.NetworkClient$DefaultMetadataUpdater [org.springframework.kafka.KafkaListenerEndpointContainer#0-0-C-1] [Consumer clientId=consumer-binarfudgroup-1, groupId=binarfudgroup] Bootstrap broker localhost:9092 (id: -1 rack: null) disconnected
2024-06-14 15:07:04,431 INFO o.a.k.c.NetworkClient [kafka-producer-network-thread | producer-1] [Producer clientId=producer-1] Node -1 disconnected.
2024-06-14 15:07:04,432 WARN o.a.k.c.NetworkClient [kafka-producer-network-thread | producer-1] [Producer clientId=producer-1] Connection to node -1 (localhost/127.0.0.1:9092) could not be established. Broker may not be available.
2024-06-14 15:07:04,432 WARN o.a.k.c.NetworkClient$DefaultMetadataUpdater [kafka-producer-network-thread | producer-1] [Producer clientId=producer-1] Bootstrap broker localhost:9092 (id: -1 rack: null) disconnected
2024-06-14 15:07:04,524 INFO o.a.k.c.NetworkClient [org.springframework.kafka.KafkaListenerEndpointContainer#0-0-C-1] [Consumer clientId=consumer-binarfudgroup-1, groupId=binarfudgroup] Node -1 disconnected.
2024-06-14 15:07:04,525 WARN o.a.k.c.NetworkClient [org.springframework.kafka.KafkaListenerEndpointContainer#0-0-C-1] [Consumer clientId=consumer-binarfudgroup-1, groupId=binarfudgroup] Connection to node -1 (localhost/127.0.0.1:9092) could not be established. Broker may not be available.
2024-06-14 15:07:04,525 WARN o.a.k.c.NetworkClient$DefaultMetadataUpdater [org.springframework.kafka.KafkaListenerEndpointContainer#0-0-C-1] [Consumer clientId=consumer-binarfudgroup-1, groupId=binarfudgroup] Bootstrap broker localhost:9092 (id: -1 rack: null) disconnected
2024-06-14 15:07:05,472 INFO o.a.k.c.NetworkClient [kafka-producer-network-thread | producer-1] [Producer clientId=producer-1] Node -1 disconnected.
2024-06-14 15:07:05,474 WARN o.a.k.c.NetworkClient [kafka-producer-network-thread | producer-1] [Producer clientId=producer-1] Connection to node -1 (localhost/127.0.0.1:9092) could not be established. Broker may not be available.
2024-06-14 15:07:05,474 WARN o.a.k.c.NetworkClient$DefaultMetadataUpdater [kafka-producer-network-thread | producer-1] [Producer clientId=producer-1] Bootstrap broker localhost:9092 (id: -1 rack: null) disconnected
2024-06-14 15:07:05,688 INFO o.a.k.c.NetworkClient [org.springframework.kafka.KafkaListenerEndpointContainer#0-0-C-1] [Consumer clientId=consumer-binarfudgroup-1, groupId=binarfudgroup] Node -1 disconnected.
2024-06-14 15:07:05,688 WARN o.a.k.c.NetworkClient [org.springframework.kafka.KafkaListenerEndpointContainer#0-0-C-1] [Consumer clientId=consumer-binarfudgroup-1, groupId=binarfudgroup] Connection to node -1 (localhost/127.0.0.1:9092) could not be established. Broker may not be available.
2024-06-14 15:07:05,688 WARN o.a.k.c.NetworkClient$DefaultMetadataUpdater [org.springframework.kafka.KafkaListenerEndpointContainer#0-0-C-1] [Consumer clientId=consumer-binarfudgroup-1, groupId=binarfudgroup] Bootstrap broker localhost:9092 (id: -1 rack: null) disconnected
2024-06-14 15:07:06,327 INFO o.a.k.c.NetworkClient [kafka-producer-network-thread | producer-1] [Producer clientId=producer-1] Node -1 disconnected.
2024-06-14 15:07:06,328 WARN o.a.k.c.NetworkClient [kafka-producer-network-thread | producer-1] [Producer clientId=producer-1] Connection to node -1 (localhost/127.0.0.1:9092) could not be established. Broker may not be available.
2024-06-14 15:07:06,328 WARN o.a.k.c.NetworkClient$DefaultMetadataUpdater [kafka-producer-network-thread | producer-1] [Producer clientId=producer-1] Bootstrap broker localhost:9092 (id: -1 rack: null) disconnected
2024-06-14 15:07:06,546 INFO o.a.k.c.NetworkClient [org.springframework.kafka.KafkaListenerEndpointContainer#0-0-C-1] [Consumer clientId=consumer-binarfudgroup-1, groupId=binarfudgroup] Node -1 disconnected.
2024-06-14 15:07:06,546 WARN o.a.k.c.NetworkClient [org.springframework.kafka.KafkaListenerEndpointContainer#0-0-C-1] [Consumer clientId=consumer-binarfudgroup-1, groupId=binarfudgroup] Connection to node -1 (localhost/127.0.0.1:9092) could not be established. Broker may not be available.
2024-06-14 15:07:06,546 WARN o.a.k.c.NetworkClient$DefaultMetadataUpdater [org.springframework.kafka.KafkaListenerEndpointContainer#0-0-C-1] [Consumer clientId=consumer-binarfudgroup-1, groupId=binarfudgroup] Bootstrap broker localhost:9092 (id: -1 rack: null) disconnected
2024-06-14 15:07:07,251 INFO o.a.k.c.NetworkClient [kafka-producer-network-thread | producer-1] [Producer clientId=producer-1] Node -1 disconnected.
2024-06-14 15:07:07,251 WARN o.a.k.c.NetworkClient [kafka-producer-network-thread | producer-1] [Producer clientId=producer-1] Connection to node -1 (localhost/127.0.0.1:9092) could not be established. Broker may not be available.
2024-06-14 15:07:07,251 WARN o.a.k.c.NetworkClient$DefaultMetadataUpdater [kafka-producer-network-thread | producer-1] [Producer clientId=producer-1] Bootstrap broker localhost:9092 (id: -1 rack: null) disconnected
2024-06-14 15:07:07,640 INFO o.a.k.c.NetworkClient [org.springframework.kafka.KafkaListenerEndpointContainer#0-0-C-1] [Consumer clientId=consumer-binarfudgroup-1, groupId=binarfudgroup] Node -1 disconnected.
2024-06-14 15:07:07,640 WARN o.a.k.c.NetworkClient [org.springframework.kafka.KafkaListenerEndpointContainer#0-0-C-1] [Consumer clientId=consumer-binarfudgroup-1, groupId=binarfudgroup] Connection to node -1 (localhost/127.0.0.1:9092) could not be established. Broker may not be available.
2024-06-14 15:07:07,640 WARN o.a.k.c.NetworkClient$DefaultMetadataUpdater [org.springframework.kafka.KafkaListenerEndpointContainer#0-0-C-1] [Consumer clientId=consumer-binarfudgroup-1, groupId=binarfudgroup] Bootstrap broker localhost:9092 (id: -1 rack: null) disconnected
2024-06-14 15:07:08,230 INFO o.a.k.c.NetworkClient [kafka-producer-network-thread | producer-1] [Producer clientId=producer-1] Node -1 disconnected.
2024-06-14 15:07:08,231 WARN o.a.k.c.NetworkClient [kafka-producer-network-thread | producer-1] [Producer clientId=producer-1] Connection to node -1 (localhost/127.0.0.1:9092) could not be established. Broker may not be available.
2024-06-14 15:07:08,231 WARN o.a.k.c.NetworkClient$DefaultMetadataUpdater [kafka-producer-network-thread | producer-1] [Producer clientId=producer-1] Bootstrap broker localhost:9092 (id: -1 rack: null) disconnected
2024-06-14 15:07:08,683 INFO o.a.k.c.NetworkClient [org.springframework.kafka.KafkaListenerEndpointContainer#0-0-C-1] [Consumer clientId=consumer-binarfudgroup-1, groupId=binarfudgroup] Node -1 disconnected.
2024-06-14 15:07:08,683 WARN o.a.k.c.NetworkClient [org.springframework.kafka.KafkaListenerEndpointContainer#0-0-C-1] [Consumer clientId=consumer-binarfudgroup-1, groupId=binarfudgroup] Connection to node -1 (localhost/127.0.0.1:9092) could not be established. Broker may not be available.
2024-06-14 15:07:08,683 WARN o.a.k.c.NetworkClient$DefaultMetadataUpdater [org.springframework.kafka.KafkaListenerEndpointContainer#0-0-C-1] [Consumer clientId=consumer-binarfudgroup-1, groupId=binarfudgroup] Bootstrap broker localhost:9092 (id: -1 rack: null) disconnected
2024-06-14 15:07:09,398 INFO o.a.k.c.NetworkClient [kafka-producer-network-thread | producer-1] [Producer clientId=producer-1] Node -1 disconnected.
2024-06-14 15:07:09,399 WARN o.a.k.c.NetworkClient [kafka-producer-network-thread | producer-1] [Producer clientId=producer-1] Connection to node -1 (localhost/127.0.0.1:9092) could not be established. Broker may not be available.
2024-06-14 15:07:09,399 WARN o.a.k.c.NetworkClient$DefaultMetadataUpdater [kafka-producer-network-thread | producer-1] [Producer clientId=producer-1] Bootstrap broker localhost:9092 (id: -1 rack: null) disconnected
2024-06-14 15:07:09,784 INFO o.a.k.c.NetworkClient [org.springframework.kafka.KafkaListenerEndpointContainer#0-0-C-1] [Consumer clientId=consumer-binarfudgroup-1, groupId=binarfudgroup] Node -1 disconnected.
2024-06-14 15:07:09,784 WARN o.a.k.c.NetworkClient [org.springframework.kafka.KafkaListenerEndpointContainer#0-0-C-1] [Consumer clientId=consumer-binarfudgroup-1, groupId=binarfudgroup] Connection to node -1 (localhost/127.0.0.1:9092) could not be established. Broker may not be available.
2024-06-14 15:07:09,785 WARN o.a.k.c.NetworkClient$DefaultMetadataUpdater [org.springframework.kafka.KafkaListenerEndpointContainer#0-0-C-1] [Consumer clientId=consumer-binarfudgroup-1, groupId=binarfudgroup] Bootstrap broker localhost:9092 (id: -1 rack: null) disconnected
2024-06-14 15:07:10,254 INFO o.a.k.c.NetworkClient [kafka-producer-network-thread | producer-1] [Producer clientId=producer-1] Node -1 disconnected.
2024-06-14 15:07:10,255 WARN o.a.k.c.NetworkClient [kafka-producer-network-thread | producer-1] [Producer clientId=producer-1] Connection to node -1 (localhost/127.0.0.1:9092) could not be established. Broker may not be available.
2024-06-14 15:07:10,255 WARN o.a.k.c.NetworkClient$DefaultMetadataUpdater [kafka-producer-network-thread | producer-1] [Producer clientId=producer-1] Bootstrap broker localhost:9092 (id: -1 rack: null) disconnected
2024-06-14 15:07:10,766 INFO o.a.k.c.NetworkClient [org.springframework.kafka.KafkaListenerEndpointContainer#0-0-C-1] [Consumer clientId=consumer-binarfudgroup-1, groupId=binarfudgroup] Node -1 disconnected.
2024-06-14 15:07:10,768 WARN o.a.k.c.NetworkClient [org.springframework.kafka.KafkaListenerEndpointContainer#0-0-C-1] [Consumer clientId=consumer-binarfudgroup-1, groupId=binarfudgroup] Connection to node -1 (localhost/127.0.0.1:9092) could not be established. Broker may not be available.
2024-06-14 15:07:10,768 WARN o.a.k.c.NetworkClient$DefaultMetadataUpdater [org.springframework.kafka.KafkaListenerEndpointContainer#0-0-C-1] [Consumer clientId=consumer-binarfudgroup-1, groupId=binarfudgroup] Bootstrap broker localhost:9092 (id: -1 rack: null) disconnected
2024-06-14 15:07:11,421 INFO o.a.k.c.NetworkClient [kafka-producer-network-thread | producer-1] [Producer clientId=producer-1] Node -1 disconnected.
2024-06-14 15:07:11,421 WARN o.a.k.c.NetworkClient [kafka-producer-network-thread | producer-1] [Producer clientId=producer-1] Connection to node -1 (localhost/127.0.0.1:9092) could not be established. Broker may not be available.
2024-06-14 15:07:11,421 WARN o.a.k.c.NetworkClient$DefaultMetadataUpdater [kafka-producer-network-thread | producer-1] [Producer clientId=producer-1] Bootstrap broker localhost:9092 (id: -1 rack: null) disconnected
2024-06-14 15:07:11,624 INFO o.a.k.c.NetworkClient [org.springframework.kafka.KafkaListenerEndpointContainer#0-0-C-1] [Consumer clientId=consumer-binarfudgroup-1, groupId=binarfudgroup] Node -1 disconnected.
2024-06-14 15:07:11,625 WARN o.a.k.c.NetworkClient [org.springframework.kafka.KafkaListenerEndpointContainer#0-0-C-1] [Consumer clientId=consumer-binarfudgroup-1, groupId=binarfudgroup] Connection to node -1 (localhost/127.0.0.1:9092) could not be established. Broker may not be available.
2024-06-14 15:07:11,625 WARN o.a.k.c.NetworkClient$DefaultMetadataUpdater [org.springframework.kafka.KafkaListenerEndpointContainer#0-0-C-1] [Consumer clientId=consumer-binarfudgroup-1, groupId=binarfudgroup] Bootstrap broker localhost:9092 (id: -1 rack: null) disconnected
2024-06-14 15:07:12,408 INFO o.a.k.c.NetworkClient [kafka-producer-network-thread | producer-1] [Producer clientId=producer-1] Node -1 disconnected.
2024-06-14 15:07:12,409 WARN o.a.k.c.NetworkClient [kafka-producer-network-thread | producer-1] [Producer clientId=producer-1] Connection to node -1 (localhost/127.0.0.1:9092) could not be established. Broker may not be available.
2024-06-14 15:07:12,409 WARN o.a.k.c.NetworkClient$DefaultMetadataUpdater [kafka-producer-network-thread | producer-1] [Producer clientId=producer-1] Bootstrap broker localhost:9092 (id: -1 rack: null) disconnected
2024-06-14 15:07:12,739 INFO o.a.k.c.NetworkClient [org.springframework.kafka.KafkaListenerEndpointContainer#0-0-C-1] [Consumer clientId=consumer-binarfudgroup-1, groupId=binarfudgroup] Node -1 disconnected.
2024-06-14 15:07:12,740 WARN o.a.k.c.NetworkClient [org.springframework.kafka.KafkaListenerEndpointContainer#0-0-C-1] [Consumer clientId=consumer-binarfudgroup-1, groupId=binarfudgroup] Connection to node -1 (localhost/127.0.0.1:9092) could not be established. Broker may not be available.
2024-06-14 15:07:12,740 WARN o.a.k.c.NetworkClient$DefaultMetadataUpdater [org.springframework.kafka.KafkaListenerEndpointContainer#0-0-C-1] [Consumer clientId=consumer-binarfudgroup-1, groupId=binarfudgroup] Bootstrap broker localhost:9092 (id: -1 rack: null) disconnected
2024-06-14 15:07:13,523 INFO o.a.k.c.NetworkClient [kafka-producer-network-thread | producer-1] [Producer clientId=producer-1] Node -1 disconnected.
2024-06-14 15:07:13,523 WARN o.a.k.c.NetworkClient [kafka-producer-network-thread | producer-1] [Producer clientId=producer-1] Connection to node -1 (localhost/127.0.0.1:9092) could not be established. Broker may not be available.
2024-06-14 15:07:13,523 WARN o.a.k.c.NetworkClient$DefaultMetadataUpdater [kafka-producer-network-thread | producer-1] [Producer clientId=producer-1] Bootstrap broker localhost:9092 (id: -1 rack: null) disconnected
2024-06-14 15:07:13,973 INFO o.a.k.c.NetworkClient [org.springframework.kafka.KafkaListenerEndpointContainer#0-0-C-1] [Consumer clientId=consumer-binarfudgroup-1, groupId=binarfudgroup] Node -1 disconnected.
2024-06-14 15:07:13,973 WARN o.a.k.c.NetworkClient [org.springframework.kafka.KafkaListenerEndpointContainer#0-0-C-1] [Consumer clientId=consumer-binarfudgroup-1, groupId=binarfudgroup] Connection to node -1 (localhost/127.0.0.1:9092) could not be established. Broker may not be available.
2024-06-14 15:07:13,973 WARN o.a.k.c.NetworkClient$DefaultMetadataUpdater [org.springframework.kafka.KafkaListenerEndpointContainer#0-0-C-1] [Consumer clientId=consumer-binarfudgroup-1, groupId=binarfudgroup] Bootstrap broker localhost:9092 (id: -1 rack: null) disconnected
2024-06-14 15:07:14,443 INFO o.a.k.c.NetworkClient [kafka-producer-network-thread | producer-1] [Producer clientId=producer-1] Node -1 disconnected.
2024-06-14 15:07:14,443 WARN o.a.k.c.NetworkClient [kafka-producer-network-thread | producer-1] [Producer clientId=producer-1] Connection to node -1 (localhost/127.0.0.1:9092) could not be established. Broker may not be available.
2024-06-14 15:07:14,443 WARN o.a.k.c.NetworkClient$DefaultMetadataUpdater [kafka-producer-network-thread | producer-1] [Producer clientId=producer-1] Bootstrap broker localhost:9092 (id: -1 rack: null) disconnected
2024-06-14 15:07:15,146 INFO o.a.k.c.NetworkClient [org.springframework.kafka.KafkaListenerEndpointContainer#0-0-C-1] [Consumer clientId=consumer-binarfudgroup-1, groupId=binarfudgroup] Node -1 disconnected.
2024-06-14 15:07:15,146 WARN o.a.k.c.NetworkClient [org.springframework.kafka.KafkaListenerEndpointContainer#0-0-C-1] [Consumer clientId=consumer-binarfudgroup-1, groupId=binarfudgroup] Connection to node -1 (localhost/127.0.0.1:9092) could not be established. Broker may not be available.
2024-06-14 15:07:15,146 WARN o.a.k.c.NetworkClient$DefaultMetadataUpdater [org.springframework.kafka.KafkaListenerEndpointContainer#0-0-C-1] [Consumer clientId=consumer-binarfudgroup-1, groupId=binarfudgroup] Bootstrap broker localhost:9092 (id: -1 rack: null) disconnected
2024-06-14 15:07:15,678 INFO o.a.k.c.NetworkClient [kafka-producer-network-thread | producer-1] [Producer clientId=producer-1] Node -1 disconnected.
2024-06-14 15:07:15,679 WARN o.a.k.c.NetworkClient [kafka-producer-network-thread | producer-1] [Producer clientId=producer-1] Connection to node -1 (localhost/127.0.0.1:9092) could not be established. Broker may not be available.
2024-06-14 15:07:15,679 WARN o.a.k.c.NetworkClient$DefaultMetadataUpdater [kafka-producer-network-thread | producer-1] [Producer clientId=producer-1] Bootstrap broker localhost:9092 (id: -1 rack: null) disconnected
2024-06-14 15:07:16,259 INFO o.a.k.c.NetworkClient [org.springframework.kafka.KafkaListenerEndpointContainer#0-0-C-1] [Consumer clientId=consumer-binarfudgroup-1, groupId=binarfudgroup] Node -1 disconnected.
2024-06-14 15:07:16,259 WARN o.a.k.c.NetworkClient [org.springframework.kafka.KafkaListenerEndpointContainer#0-0-C-1] [Consumer clientId=consumer-binarfudgroup-1, groupId=binarfudgroup] Connection to node -1 (localhost/127.0.0.1:9092) could not be established. Broker may not be available.
2024-06-14 15:07:16,259 WARN o.a.k.c.NetworkClient$DefaultMetadataUpdater [org.springframework.kafka.KafkaListenerEndpointContainer#0-0-C-1] [Consumer clientId=consumer-binarfudgroup-1, groupId=binarfudgroup] Bootstrap broker localhost:9092 (id: -1 rack: null) disconnected
2024-06-14 15:07:16,851 INFO o.a.k.c.NetworkClient [kafka-producer-network-thread | producer-1] [Producer clientId=producer-1] Node -1 disconnected.
2024-06-14 15:07:16,851 WARN o.a.k.c.NetworkClient [kafka-producer-network-thread | producer-1] [Producer clientId=producer-1] Connection to node -1 (localhost/127.0.0.1:9092) could not be established. Broker may not be available.
2024-06-14 15:07:16,851 WARN o.a.k.c.NetworkClient$DefaultMetadataUpdater [kafka-producer-network-thread | producer-1] [Producer clientId=producer-1] Bootstrap broker localhost:9092 (id: -1 rack: null) disconnected
2024-06-14 15:07:17,255 INFO o.a.k.c.NetworkClient [org.springframework.kafka.KafkaListenerEndpointContainer#0-0-C-1] [Consumer clientId=consumer-binarfudgroup-1, groupId=binarfudgroup] Node -1 disconnected.
2024-06-14 15:07:17,256 WARN o.a.k.c.NetworkClient [org.springframework.kafka.KafkaListenerEndpointContainer#0-0-C-1] [Consumer clientId=consumer-binarfudgroup-1, groupId=binarfudgroup] Connection to node -1 (localhost/127.0.0.1:9092) could not be established. Broker may not be available.
2024-06-14 15:07:17,256 WARN o.a.k.c.NetworkClient$DefaultMetadataUpdater [org.springframework.kafka.KafkaListenerEndpointContainer#0-0-C-1] [Consumer clientId=consumer-binarfudgroup-1, groupId=binarfudgroup] Bootstrap broker localhost:9092 (id: -1 rack: null) disconnected
2024-06-14 15:07:17,704 INFO o.a.k.c.NetworkClient [kafka-producer-network-thread | producer-1] [Producer clientId=producer-1] Node -1 disconnected.
2024-06-14 15:07:17,704 WARN o.a.k.c.NetworkClient [kafka-producer-network-thread | producer-1] [Producer clientId=producer-1] Connection to node -1 (localhost/127.0.0.1:9092) could not be established. Broker may not be available.
2024-06-14 15:07:17,704 WARN o.a.k.c.NetworkClient$DefaultMetadataUpdater [kafka-producer-network-thread | producer-1] [Producer clientId=producer-1] Bootstrap broker localhost:9092 (id: -1 rack: null) disconnected
2024-06-14 15:07:18,236 INFO o.a.k.c.NetworkClient [org.springframework.kafka.KafkaListenerEndpointContainer#0-0-C-1] [Consumer clientId=consumer-binarfudgroup-1, groupId=binarfudgroup] Node -1 disconnected.
2024-06-14 15:07:18,238 WARN o.a.k.c.NetworkClient [org.springframework.kafka.KafkaListenerEndpointContainer#0-0-C-1] [Consumer clientId=consumer-binarfudgroup-1, groupId=binarfudgroup] Connection to node -1 (localhost/127.0.0.1:9092) could not be established. Broker may not be available.
2024-06-14 15:07:18,238 WARN o.a.k.c.NetworkClient$DefaultMetadataUpdater [org.springframework.kafka.KafkaListenerEndpointContainer#0-0-C-1] [Consumer clientId=consumer-binarfudgroup-1, groupId=binarfudgroup] Bootstrap broker localhost:9092 (id: -1 rack: null) disconnected
2024-06-14 15:07:18,756 INFO o.a.k.c.NetworkClient [kafka-producer-network-thread | producer-1] [Producer clientId=producer-1] Node -1 disconnected.
2024-06-14 15:07:18,756 WARN o.a.k.c.NetworkClient [kafka-producer-network-thread | producer-1] [Producer clientId=producer-1] Connection to node -1 (localhost/127.0.0.1:9092) could not be established. Broker may not be available.
2024-06-14 15:07:18,756 WARN o.a.k.c.NetworkClient$DefaultMetadataUpdater [kafka-producer-network-thread | producer-1] [Producer clientId=producer-1] Bootstrap broker localhost:9092 (id: -1 rack: null) disconnected
2024-06-14 15:07:19,101 INFO o.a.k.c.NetworkClient [org.springframework.kafka.KafkaListenerEndpointContainer#0-0-C-1] [Consumer clientId=consumer-binarfudgroup-1, groupId=binarfudgroup] Node -1 disconnected.
2024-06-14 15:07:19,101 WARN o.a.k.c.NetworkClient [org.springframework.kafka.KafkaListenerEndpointContainer#0-0-C-1] [Consumer clientId=consumer-binarfudgroup-1, groupId=binarfudgroup] Connection to node -1 (localhost/127.0.0.1:9092) could not be established. Broker may not be available.
2024-06-14 15:07:19,101 WARN o.a.k.c.NetworkClient$DefaultMetadataUpdater [org.springframework.kafka.KafkaListenerEndpointContainer#0-0-C-1] [Consumer clientId=consumer-binarfudgroup-1, groupId=binarfudgroup] Bootstrap broker localhost:9092 (id: -1 rack: null) disconnected
