2024-05-31 19:28:50,915 INFO o.s.o.j.AbstractEntityManagerFactoryBean [SpringApplicationShutdownHook] Closing JPA EntityManagerFactory for persistence unit 'default'
2024-05-31 19:28:51,022 INFO c.z.h.HikariDataSource [SpringApplicationShutdownHook] HikariPool-1 - Shutdown initiated...
2024-05-31 19:28:51,050 INFO c.z.h.HikariDataSource [SpringApplicationShutdownHook] HikariPool-1 - Shutdown completed.
2024-05-31 19:28:59,465 INFO o.s.b.StartupInfoLogger [main] Starting BinarfudApplication using Java 17.0.2 with PID 20680 (D:\synrgy\sinau_java\F-BJV24001115-synrgy7-syi-binarfud-ch5\target\classes started by hp in D:\synrgy\sinau_java\F-BJV24001115-synrgy7-syi-binarfud-ch5)
2024-05-31 19:28:59,471 INFO o.s.b.SpringApplication [main] No active profile set, falling back to 1 default profile: "default"
2024-05-31 19:29:01,451 INFO o.s.d.r.c.RepositoryConfigurationDelegate [main] Bootstrapping Spring Data JPA repositories in DEFAULT mode.
2024-05-31 19:29:01,650 INFO o.s.d.r.c.RepositoryConfigurationDelegate [main] Finished Spring Data repository scanning in 178 ms. Found 6 JPA repository interfaces.
2024-05-31 19:29:03,095 INFO o.s.b.w.e.t.TomcatWebServer [main] Tomcat initialized with port 8080 (http)
2024-05-31 19:29:03,118 INFO o.a.j.l.DirectJDKLog [main] Initializing ProtocolHandler ["http-nio-8080"]
2024-05-31 19:29:03,124 INFO o.a.j.l.DirectJDKLog [main] Starting service [Tomcat]
2024-05-31 19:29:03,125 INFO o.a.j.l.DirectJDKLog [main] Starting Servlet engine: [Apache Tomcat/10.1.20]
2024-05-31 19:29:03,319 INFO o.a.j.l.DirectJDKLog [main] Initializing Spring embedded WebApplicationContext
2024-05-31 19:29:03,330 INFO o.s.b.w.s.c.ServletWebServerApplicationContext [main] Root WebApplicationContext: initialization completed in 3725 ms
2024-05-31 19:29:03,741 INFO o.h.j.i.u.LogHelper [main] HHH000204: Processing PersistenceUnitInfo [name: default]
2024-05-31 19:29:03,909 INFO o.h.Version [main] HHH000412: Hibernate ORM core version 6.4.4.Final
2024-05-31 19:29:03,984 INFO o.h.c.i.RegionFactoryInitiator [main] HHH000026: Second-level cache disabled
2024-05-31 19:29:04,516 INFO o.s.o.j.p.SpringPersistenceUnitInfo [main] No LoadTimeWeaver setup: ignoring JPA class transformer
2024-05-31 19:29:04,567 INFO c.z.h.HikariDataSource [main] HikariPool-1 - Starting...
2024-05-31 19:29:04,870 INFO c.z.h.p.HikariPool [main] HikariPool-1 - Added connection org.postgresql.jdbc.PgConnection@72a3462f
2024-05-31 19:29:04,873 INFO c.z.h.HikariDataSource [main] HikariPool-1 - Start completed.
2024-05-31 19:29:04,954 WARN o.h.e.j.d.i.DialectFactoryImpl [main] HHH90000025: PostgreSQLDialect does not need to be specified explicitly using 'hibernate.dialect' (remove the property setting and it will be selected by default)
2024-05-31 19:29:06,956 INFO o.h.e.t.j.p.i.JtaPlatformInitiator [main] HHH000489: No JTA platform available (set 'hibernate.transaction.jta.platform' to enable JTA platform integration)
2024-05-31 19:29:07,231 INFO o.s.o.j.AbstractEntityManagerFactoryBean [main] Initialized JPA EntityManagerFactory for persistence unit 'default'
2024-05-31 19:29:07,949 INFO o.s.d.j.r.q.QueryEnhancerFactory [main] Hibernate is in classpath; If applicable, HQL parser will be used.
2024-05-31 19:29:08,762 WARN o.s.b.a.o.j.JpaBaseConfiguration$JpaWebConfiguration [main] spring.jpa.open-in-view is enabled by default. Therefore, database queries may be performed during view rendering. Explicitly configure spring.jpa.open-in-view to disable this warning
2024-05-31 19:29:09,441 INFO o.s.s.w.DefaultSecurityFilterChain [main] Will secure any request with [org.springframework.security.web.session.DisableEncodeUrlFilter@7fd65f9a, org.springframework.security.web.context.request.async.WebAsyncManagerIntegrationFilter@f48a79a, org.springframework.security.web.context.SecurityContextHolderFilter@7d97a1a0, org.springframework.security.web.header.HeaderWriterFilter@185b998d, org.springframework.web.filter.CorsFilter@38fc1904, org.springframework.security.web.authentication.logout.LogoutFilter@5d81b90a, org.springframework.security.oauth2.client.web.OAuth2AuthorizationRequestRedirectFilter@5572be5a, org.springframework.security.oauth2.client.web.OAuth2LoginAuthenticationFilter@5c658163, com.example.Binarfud.security.jwt.JwtAuthTokenFilter@401d83ce, org.springframework.security.web.authentication.UsernamePasswordAuthenticationFilter@3063493e, org.springframework.security.web.authentication.ui.DefaultLoginPageGeneratingFilter@42cf08a1, org.springframework.security.web.authentication.ui.DefaultLogoutPageGeneratingFilter@7625bfbd, org.springframework.security.web.savedrequest.RequestCacheAwareFilter@70201785, org.springframework.security.web.servletapi.SecurityContextHolderAwareRequestFilter@24c04958, org.springframework.security.web.authentication.AnonymousAuthenticationFilter@3bc2146c, org.springframework.security.web.session.SessionManagementFilter@5d9b79a2, org.springframework.security.web.access.ExceptionTranslationFilter@834944, org.springframework.security.web.access.intercept.AuthorizationFilter@78f649d3]
2024-05-31 19:29:09,946 WARN o.s.s.c.a.w.b.WebSecurity [main] You are asking Spring Security to ignore Mvc [pattern='/webjars/**']. This is not recommended -- please use permitAll via HttpSecurity#authorizeHttpRequests instead.
2024-05-31 19:29:09,946 INFO o.s.s.w.DefaultSecurityFilterChain [main] Will not secure Mvc [pattern='/webjars/**']
2024-05-31 19:29:09,947 WARN o.s.s.c.a.w.b.WebSecurity [main] You are asking Spring Security to ignore Mvc [pattern='/images/**']. This is not recommended -- please use permitAll via HttpSecurity#authorizeHttpRequests instead.
2024-05-31 19:29:09,947 INFO o.s.s.w.DefaultSecurityFilterChain [main] Will not secure Mvc [pattern='/images/**']
2024-05-31 19:29:09,947 WARN o.s.s.c.a.w.b.WebSecurity [main] You are asking Spring Security to ignore Mvc [pattern='/css/**']. This is not recommended -- please use permitAll via HttpSecurity#authorizeHttpRequests instead.
2024-05-31 19:29:09,948 INFO o.s.s.w.DefaultSecurityFilterChain [main] Will not secure Mvc [pattern='/css/**']
2024-05-31 19:29:09,948 WARN o.s.s.c.a.w.b.WebSecurity [main] You are asking Spring Security to ignore Mvc [pattern='/assets/**']. This is not recommended -- please use permitAll via HttpSecurity#authorizeHttpRequests instead.
2024-05-31 19:29:09,948 INFO o.s.s.w.DefaultSecurityFilterChain [main] Will not secure Mvc [pattern='/assets/**']
2024-05-31 19:29:09,948 WARN o.s.s.c.a.w.b.WebSecurity [main] You are asking Spring Security to ignore Mvc [pattern='/favicon.ico']. This is not recommended -- please use permitAll via HttpSecurity#authorizeHttpRequests instead.
2024-05-31 19:29:09,948 INFO o.s.s.w.DefaultSecurityFilterChain [main] Will not secure Mvc [pattern='/favicon.ico']
2024-05-31 19:29:10,024 INFO o.a.j.l.DirectJDKLog [main] Starting ProtocolHandler ["http-nio-8080"]
2024-05-31 19:29:10,054 INFO o.s.b.w.e.t.TomcatWebServer [main] Tomcat started on port 8080 (http) with context path ''
2024-05-31 19:29:10,071 INFO o.s.b.StartupInfoLogger [main] Started BinarfudApplication in 11.918 seconds (process running for 13.143)
