2024-05-31 22:29:19,835 INFO o.s.o.j.AbstractEntityManagerFactoryBean [SpringApplicationShutdownHook] Closing JPA EntityManagerFactory for persistence unit 'default'
2024-05-31 22:29:19,964 INFO c.z.h.HikariDataSource [SpringApplicationShutdownHook] HikariPool-1 - Shutdown initiated...
2024-05-31 22:29:20,003 INFO c.z.h.HikariDataSource [SpringApplicationShutdownHook] HikariPool-1 - Shutdown completed.
2024-05-31 22:29:28,272 INFO o.s.b.StartupInfoLogger [main] Starting BinarfudApplication using Java 17.0.2 with PID 18924 (D:\synrgy\sinau_java\F-BJV24001115-synrgy7-syi-binarfud-ch5\target\classes started by hp in D:\synrgy\sinau_java\F-BJV24001115-synrgy7-syi-binarfud-ch5)
2024-05-31 22:29:28,276 INFO o.s.b.SpringApplication [main] No active profile set, falling back to 1 default profile: "default"
2024-05-31 22:29:30,083 INFO o.s.d.r.c.RepositoryConfigurationDelegate [main] Bootstrapping Spring Data JPA repositories in DEFAULT mode.
2024-05-31 22:29:30,231 INFO o.s.d.r.c.RepositoryConfigurationDelegate [main] Finished Spring Data repository scanning in 129 ms. Found 6 JPA repository interfaces.
2024-05-31 22:29:31,749 INFO o.s.b.w.e.t.TomcatWebServer [main] Tomcat initialized with port 8080 (http)
2024-05-31 22:29:31,771 INFO o.a.j.l.DirectJDKLog [main] Initializing ProtocolHandler ["http-nio-8080"]
2024-05-31 22:29:31,779 INFO o.a.j.l.DirectJDKLog [main] Starting service [Tomcat]
2024-05-31 22:29:31,779 INFO o.a.j.l.DirectJDKLog [main] Starting Servlet engine: [Apache Tomcat/10.1.20]
2024-05-31 22:29:31,950 INFO o.a.j.l.DirectJDKLog [main] Initializing Spring embedded WebApplicationContext
2024-05-31 22:29:31,953 INFO o.s.b.w.s.c.ServletWebServerApplicationContext [main] Root WebApplicationContext: initialization completed in 3606 ms
2024-05-31 22:29:32,243 INFO o.h.j.i.u.LogHelper [main] HHH000204: Processing PersistenceUnitInfo [name: default]
2024-05-31 22:29:32,391 INFO o.h.Version [main] HHH000412: Hibernate ORM core version 6.4.4.Final
2024-05-31 22:29:32,489 INFO o.h.c.i.RegionFactoryInitiator [main] HHH000026: Second-level cache disabled
2024-05-31 22:29:32,995 INFO o.s.o.j.p.SpringPersistenceUnitInfo [main] No LoadTimeWeaver setup: ignoring JPA class transformer
2024-05-31 22:29:33,046 INFO c.z.h.HikariDataSource [main] HikariPool-1 - Starting...
2024-05-31 22:29:33,396 INFO c.z.h.p.HikariPool [main] HikariPool-1 - Added connection org.postgresql.jdbc.PgConnection@213012a0
2024-05-31 22:29:33,398 INFO c.z.h.HikariDataSource [main] HikariPool-1 - Start completed.
2024-05-31 22:29:33,470 WARN o.h.e.j.d.i.DialectFactoryImpl [main] HHH90000025: PostgreSQLDialect does not need to be specified explicitly using 'hibernate.dialect' (remove the property setting and it will be selected by default)
2024-05-31 22:29:35,011 INFO o.h.e.t.j.p.i.JtaPlatformInitiator [main] HHH000489: No JTA platform available (set 'hibernate.transaction.jta.platform' to enable JTA platform integration)
2024-05-31 22:29:35,231 INFO o.s.o.j.AbstractEntityManagerFactoryBean [main] Initialized JPA EntityManagerFactory for persistence unit 'default'
2024-05-31 22:29:36,008 INFO o.s.d.j.r.q.QueryEnhancerFactory [main] Hibernate is in classpath; If applicable, HQL parser will be used.
2024-05-31 22:29:36,876 WARN o.s.b.a.o.j.JpaBaseConfiguration$JpaWebConfiguration [main] spring.jpa.open-in-view is enabled by default. Therefore, database queries may be performed during view rendering. Explicitly configure spring.jpa.open-in-view to disable this warning
2024-05-31 22:29:37,764 INFO o.s.s.w.DefaultSecurityFilterChain [main] Will secure any request with [org.springframework.security.web.session.DisableEncodeUrlFilter@47a9bcf1, org.springframework.security.web.context.request.async.WebAsyncManagerIntegrationFilter@17c95612, org.springframework.security.web.context.SecurityContextHolderFilter@b0e903a, org.springframework.security.web.header.HeaderWriterFilter@22fb60f3, org.springframework.web.filter.CorsFilter@1ca2d595, org.springframework.security.web.authentication.logout.LogoutFilter@4a77d2a5, org.springframework.security.oauth2.client.web.OAuth2AuthorizationRequestRedirectFilter@6f05d5f2, org.springframework.security.oauth2.client.web.OAuth2LoginAuthenticationFilter@6bac199f, com.example.Binarfud.security.jwt.JwtAuthTokenFilter@40ed4674, org.springframework.security.web.authentication.UsernamePasswordAuthenticationFilter@48c42253, org.springframework.security.web.savedrequest.RequestCacheAwareFilter@3c964873, org.springframework.security.web.servletapi.SecurityContextHolderAwareRequestFilter@7db72209, org.springframework.security.web.authentication.AnonymousAuthenticationFilter@92a584f, org.springframework.security.web.session.SessionManagementFilter@5abfb698, org.springframework.security.web.access.ExceptionTranslationFilter@1bd98c48, org.springframework.security.web.access.intercept.AuthorizationFilter@14484887]
2024-05-31 22:29:38,290 WARN o.s.s.c.a.w.b.WebSecurity [main] You are asking Spring Security to ignore Mvc [pattern='/webjars/**']. This is not recommended -- please use permitAll via HttpSecurity#authorizeHttpRequests instead.
2024-05-31 22:29:38,291 INFO o.s.s.w.DefaultSecurityFilterChain [main] Will not secure Mvc [pattern='/webjars/**']
2024-05-31 22:29:38,292 WARN o.s.s.c.a.w.b.WebSecurity [main] You are asking Spring Security to ignore Mvc [pattern='/images/**']. This is not recommended -- please use permitAll via HttpSecurity#authorizeHttpRequests instead.
2024-05-31 22:29:38,293 INFO o.s.s.w.DefaultSecurityFilterChain [main] Will not secure Mvc [pattern='/images/**']
2024-05-31 22:29:38,293 WARN o.s.s.c.a.w.b.WebSecurity [main] You are asking Spring Security to ignore Mvc [pattern='/css/**']. This is not recommended -- please use permitAll via HttpSecurity#authorizeHttpRequests instead.
2024-05-31 22:29:38,293 INFO o.s.s.w.DefaultSecurityFilterChain [main] Will not secure Mvc [pattern='/css/**']
2024-05-31 22:29:38,293 WARN o.s.s.c.a.w.b.WebSecurity [main] You are asking Spring Security to ignore Mvc [pattern='/assets/**']. This is not recommended -- please use permitAll via HttpSecurity#authorizeHttpRequests instead.
2024-05-31 22:29:38,294 INFO o.s.s.w.DefaultSecurityFilterChain [main] Will not secure Mvc [pattern='/assets/**']
2024-05-31 22:29:38,294 WARN o.s.s.c.a.w.b.WebSecurity [main] You are asking Spring Security to ignore Mvc [pattern='/favicon.ico']. This is not recommended -- please use permitAll via HttpSecurity#authorizeHttpRequests instead.
2024-05-31 22:29:38,294 INFO o.s.s.w.DefaultSecurityFilterChain [main] Will not secure Mvc [pattern='/favicon.ico']
2024-05-31 22:29:38,368 INFO o.a.j.l.DirectJDKLog [main] Starting ProtocolHandler ["http-nio-8080"]
2024-05-31 22:29:38,411 INFO o.s.b.w.e.t.TomcatWebServer [main] Tomcat started on port 8080 (http) with context path ''
2024-05-31 22:29:38,426 INFO o.s.b.StartupInfoLogger [main] Started BinarfudApplication in 11.043 seconds (process running for 12.086)
2024-05-31 22:29:40,129 INFO o.a.j.l.DirectJDKLog [http-nio-8080-exec-1] Initializing Spring DispatcherServlet 'dispatcherServlet'
2024-05-31 22:29:40,129 INFO o.s.w.s.FrameworkServlet [http-nio-8080-exec-1] Initializing Servlet 'dispatcherServlet'
2024-05-31 22:29:40,131 INFO o.s.w.s.FrameworkServlet [http-nio-8080-exec-1] Completed initialization in 2 ms
2024-05-31 22:30:18,627 INFO c.e.B.s.SecurityConfig [http-nio-8080-exec-9] Authentication success: OAuth2AuthenticationToken [Principal=Name: [101950125603933173227], Granted Authorities: [[OIDC_USER, SCOPE_https://www.googleapis.com/auth/userinfo.email, SCOPE_https://www.googleapis.com/auth/userinfo.profile, SCOPE_openid]], User Attributes: [{at_hash=hc8FdrzwZzBvS7BxMRfJYw, sub=101950125603933173227, email_verified=true, iss=https://accounts.google.com, given_name=Syihabudin, nonce=DdmqsgBBGuZwcOs__UHeBuiMXHvAHpvTyIZYkGjuRfw, picture=https://lh3.googleusercontent.com/a/ACg8ocLOXkUYbqce6Y83K3dzx2DnQ_9Wx2le2cnI8p9mwrbZfrYeti4=s96-c, aud=[732723862977-r9cdrr6d40blu388fj2et4oq3f63prd0.apps.googleusercontent.com], azp=732723862977-r9cdrr6d40blu388fj2et4oq3f63prd0.apps.googleusercontent.com, name=Syihabudin Rahmat R, exp=2024-05-31T16:30:18Z, family_name=Rahmat R, iat=2024-05-31T15:30:18Z, email=syihabgg@gmail.com}], Credentials=[PROTECTED], Authenticated=true, Details=WebAuthenticationDetails [RemoteIpAddress=0:0:0:0:0:0:0:1, SessionId=1F6294144AC486BA8E7B0F65CD78F51F], Granted Authorities=[OIDC_USER, SCOPE_https://www.googleapis.com/auth/userinfo.email, SCOPE_https://www.googleapis.com/auth/userinfo.profile, SCOPE_openid]]
2024-05-31 22:30:18,627 INFO c.e.B.s.SecurityConfig [http-nio-8080-exec-9] responseorg.springframework.security.web.header.HeaderWriterFilter$HeaderWriterResponse@7cde19d3
2024-05-31 22:30:18,857 INFO c.e.B.s.UsersService [http-nio-8080-exec-9] Creating user with username: syihabgg@gmail.com and email: syihabgg@gmail.com and role: [com.example.Binarfud.model.Role@35644457]
2024-05-31 22:30:18,902 INFO c.e.B.s.SecurityConfig [http-nio-8080-exec-9] User created: Name: [101950125603933173227], Granted Authorities: [[OIDC_USER, SCOPE_https://www.googleapis.com/auth/userinfo.email, SCOPE_https://www.googleapis.com/auth/userinfo.profile, SCOPE_openid]], User Attributes: [{at_hash=hc8FdrzwZzBvS7BxMRfJYw, sub=101950125603933173227, email_verified=true, iss=https://accounts.google.com, given_name=Syihabudin, nonce=DdmqsgBBGuZwcOs__UHeBuiMXHvAHpvTyIZYkGjuRfw, picture=https://lh3.googleusercontent.com/a/ACg8ocLOXkUYbqce6Y83K3dzx2DnQ_9Wx2le2cnI8p9mwrbZfrYeti4=s96-c, aud=[732723862977-r9cdrr6d40blu388fj2et4oq3f63prd0.apps.googleusercontent.com], azp=732723862977-r9cdrr6d40blu388fj2et4oq3f63prd0.apps.googleusercontent.com, name=Syihabudin Rahmat R, exp=2024-05-31T16:30:18Z, family_name=Rahmat R, iat=2024-05-31T15:30:18Z, email=syihabgg@gmail.com}]
