2024-05-29 21:59:26,908 INFO o.s.o.j.AbstractEntityManagerFactoryBean [SpringApplicationShutdownHook] Closing JPA EntityManagerFactory for persistence unit 'default'
2024-05-29 21:59:26,918 INFO c.z.h.HikariDataSource [SpringApplicationShutdownHook] HikariPool-1 - Shutdown initiated...
2024-05-29 21:59:26,926 INFO c.z.h.HikariDataSource [SpringApplicationShutdownHook] HikariPool-1 - Shutdown completed.
2024-05-29 21:59:34,408 INFO o.s.b.StartupInfoLogger [main] Starting BinarfudApplication using Java 17.0.2 with PID 13432 (D:\synrgy\sinau_java\F-BJV24001115-synrgy7-syi-binarfud-ch5\target\classes started by hp in D:\synrgy\sinau_java\F-BJV24001115-synrgy7-syi-binarfud-ch5)
2024-05-29 21:59:34,413 INFO o.s.b.SpringApplication [main] No active profile set, falling back to 1 default profile: "default"
2024-05-29 21:59:36,229 INFO o.s.d.r.c.RepositoryConfigurationDelegate [main] Bootstrapping Spring Data JPA repositories in DEFAULT mode.
2024-05-29 21:59:36,394 INFO o.s.d.r.c.RepositoryConfigurationDelegate [main] Finished Spring Data repository scanning in 146 ms. Found 5 JPA repository interfaces.
2024-05-29 21:59:37,824 INFO o.s.b.w.e.t.TomcatWebServer [main] Tomcat initialized with port 8080 (http)
2024-05-29 21:59:37,842 INFO o.a.j.l.DirectJDKLog [main] Initializing ProtocolHandler ["http-nio-8080"]
2024-05-29 21:59:37,847 INFO o.a.j.l.DirectJDKLog [main] Starting service [Tomcat]
2024-05-29 21:59:37,849 INFO o.a.j.l.DirectJDKLog [main] Starting Servlet engine: [Apache Tomcat/10.1.20]
2024-05-29 21:59:38,057 INFO o.a.j.l.DirectJDKLog [main] Initializing Spring embedded WebApplicationContext
2024-05-29 21:59:38,075 INFO o.s.b.w.s.c.ServletWebServerApplicationContext [main] Root WebApplicationContext: initialization completed in 3537 ms
2024-05-29 21:59:38,392 INFO o.h.j.i.u.LogHelper [main] HHH000204: Processing PersistenceUnitInfo [name: default]
2024-05-29 21:59:38,492 INFO o.h.Version [main] HHH000412: Hibernate ORM core version 6.4.4.Final
2024-05-29 21:59:38,574 INFO o.h.c.i.RegionFactoryInitiator [main] HHH000026: Second-level cache disabled
2024-05-29 21:59:39,053 INFO o.s.o.j.p.SpringPersistenceUnitInfo [main] No LoadTimeWeaver setup: ignoring JPA class transformer
2024-05-29 21:59:39,088 INFO c.z.h.HikariDataSource [main] HikariPool-1 - Starting...
2024-05-29 21:59:39,405 INFO c.z.h.p.HikariPool [main] HikariPool-1 - Added connection org.postgresql.jdbc.PgConnection@1b94c789
2024-05-29 21:59:39,431 INFO c.z.h.HikariDataSource [main] HikariPool-1 - Start completed.
2024-05-29 21:59:39,501 WARN o.h.e.j.d.i.DialectFactoryImpl [main] HHH90000025: PostgreSQLDialect does not need to be specified explicitly using 'hibernate.dialect' (remove the property setting and it will be selected by default)
2024-05-29 21:59:41,153 INFO o.h.e.t.j.p.i.JtaPlatformInitiator [main] HHH000489: No JTA platform available (set 'hibernate.transaction.jta.platform' to enable JTA platform integration)
2024-05-29 21:59:41,334 INFO o.s.o.j.AbstractEntityManagerFactoryBean [main] Initialized JPA EntityManagerFactory for persistence unit 'default'
2024-05-29 21:59:42,165 INFO o.s.d.j.r.q.QueryEnhancerFactory [main] Hibernate is in classpath; If applicable, HQL parser will be used.
2024-05-29 21:59:43,097 WARN o.s.b.a.o.j.JpaBaseConfiguration$JpaWebConfiguration [main] spring.jpa.open-in-view is enabled by default. Therefore, database queries may be performed during view rendering. Explicitly configure spring.jpa.open-in-view to disable this warning
2024-05-29 21:59:43,676 INFO o.s.s.w.DefaultSecurityFilterChain [main] Will secure any request with [org.springframework.security.web.session.DisableEncodeUrlFilter@4bb747c1, org.springframework.security.web.context.request.async.WebAsyncManagerIntegrationFilter@18b12df9, org.springframework.security.web.context.SecurityContextHolderFilter@51413d02, org.springframework.security.web.header.HeaderWriterFilter@75ad7531, org.springframework.web.filter.CorsFilter@3ef8de39, org.springframework.security.web.authentication.logout.LogoutFilter@6990f6af, com.example.Binarfud.security.jwt.JwtAuthTokenFilter@6af0407c, org.springframework.security.web.savedrequest.RequestCacheAwareFilter@4ad113d6, org.springframework.security.web.servletapi.SecurityContextHolderAwareRequestFilter@23fed844, org.springframework.security.web.authentication.AnonymousAuthenticationFilter@370e5bb9, org.springframework.security.web.session.SessionManagementFilter@7dcd8e74, org.springframework.security.web.access.ExceptionTranslationFilter@5a6dd1e7, org.springframework.security.web.access.intercept.AuthorizationFilter@64e6f678]
2024-05-29 21:59:44,244 INFO o.a.j.l.DirectJDKLog [main] Starting ProtocolHandler ["http-nio-8080"]
2024-05-29 21:59:44,308 INFO o.s.b.w.e.t.TomcatWebServer [main] Tomcat started on port 8080 (http) with context path ''
2024-05-29 21:59:44,325 INFO o.s.b.StartupInfoLogger [main] Started BinarfudApplication in 10.819 seconds (process running for 11.64)
2024-05-29 21:59:51,676 INFO o.a.j.l.DirectJDKLog [http-nio-8080-exec-1] Initializing Spring DispatcherServlet 'dispatcherServlet'
2024-05-29 21:59:51,676 INFO o.s.w.s.FrameworkServlet [http-nio-8080-exec-1] Initializing Servlet 'dispatcherServlet'
2024-05-29 21:59:51,678 INFO o.s.w.s.FrameworkServlet [http-nio-8080-exec-1] Completed initialization in 1 ms
2024-05-29 21:59:51,884 INFO c.e.B.c.AuthController [http-nio-8080-exec-1] loginRequestDto: LoginRequestDTO(username=asep1, password=12345678)
2024-05-29 21:59:52,234 INFO c.e.B.c.AuthController [http-nio-8080-exec-1] authentication: UsernamePasswordAuthenticationToken [Principal=UserDetailsImpl(username=asep1, password=$2a$10$ZzlvImsg3v0KfWs7sWgd8umVU.IWm17.IV7e3iwuKMDntBXwurwa., authorities=[CUSTOMER]), Credentials=[PROTECTED], Authenticated=true, Details=null, Granted Authorities=[CUSTOMER]]
2024-05-29 22:00:34,211 INFO o.s.o.j.AbstractEntityManagerFactoryBean [SpringApplicationShutdownHook] Closing JPA EntityManagerFactory for persistence unit 'default'
2024-05-29 22:00:34,215 INFO c.z.h.HikariDataSource [SpringApplicationShutdownHook] HikariPool-1 - Shutdown initiated...
2024-05-29 22:00:34,224 INFO c.z.h.HikariDataSource [SpringApplicationShutdownHook] HikariPool-1 - Shutdown completed.
