2024-05-26 22:09:43,899 INFO o.s.o.j.AbstractEntityManagerFactoryBean [SpringApplicationShutdownHook] Closing JPA EntityManagerFactory for persistence unit 'default'
2024-05-26 22:09:43,903 INFO c.z.h.HikariDataSource [SpringApplicationShutdownHook] HikariPool-1 - Shutdown initiated...
2024-05-26 22:09:43,909 INFO c.z.h.HikariDataSource [SpringApplicationShutdownHook] HikariPool-1 - Shutdown completed.
2024-05-26 22:09:46,245 INFO o.s.b.StartupInfoLogger [main] Starting BinarfudApplication using Java 17.0.2 with PID 21540 (D:\synrgy\sinau_java\F-BJV24001115-synrgy7-syi-binarfud-ch5\target\classes started by hp in D:\synrgy\sinau_java\F-BJV24001115-synrgy7-syi-binarfud-ch5)
2024-05-26 22:09:46,250 INFO o.s.b.SpringApplication [main] No active profile set, falling back to 1 default profile: "default"
2024-05-26 22:09:48,106 INFO o.s.d.r.c.RepositoryConfigurationDelegate [main] Bootstrapping Spring Data JPA repositories in DEFAULT mode.
2024-05-26 22:09:48,253 INFO o.s.d.r.c.RepositoryConfigurationDelegate [main] Finished Spring Data repository scanning in 133 ms. Found 5 JPA repository interfaces.
2024-05-26 22:09:49,190 INFO o.s.b.w.e.t.TomcatWebServer [main] Tomcat initialized with port 8080 (http)
2024-05-26 22:09:49,205 INFO o.a.j.l.DirectJDKLog [main] Initializing ProtocolHandler ["http-nio-8080"]
2024-05-26 22:09:49,208 INFO o.a.j.l.DirectJDKLog [main] Starting service [Tomcat]
2024-05-26 22:09:49,209 INFO o.a.j.l.DirectJDKLog [main] Starting Servlet engine: [Apache Tomcat/10.1.20]
2024-05-26 22:09:49,313 INFO o.a.j.l.DirectJDKLog [main] Initializing Spring embedded WebApplicationContext
2024-05-26 22:09:49,315 INFO o.s.b.w.s.c.ServletWebServerApplicationContext [main] Root WebApplicationContext: initialization completed in 2998 ms
2024-05-26 22:09:49,564 INFO o.h.j.i.u.LogHelper [main] HHH000204: Processing PersistenceUnitInfo [name: default]
2024-05-26 22:09:49,650 INFO o.h.Version [main] HHH000412: Hibernate ORM core version 6.4.4.Final
2024-05-26 22:09:49,705 INFO o.h.c.i.RegionFactoryInitiator [main] HHH000026: Second-level cache disabled
2024-05-26 22:09:50,032 INFO o.s.o.j.p.SpringPersistenceUnitInfo [main] No LoadTimeWeaver setup: ignoring JPA class transformer
2024-05-26 22:09:50,067 INFO c.z.h.HikariDataSource [main] HikariPool-1 - Starting...
2024-05-26 22:09:50,285 INFO c.z.h.p.HikariPool [main] HikariPool-1 - Added connection org.postgresql.jdbc.PgConnection@3b30eec5
2024-05-26 22:09:50,287 INFO c.z.h.HikariDataSource [main] HikariPool-1 - Start completed.
2024-05-26 22:09:50,338 WARN o.h.e.j.d.i.DialectFactoryImpl [main] HHH90000025: PostgreSQLDialect does not need to be specified explicitly using 'hibernate.dialect' (remove the property setting and it will be selected by default)
2024-05-26 22:09:51,682 INFO o.h.e.t.j.p.i.JtaPlatformInitiator [main] HHH000489: No JTA platform available (set 'hibernate.transaction.jta.platform' to enable JTA platform integration)
2024-05-26 22:09:51,827 INFO o.s.o.j.AbstractEntityManagerFactoryBean [main] Initialized JPA EntityManagerFactory for persistence unit 'default'
2024-05-26 22:09:52,367 INFO o.s.d.j.r.q.QueryEnhancerFactory [main] Hibernate is in classpath; If applicable, HQL parser will be used.
2024-05-26 22:09:53,269 WARN o.s.b.a.o.j.JpaBaseConfiguration$JpaWebConfiguration [main] spring.jpa.open-in-view is enabled by default. Therefore, database queries may be performed during view rendering. Explicitly configure spring.jpa.open-in-view to disable this warning
2024-05-26 22:09:53,824 INFO o.s.s.w.DefaultSecurityFilterChain [main] Will secure any request with [org.springframework.security.web.session.DisableEncodeUrlFilter@60ab906e, org.springframework.security.web.context.request.async.WebAsyncManagerIntegrationFilter@8551ee6, org.springframework.security.web.context.SecurityContextHolderFilter@6ef3f72c, org.springframework.security.web.header.HeaderWriterFilter@5c937c92, org.springframework.web.filter.CorsFilter@11b26693, org.springframework.security.web.authentication.logout.LogoutFilter@31cae1e4, com.example.Binarfud.security.jwt.JwtAuthTokenFilter@12948e7a, org.springframework.security.web.savedrequest.RequestCacheAwareFilter@2d4e6bb2, org.springframework.security.web.servletapi.SecurityContextHolderAwareRequestFilter@13453610, org.springframework.security.web.authentication.AnonymousAuthenticationFilter@7f4f432b, org.springframework.security.web.session.SessionManagementFilter@491d36ef, org.springframework.security.web.access.ExceptionTranslationFilter@1a0c384d, org.springframework.security.web.access.intercept.AuthorizationFilter@7a725c89]
2024-05-26 22:09:54,308 INFO o.a.j.l.DirectJDKLog [main] Starting ProtocolHandler ["http-nio-8080"]
2024-05-26 22:09:54,352 INFO o.s.b.w.e.t.TomcatWebServer [main] Tomcat started on port 8080 (http) with context path ''
2024-05-26 22:09:54,372 INFO o.s.b.StartupInfoLogger [main] Started BinarfudApplication in 9.055 seconds (process running for 9.761)
2024-05-26 22:10:00,643 INFO o.a.j.l.DirectJDKLog [http-nio-8080-exec-2] Initializing Spring DispatcherServlet 'dispatcherServlet'
2024-05-26 22:10:00,644 INFO o.s.w.s.FrameworkServlet [http-nio-8080-exec-2] Initializing Servlet 'dispatcherServlet'
2024-05-26 22:10:00,645 INFO o.s.w.s.FrameworkServlet [http-nio-8080-exec-2] Completed initialization in 1 ms
