2024-05-27 20:07:20,363 INFO o.s.b.StartupInfoLogger [main] Starting BinarfudApplication using Java 17.0.2 with PID 14792 (D:\synrgy\sinau_java\F-BJV24001115-synrgy7-syi-binarfud-ch5\target\classes started by hp in D:\synrgy\sinau_java\F-BJV24001115-synrgy7-syi-binarfud-ch5)
2024-05-27 20:07:20,374 INFO o.s.b.SpringApplication [main] No active profile set, falling back to 1 default profile: "default"
2024-05-27 20:07:22,152 INFO o.s.d.r.c.RepositoryConfigurationDelegate [main] Bootstrapping Spring Data JPA repositories in DEFAULT mode.
2024-05-27 20:07:22,358 INFO o.s.d.r.c.RepositoryConfigurationDelegate [main] Finished Spring Data repository scanning in 184 ms. Found 5 JPA repository interfaces.
2024-05-27 20:07:24,262 INFO o.s.b.w.e.t.TomcatWebServer [main] Tomcat initialized with port 8080 (http)
2024-05-27 20:07:24,281 INFO o.a.j.l.DirectJDKLog [main] Initializing ProtocolHandler ["http-nio-8080"]
2024-05-27 20:07:24,286 INFO o.a.j.l.DirectJDKLog [main] Starting service [Tomcat]
2024-05-27 20:07:24,286 INFO o.a.j.l.DirectJDKLog [main] Starting Servlet engine: [Apache Tomcat/10.1.20]
2024-05-27 20:07:24,409 INFO o.a.j.l.DirectJDKLog [main] Initializing Spring embedded WebApplicationContext
2024-05-27 20:07:24,410 INFO o.s.b.w.s.c.ServletWebServerApplicationContext [main] Root WebApplicationContext: initialization completed in 3932 ms
2024-05-27 20:07:24,699 INFO o.h.j.i.u.LogHelper [main] HHH000204: Processing PersistenceUnitInfo [name: default]
2024-05-27 20:07:24,872 INFO o.h.Version [main] HHH000412: Hibernate ORM core version 6.4.4.Final
2024-05-27 20:07:24,960 INFO o.h.c.i.RegionFactoryInitiator [main] HHH000026: Second-level cache disabled
2024-05-27 20:07:25,441 INFO o.s.o.j.p.SpringPersistenceUnitInfo [main] No LoadTimeWeaver setup: ignoring JPA class transformer
2024-05-27 20:07:25,480 INFO c.z.h.HikariDataSource [main] HikariPool-1 - Starting...
2024-05-27 20:07:25,935 INFO c.z.h.p.HikariPool [main] HikariPool-1 - Added connection org.postgresql.jdbc.PgConnection@b70fa38
2024-05-27 20:07:25,939 INFO c.z.h.HikariDataSource [main] HikariPool-1 - Start completed.
2024-05-27 20:07:26,030 WARN o.h.e.j.d.i.DialectFactoryImpl [main] HHH90000025: PostgreSQLDialect does not need to be specified explicitly using 'hibernate.dialect' (remove the property setting and it will be selected by default)
2024-05-27 20:07:27,798 INFO o.h.e.t.j.p.i.JtaPlatformInitiator [main] HHH000489: No JTA platform available (set 'hibernate.transaction.jta.platform' to enable JTA platform integration)
2024-05-27 20:07:28,058 INFO o.s.o.j.AbstractEntityManagerFactoryBean [main] Initialized JPA EntityManagerFactory for persistence unit 'default'
2024-05-27 20:07:28,912 INFO o.s.d.j.r.q.QueryEnhancerFactory [main] Hibernate is in classpath; If applicable, HQL parser will be used.
2024-05-27 20:07:29,910 WARN o.s.b.a.o.j.JpaBaseConfiguration$JpaWebConfiguration [main] spring.jpa.open-in-view is enabled by default. Therefore, database queries may be performed during view rendering. Explicitly configure spring.jpa.open-in-view to disable this warning
2024-05-27 20:07:30,714 INFO o.s.s.w.DefaultSecurityFilterChain [main] Will secure any request with [org.springframework.security.web.session.DisableEncodeUrlFilter@6682e9b0, org.springframework.security.web.context.request.async.WebAsyncManagerIntegrationFilter@27f7db5a, org.springframework.security.web.context.SecurityContextHolderFilter@3d8d926f, org.springframework.security.web.header.HeaderWriterFilter@4e791e53, org.springframework.web.filter.CorsFilter@6245303e, org.springframework.security.web.authentication.logout.LogoutFilter@8551ee6, com.example.Binarfud.security.jwt.JwtAuthTokenFilter@16269ff4, org.springframework.security.web.savedrequest.RequestCacheAwareFilter@59ea2a36, org.springframework.security.web.servletapi.SecurityContextHolderAwareRequestFilter@5e24f013, org.springframework.security.web.authentication.AnonymousAuthenticationFilter@5a1e28ee, org.springframework.security.web.session.SessionManagementFilter@1c9fa12, org.springframework.security.web.access.ExceptionTranslationFilter@4cde5d66, org.springframework.security.web.access.intercept.AuthorizationFilter@4d619aa0]
2024-05-27 20:07:31,253 INFO o.a.j.l.DirectJDKLog [main] Starting ProtocolHandler ["http-nio-8080"]
2024-05-27 20:07:31,308 INFO o.s.b.w.e.t.TomcatWebServer [main] Tomcat started on port 8080 (http) with context path ''
2024-05-27 20:07:31,340 INFO o.s.b.StartupInfoLogger [main] Started BinarfudApplication in 12.042 seconds (process running for 12.949)
2024-05-27 20:07:35,601 INFO o.a.j.l.DirectJDKLog [http-nio-8080-exec-6] Initializing Spring DispatcherServlet 'dispatcherServlet'
2024-05-27 20:07:35,602 INFO o.s.w.s.FrameworkServlet [http-nio-8080-exec-6] Initializing Servlet 'dispatcherServlet'
2024-05-27 20:07:35,604 INFO o.s.w.s.FrameworkServlet [http-nio-8080-exec-6] Completed initialization in 2 ms
2024-05-27 20:07:35,749 INFO c.e.B.c.AuthController [http-nio-8080-exec-6] loginRequestDto: LoginRequestDTO(username=mike1, password=12345678)
2024-05-27 20:16:25,670 INFO o.s.o.j.AbstractEntityManagerFactoryBean [SpringApplicationShutdownHook] Closing JPA EntityManagerFactory for persistence unit 'default'
2024-05-27 20:16:25,746 INFO c.z.h.HikariDataSource [SpringApplicationShutdownHook] HikariPool-1 - Shutdown initiated...
2024-05-27 20:16:25,766 INFO c.z.h.HikariDataSource [SpringApplicationShutdownHook] HikariPool-1 - Shutdown completed.
