2024-05-31 03:05:12,184 INFO o.s.o.j.AbstractEntityManagerFactoryBean [SpringApplicationShutdownHook] Closing JPA EntityManagerFactory for persistence unit 'default'
2024-05-31 03:05:12,207 INFO c.z.h.HikariDataSource [SpringApplicationShutdownHook] HikariPool-1 - Shutdown initiated...
2024-05-31 03:05:12,217 INFO c.z.h.HikariDataSource [SpringApplicationShutdownHook] HikariPool-1 - Shutdown completed.
2024-05-31 03:05:16,436 INFO o.s.b.StartupInfoLogger [main] Starting BinarfudApplication using Java 17.0.2 with PID 13212 (D:\synrgy\sinau_java\F-BJV24001115-synrgy7-syi-binarfud-ch5\target\classes started by hp in D:\synrgy\sinau_java\F-BJV24001115-synrgy7-syi-binarfud-ch5)
2024-05-31 03:05:16,441 INFO o.s.b.SpringApplication [main] No active profile set, falling back to 1 default profile: "default"
2024-05-31 03:05:17,940 INFO o.s.d.r.c.RepositoryConfigurationDelegate [main] Bootstrapping Spring Data JPA repositories in DEFAULT mode.
2024-05-31 03:05:18,065 INFO o.s.d.r.c.RepositoryConfigurationDelegate [main] Finished Spring Data repository scanning in 112 ms. Found 6 JPA repository interfaces.
2024-05-31 03:05:19,247 INFO o.s.b.w.e.t.TomcatWebServer [main] Tomcat initialized with port 8080 (http)
2024-05-31 03:05:19,263 INFO o.a.j.l.DirectJDKLog [main] Initializing ProtocolHandler ["http-nio-8080"]
2024-05-31 03:05:19,269 INFO o.a.j.l.DirectJDKLog [main] Starting service [Tomcat]
2024-05-31 03:05:19,270 INFO o.a.j.l.DirectJDKLog [main] Starting Servlet engine: [Apache Tomcat/10.1.20]
2024-05-31 03:05:19,396 INFO o.a.j.l.DirectJDKLog [main] Initializing Spring embedded WebApplicationContext
2024-05-31 03:05:19,398 INFO o.s.b.w.s.c.ServletWebServerApplicationContext [main] Root WebApplicationContext: initialization completed in 2883 ms
2024-05-31 03:05:19,592 INFO o.h.j.i.u.LogHelper [main] HHH000204: Processing PersistenceUnitInfo [name: default]
2024-05-31 03:05:19,752 INFO o.h.Version [main] HHH000412: Hibernate ORM core version 6.4.4.Final
2024-05-31 03:05:19,855 INFO o.h.c.i.RegionFactoryInitiator [main] HHH000026: Second-level cache disabled
2024-05-31 03:05:20,362 INFO o.s.o.j.p.SpringPersistenceUnitInfo [main] No LoadTimeWeaver setup: ignoring JPA class transformer
2024-05-31 03:05:20,453 INFO c.z.h.HikariDataSource [main] HikariPool-1 - Starting...
2024-05-31 03:05:20,825 INFO c.z.h.p.HikariPool [main] HikariPool-1 - Added connection org.postgresql.jdbc.PgConnection@74bdfa0b
2024-05-31 03:05:20,829 INFO c.z.h.HikariDataSource [main] HikariPool-1 - Start completed.
2024-05-31 03:05:20,904 WARN o.h.e.j.d.i.DialectFactoryImpl [main] HHH90000025: PostgreSQLDialect does not need to be specified explicitly using 'hibernate.dialect' (remove the property setting and it will be selected by default)
2024-05-31 03:05:22,466 INFO o.h.e.t.j.p.i.JtaPlatformInitiator [main] HHH000489: No JTA platform available (set 'hibernate.transaction.jta.platform' to enable JTA platform integration)
2024-05-31 03:05:22,641 INFO o.s.o.j.AbstractEntityManagerFactoryBean [main] Initialized JPA EntityManagerFactory for persistence unit 'default'
2024-05-31 03:05:23,230 INFO o.s.d.j.r.q.QueryEnhancerFactory [main] Hibernate is in classpath; If applicable, HQL parser will be used.
2024-05-31 03:05:23,926 WARN o.s.b.a.o.j.JpaBaseConfiguration$JpaWebConfiguration [main] spring.jpa.open-in-view is enabled by default. Therefore, database queries may be performed during view rendering. Explicitly configure spring.jpa.open-in-view to disable this warning
2024-05-31 03:05:24,558 INFO o.s.s.w.DefaultSecurityFilterChain [main] Will secure any request with [org.springframework.security.web.session.DisableEncodeUrlFilter@249f95a2, org.springframework.security.web.context.request.async.WebAsyncManagerIntegrationFilter@5f36ba0f, org.springframework.security.web.context.SecurityContextHolderFilter@2338c3f9, org.springframework.security.web.header.HeaderWriterFilter@6f77917c, org.springframework.web.filter.CorsFilter@70c741be, org.springframework.security.web.authentication.logout.LogoutFilter@7b4791d9, org.springframework.security.oauth2.client.web.OAuth2AuthorizationRequestRedirectFilter@21cb907d, org.springframework.security.oauth2.client.web.OAuth2LoginAuthenticationFilter@39584147, com.example.Binarfud.security.jwt.JwtAuthTokenFilter@37922937, org.springframework.security.web.authentication.UsernamePasswordAuthenticationFilter@23ac3788, org.springframework.security.web.authentication.ui.DefaultLoginPageGeneratingFilter@15045e40, org.springframework.security.web.authentication.ui.DefaultLogoutPageGeneratingFilter@611d867, org.springframework.security.web.savedrequest.RequestCacheAwareFilter@56daf3b1, org.springframework.security.web.servletapi.SecurityContextHolderAwareRequestFilter@7ba0c0e5, org.springframework.security.web.authentication.AnonymousAuthenticationFilter@5efb7f82, org.springframework.security.web.session.SessionManagementFilter@55145dc5, org.springframework.security.web.access.ExceptionTranslationFilter@c82f6bd, org.springframework.security.web.access.intercept.AuthorizationFilter@35daccb8]
2024-05-31 03:05:25,073 INFO o.a.j.l.DirectJDKLog [main] Starting ProtocolHandler ["http-nio-8080"]
2024-05-31 03:05:25,107 INFO o.s.b.w.e.t.TomcatWebServer [main] Tomcat started on port 8080 (http) with context path ''
2024-05-31 03:05:25,121 INFO o.s.b.StartupInfoLogger [main] Started BinarfudApplication in 9.505 seconds (process running for 10.459)
2024-05-31 03:05:26,471 INFO o.a.j.l.DirectJDKLog [http-nio-8080-exec-1] Initializing Spring DispatcherServlet 'dispatcherServlet'
2024-05-31 03:05:26,471 INFO o.s.w.s.FrameworkServlet [http-nio-8080-exec-1] Initializing Servlet 'dispatcherServlet'
2024-05-31 03:05:26,472 INFO o.s.w.s.FrameworkServlet [http-nio-8080-exec-1] Completed initialization in 1 ms
