2024-05-17 21:51:20,868 INFO o.s.o.j.AbstractEntityManagerFactoryBean [SpringApplicationShutdownHook] Closing JPA EntityManagerFactory for persistence unit 'default'
2024-05-17 21:51:20,939 INFO c.z.h.HikariDataSource [SpringApplicationShutdownHook] HikariPool-1 - Shutdown initiated...
2024-05-17 21:51:20,961 INFO c.z.h.HikariDataSource [SpringApplicationShutdownHook] HikariPool-1 - Shutdown completed.
2024-05-17 21:51:58,074 INFO o.s.b.StartupInfoLogger [main] Starting BinarfudApplication using Java 17.0.2 with PID 14268 (D:\synrgy\sinau_java\F-BJV24001115-synrgy7-syi-binarfud-ch5\target\classes started by hp in D:\synrgy\sinau_java\F-BJV24001115-synrgy7-syi-binarfud-ch5)
2024-05-17 21:51:58,078 INFO o.s.b.SpringApplication [main] No active profile set, falling back to 1 default profile: "default"
2024-05-17 21:51:59,972 INFO o.s.d.r.c.RepositoryConfigurationDelegate [main] Bootstrapping Spring Data JPA repositories in DEFAULT mode.
2024-05-17 21:52:00,134 INFO o.s.d.r.c.RepositoryConfigurationDelegate [main] Finished Spring Data repository scanning in 138 ms. Found 5 JPA repository interfaces.
2024-05-17 21:52:01,301 INFO o.s.b.w.e.t.TomcatWebServer [main] Tomcat initialized with port 8080 (http)
2024-05-17 21:52:01,319 INFO o.a.j.l.DirectJDKLog [main] Initializing ProtocolHandler ["http-nio-8080"]
2024-05-17 21:52:01,325 INFO o.a.j.l.DirectJDKLog [main] Starting service [Tomcat]
2024-05-17 21:52:01,326 INFO o.a.j.l.DirectJDKLog [main] Starting Servlet engine: [Apache Tomcat/10.1.20]
2024-05-17 21:52:01,457 INFO o.a.j.l.DirectJDKLog [main] Initializing Spring embedded WebApplicationContext
2024-05-17 21:52:01,459 INFO o.s.b.w.s.c.ServletWebServerApplicationContext [main] Root WebApplicationContext: initialization completed in 3296 ms
2024-05-17 21:52:01,739 INFO o.h.j.i.u.LogHelper [main] HHH000204: Processing PersistenceUnitInfo [name: default]
2024-05-17 21:52:01,866 INFO o.h.Version [main] HHH000412: Hibernate ORM core version 6.4.4.Final
2024-05-17 21:52:01,945 INFO o.h.c.i.RegionFactoryInitiator [main] HHH000026: Second-level cache disabled
2024-05-17 21:52:02,379 INFO o.s.o.j.p.SpringPersistenceUnitInfo [main] No LoadTimeWeaver setup: ignoring JPA class transformer
2024-05-17 21:52:02,436 INFO c.z.h.HikariDataSource [main] HikariPool-1 - Starting...
2024-05-17 21:52:02,735 INFO c.z.h.p.HikariPool [main] HikariPool-1 - Added connection org.postgresql.jdbc.PgConnection@595814a1
2024-05-17 21:52:02,737 INFO c.z.h.HikariDataSource [main] HikariPool-1 - Start completed.
2024-05-17 21:52:02,821 WARN o.h.e.j.d.i.DialectFactoryImpl [main] HHH90000025: PostgreSQLDialect does not need to be specified explicitly using 'hibernate.dialect' (remove the property setting and it will be selected by default)
2024-05-17 21:52:04,210 INFO o.h.e.t.j.p.i.JtaPlatformInitiator [main] HHH000489: No JTA platform available (set 'hibernate.transaction.jta.platform' to enable JTA platform integration)
2024-05-17 21:52:04,402 INFO o.s.o.j.AbstractEntityManagerFactoryBean [main] Initialized JPA EntityManagerFactory for persistence unit 'default'
2024-05-17 21:52:04,735 INFO o.s.d.j.r.q.QueryEnhancerFactory [main] Hibernate is in classpath; If applicable, HQL parser will be used.
2024-05-17 21:52:05,539 WARN o.s.b.a.o.j.JpaBaseConfiguration$JpaWebConfiguration [main] spring.jpa.open-in-view is enabled by default. Therefore, database queries may be performed during view rendering. Explicitly configure spring.jpa.open-in-view to disable this warning
2024-05-17 21:52:06,352 INFO o.a.j.l.DirectJDKLog [main] Starting ProtocolHandler ["http-nio-8080"]
2024-05-17 21:52:06,385 INFO o.s.b.w.e.t.TomcatWebServer [main] Tomcat started on port 8080 (http) with context path ''
2024-05-17 21:52:06,397 INFO o.s.b.StartupInfoLogger [main] Started BinarfudApplication in 9.242 seconds (process running for 10.076)
2024-05-17 21:53:27,742 INFO o.a.j.l.DirectJDKLog [http-nio-8080-exec-2] Initializing Spring DispatcherServlet 'dispatcherServlet'
2024-05-17 21:53:27,742 INFO o.s.w.s.FrameworkServlet [http-nio-8080-exec-2] Initializing Servlet 'dispatcherServlet'
2024-05-17 21:53:27,743 INFO o.s.w.s.FrameworkServlet [http-nio-8080-exec-2] Completed initialization in 1 ms
2024-05-17 21:53:44,957 INFO c.e.B.s.ProductService [http-nio-8080-exec-3] Products: Page 1 of 1 containing com.example.Binarfud.model.Product instances
2024-05-17 21:56:05,230 INFO o.s.o.j.AbstractEntityManagerFactoryBean [SpringApplicationShutdownHook] Closing JPA EntityManagerFactory for persistence unit 'default'
2024-05-17 21:56:05,234 INFO c.z.h.HikariDataSource [SpringApplicationShutdownHook] HikariPool-1 - Shutdown initiated...
2024-05-17 21:56:05,238 INFO c.z.h.HikariDataSource [SpringApplicationShutdownHook] HikariPool-1 - Shutdown completed.
2024-05-17 21:56:11,972 INFO o.s.b.StartupInfoLogger [main] Starting BinarfudApplication using Java 17.0.2 with PID 15576 (D:\synrgy\sinau_java\F-BJV24001115-synrgy7-syi-binarfud-ch5\target\classes started by hp in D:\synrgy\sinau_java\F-BJV24001115-synrgy7-syi-binarfud-ch5)
2024-05-17 21:56:11,986 INFO o.s.b.SpringApplication [main] No active profile set, falling back to 1 default profile: "default"
2024-05-17 21:56:13,570 INFO o.s.d.r.c.RepositoryConfigurationDelegate [main] Bootstrapping Spring Data JPA repositories in DEFAULT mode.
2024-05-17 21:56:13,702 INFO o.s.d.r.c.RepositoryConfigurationDelegate [main] Finished Spring Data repository scanning in 106 ms. Found 5 JPA repository interfaces.
2024-05-17 21:56:14,716 INFO o.s.b.w.e.t.TomcatWebServer [main] Tomcat initialized with port 8080 (http)
2024-05-17 21:56:14,739 INFO o.a.j.l.DirectJDKLog [main] Initializing ProtocolHandler ["http-nio-8080"]
2024-05-17 21:56:14,745 INFO o.a.j.l.DirectJDKLog [main] Starting service [Tomcat]
2024-05-17 21:56:14,747 INFO o.a.j.l.DirectJDKLog [main] Starting Servlet engine: [Apache Tomcat/10.1.20]
2024-05-17 21:56:14,894 INFO o.a.j.l.DirectJDKLog [main] Initializing Spring embedded WebApplicationContext
2024-05-17 21:56:14,896 INFO o.s.b.w.s.c.ServletWebServerApplicationContext [main] Root WebApplicationContext: initialization completed in 2830 ms
2024-05-17 21:56:15,234 INFO o.h.j.i.u.LogHelper [main] HHH000204: Processing PersistenceUnitInfo [name: default]
2024-05-17 21:56:15,372 INFO o.h.Version [main] HHH000412: Hibernate ORM core version 6.4.4.Final
2024-05-17 21:56:15,454 INFO o.h.c.i.RegionFactoryInitiator [main] HHH000026: Second-level cache disabled
2024-05-17 21:56:15,959 INFO o.s.o.j.p.SpringPersistenceUnitInfo [main] No LoadTimeWeaver setup: ignoring JPA class transformer
2024-05-17 21:56:16,014 INFO c.z.h.HikariDataSource [main] HikariPool-1 - Starting...
2024-05-17 21:56:16,288 INFO c.z.h.p.HikariPool [main] HikariPool-1 - Added connection org.postgresql.jdbc.PgConnection@714f1a44
2024-05-17 21:56:16,296 INFO c.z.h.HikariDataSource [main] HikariPool-1 - Start completed.
2024-05-17 21:56:16,363 WARN o.h.e.j.d.i.DialectFactoryImpl [main] HHH90000025: PostgreSQLDialect does not need to be specified explicitly using 'hibernate.dialect' (remove the property setting and it will be selected by default)
2024-05-17 21:56:17,868 INFO o.h.e.t.j.p.i.JtaPlatformInitiator [main] HHH000489: No JTA platform available (set 'hibernate.transaction.jta.platform' to enable JTA platform integration)
2024-05-17 21:56:18,018 INFO o.s.o.j.AbstractEntityManagerFactoryBean [main] Initialized JPA EntityManagerFactory for persistence unit 'default'
2024-05-17 21:56:18,405 INFO o.s.d.j.r.q.QueryEnhancerFactory [main] Hibernate is in classpath; If applicable, HQL parser will be used.
2024-05-17 21:56:19,274 WARN o.s.b.a.o.j.JpaBaseConfiguration$JpaWebConfiguration [main] spring.jpa.open-in-view is enabled by default. Therefore, database queries may be performed during view rendering. Explicitly configure spring.jpa.open-in-view to disable this warning
2024-05-17 21:56:19,962 INFO o.a.j.l.DirectJDKLog [main] Starting ProtocolHandler ["http-nio-8080"]
2024-05-17 21:56:19,993 INFO o.s.b.w.e.t.TomcatWebServer [main] Tomcat started on port 8080 (http) with context path ''
2024-05-17 21:56:20,006 INFO o.s.b.StartupInfoLogger [main] Started BinarfudApplication in 8.945 seconds (process running for 9.794)
2024-05-17 21:56:33,921 INFO o.a.j.l.DirectJDKLog [http-nio-8080-exec-5] Initializing Spring DispatcherServlet 'dispatcherServlet'
2024-05-17 21:56:33,921 INFO o.s.w.s.FrameworkServlet [http-nio-8080-exec-5] Initializing Servlet 'dispatcherServlet'
2024-05-17 21:56:33,922 INFO o.s.w.s.FrameworkServlet [http-nio-8080-exec-5] Completed initialization in 1 ms
2024-05-17 21:57:04,506 INFO c.e.B.s.OrdersService [http-nio-8080-exec-4] Orders: [Orders(id=ddaec557-5c63-46b4-8262-d458edf4a2a9, orderTime=2024-05-01 22:22:21.723788, destinationAddress=Jln Kemang No 11, completed=false, user=Users(id=9e905390-9255-4e02-8972-fbf9eb5e4490, username=asep, emailAddress=asep@gmail.com, password=123))]
