2024-05-31 02:20:29,853 INFO o.s.o.j.AbstractEntityManagerFactoryBean [SpringApplicationShutdownHook] Closing JPA EntityManagerFactory for persistence unit 'default'
2024-05-31 02:20:29,869 INFO c.z.h.HikariDataSource [SpringApplicationShutdownHook] HikariPool-1 - Shutdown initiated...
2024-05-31 02:20:29,878 INFO c.z.h.HikariDataSource [SpringApplicationShutdownHook] HikariPool-1 - Shutdown completed.
2024-05-31 02:20:41,578 INFO o.s.b.StartupInfoLogger [main] Starting BinarfudApplication using Java 17.0.2 with PID 17920 (D:\synrgy\sinau_java\F-BJV24001115-synrgy7-syi-binarfud-ch5\target\classes started by hp in D:\synrgy\sinau_java\F-BJV24001115-synrgy7-syi-binarfud-ch5)
2024-05-31 02:20:41,585 INFO o.s.b.SpringApplication [main] No active profile set, falling back to 1 default profile: "default"
2024-05-31 02:20:44,001 INFO o.s.d.r.c.RepositoryConfigurationDelegate [main] Bootstrapping Spring Data JPA repositories in DEFAULT mode.
2024-05-31 02:20:44,208 INFO o.s.d.r.c.RepositoryConfigurationDelegate [main] Finished Spring Data repository scanning in 180 ms. Found 6 JPA repository interfaces.
2024-05-31 02:20:45,815 INFO o.s.b.w.e.t.TomcatWebServer [main] Tomcat initialized with port 8080 (http)
2024-05-31 02:20:45,839 INFO o.a.j.l.DirectJDKLog [main] Initializing ProtocolHandler ["http-nio-8080"]
2024-05-31 02:20:45,847 INFO o.a.j.l.DirectJDKLog [main] Starting service [Tomcat]
2024-05-31 02:20:45,847 INFO o.a.j.l.DirectJDKLog [main] Starting Servlet engine: [Apache Tomcat/10.1.20]
2024-05-31 02:20:46,080 INFO o.a.j.l.DirectJDKLog [main] Initializing Spring embedded WebApplicationContext
2024-05-31 02:20:46,082 INFO o.s.b.w.s.c.ServletWebServerApplicationContext [main] Root WebApplicationContext: initialization completed in 4359 ms
2024-05-31 02:20:46,562 INFO o.h.j.i.u.LogHelper [main] HHH000204: Processing PersistenceUnitInfo [name: default]
2024-05-31 02:20:46,682 INFO o.h.Version [main] HHH000412: Hibernate ORM core version 6.4.4.Final
2024-05-31 02:20:46,773 INFO o.h.c.i.RegionFactoryInitiator [main] HHH000026: Second-level cache disabled
2024-05-31 02:20:47,397 INFO o.s.o.j.p.SpringPersistenceUnitInfo [main] No LoadTimeWeaver setup: ignoring JPA class transformer
2024-05-31 02:20:47,474 INFO c.z.h.HikariDataSource [main] HikariPool-1 - Starting...
2024-05-31 02:20:47,930 INFO c.z.h.p.HikariPool [main] HikariPool-1 - Added connection org.postgresql.jdbc.PgConnection@3f3c5ecd
2024-05-31 02:20:47,935 INFO c.z.h.HikariDataSource [main] HikariPool-1 - Start completed.
2024-05-31 02:20:48,011 WARN o.h.e.j.d.i.DialectFactoryImpl [main] HHH90000025: PostgreSQLDialect does not need to be specified explicitly using 'hibernate.dialect' (remove the property setting and it will be selected by default)
2024-05-31 02:20:50,775 INFO o.h.e.t.j.p.i.JtaPlatformInitiator [main] HHH000489: No JTA platform available (set 'hibernate.transaction.jta.platform' to enable JTA platform integration)
2024-05-31 02:20:50,992 INFO o.s.o.j.AbstractEntityManagerFactoryBean [main] Initialized JPA EntityManagerFactory for persistence unit 'default'
2024-05-31 02:20:52,182 INFO o.s.d.j.r.q.QueryEnhancerFactory [main] Hibernate is in classpath; If applicable, HQL parser will be used.
2024-05-31 02:20:53,691 WARN o.s.b.a.o.j.JpaBaseConfiguration$JpaWebConfiguration [main] spring.jpa.open-in-view is enabled by default. Therefore, database queries may be performed during view rendering. Explicitly configure spring.jpa.open-in-view to disable this warning
2024-05-31 02:20:54,745 INFO o.s.s.w.DefaultSecurityFilterChain [main] Will secure any request with [org.springframework.security.web.session.DisableEncodeUrlFilter@a8dedda, org.springframework.security.web.context.request.async.WebAsyncManagerIntegrationFilter@6e089bcb, org.springframework.security.web.context.SecurityContextHolderFilter@37b17938, org.springframework.security.web.header.HeaderWriterFilter@fca4392, org.springframework.web.filter.CorsFilter@38a2fbc3, org.springframework.security.web.authentication.logout.LogoutFilter@72d4d9ac, com.example.Binarfud.security.jwt.JwtAuthTokenFilter@3f3a529f, org.springframework.security.web.savedrequest.RequestCacheAwareFilter@3f3b0b19, org.springframework.security.web.servletapi.SecurityContextHolderAwareRequestFilter@3aac9173, org.springframework.security.web.authentication.AnonymousAuthenticationFilter@318ff889, org.springframework.security.web.session.SessionManagementFilter@3cc148d, org.springframework.security.web.access.ExceptionTranslationFilter@62dfe32e, org.springframework.security.web.access.intercept.AuthorizationFilter@7953a656]
2024-05-31 02:20:55,737 INFO o.a.j.l.DirectJDKLog [main] Starting ProtocolHandler ["http-nio-8080"]
2024-05-31 02:20:55,779 INFO o.s.b.w.e.t.TomcatWebServer [main] Tomcat started on port 8080 (http) with context path ''
2024-05-31 02:20:55,851 INFO o.s.b.StartupInfoLogger [main] Started BinarfudApplication in 15.584 seconds (process running for 16.571)
2024-05-31 02:21:22,131 INFO o.a.j.l.DirectJDKLog [http-nio-8080-exec-2] Initializing Spring DispatcherServlet 'dispatcherServlet'
2024-05-31 02:21:22,131 INFO o.s.w.s.FrameworkServlet [http-nio-8080-exec-2] Initializing Servlet 'dispatcherServlet'
2024-05-31 02:21:22,136 INFO o.s.w.s.FrameworkServlet [http-nio-8080-exec-2] Completed initialization in 5 ms
2024-05-31 02:21:22,582 INFO c.e.B.c.AuthController [http-nio-8080-exec-2] signUpRequest: SignUpRequestDTO(username=asep, email=asep@gmail.com, password=123, role=null)
