2024-05-26 22:27:03,972 INFO o.s.b.StartupInfoLogger [main] Starting BinarfudApplication using Java 17.0.2 with PID 19696 (D:\synrgy\sinau_java\F-BJV24001115-synrgy7-syi-binarfud-ch5\target\classes started by hp in D:\synrgy\sinau_java\F-BJV24001115-synrgy7-syi-binarfud-ch5)
2024-05-26 22:27:03,977 INFO o.s.b.SpringApplication [main] No active profile set, falling back to 1 default profile: "default"
2024-05-26 22:27:05,256 INFO o.s.d.r.c.RepositoryConfigurationDelegate [main] Bootstrapping Spring Data JPA repositories in DEFAULT mode.
2024-05-26 22:27:05,349 INFO o.s.d.r.c.RepositoryConfigurationDelegate [main] Finished Spring Data repository scanning in 81 ms. Found 5 JPA repository interfaces.
2024-05-26 22:27:06,239 INFO o.s.b.w.e.t.TomcatWebServer [main] Tomcat initialized with port 8080 (http)
2024-05-26 22:27:06,263 INFO o.a.j.l.DirectJDKLog [main] Initializing ProtocolHandler ["http-nio-8080"]
2024-05-26 22:27:06,267 INFO o.a.j.l.DirectJDKLog [main] Starting service [Tomcat]
2024-05-26 22:27:06,268 INFO o.a.j.l.DirectJDKLog [main] Starting Servlet engine: [Apache Tomcat/10.1.20]
2024-05-26 22:27:06,362 INFO o.a.j.l.DirectJDKLog [main] Initializing Spring embedded WebApplicationContext
2024-05-26 22:27:06,363 INFO o.s.b.w.s.c.ServletWebServerApplicationContext [main] Root WebApplicationContext: initialization completed in 2317 ms
2024-05-26 22:27:06,564 INFO o.h.j.i.u.LogHelper [main] HHH000204: Processing PersistenceUnitInfo [name: default]
2024-05-26 22:27:06,634 INFO o.h.Version [main] HHH000412: Hibernate ORM core version 6.4.4.Final
2024-05-26 22:27:06,687 INFO o.h.c.i.RegionFactoryInitiator [main] HHH000026: Second-level cache disabled
2024-05-26 22:27:07,070 INFO o.s.o.j.p.SpringPersistenceUnitInfo [main] No LoadTimeWeaver setup: ignoring JPA class transformer
2024-05-26 22:27:07,116 INFO c.z.h.HikariDataSource [main] HikariPool-1 - Starting...
2024-05-26 22:27:07,347 INFO c.z.h.p.HikariPool [main] HikariPool-1 - Added connection org.postgresql.jdbc.PgConnection@2aac8ad7
2024-05-26 22:27:07,351 INFO c.z.h.HikariDataSource [main] HikariPool-1 - Start completed.
2024-05-26 22:27:07,395 WARN o.h.e.j.d.i.DialectFactoryImpl [main] HHH90000025: PostgreSQLDialect does not need to be specified explicitly using 'hibernate.dialect' (remove the property setting and it will be selected by default)
2024-05-26 22:27:08,763 INFO o.h.e.t.j.p.i.JtaPlatformInitiator [main] HHH000489: No JTA platform available (set 'hibernate.transaction.jta.platform' to enable JTA platform integration)
2024-05-26 22:27:08,920 INFO o.s.o.j.AbstractEntityManagerFactoryBean [main] Initialized JPA EntityManagerFactory for persistence unit 'default'
2024-05-26 22:27:09,664 INFO o.s.d.j.r.q.QueryEnhancerFactory [main] Hibernate is in classpath; If applicable, HQL parser will be used.
2024-05-26 22:27:10,600 WARN o.s.b.a.o.j.JpaBaseConfiguration$JpaWebConfiguration [main] spring.jpa.open-in-view is enabled by default. Therefore, database queries may be performed during view rendering. Explicitly configure spring.jpa.open-in-view to disable this warning
2024-05-26 22:27:11,220 INFO o.s.s.w.DefaultSecurityFilterChain [main] Will secure any request with [org.springframework.security.web.session.DisableEncodeUrlFilter@4d619aa0, org.springframework.security.web.context.request.async.WebAsyncManagerIntegrationFilter@79378802, org.springframework.security.web.context.SecurityContextHolderFilter@1c9fa12, org.springframework.security.web.header.HeaderWriterFilter@43941806, org.springframework.web.filter.CorsFilter@78181f7f, org.springframework.security.web.authentication.logout.LogoutFilter@13c147f8, com.example.Binarfud.security.jwt.JwtAuthTokenFilter@be186df, org.springframework.security.web.savedrequest.RequestCacheAwareFilter@4f091800, org.springframework.security.web.servletapi.SecurityContextHolderAwareRequestFilter@3d8d926f, org.springframework.security.web.authentication.AnonymousAuthenticationFilter@6682e9b0, org.springframework.security.web.session.SessionManagementFilter@248e31a1, org.springframework.security.web.access.ExceptionTranslationFilter@602854ed, org.springframework.security.web.access.intercept.AuthorizationFilter@5a6dd1e7]
2024-05-26 22:27:11,695 INFO o.a.j.l.DirectJDKLog [main] Starting ProtocolHandler ["http-nio-8080"]
2024-05-26 22:27:11,735 INFO o.s.b.w.e.t.TomcatWebServer [main] Tomcat started on port 8080 (http) with context path ''
2024-05-26 22:27:11,752 INFO o.s.b.StartupInfoLogger [main] Started BinarfudApplication in 8.625 seconds (process running for 9.156)
2024-05-26 22:27:12,445 INFO o.a.j.l.DirectJDKLog [http-nio-8080-exec-1] Initializing Spring DispatcherServlet 'dispatcherServlet'
2024-05-26 22:27:12,446 INFO o.s.w.s.FrameworkServlet [http-nio-8080-exec-1] Initializing Servlet 'dispatcherServlet'
2024-05-26 22:27:12,447 INFO o.s.w.s.FrameworkServlet [http-nio-8080-exec-1] Completed initialization in 1 ms
2024-05-26 22:27:12,596 INFO c.e.B.c.AuthController [http-nio-8080-exec-1] Authenticating user: asep1
2024-05-26 22:27:12,597 INFO c.e.B.c.AuthController [http-nio-8080-exec-1] Authenticating user: 123
2024-05-26 22:27:12,871 ERROR c.e.B.c.AuthController [http-nio-8080-exec-1] Authentication failed: Bad credentials
