2024-06-16 17:19:42,100 INFO o.a.k.c.NetworkClient [org.springframework.kafka.KafkaListenerEndpointContainer#0-0-C-1] [Consumer clientId=consumer-binarfudgroup-1, groupId=binarfudgroup] Node -1 disconnected.
2024-06-16 17:20:02,745 INFO o.a.k.c.NetworkClient [kafka-producer-network-thread | producer-1] [Producer clientId=producer-1] Node -1 disconnected.
2024-06-16 19:22:38,951 INFO o.a.k.c.c.i.ConsumerCoordinator [org.springframework.kafka.KafkaListenerEndpointContainer#0-0-C-1] [Consumer clientId=consumer-binarfudgroup-1, groupId=binarfudgroup] Revoke previously assigned partitions order-0
2024-06-16 19:22:39,012 INFO o.s.c.l.LogAccessor [org.springframework.kafka.KafkaListenerEndpointContainer#0-0-C-1] binarfudgroup: partitions revoked: [order-0]
2024-06-16 19:22:39,017 INFO o.a.k.c.c.i.AbstractCoordinator [org.springframework.kafka.KafkaListenerEndpointContainer#0-0-C-1] [Consumer clientId=consumer-binarfudgroup-1, groupId=binarfudgroup] Member consumer-binarfudgroup-1-b604ebda-9272-41d0-aa3a-aa0c294346fc sending LeaveGroup request to coordinator host.docker.internal:9092 (id: 2147483647 rack: null) due to the consumer unsubscribed from all topics
2024-06-16 19:22:39,030 INFO o.a.k.c.c.i.AbstractCoordinator [org.springframework.kafka.KafkaListenerEndpointContainer#0-0-C-1] [Consumer clientId=consumer-binarfudgroup-1, groupId=binarfudgroup] Resetting generation and member id due to: consumer pro-actively leaving the group
2024-06-16 19:22:39,031 INFO o.a.k.c.c.i.AbstractCoordinator [org.springframework.kafka.KafkaListenerEndpointContainer#0-0-C-1] [Consumer clientId=consumer-binarfudgroup-1, groupId=binarfudgroup] Request joining group due to: consumer pro-actively leaving the group
2024-06-16 19:22:39,031 INFO o.a.k.c.c.KafkaConsumer [org.springframework.kafka.KafkaListenerEndpointContainer#0-0-C-1] [Consumer clientId=consumer-binarfudgroup-1, groupId=binarfudgroup] Unsubscribed all topics or patterns and assigned partitions
2024-06-16 19:22:39,051 INFO o.a.k.c.c.i.AbstractCoordinator [org.springframework.kafka.KafkaListenerEndpointContainer#0-0-C-1] [Consumer clientId=consumer-binarfudgroup-1, groupId=binarfudgroup] Resetting generation and member id due to: consumer pro-actively leaving the group
2024-06-16 19:22:39,058 INFO o.a.k.c.c.i.AbstractCoordinator [org.springframework.kafka.KafkaListenerEndpointContainer#0-0-C-1] [Consumer clientId=consumer-binarfudgroup-1, groupId=binarfudgroup] Request joining group due to: consumer pro-actively leaving the group
2024-06-16 19:22:39,410 INFO o.a.k.c.m.Metrics [org.springframework.kafka.KafkaListenerEndpointContainer#0-0-C-1] Metrics scheduler closed
2024-06-16 19:22:39,410 INFO o.a.k.c.m.Metrics [org.springframework.kafka.KafkaListenerEndpointContainer#0-0-C-1] Closing reporter org.apache.kafka.common.metrics.JmxReporter
2024-06-16 19:22:39,411 INFO o.a.k.c.m.Metrics [org.springframework.kafka.KafkaListenerEndpointContainer#0-0-C-1] Metrics reporters closed
2024-06-16 19:22:39,440 INFO o.a.k.c.u.AppInfoParser [org.springframework.kafka.KafkaListenerEndpointContainer#0-0-C-1] App info kafka.consumer for consumer-binarfudgroup-1 unregistered
2024-06-16 19:22:39,446 INFO o.s.c.l.LogAccessor [org.springframework.kafka.KafkaListenerEndpointContainer#0-0-C-1] binarfudgroup: Consumer stopped
2024-06-16 19:22:39,531 INFO o.a.k.c.p.KafkaProducer [SpringApplicationShutdownHook] [Producer clientId=producer-1] Closing the Kafka producer with timeoutMillis = 30000 ms.
2024-06-16 19:22:39,538 INFO o.a.k.c.m.Metrics [SpringApplicationShutdownHook] Metrics scheduler closed
2024-06-16 19:22:39,539 INFO o.a.k.c.m.Metrics [SpringApplicationShutdownHook] Closing reporter org.apache.kafka.common.metrics.JmxReporter
2024-06-16 19:22:39,540 INFO o.a.k.c.m.Metrics [SpringApplicationShutdownHook] Metrics reporters closed
2024-06-16 19:22:39,540 INFO o.a.k.c.u.AppInfoParser [SpringApplicationShutdownHook] App info kafka.producer for producer-1 unregistered
2024-06-16 19:22:39,576 INFO o.s.o.j.AbstractEntityManagerFactoryBean [SpringApplicationShutdownHook] Closing JPA EntityManagerFactory for persistence unit 'default'
2024-06-16 19:22:39,639 INFO c.z.h.HikariDataSource [SpringApplicationShutdownHook] HikariPool-1 - Shutdown initiated...
2024-06-16 19:22:39,695 INFO c.z.h.HikariDataSource [SpringApplicationShutdownHook] HikariPool-1 - Shutdown completed.
2024-06-16 19:42:46,288 INFO o.s.b.StartupInfoLogger [main] Starting BinarfudApplication using Java 17.0.2 with PID 13208 (D:\synrgy\sinau_java\F-BJV24001115-synrgy7-syi-binarfud-ch7\Binarfud\target\classes started by hp in D:\synrgy\sinau_java\F-BJV24001115-synrgy7-syi-binarfud-ch7\Binarfud)
2024-06-16 19:42:46,292 INFO o.s.b.SpringApplication [main] No active profile set, falling back to 1 default profile: "default"
2024-06-16 19:42:47,836 INFO o.s.d.r.c.RepositoryConfigurationDelegate [main] Bootstrapping Spring Data JPA repositories in DEFAULT mode.
2024-06-16 19:42:47,979 INFO o.s.d.r.c.RepositoryConfigurationDelegate [main] Finished Spring Data repository scanning in 126 ms. Found 7 JPA repository interfaces.
2024-06-16 19:42:49,083 INFO o.s.b.w.e.t.TomcatWebServer [main] Tomcat initialized with port 8080 (http)
2024-06-16 19:42:49,101 INFO o.a.j.l.DirectJDKLog [main] Initializing ProtocolHandler ["http-nio-8080"]
2024-06-16 19:42:49,106 INFO o.a.j.l.DirectJDKLog [main] Starting service [Tomcat]
2024-06-16 19:42:49,106 INFO o.a.j.l.DirectJDKLog [main] Starting Servlet engine: [Apache Tomcat/10.1.20]
2024-06-16 19:42:49,213 INFO o.a.j.l.DirectJDKLog [main] Initializing Spring embedded WebApplicationContext
2024-06-16 19:42:49,215 INFO o.s.b.w.s.c.ServletWebServerApplicationContext [main] Root WebApplicationContext: initialization completed in 2856 ms
2024-06-16 19:42:49,451 INFO o.h.j.i.u.LogHelper [main] HHH000204: Processing PersistenceUnitInfo [name: default]
2024-06-16 19:42:49,614 INFO o.h.Version [main] HHH000412: Hibernate ORM core version 6.4.4.Final
2024-06-16 19:42:49,700 INFO o.h.c.i.RegionFactoryInitiator [main] HHH000026: Second-level cache disabled
2024-06-16 19:42:50,089 INFO o.s.o.j.p.SpringPersistenceUnitInfo [main] No LoadTimeWeaver setup: ignoring JPA class transformer
2024-06-16 19:42:50,142 INFO c.z.h.HikariDataSource [main] HikariPool-1 - Starting...
2024-06-16 19:42:51,515 INFO c.z.h.p.HikariPool [main] HikariPool-1 - Added connection org.postgresql.jdbc.PgConnection@17f41739
2024-06-16 19:42:51,517 INFO c.z.h.HikariDataSource [main] HikariPool-1 - Start completed.
2024-06-16 19:42:51,613 WARN o.h.e.j.d.i.DialectFactoryImpl [main] HHH90000025: PostgreSQLDialect does not need to be specified explicitly using 'hibernate.dialect' (remove the property setting and it will be selected by default)
2024-06-16 19:42:53,118 INFO o.h.e.t.j.p.i.JtaPlatformInitiator [main] HHH000489: No JTA platform available (set 'hibernate.transaction.jta.platform' to enable JTA platform integration)
2024-06-16 19:42:53,932 INFO o.s.o.j.AbstractEntityManagerFactoryBean [main] Initialized JPA EntityManagerFactory for persistence unit 'default'
2024-06-16 19:42:54,742 INFO o.s.d.j.r.q.QueryEnhancerFactory [main] Hibernate is in classpath; If applicable, HQL parser will be used.
2024-06-16 19:42:55,636 WARN o.s.b.a.o.j.JpaBaseConfiguration$JpaWebConfiguration [main] spring.jpa.open-in-view is enabled by default. Therefore, database queries may be performed during view rendering. Explicitly configure spring.jpa.open-in-view to disable this warning
2024-06-16 19:42:56,468 INFO o.s.s.w.DefaultSecurityFilterChain [main] Will secure any request with [org.springframework.security.web.session.DisableEncodeUrlFilter@154f5d37, org.springframework.security.web.context.request.async.WebAsyncManagerIntegrationFilter@58c84be1, org.springframework.security.web.context.SecurityContextHolderFilter@763b279, org.springframework.security.web.header.HeaderWriterFilter@68938ccf, org.springframework.web.filter.CorsFilter@2e7227e6, org.springframework.security.web.authentication.logout.LogoutFilter@3d7c76af, org.springframework.security.oauth2.client.web.OAuth2AuthorizationRequestRedirectFilter@15ddf775, org.springframework.security.oauth2.client.web.OAuth2LoginAuthenticationFilter@5a558335, com.example.Binarfud.security.jwt.JwtAuthTokenFilter@a1c4f69, org.springframework.security.web.authentication.UsernamePasswordAuthenticationFilter@4346ed39, org.springframework.security.web.savedrequest.RequestCacheAwareFilter@61874f5d, org.springframework.security.web.servletapi.SecurityContextHolderAwareRequestFilter@66dad66f, org.springframework.security.web.authentication.AnonymousAuthenticationFilter@43dc6864, org.springframework.security.web.access.ExceptionTranslationFilter@52031e42, org.springframework.security.web.access.intercept.AuthorizationFilter@3be94b12]
2024-06-16 19:42:56,939 WARN o.s.s.c.a.w.b.WebSecurity [main] You are asking Spring Security to ignore Mvc [pattern='/webjars/**']. This is not recommended -- please use permitAll via HttpSecurity#authorizeHttpRequests instead.
2024-06-16 19:42:56,941 INFO o.s.s.w.DefaultSecurityFilterChain [main] Will not secure Mvc [pattern='/webjars/**']
2024-06-16 19:42:56,941 WARN o.s.s.c.a.w.b.WebSecurity [main] You are asking Spring Security to ignore Mvc [pattern='/images/**']. This is not recommended -- please use permitAll via HttpSecurity#authorizeHttpRequests instead.
2024-06-16 19:42:56,941 INFO o.s.s.w.DefaultSecurityFilterChain [main] Will not secure Mvc [pattern='/images/**']
2024-06-16 19:42:56,941 WARN o.s.s.c.a.w.b.WebSecurity [main] You are asking Spring Security to ignore Mvc [pattern='/css/**']. This is not recommended -- please use permitAll via HttpSecurity#authorizeHttpRequests instead.
2024-06-16 19:42:56,941 INFO o.s.s.w.DefaultSecurityFilterChain [main] Will not secure Mvc [pattern='/css/**']
2024-06-16 19:42:56,941 WARN o.s.s.c.a.w.b.WebSecurity [main] You are asking Spring Security to ignore Mvc [pattern='/assets/**']. This is not recommended -- please use permitAll via HttpSecurity#authorizeHttpRequests instead.
2024-06-16 19:42:56,941 INFO o.s.s.w.DefaultSecurityFilterChain [main] Will not secure Mvc [pattern='/assets/**']
2024-06-16 19:42:56,941 WARN o.s.s.c.a.w.b.WebSecurity [main] You are asking Spring Security to ignore Mvc [pattern='/favicon.ico']. This is not recommended -- please use permitAll via HttpSecurity#authorizeHttpRequests instead.
2024-06-16 19:42:56,942 INFO o.s.s.w.DefaultSecurityFilterChain [main] Will not secure Mvc [pattern='/favicon.ico']
2024-06-16 19:42:57,054 INFO o.a.j.l.DirectJDKLog [main] Starting ProtocolHandler ["http-nio-8080"]
2024-06-16 19:42:57,092 INFO o.s.b.w.e.t.TomcatWebServer [main] Tomcat started on port 8080 (http) with context path ''
2024-06-16 19:42:57,166 INFO o.a.k.c.c.AbstractConfig [main] ConsumerConfig values: 
	allow.auto.create.topics = true
	auto.commit.interval.ms = 5000
	auto.include.jmx.reporter = true
	auto.offset.reset = latest
	bootstrap.servers = [localhost:9092]
	check.crcs = true
	client.dns.lookup = use_all_dns_ips
	client.id = consumer-binarfudgroup-1
	client.rack = 
	connections.max.idle.ms = 540000
	default.api.timeout.ms = 60000
	enable.auto.commit = false
	exclude.internal.topics = true
	fetch.max.bytes = 52428800
	fetch.max.wait.ms = 500
	fetch.min.bytes = 1
	group.id = binarfudgroup
	group.instance.id = null
	heartbeat.interval.ms = 3000
	interceptor.classes = []
	internal.leave.group.on.close = true
	internal.throw.on.fetch.stable.offset.unsupported = false
	isolation.level = read_uncommitted
	key.deserializer = class org.apache.kafka.common.serialization.StringDeserializer
	max.partition.fetch.bytes = 1048576
	max.poll.interval.ms = 300000
	max.poll.records = 500
	metadata.max.age.ms = 300000
	metric.reporters = []
	metrics.num.samples = 2
	metrics.recording.level = INFO
	metrics.sample.window.ms = 30000
	partition.assignment.strategy = [class org.apache.kafka.clients.consumer.RangeAssignor, class org.apache.kafka.clients.consumer.CooperativeStickyAssignor]
	receive.buffer.bytes = 65536
	reconnect.backoff.max.ms = 1000
	reconnect.backoff.ms = 50
	request.timeout.ms = 30000
	retry.backoff.ms = 100
	sasl.client.callback.handler.class = null
	sasl.jaas.config = null
	sasl.kerberos.kinit.cmd = /usr/bin/kinit
	sasl.kerberos.min.time.before.relogin = 60000
	sasl.kerberos.service.name = null
	sasl.kerberos.ticket.renew.jitter = 0.05
	sasl.kerberos.ticket.renew.window.factor = 0.8
	sasl.login.callback.handler.class = null
	sasl.login.class = null
	sasl.login.connect.timeout.ms = null
	sasl.login.read.timeout.ms = null
	sasl.login.refresh.buffer.seconds = 300
	sasl.login.refresh.min.period.seconds = 60
	sasl.login.refresh.window.factor = 0.8
	sasl.login.refresh.window.jitter = 0.05
	sasl.login.retry.backoff.max.ms = 10000
	sasl.login.retry.backoff.ms = 100
	sasl.mechanism = GSSAPI
	sasl.oauthbearer.clock.skew.seconds = 30
	sasl.oauthbearer.expected.audience = null
	sasl.oauthbearer.expected.issuer = null
	sasl.oauthbearer.jwks.endpoint.refresh.ms = 3600000
	sasl.oauthbearer.jwks.endpoint.retry.backoff.max.ms = 10000
	sasl.oauthbearer.jwks.endpoint.retry.backoff.ms = 100
	sasl.oauthbearer.jwks.endpoint.url = null
	sasl.oauthbearer.scope.claim.name = scope
	sasl.oauthbearer.sub.claim.name = sub
	sasl.oauthbearer.token.endpoint.url = null
	security.protocol = PLAINTEXT
	security.providers = null
	send.buffer.bytes = 131072
	session.timeout.ms = 45000
	socket.connection.setup.timeout.max.ms = 30000
	socket.connection.setup.timeout.ms = 10000
	ssl.cipher.suites = null
	ssl.enabled.protocols = [TLSv1.2, TLSv1.3]
	ssl.endpoint.identification.algorithm = https
	ssl.engine.factory.class = null
	ssl.key.password = null
	ssl.keymanager.algorithm = SunX509
	ssl.keystore.certificate.chain = null
	ssl.keystore.key = null
	ssl.keystore.location = null
	ssl.keystore.password = null
	ssl.keystore.type = JKS
	ssl.protocol = TLSv1.3
	ssl.provider = null
	ssl.secure.random.implementation = null
	ssl.trustmanager.algorithm = PKIX
	ssl.truststore.certificates = null
	ssl.truststore.location = null
	ssl.truststore.password = null
	ssl.truststore.type = JKS
	value.deserializer = class org.apache.kafka.common.serialization.StringDeserializer

2024-06-16 19:42:57,438 INFO o.a.k.c.u.AppInfoParser$AppInfo [main] Kafka version: 3.6.2
2024-06-16 19:42:57,438 INFO o.a.k.c.u.AppInfoParser$AppInfo [main] Kafka commitId: c4deed513057c94e
2024-06-16 19:42:57,438 INFO o.a.k.c.u.AppInfoParser$AppInfo [main] Kafka startTimeMs: 1718541777435
2024-06-16 19:42:57,444 INFO o.a.k.c.c.KafkaConsumer [main] [Consumer clientId=consumer-binarfudgroup-1, groupId=binarfudgroup] Subscribed to topic(s): order
2024-06-16 19:42:57,474 INFO o.s.b.StartupInfoLogger [main] Started BinarfudApplication in 12.141 seconds (process running for 13.149)
2024-06-16 19:42:58,178 INFO o.a.k.c.Metadata [org.springframework.kafka.KafkaListenerEndpointContainer#0-0-C-1] [Consumer clientId=consumer-binarfudgroup-1, groupId=binarfudgroup] Cluster ID: uzENuvuPRe6Mjhk94roBwg
2024-06-16 19:42:58,190 INFO o.a.k.c.c.i.AbstractCoordinator$FindCoordinatorResponseHandler [org.springframework.kafka.KafkaListenerEndpointContainer#0-0-C-1] [Consumer clientId=consumer-binarfudgroup-1, groupId=binarfudgroup] Discovered group coordinator host.docker.internal:9092 (id: 2147483647 rack: null)
2024-06-16 19:42:58,193 INFO o.a.k.c.c.i.AbstractCoordinator [org.springframework.kafka.KafkaListenerEndpointContainer#0-0-C-1] [Consumer clientId=consumer-binarfudgroup-1, groupId=binarfudgroup] (Re-)joining group
2024-06-16 19:42:58,265 INFO o.a.k.c.c.i.AbstractCoordinator [org.springframework.kafka.KafkaListenerEndpointContainer#0-0-C-1] [Consumer clientId=consumer-binarfudgroup-1, groupId=binarfudgroup] Request joining group due to: need to re-join with the given member-id: consumer-binarfudgroup-1-e81d54b7-dcbd-450c-b9d5-6ce6b7b79d39
2024-06-16 19:42:58,267 INFO o.a.k.c.c.i.AbstractCoordinator [org.springframework.kafka.KafkaListenerEndpointContainer#0-0-C-1] [Consumer clientId=consumer-binarfudgroup-1, groupId=binarfudgroup] Request joining group due to: rebalance failed due to 'The group member needs to have a valid member id before actually entering a consumer group.' (MemberIdRequiredException)
2024-06-16 19:42:58,267 INFO o.a.k.c.c.i.AbstractCoordinator [org.springframework.kafka.KafkaListenerEndpointContainer#0-0-C-1] [Consumer clientId=consumer-binarfudgroup-1, groupId=binarfudgroup] (Re-)joining group
2024-06-16 19:42:58,303 INFO o.a.k.c.c.i.AbstractCoordinator$JoinGroupResponseHandler [org.springframework.kafka.KafkaListenerEndpointContainer#0-0-C-1] [Consumer clientId=consumer-binarfudgroup-1, groupId=binarfudgroup] Successfully joined group with generation Generation{generationId=7, memberId='consumer-binarfudgroup-1-e81d54b7-dcbd-450c-b9d5-6ce6b7b79d39', protocol='range'}
2024-06-16 19:42:58,314 INFO o.a.k.c.c.i.ConsumerCoordinator [org.springframework.kafka.KafkaListenerEndpointContainer#0-0-C-1] [Consumer clientId=consumer-binarfudgroup-1, groupId=binarfudgroup] Finished assignment for group at generation 7: {consumer-binarfudgroup-1-e81d54b7-dcbd-450c-b9d5-6ce6b7b79d39=Assignment(partitions=[order-0])}
2024-06-16 19:42:58,393 INFO o.a.k.c.c.i.AbstractCoordinator$SyncGroupResponseHandler [org.springframework.kafka.KafkaListenerEndpointContainer#0-0-C-1] [Consumer clientId=consumer-binarfudgroup-1, groupId=binarfudgroup] Successfully synced group in generation Generation{generationId=7, memberId='consumer-binarfudgroup-1-e81d54b7-dcbd-450c-b9d5-6ce6b7b79d39', protocol='range'}
2024-06-16 19:42:58,394 INFO o.a.k.c.c.i.ConsumerCoordinator [org.springframework.kafka.KafkaListenerEndpointContainer#0-0-C-1] [Consumer clientId=consumer-binarfudgroup-1, groupId=binarfudgroup] Notifying assignor about the new Assignment(partitions=[order-0])
2024-06-16 19:42:58,399 INFO o.a.k.c.c.i.ConsumerCoordinator [org.springframework.kafka.KafkaListenerEndpointContainer#0-0-C-1] [Consumer clientId=consumer-binarfudgroup-1, groupId=binarfudgroup] Adding newly assigned partitions: order-0
2024-06-16 19:42:58,436 INFO o.a.k.c.c.i.ConsumerCoordinator [org.springframework.kafka.KafkaListenerEndpointContainer#0-0-C-1] [Consumer clientId=consumer-binarfudgroup-1, groupId=binarfudgroup] Setting offset for partition order-0 to the committed offset FetchPosition{offset=3, offsetEpoch=Optional.empty, currentLeader=LeaderAndEpoch{leader=Optional[host.docker.internal:9092 (id: 0 rack: null)], epoch=0}}
2024-06-16 19:42:58,438 INFO o.s.c.l.LogAccessor [org.springframework.kafka.KafkaListenerEndpointContainer#0-0-C-1] binarfudgroup: partitions assigned: [order-0]
2024-06-16 19:43:04,967 INFO o.a.j.l.DirectJDKLog [http-nio-8080-exec-3] Initializing Spring DispatcherServlet 'dispatcherServlet'
2024-06-16 19:43:04,968 INFO o.s.w.s.FrameworkServlet [http-nio-8080-exec-3] Initializing Servlet 'dispatcherServlet'
2024-06-16 19:43:04,970 INFO o.s.w.s.FrameworkServlet [http-nio-8080-exec-3] Completed initialization in 2 ms
