2024-05-17 15:36:18,325 INFO o.s.o.j.AbstractEntityManagerFactoryBean [SpringApplicationShutdownHook] Closing JPA EntityManagerFactory for persistence unit 'default'
2024-05-17 15:36:18,361 INFO c.z.h.HikariDataSource [SpringApplicationShutdownHook] HikariPool-1 - Shutdown initiated...
2024-05-17 15:36:18,372 INFO c.z.h.HikariDataSource [SpringApplicationShutdownHook] HikariPool-1 - Shutdown completed.
2024-05-17 15:36:23,343 INFO o.s.b.StartupInfoLogger [main] Starting BinarfudApplication using Java 17.0.2 with PID 9456 (D:\synrgy\sinau_java\F-BJV24001115-synrgy7-syi-binarfud-ch4\target\classes started by hp in D:\synrgy\sinau_java\F-BJV24001115-synrgy7-syi-binarfud-ch4)
2024-05-17 15:36:23,352 INFO o.s.b.SpringApplication [main] No active profile set, falling back to 1 default profile: "default"
2024-05-17 15:36:24,729 INFO o.s.d.r.c.RepositoryConfigurationDelegate [main] Bootstrapping Spring Data JPA repositories in DEFAULT mode.
2024-05-17 15:36:24,838 INFO o.s.d.r.c.RepositoryConfigurationDelegate [main] Finished Spring Data repository scanning in 96 ms. Found 5 JPA repository interfaces.
2024-05-17 15:36:25,645 INFO o.s.b.w.e.t.TomcatWebServer [main] Tomcat initialized with port 8080 (http)
2024-05-17 15:36:25,664 INFO o.a.j.l.DirectJDKLog [main] Initializing ProtocolHandler ["http-nio-8080"]
2024-05-17 15:36:25,670 INFO o.a.j.l.DirectJDKLog [main] Starting service [Tomcat]
2024-05-17 15:36:25,671 INFO o.a.j.l.DirectJDKLog [main] Starting Servlet engine: [Apache Tomcat/10.1.20]
2024-05-17 15:36:25,782 INFO o.a.j.l.DirectJDKLog [main] Initializing Spring embedded WebApplicationContext
2024-05-17 15:36:25,784 INFO o.s.b.w.s.c.ServletWebServerApplicationContext [main] Root WebApplicationContext: initialization completed in 2315 ms
2024-05-17 15:36:26,078 INFO o.h.j.i.u.LogHelper [main] HHH000204: Processing PersistenceUnitInfo [name: default]
2024-05-17 15:36:26,196 INFO o.h.Version [main] HHH000412: Hibernate ORM core version 6.4.4.Final
2024-05-17 15:36:26,262 INFO o.h.c.i.RegionFactoryInitiator [main] HHH000026: Second-level cache disabled
2024-05-17 15:36:26,741 INFO o.s.o.j.p.SpringPersistenceUnitInfo [main] No LoadTimeWeaver setup: ignoring JPA class transformer
2024-05-17 15:36:26,788 INFO c.z.h.HikariDataSource [main] HikariPool-1 - Starting...
2024-05-17 15:36:27,065 INFO c.z.h.p.HikariPool [main] HikariPool-1 - Added connection org.postgresql.jdbc.PgConnection@56b9d43f
2024-05-17 15:36:27,068 INFO c.z.h.HikariDataSource [main] HikariPool-1 - Start completed.
2024-05-17 15:36:27,145 WARN o.h.e.j.d.i.DialectFactoryImpl [main] HHH90000025: PostgreSQLDialect does not need to be specified explicitly using 'hibernate.dialect' (remove the property setting and it will be selected by default)
2024-05-17 15:36:28,857 INFO o.h.e.t.j.p.i.JtaPlatformInitiator [main] HHH000489: No JTA platform available (set 'hibernate.transaction.jta.platform' to enable JTA platform integration)
2024-05-17 15:36:29,051 INFO o.s.o.j.AbstractEntityManagerFactoryBean [main] Initialized JPA EntityManagerFactory for persistence unit 'default'
2024-05-17 15:36:29,409 INFO o.s.d.j.r.q.QueryEnhancerFactory [main] Hibernate is in classpath; If applicable, HQL parser will be used.
2024-05-17 15:36:29,772 WARN o.s.b.a.o.j.JpaBaseConfiguration$JpaWebConfiguration [main] spring.jpa.open-in-view is enabled by default. Therefore, database queries may be performed during view rendering. Explicitly configure spring.jpa.open-in-view to disable this warning
2024-05-17 15:36:30,513 INFO o.a.j.l.DirectJDKLog [main] Starting ProtocolHandler ["http-nio-8080"]
2024-05-17 15:36:30,557 INFO o.s.b.w.e.t.TomcatWebServer [main] Tomcat started on port 8080 (http) with context path ''
2024-05-17 15:36:30,574 INFO o.s.b.StartupInfoLogger [main] Started BinarfudApplication in 8.278 seconds (process running for 9.031)
2024-05-17 15:36:34,775 INFO o.a.j.l.DirectJDKLog [http-nio-8080-exec-1] Initializing Spring DispatcherServlet 'dispatcherServlet'
2024-05-17 15:36:34,776 INFO o.s.w.s.FrameworkServlet [http-nio-8080-exec-1] Initializing Servlet 'dispatcherServlet'
2024-05-17 15:36:34,777 INFO o.s.w.s.FrameworkServlet [http-nio-8080-exec-1] Completed initialization in 1 ms
2024-05-17 15:37:20,813 INFO o.s.o.j.AbstractEntityManagerFactoryBean [SpringApplicationShutdownHook] Closing JPA EntityManagerFactory for persistence unit 'default'
2024-05-17 15:37:20,818 INFO c.z.h.HikariDataSource [SpringApplicationShutdownHook] HikariPool-1 - Shutdown initiated...
2024-05-17 15:37:20,821 INFO c.z.h.HikariDataSource [SpringApplicationShutdownHook] HikariPool-1 - Shutdown completed.
2024-05-17 15:37:24,018 INFO o.s.b.StartupInfoLogger [main] Starting BinarfudApplication using Java 17.0.2 with PID 19712 (D:\synrgy\sinau_java\F-BJV24001115-synrgy7-syi-binarfud-ch4\target\classes started by hp in D:\synrgy\sinau_java\F-BJV24001115-synrgy7-syi-binarfud-ch4)
2024-05-17 15:37:24,021 INFO o.s.b.SpringApplication [main] No active profile set, falling back to 1 default profile: "default"
2024-05-17 15:37:25,189 INFO o.s.d.r.c.RepositoryConfigurationDelegate [main] Bootstrapping Spring Data JPA repositories in DEFAULT mode.
2024-05-17 15:37:25,294 INFO o.s.d.r.c.RepositoryConfigurationDelegate [main] Finished Spring Data repository scanning in 88 ms. Found 5 JPA repository interfaces.
2024-05-17 15:37:26,170 INFO o.s.b.w.e.t.TomcatWebServer [main] Tomcat initialized with port 8080 (http)
2024-05-17 15:37:26,189 INFO o.a.j.l.DirectJDKLog [main] Initializing ProtocolHandler ["http-nio-8080"]
2024-05-17 15:37:26,194 INFO o.a.j.l.DirectJDKLog [main] Starting service [Tomcat]
2024-05-17 15:37:26,194 INFO o.a.j.l.DirectJDKLog [main] Starting Servlet engine: [Apache Tomcat/10.1.20]
2024-05-17 15:37:26,308 INFO o.a.j.l.DirectJDKLog [main] Initializing Spring embedded WebApplicationContext
2024-05-17 15:37:26,310 INFO o.s.b.w.s.c.ServletWebServerApplicationContext [main] Root WebApplicationContext: initialization completed in 2230 ms
2024-05-17 15:37:26,544 INFO o.h.j.i.u.LogHelper [main] HHH000204: Processing PersistenceUnitInfo [name: default]
2024-05-17 15:37:26,636 INFO o.h.Version [main] HHH000412: Hibernate ORM core version 6.4.4.Final
2024-05-17 15:37:26,694 INFO o.h.c.i.RegionFactoryInitiator [main] HHH000026: Second-level cache disabled
2024-05-17 15:37:27,072 INFO o.s.o.j.p.SpringPersistenceUnitInfo [main] No LoadTimeWeaver setup: ignoring JPA class transformer
2024-05-17 15:37:27,124 INFO c.z.h.HikariDataSource [main] HikariPool-1 - Starting...
2024-05-17 15:37:27,369 INFO c.z.h.p.HikariPool [main] HikariPool-1 - Added connection org.postgresql.jdbc.PgConnection@d66502
2024-05-17 15:37:27,373 INFO c.z.h.HikariDataSource [main] HikariPool-1 - Start completed.
2024-05-17 15:37:27,415 WARN o.h.e.j.d.i.DialectFactoryImpl [main] HHH90000025: PostgreSQLDialect does not need to be specified explicitly using 'hibernate.dialect' (remove the property setting and it will be selected by default)
2024-05-17 15:37:28,481 INFO o.h.e.t.j.p.i.JtaPlatformInitiator [main] HHH000489: No JTA platform available (set 'hibernate.transaction.jta.platform' to enable JTA platform integration)
2024-05-17 15:37:28,611 INFO o.s.o.j.AbstractEntityManagerFactoryBean [main] Initialized JPA EntityManagerFactory for persistence unit 'default'
2024-05-17 15:37:28,929 INFO o.s.d.j.r.q.QueryEnhancerFactory [main] Hibernate is in classpath; If applicable, HQL parser will be used.
2024-05-17 15:37:29,219 WARN o.s.b.a.o.j.JpaBaseConfiguration$JpaWebConfiguration [main] spring.jpa.open-in-view is enabled by default. Therefore, database queries may be performed during view rendering. Explicitly configure spring.jpa.open-in-view to disable this warning
2024-05-17 15:37:29,819 INFO o.a.j.l.DirectJDKLog [main] Starting ProtocolHandler ["http-nio-8080"]
2024-05-17 15:37:29,849 INFO o.s.b.w.e.t.TomcatWebServer [main] Tomcat started on port 8080 (http) with context path ''
2024-05-17 15:37:29,865 INFO o.s.b.StartupInfoLogger [main] Started BinarfudApplication in 6.565 seconds (process running for 7.143)
2024-05-17 15:37:45,990 INFO o.a.j.l.DirectJDKLog [http-nio-8080-exec-3] Initializing Spring DispatcherServlet 'dispatcherServlet'
2024-05-17 15:37:45,992 INFO o.s.w.s.FrameworkServlet [http-nio-8080-exec-3] Initializing Servlet 'dispatcherServlet'
2024-05-17 15:37:45,994 INFO o.s.w.s.FrameworkServlet [http-nio-8080-exec-3] Completed initialization in 1 ms
2024-05-17 15:38:17,033 INFO c.e.B.s.OrdersService [http-nio-8080-exec-4] Orders: [FAILED toString()]
