2024-06-14 14:48:44,076 INFO o.a.k.c.NetworkClient [kafka-producer-network-thread | producer-1] [Producer clientId=producer-1] Node -1 disconnected.
2024-06-14 14:48:44,079 WARN o.a.k.c.NetworkClient [kafka-producer-network-thread | producer-1] [Producer clientId=producer-1] Connection to node -1 (localhost/127.0.0.1:9092) could not be established. Broker may not be available.
2024-06-14 14:48:44,079 WARN o.a.k.c.NetworkClient$DefaultMetadataUpdater [kafka-producer-network-thread | producer-1] [Producer clientId=producer-1] Bootstrap broker localhost:9092 (id: -1 rack: null) disconnected
2024-06-14 14:48:44,684 ERROR o.s.c.l.LogAccessor [http-nio-8080-exec-2] Exception thrown when sending a message with key='null' and payload='Order Created: 96d7834d-d464-40c6-9186-b68d18c6c5c1' to topic order-events:
org.apache.kafka.common.errors.TimeoutException: Topic order-events not present in metadata after 60000 ms.
2024-06-14 14:48:44,692 ERROR c.e.B.s.OrdersService [http-nio-8080-exec-2] Failed to save order
org.springframework.kafka.KafkaException: Send failed
	at org.springframework.kafka.core.KafkaTemplate.doSend(KafkaTemplate.java:815)
	at org.springframework.kafka.core.KafkaTemplate.observeSend(KafkaTemplate.java:773)
	at org.springframework.kafka.core.KafkaTemplate.send(KafkaTemplate.java:551)
	at com.example.Binarfud.service.KafkaProducerService.sendMessage(KafkaProducerService.java:18)
	at com.example.Binarfud.service.OrdersService.saveOrder(OrdersService.java:64)
	at com.example.Binarfud.controller.OrderController.createOrder(OrderController.java:59)
	at java.base/jdk.internal.reflect.NativeMethodAccessorImpl.invoke0(Native Method)
	at java.base/jdk.internal.reflect.NativeMethodAccessorImpl.invoke(NativeMethodAccessorImpl.java:77)
	at java.base/jdk.internal.reflect.DelegatingMethodAccessorImpl.invoke(DelegatingMethodAccessorImpl.java:43)
	at java.base/java.lang.reflect.Method.invoke(Method.java:568)
	at org.springframework.aop.support.AopUtils.invokeJoinpointUsingReflection(AopUtils.java:354)
	at org.springframework.aop.framework.CglibAopProxy$DynamicAdvisedInterceptor.intercept(CglibAopProxy.java:716)
	at com.example.Binarfud.controller.OrderController$$SpringCGLIB$$0.createOrder(<generated>)
	at java.base/jdk.internal.reflect.NativeMethodAccessorImpl.invoke0(Native Method)
	at java.base/jdk.internal.reflect.NativeMethodAccessorImpl.invoke(NativeMethodAccessorImpl.java:77)
	at java.base/jdk.internal.reflect.DelegatingMethodAccessorImpl.invoke(DelegatingMethodAccessorImpl.java:43)
	at java.base/java.lang.reflect.Method.invoke(Method.java:568)
	at org.springframework.web.method.support.InvocableHandlerMethod.doInvoke(InvocableHandlerMethod.java:255)
	at org.springframework.web.method.support.InvocableHandlerMethod.invokeForRequest(InvocableHandlerMethod.java:188)
	at org.springframework.web.servlet.mvc.method.annotation.ServletInvocableHandlerMethod.invokeAndHandle(ServletInvocableHandlerMethod.java:118)
	at org.springframework.web.servlet.mvc.method.annotation.RequestMappingHandlerAdapter.invokeHandlerMethod(RequestMappingHandlerAdapter.java:926)
	at org.springframework.web.servlet.mvc.method.annotation.RequestMappingHandlerAdapter.handleInternal(RequestMappingHandlerAdapter.java:831)
	at org.springframework.web.servlet.mvc.method.AbstractHandlerMethodAdapter.handle(AbstractHandlerMethodAdapter.java:87)
	at org.springframework.web.servlet.DispatcherServlet.doDispatch(DispatcherServlet.java:1089)
	at org.springframework.web.servlet.DispatcherServlet.doService(DispatcherServlet.java:979)
	at org.springframework.web.servlet.FrameworkServlet.processRequest(FrameworkServlet.java:1014)
	at org.springframework.web.servlet.FrameworkServlet.doPost(FrameworkServlet.java:914)
	at jakarta.servlet.http.HttpServlet.service(HttpServlet.java:590)
	at org.springframework.web.servlet.FrameworkServlet.service(FrameworkServlet.java:885)
	at jakarta.servlet.http.HttpServlet.service(HttpServlet.java:658)
	at org.apache.catalina.core.ApplicationFilterChain.internalDoFilter(ApplicationFilterChain.java:206)
	at org.apache.catalina.core.ApplicationFilterChain.doFilter(ApplicationFilterChain.java:150)
	at org.apache.tomcat.websocket.server.WsFilter.doFilter(WsFilter.java:51)
	at org.apache.catalina.core.ApplicationFilterChain.internalDoFilter(ApplicationFilterChain.java:175)
	at org.apache.catalina.core.ApplicationFilterChain.doFilter(ApplicationFilterChain.java:150)
	at org.springframework.web.filter.OncePerRequestFilter.doFilter(OncePerRequestFilter.java:110)
	at org.apache.catalina.core.ApplicationFilterChain.internalDoFilter(ApplicationFilterChain.java:175)
	at org.apache.catalina.core.ApplicationFilterChain.doFilter(ApplicationFilterChain.java:150)
	at org.springframework.web.filter.CompositeFilter$VirtualFilterChain.doFilter(CompositeFilter.java:108)
	at org.springframework.security.web.FilterChainProxy.lambda$doFilterInternal$3(FilterChainProxy.java:231)
	at org.springframework.security.web.FilterChainProxy$VirtualFilterChain.doFilter(FilterChainProxy.java:365)
	at org.springframework.security.web.access.intercept.AuthorizationFilter.doFilter(AuthorizationFilter.java:100)
	at org.springframework.security.web.FilterChainProxy$VirtualFilterChain.doFilter(FilterChainProxy.java:374)
	at org.springframework.security.web.access.ExceptionTranslationFilter.doFilter(ExceptionTranslationFilter.java:126)
	at org.springframework.security.web.access.ExceptionTranslationFilter.doFilter(ExceptionTranslationFilter.java:120)
	at org.springframework.security.web.FilterChainProxy$VirtualFilterChain.doFilter(FilterChainProxy.java:374)
	at org.springframework.security.web.authentication.AnonymousAuthenticationFilter.doFilter(AnonymousAuthenticationFilter.java:100)
	at org.springframework.security.web.FilterChainProxy$VirtualFilterChain.doFilter(FilterChainProxy.java:374)
	at org.springframework.security.web.servletapi.SecurityContextHolderAwareRequestFilter.doFilter(SecurityContextHolderAwareRequestFilter.java:179)
	at org.springframework.security.web.FilterChainProxy$VirtualFilterChain.doFilter(FilterChainProxy.java:374)
	at org.springframework.security.web.savedrequest.RequestCacheAwareFilter.doFilter(RequestCacheAwareFilter.java:63)
	at org.springframework.security.web.FilterChainProxy$VirtualFilterChain.doFilter(FilterChainProxy.java:374)
	at org.springframework.security.web.authentication.AbstractAuthenticationProcessingFilter.doFilter(AbstractAuthenticationProcessingFilter.java:227)
	at org.springframework.security.web.authentication.AbstractAuthenticationProcessingFilter.doFilter(AbstractAuthenticationProcessingFilter.java:221)
	at org.springframework.security.web.FilterChainProxy$VirtualFilterChain.doFilter(FilterChainProxy.java:374)
	at com.example.Binarfud.security.jwt.JwtAuthTokenFilter.doFilterInternal(JwtAuthTokenFilter.java:42)
	at org.springframework.web.filter.OncePerRequestFilter.doFilter(OncePerRequestFilter.java:116)
	at org.springframework.security.web.FilterChainProxy$VirtualFilterChain.doFilter(FilterChainProxy.java:374)
	at org.springframework.security.web.authentication.AbstractAuthenticationProcessingFilter.doFilter(AbstractAuthenticationProcessingFilter.java:227)
	at org.springframework.security.web.authentication.AbstractAuthenticationProcessingFilter.doFilter(AbstractAuthenticationProcessingFilter.java:221)
	at org.springframework.security.web.FilterChainProxy$VirtualFilterChain.doFilter(FilterChainProxy.java:374)
	at org.springframework.security.oauth2.client.web.OAuth2AuthorizationRequestRedirectFilter.doFilterInternal(OAuth2AuthorizationRequestRedirectFilter.java:181)
	at org.springframework.web.filter.OncePerRequestFilter.doFilter(OncePerRequestFilter.java:116)
	at org.springframework.security.web.FilterChainProxy$VirtualFilterChain.doFilter(FilterChainProxy.java:374)
	at org.springframework.security.web.authentication.logout.LogoutFilter.doFilter(LogoutFilter.java:107)
	at org.springframework.security.web.authentication.logout.LogoutFilter.doFilter(LogoutFilter.java:93)
	at org.springframework.security.web.FilterChainProxy$VirtualFilterChain.doFilter(FilterChainProxy.java:374)
	at org.springframework.web.filter.CorsFilter.doFilterInternal(CorsFilter.java:91)
	at org.springframework.web.filter.OncePerRequestFilter.doFilter(OncePerRequestFilter.java:116)
	at org.springframework.security.web.FilterChainProxy$VirtualFilterChain.doFilter(FilterChainProxy.java:374)
	at org.springframework.security.web.header.HeaderWriterFilter.doHeadersAfter(HeaderWriterFilter.java:90)
	at org.springframework.security.web.header.HeaderWriterFilter.doFilterInternal(HeaderWriterFilter.java:75)
	at org.springframework.web.filter.OncePerRequestFilter.doFilter(OncePerRequestFilter.java:116)
	at org.springframework.security.web.FilterChainProxy$VirtualFilterChain.doFilter(FilterChainProxy.java:374)
	at org.springframework.security.web.context.SecurityContextHolderFilter.doFilter(SecurityContextHolderFilter.java:82)
	at org.springframework.security.web.context.SecurityContextHolderFilter.doFilter(SecurityContextHolderFilter.java:69)
	at org.springframework.security.web.FilterChainProxy$VirtualFilterChain.doFilter(FilterChainProxy.java:374)
	at org.springframework.security.web.context.request.async.WebAsyncManagerIntegrationFilter.doFilterInternal(WebAsyncManagerIntegrationFilter.java:62)
	at org.springframework.web.filter.OncePerRequestFilter.doFilter(OncePerRequestFilter.java:116)
	at org.springframework.security.web.FilterChainProxy$VirtualFilterChain.doFilter(FilterChainProxy.java:374)
	at org.springframework.security.web.session.DisableEncodeUrlFilter.doFilterInternal(DisableEncodeUrlFilter.java:42)
	at org.springframework.web.filter.OncePerRequestFilter.doFilter(OncePerRequestFilter.java:116)
	at org.springframework.security.web.FilterChainProxy$VirtualFilterChain.doFilter(FilterChainProxy.java:374)
	at org.springframework.security.web.FilterChainProxy.doFilterInternal(FilterChainProxy.java:233)
	at org.springframework.security.web.FilterChainProxy.doFilter(FilterChainProxy.java:191)
	at org.springframework.web.filter.CompositeFilter$VirtualFilterChain.doFilter(CompositeFilter.java:113)
	at org.springframework.web.servlet.handler.HandlerMappingIntrospector.lambda$createCacheFilter$3(HandlerMappingIntrospector.java:195)
	at org.springframework.web.filter.CompositeFilter$VirtualFilterChain.doFilter(CompositeFilter.java:113)
	at org.springframework.web.filter.CompositeFilter.doFilter(CompositeFilter.java:74)
	at org.springframework.security.config.annotation.web.configuration.WebMvcSecurityConfiguration$CompositeFilterChainProxy.doFilter(WebMvcSecurityConfiguration.java:230)
	at org.springframework.web.filter.DelegatingFilterProxy.invokeDelegate(DelegatingFilterProxy.java:352)
	at org.springframework.web.filter.DelegatingFilterProxy.doFilter(DelegatingFilterProxy.java:268)
	at org.apache.catalina.core.ApplicationFilterChain.internalDoFilter(ApplicationFilterChain.java:175)
	at org.apache.catalina.core.ApplicationFilterChain.doFilter(ApplicationFilterChain.java:150)
	at org.springframework.web.filter.RequestContextFilter.doFilterInternal(RequestContextFilter.java:100)
	at org.springframework.web.filter.OncePerRequestFilter.doFilter(OncePerRequestFilter.java:116)
	at org.apache.catalina.core.ApplicationFilterChain.internalDoFilter(ApplicationFilterChain.java:175)
	at org.apache.catalina.core.ApplicationFilterChain.doFilter(ApplicationFilterChain.java:150)
	at org.springframework.web.filter.FormContentFilter.doFilterInternal(FormContentFilter.java:93)
	at org.springframework.web.filter.OncePerRequestFilter.doFilter(OncePerRequestFilter.java:116)
	at org.apache.catalina.core.ApplicationFilterChain.internalDoFilter(ApplicationFilterChain.java:175)
	at org.apache.catalina.core.ApplicationFilterChain.doFilter(ApplicationFilterChain.java:150)
	at org.springframework.web.filter.CharacterEncodingFilter.doFilterInternal(CharacterEncodingFilter.java:201)
	at org.springframework.web.filter.OncePerRequestFilter.doFilter(OncePerRequestFilter.java:116)
	at org.apache.catalina.core.ApplicationFilterChain.internalDoFilter(ApplicationFilterChain.java:175)
	at org.apache.catalina.core.ApplicationFilterChain.doFilter(ApplicationFilterChain.java:150)
	at org.apache.catalina.core.StandardWrapperValve.invoke(StandardWrapperValve.java:167)
	at org.apache.catalina.core.StandardContextValve.invoke(StandardContextValve.java:90)
	at org.apache.catalina.authenticator.AuthenticatorBase.invoke(AuthenticatorBase.java:482)
	at org.apache.catalina.core.StandardHostValve.invoke(StandardHostValve.java:115)
	at org.apache.catalina.valves.ErrorReportValve.invoke(ErrorReportValve.java:93)
	at org.apache.catalina.core.StandardEngineValve.invoke(StandardEngineValve.java:74)
	at org.apache.catalina.connector.CoyoteAdapter.service(CoyoteAdapter.java:344)
	at org.apache.coyote.http11.Http11Processor.service(Http11Processor.java:391)
	at org.apache.coyote.AbstractProcessorLight.process(AbstractProcessorLight.java:63)
	at org.apache.coyote.AbstractProtocol$ConnectionHandler.process(AbstractProtocol.java:896)
	at org.apache.tomcat.util.net.NioEndpoint$SocketProcessor.doRun(NioEndpoint.java:1736)
	at org.apache.tomcat.util.net.SocketProcessorBase.run(SocketProcessorBase.java:52)
	at org.apache.tomcat.util.threads.ThreadPoolExecutor.runWorker(ThreadPoolExecutor.java:1191)
	at org.apache.tomcat.util.threads.ThreadPoolExecutor$Worker.run(ThreadPoolExecutor.java:659)
	at org.apache.tomcat.util.threads.TaskThread$WrappingRunnable.run(TaskThread.java:63)
	at java.base/java.lang.Thread.run(Thread.java:833)
Caused by: org.apache.kafka.common.errors.TimeoutException: Topic order-events not present in metadata after 60000 ms.
2024-06-14 14:48:45,242 INFO o.a.k.c.NetworkClient [kafka-producer-network-thread | producer-1] [Producer clientId=producer-1] Node -1 disconnected.
2024-06-14 14:48:45,242 WARN o.a.k.c.NetworkClient [kafka-producer-network-thread | producer-1] [Producer clientId=producer-1] Connection to node -1 (localhost/127.0.0.1:9092) could not be established. Broker may not be available.
2024-06-14 14:48:45,242 WARN o.a.k.c.NetworkClient$DefaultMetadataUpdater [kafka-producer-network-thread | producer-1] [Producer clientId=producer-1] Bootstrap broker localhost:9092 (id: -1 rack: null) disconnected
2024-06-14 14:48:46,148 INFO o.a.k.c.NetworkClient [kafka-producer-network-thread | producer-1] [Producer clientId=producer-1] Node -1 disconnected.
2024-06-14 14:48:46,148 WARN o.a.k.c.NetworkClient [kafka-producer-network-thread | producer-1] [Producer clientId=producer-1] Connection to node -1 (localhost/127.0.0.1:9092) could not be established. Broker may not be available.
2024-06-14 14:48:46,148 WARN o.a.k.c.NetworkClient$DefaultMetadataUpdater [kafka-producer-network-thread | producer-1] [Producer clientId=producer-1] Bootstrap broker localhost:9092 (id: -1 rack: null) disconnected
2024-06-14 14:48:47,231 INFO o.a.k.c.NetworkClient [kafka-producer-network-thread | producer-1] [Producer clientId=producer-1] Node -1 disconnected.
2024-06-14 14:48:47,234 WARN o.a.k.c.NetworkClient [kafka-producer-network-thread | producer-1] [Producer clientId=producer-1] Connection to node -1 (localhost/127.0.0.1:9092) could not be established. Broker may not be available.
2024-06-14 14:48:47,234 WARN o.a.k.c.NetworkClient$DefaultMetadataUpdater [kafka-producer-network-thread | producer-1] [Producer clientId=producer-1] Bootstrap broker localhost:9092 (id: -1 rack: null) disconnected
2024-06-14 14:48:48,396 INFO o.a.k.c.NetworkClient [kafka-producer-network-thread | producer-1] [Producer clientId=producer-1] Node -1 disconnected.
2024-06-14 14:48:48,396 WARN o.a.k.c.NetworkClient [kafka-producer-network-thread | producer-1] [Producer clientId=producer-1] Connection to node -1 (localhost/127.0.0.1:9092) could not be established. Broker may not be available.
2024-06-14 14:48:48,399 WARN o.a.k.c.NetworkClient$DefaultMetadataUpdater [kafka-producer-network-thread | producer-1] [Producer clientId=producer-1] Bootstrap broker localhost:9092 (id: -1 rack: null) disconnected
2024-06-14 14:48:49,527 INFO o.a.k.c.NetworkClient [kafka-producer-network-thread | producer-1] [Producer clientId=producer-1] Node -1 disconnected.
2024-06-14 14:48:49,529 WARN o.a.k.c.NetworkClient [kafka-producer-network-thread | producer-1] [Producer clientId=producer-1] Connection to node -1 (localhost/127.0.0.1:9092) could not be established. Broker may not be available.
2024-06-14 14:48:49,529 WARN o.a.k.c.NetworkClient$DefaultMetadataUpdater [kafka-producer-network-thread | producer-1] [Producer clientId=producer-1] Bootstrap broker localhost:9092 (id: -1 rack: null) disconnected
2024-06-14 14:48:50,567 INFO o.a.k.c.NetworkClient [kafka-producer-network-thread | producer-1] [Producer clientId=producer-1] Node -1 disconnected.
2024-06-14 14:48:50,567 WARN o.a.k.c.NetworkClient [kafka-producer-network-thread | producer-1] [Producer clientId=producer-1] Connection to node -1 (localhost/127.0.0.1:9092) could not be established. Broker may not be available.
2024-06-14 14:48:50,567 WARN o.a.k.c.NetworkClient$DefaultMetadataUpdater [kafka-producer-network-thread | producer-1] [Producer clientId=producer-1] Bootstrap broker localhost:9092 (id: -1 rack: null) disconnected
2024-06-14 14:48:51,534 INFO o.a.k.c.NetworkClient [kafka-producer-network-thread | producer-1] [Producer clientId=producer-1] Node -1 disconnected.
2024-06-14 14:48:51,534 WARN o.a.k.c.NetworkClient [kafka-producer-network-thread | producer-1] [Producer clientId=producer-1] Connection to node -1 (localhost/127.0.0.1:9092) could not be established. Broker may not be available.
2024-06-14 14:48:51,534 WARN o.a.k.c.NetworkClient$DefaultMetadataUpdater [kafka-producer-network-thread | producer-1] [Producer clientId=producer-1] Bootstrap broker localhost:9092 (id: -1 rack: null) disconnected
2024-06-14 14:48:52,424 INFO o.a.k.c.NetworkClient [kafka-producer-network-thread | producer-1] [Producer clientId=producer-1] Node -1 disconnected.
2024-06-14 14:48:52,424 WARN o.a.k.c.NetworkClient [kafka-producer-network-thread | producer-1] [Producer clientId=producer-1] Connection to node -1 (localhost/127.0.0.1:9092) could not be established. Broker may not be available.
2024-06-14 14:48:52,424 WARN o.a.k.c.NetworkClient$DefaultMetadataUpdater [kafka-producer-network-thread | producer-1] [Producer clientId=producer-1] Bootstrap broker localhost:9092 (id: -1 rack: null) disconnected
2024-06-14 14:48:53,411 INFO o.a.k.c.NetworkClient [kafka-producer-network-thread | producer-1] [Producer clientId=producer-1] Node -1 disconnected.
2024-06-14 14:48:53,411 WARN o.a.k.c.NetworkClient [kafka-producer-network-thread | producer-1] [Producer clientId=producer-1] Connection to node -1 (localhost/127.0.0.1:9092) could not be established. Broker may not be available.
2024-06-14 14:48:53,411 WARN o.a.k.c.NetworkClient$DefaultMetadataUpdater [kafka-producer-network-thread | producer-1] [Producer clientId=producer-1] Bootstrap broker localhost:9092 (id: -1 rack: null) disconnected
2024-06-14 14:48:54,358 INFO o.a.k.c.NetworkClient [kafka-producer-network-thread | producer-1] [Producer clientId=producer-1] Node -1 disconnected.
2024-06-14 14:48:54,359 WARN o.a.k.c.NetworkClient [kafka-producer-network-thread | producer-1] [Producer clientId=producer-1] Connection to node -1 (localhost/127.0.0.1:9092) could not be established. Broker may not be available.
2024-06-14 14:48:54,360 WARN o.a.k.c.NetworkClient$DefaultMetadataUpdater [kafka-producer-network-thread | producer-1] [Producer clientId=producer-1] Bootstrap broker localhost:9092 (id: -1 rack: null) disconnected
2024-06-14 14:48:55,524 INFO o.a.k.c.NetworkClient [kafka-producer-network-thread | producer-1] [Producer clientId=producer-1] Node -1 disconnected.
2024-06-14 14:48:55,524 WARN o.a.k.c.NetworkClient [kafka-producer-network-thread | producer-1] [Producer clientId=producer-1] Connection to node -1 (localhost/127.0.0.1:9092) could not be established. Broker may not be available.
2024-06-14 14:48:55,524 WARN o.a.k.c.NetworkClient$DefaultMetadataUpdater [kafka-producer-network-thread | producer-1] [Producer clientId=producer-1] Bootstrap broker localhost:9092 (id: -1 rack: null) disconnected
2024-06-14 14:48:56,512 INFO o.a.k.c.NetworkClient [kafka-producer-network-thread | producer-1] [Producer clientId=producer-1] Node -1 disconnected.
2024-06-14 14:48:56,513 WARN o.a.k.c.NetworkClient [kafka-producer-network-thread | producer-1] [Producer clientId=producer-1] Connection to node -1 (localhost/127.0.0.1:9092) could not be established. Broker may not be available.
2024-06-14 14:48:56,513 WARN o.a.k.c.NetworkClient$DefaultMetadataUpdater [kafka-producer-network-thread | producer-1] [Producer clientId=producer-1] Bootstrap broker localhost:9092 (id: -1 rack: null) disconnected
2024-06-14 14:48:57,447 INFO o.a.k.c.NetworkClient [kafka-producer-network-thread | producer-1] [Producer clientId=producer-1] Node -1 disconnected.
2024-06-14 14:48:57,447 WARN o.a.k.c.NetworkClient [kafka-producer-network-thread | producer-1] [Producer clientId=producer-1] Connection to node -1 (localhost/127.0.0.1:9092) could not be established. Broker may not be available.
2024-06-14 14:48:57,447 WARN o.a.k.c.NetworkClient$DefaultMetadataUpdater [kafka-producer-network-thread | producer-1] [Producer clientId=producer-1] Bootstrap broker localhost:9092 (id: -1 rack: null) disconnected
2024-06-14 14:48:58,318 INFO o.a.k.c.NetworkClient [kafka-producer-network-thread | producer-1] [Producer clientId=producer-1] Node -1 disconnected.
2024-06-14 14:48:58,318 WARN o.a.k.c.NetworkClient [kafka-producer-network-thread | producer-1] [Producer clientId=producer-1] Connection to node -1 (localhost/127.0.0.1:9092) could not be established. Broker may not be available.
2024-06-14 14:48:58,318 WARN o.a.k.c.NetworkClient$DefaultMetadataUpdater [kafka-producer-network-thread | producer-1] [Producer clientId=producer-1] Bootstrap broker localhost:9092 (id: -1 rack: null) disconnected
2024-06-14 14:48:59,214 INFO o.a.k.c.NetworkClient [kafka-producer-network-thread | producer-1] [Producer clientId=producer-1] Node -1 disconnected.
2024-06-14 14:48:59,214 WARN o.a.k.c.NetworkClient [kafka-producer-network-thread | producer-1] [Producer clientId=producer-1] Connection to node -1 (localhost/127.0.0.1:9092) could not be established. Broker may not be available.
2024-06-14 14:48:59,214 WARN o.a.k.c.NetworkClient$DefaultMetadataUpdater [kafka-producer-network-thread | producer-1] [Producer clientId=producer-1] Bootstrap broker localhost:9092 (id: -1 rack: null) disconnected
2024-06-14 14:49:00,324 INFO o.a.k.c.NetworkClient [kafka-producer-network-thread | producer-1] [Producer clientId=producer-1] Node -1 disconnected.
2024-06-14 14:49:00,324 WARN o.a.k.c.NetworkClient [kafka-producer-network-thread | producer-1] [Producer clientId=producer-1] Connection to node -1 (localhost/127.0.0.1:9092) could not be established. Broker may not be available.
2024-06-14 14:49:00,326 WARN o.a.k.c.NetworkClient$DefaultMetadataUpdater [kafka-producer-network-thread | producer-1] [Producer clientId=producer-1] Bootstrap broker localhost:9092 (id: -1 rack: null) disconnected
2024-06-14 14:49:01,363 INFO o.a.k.c.NetworkClient [kafka-producer-network-thread | producer-1] [Producer clientId=producer-1] Node -1 disconnected.
2024-06-14 14:49:01,363 WARN o.a.k.c.NetworkClient [kafka-producer-network-thread | producer-1] [Producer clientId=producer-1] Connection to node -1 (localhost/127.0.0.1:9092) could not be established. Broker may not be available.
2024-06-14 14:49:01,363 WARN o.a.k.c.NetworkClient$DefaultMetadataUpdater [kafka-producer-network-thread | producer-1] [Producer clientId=producer-1] Bootstrap broker localhost:9092 (id: -1 rack: null) disconnected
2024-06-14 14:49:02,575 INFO o.a.k.c.NetworkClient [kafka-producer-network-thread | producer-1] [Producer clientId=producer-1] Node -1 disconnected.
2024-06-14 14:49:02,575 WARN o.a.k.c.NetworkClient [kafka-producer-network-thread | producer-1] [Producer clientId=producer-1] Connection to node -1 (localhost/127.0.0.1:9092) could not be established. Broker may not be available.
2024-06-14 14:49:02,575 WARN o.a.k.c.NetworkClient$DefaultMetadataUpdater [kafka-producer-network-thread | producer-1] [Producer clientId=producer-1] Bootstrap broker localhost:9092 (id: -1 rack: null) disconnected
2024-06-14 14:49:03,713 INFO o.a.k.c.NetworkClient [kafka-producer-network-thread | producer-1] [Producer clientId=producer-1] Node -1 disconnected.
2024-06-14 14:49:03,713 WARN o.a.k.c.NetworkClient [kafka-producer-network-thread | producer-1] [Producer clientId=producer-1] Connection to node -1 (localhost/127.0.0.1:9092) could not be established. Broker may not be available.
2024-06-14 14:49:03,713 WARN o.a.k.c.NetworkClient$DefaultMetadataUpdater [kafka-producer-network-thread | producer-1] [Producer clientId=producer-1] Bootstrap broker localhost:9092 (id: -1 rack: null) disconnected
2024-06-14 14:49:04,823 INFO o.a.k.c.NetworkClient [kafka-producer-network-thread | producer-1] [Producer clientId=producer-1] Node -1 disconnected.
2024-06-14 14:49:04,823 WARN o.a.k.c.NetworkClient [kafka-producer-network-thread | producer-1] [Producer clientId=producer-1] Connection to node -1 (localhost/127.0.0.1:9092) could not be established. Broker may not be available.
2024-06-14 14:49:04,823 WARN o.a.k.c.NetworkClient$DefaultMetadataUpdater [kafka-producer-network-thread | producer-1] [Producer clientId=producer-1] Bootstrap broker localhost:9092 (id: -1 rack: null) disconnected
2024-06-14 14:49:05,784 INFO o.a.k.c.NetworkClient [kafka-producer-network-thread | producer-1] [Producer clientId=producer-1] Node -1 disconnected.
2024-06-14 14:49:05,785 WARN o.a.k.c.NetworkClient [kafka-producer-network-thread | producer-1] [Producer clientId=producer-1] Connection to node -1 (localhost/127.0.0.1:9092) could not be established. Broker may not be available.
2024-06-14 14:49:05,785 WARN o.a.k.c.NetworkClient$DefaultMetadataUpdater [kafka-producer-network-thread | producer-1] [Producer clientId=producer-1] Bootstrap broker localhost:9092 (id: -1 rack: null) disconnected
2024-06-14 14:49:06,855 INFO o.a.k.c.NetworkClient [kafka-producer-network-thread | producer-1] [Producer clientId=producer-1] Node -1 disconnected.
2024-06-14 14:49:06,855 WARN o.a.k.c.NetworkClient [kafka-producer-network-thread | producer-1] [Producer clientId=producer-1] Connection to node -1 (localhost/127.0.0.1:9092) could not be established. Broker may not be available.
2024-06-14 14:49:06,855 WARN o.a.k.c.NetworkClient$DefaultMetadataUpdater [kafka-producer-network-thread | producer-1] [Producer clientId=producer-1] Bootstrap broker localhost:9092 (id: -1 rack: null) disconnected
2024-06-14 14:49:07,743 INFO o.a.k.c.NetworkClient [kafka-producer-network-thread | producer-1] [Producer clientId=producer-1] Node -1 disconnected.
2024-06-14 14:49:07,745 WARN o.a.k.c.NetworkClient [kafka-producer-network-thread | producer-1] [Producer clientId=producer-1] Connection to node -1 (localhost/127.0.0.1:9092) could not be established. Broker may not be available.
2024-06-14 14:49:07,745 WARN o.a.k.c.NetworkClient$DefaultMetadataUpdater [kafka-producer-network-thread | producer-1] [Producer clientId=producer-1] Bootstrap broker localhost:9092 (id: -1 rack: null) disconnected
2024-06-14 14:49:08,718 INFO o.a.k.c.NetworkClient [kafka-producer-network-thread | producer-1] [Producer clientId=producer-1] Node -1 disconnected.
2024-06-14 14:49:08,718 WARN o.a.k.c.NetworkClient [kafka-producer-network-thread | producer-1] [Producer clientId=producer-1] Connection to node -1 (localhost/127.0.0.1:9092) could not be established. Broker may not be available.
2024-06-14 14:49:08,718 WARN o.a.k.c.NetworkClient$DefaultMetadataUpdater [kafka-producer-network-thread | producer-1] [Producer clientId=producer-1] Bootstrap broker localhost:9092 (id: -1 rack: null) disconnected
2024-06-14 14:49:09,836 INFO o.a.k.c.NetworkClient [kafka-producer-network-thread | producer-1] [Producer clientId=producer-1] Node -1 disconnected.
2024-06-14 14:49:09,836 WARN o.a.k.c.NetworkClient [kafka-producer-network-thread | producer-1] [Producer clientId=producer-1] Connection to node -1 (localhost/127.0.0.1:9092) could not be established. Broker may not be available.
2024-06-14 14:49:09,836 WARN o.a.k.c.NetworkClient$DefaultMetadataUpdater [kafka-producer-network-thread | producer-1] [Producer clientId=producer-1] Bootstrap broker localhost:9092 (id: -1 rack: null) disconnected
2024-06-14 14:49:10,839 INFO o.a.k.c.NetworkClient [kafka-producer-network-thread | producer-1] [Producer clientId=producer-1] Node -1 disconnected.
2024-06-14 14:49:10,839 WARN o.a.k.c.NetworkClient [kafka-producer-network-thread | producer-1] [Producer clientId=producer-1] Connection to node -1 (localhost/127.0.0.1:9092) could not be established. Broker may not be available.
2024-06-14 14:49:10,839 WARN o.a.k.c.NetworkClient$DefaultMetadataUpdater [kafka-producer-network-thread | producer-1] [Producer clientId=producer-1] Bootstrap broker localhost:9092 (id: -1 rack: null) disconnected
2024-06-14 14:49:11,799 INFO o.a.k.c.NetworkClient [kafka-producer-network-thread | producer-1] [Producer clientId=producer-1] Node -1 disconnected.
2024-06-14 14:49:11,799 WARN o.a.k.c.NetworkClient [kafka-producer-network-thread | producer-1] [Producer clientId=producer-1] Connection to node -1 (localhost/127.0.0.1:9092) could not be established. Broker may not be available.
2024-06-14 14:49:11,800 WARN o.a.k.c.NetworkClient$DefaultMetadataUpdater [kafka-producer-network-thread | producer-1] [Producer clientId=producer-1] Bootstrap broker localhost:9092 (id: -1 rack: null) disconnected
2024-06-14 14:49:12,656 INFO o.a.k.c.NetworkClient [kafka-producer-network-thread | producer-1] [Producer clientId=producer-1] Node -1 disconnected.
2024-06-14 14:49:12,656 WARN o.a.k.c.NetworkClient [kafka-producer-network-thread | producer-1] [Producer clientId=producer-1] Connection to node -1 (localhost/127.0.0.1:9092) could not be established. Broker may not be available.
2024-06-14 14:49:12,656 WARN o.a.k.c.NetworkClient$DefaultMetadataUpdater [kafka-producer-network-thread | producer-1] [Producer clientId=producer-1] Bootstrap broker localhost:9092 (id: -1 rack: null) disconnected
2024-06-14 14:49:13,740 INFO o.a.k.c.NetworkClient [kafka-producer-network-thread | producer-1] [Producer clientId=producer-1] Node -1 disconnected.
2024-06-14 14:49:13,740 WARN o.a.k.c.NetworkClient [kafka-producer-network-thread | producer-1] [Producer clientId=producer-1] Connection to node -1 (localhost/127.0.0.1:9092) could not be established. Broker may not be available.
2024-06-14 14:49:13,742 WARN o.a.k.c.NetworkClient$DefaultMetadataUpdater [kafka-producer-network-thread | producer-1] [Producer clientId=producer-1] Bootstrap broker localhost:9092 (id: -1 rack: null) disconnected
2024-06-14 14:49:14,828 INFO o.a.k.c.NetworkClient [kafka-producer-network-thread | producer-1] [Producer clientId=producer-1] Node -1 disconnected.
2024-06-14 14:49:14,828 WARN o.a.k.c.NetworkClient [kafka-producer-network-thread | producer-1] [Producer clientId=producer-1] Connection to node -1 (localhost/127.0.0.1:9092) could not be established. Broker may not be available.
2024-06-14 14:49:14,828 WARN o.a.k.c.NetworkClient$DefaultMetadataUpdater [kafka-producer-network-thread | producer-1] [Producer clientId=producer-1] Bootstrap broker localhost:9092 (id: -1 rack: null) disconnected
2024-06-14 14:49:15,724 INFO o.a.k.c.NetworkClient [kafka-producer-network-thread | producer-1] [Producer clientId=producer-1] Node -1 disconnected.
2024-06-14 14:49:15,724 WARN o.a.k.c.NetworkClient [kafka-producer-network-thread | producer-1] [Producer clientId=producer-1] Connection to node -1 (localhost/127.0.0.1:9092) could not be established. Broker may not be available.
2024-06-14 14:49:15,724 WARN o.a.k.c.NetworkClient$DefaultMetadataUpdater [kafka-producer-network-thread | producer-1] [Producer clientId=producer-1] Bootstrap broker localhost:9092 (id: -1 rack: null) disconnected
2024-06-14 14:49:16,897 INFO o.a.k.c.NetworkClient [kafka-producer-network-thread | producer-1] [Producer clientId=producer-1] Node -1 disconnected.
2024-06-14 14:49:16,897 WARN o.a.k.c.NetworkClient [kafka-producer-network-thread | producer-1] [Producer clientId=producer-1] Connection to node -1 (localhost/127.0.0.1:9092) could not be established. Broker may not be available.
2024-06-14 14:49:16,897 WARN o.a.k.c.NetworkClient$DefaultMetadataUpdater [kafka-producer-network-thread | producer-1] [Producer clientId=producer-1] Bootstrap broker localhost:9092 (id: -1 rack: null) disconnected
2024-06-14 14:49:17,936 INFO o.a.k.c.NetworkClient [kafka-producer-network-thread | producer-1] [Producer clientId=producer-1] Node -1 disconnected.
2024-06-14 14:49:17,936 WARN o.a.k.c.NetworkClient [kafka-producer-network-thread | producer-1] [Producer clientId=producer-1] Connection to node -1 (localhost/127.0.0.1:9092) could not be established. Broker may not be available.
2024-06-14 14:49:17,936 WARN o.a.k.c.NetworkClient$DefaultMetadataUpdater [kafka-producer-network-thread | producer-1] [Producer clientId=producer-1] Bootstrap broker localhost:9092 (id: -1 rack: null) disconnected
2024-06-14 14:49:18,806 INFO o.a.k.c.NetworkClient [kafka-producer-network-thread | producer-1] [Producer clientId=producer-1] Node -1 disconnected.
2024-06-14 14:49:18,806 WARN o.a.k.c.NetworkClient [kafka-producer-network-thread | producer-1] [Producer clientId=producer-1] Connection to node -1 (localhost/127.0.0.1:9092) could not be established. Broker may not be available.
2024-06-14 14:49:18,806 WARN o.a.k.c.NetworkClient$DefaultMetadataUpdater [kafka-producer-network-thread | producer-1] [Producer clientId=producer-1] Bootstrap broker localhost:9092 (id: -1 rack: null) disconnected
2024-06-14 14:49:19,754 INFO o.a.k.c.NetworkClient [kafka-producer-network-thread | producer-1] [Producer clientId=producer-1] Node -1 disconnected.
2024-06-14 14:49:19,754 WARN o.a.k.c.NetworkClient [kafka-producer-network-thread | producer-1] [Producer clientId=producer-1] Connection to node -1 (localhost/127.0.0.1:9092) could not be established. Broker may not be available.
2024-06-14 14:49:19,755 WARN o.a.k.c.NetworkClient$DefaultMetadataUpdater [kafka-producer-network-thread | producer-1] [Producer clientId=producer-1] Bootstrap broker localhost:9092 (id: -1 rack: null) disconnected
2024-06-14 14:49:20,739 INFO o.a.k.c.NetworkClient [kafka-producer-network-thread | producer-1] [Producer clientId=producer-1] Node -1 disconnected.
2024-06-14 14:49:20,739 WARN o.a.k.c.NetworkClient [kafka-producer-network-thread | producer-1] [Producer clientId=producer-1] Connection to node -1 (localhost/127.0.0.1:9092) could not be established. Broker may not be available.
2024-06-14 14:49:20,739 WARN o.a.k.c.NetworkClient$DefaultMetadataUpdater [kafka-producer-network-thread | producer-1] [Producer clientId=producer-1] Bootstrap broker localhost:9092 (id: -1 rack: null) disconnected
2024-06-14 14:49:21,814 INFO o.a.k.c.NetworkClient [kafka-producer-network-thread | producer-1] [Producer clientId=producer-1] Node -1 disconnected.
2024-06-14 14:49:21,816 WARN o.a.k.c.NetworkClient [kafka-producer-network-thread | producer-1] [Producer clientId=producer-1] Connection to node -1 (localhost/127.0.0.1:9092) could not be established. Broker may not be available.
2024-06-14 14:49:21,816 WARN o.a.k.c.NetworkClient$DefaultMetadataUpdater [kafka-producer-network-thread | producer-1] [Producer clientId=producer-1] Bootstrap broker localhost:9092 (id: -1 rack: null) disconnected
2024-06-14 14:49:22,836 INFO o.a.k.c.NetworkClient [kafka-producer-network-thread | producer-1] [Producer clientId=producer-1] Node -1 disconnected.
2024-06-14 14:49:22,836 WARN o.a.k.c.NetworkClient [kafka-producer-network-thread | producer-1] [Producer clientId=producer-1] Connection to node -1 (localhost/127.0.0.1:9092) could not be established. Broker may not be available.
2024-06-14 14:49:22,836 WARN o.a.k.c.NetworkClient$DefaultMetadataUpdater [kafka-producer-network-thread | producer-1] [Producer clientId=producer-1] Bootstrap broker localhost:9092 (id: -1 rack: null) disconnected
2024-06-14 14:49:23,913 INFO o.a.k.c.NetworkClient [kafka-producer-network-thread | producer-1] [Producer clientId=producer-1] Node -1 disconnected.
2024-06-14 14:49:23,913 WARN o.a.k.c.NetworkClient [kafka-producer-network-thread | producer-1] [Producer clientId=producer-1] Connection to node -1 (localhost/127.0.0.1:9092) could not be established. Broker may not be available.
2024-06-14 14:49:23,916 WARN o.a.k.c.NetworkClient$DefaultMetadataUpdater [kafka-producer-network-thread | producer-1] [Producer clientId=producer-1] Bootstrap broker localhost:9092 (id: -1 rack: null) disconnected
2024-06-14 14:49:24,810 INFO o.a.k.c.NetworkClient [kafka-producer-network-thread | producer-1] [Producer clientId=producer-1] Node -1 disconnected.
2024-06-14 14:49:24,810 WARN o.a.k.c.NetworkClient [kafka-producer-network-thread | producer-1] [Producer clientId=producer-1] Connection to node -1 (localhost/127.0.0.1:9092) could not be established. Broker may not be available.
2024-06-14 14:49:24,810 WARN o.a.k.c.NetworkClient$DefaultMetadataUpdater [kafka-producer-network-thread | producer-1] [Producer clientId=producer-1] Bootstrap broker localhost:9092 (id: -1 rack: null) disconnected
2024-06-14 14:49:26,012 INFO o.a.k.c.NetworkClient [kafka-producer-network-thread | producer-1] [Producer clientId=producer-1] Node -1 disconnected.
2024-06-14 14:49:26,012 WARN o.a.k.c.NetworkClient [kafka-producer-network-thread | producer-1] [Producer clientId=producer-1] Connection to node -1 (localhost/127.0.0.1:9092) could not be established. Broker may not be available.
2024-06-14 14:49:26,012 WARN o.a.k.c.NetworkClient$DefaultMetadataUpdater [kafka-producer-network-thread | producer-1] [Producer clientId=producer-1] Bootstrap broker localhost:9092 (id: -1 rack: null) disconnected
2024-06-14 14:49:26,936 INFO o.a.k.c.NetworkClient [kafka-producer-network-thread | producer-1] [Producer clientId=producer-1] Node -1 disconnected.
2024-06-14 14:49:26,936 WARN o.a.k.c.NetworkClient [kafka-producer-network-thread | producer-1] [Producer clientId=producer-1] Connection to node -1 (localhost/127.0.0.1:9092) could not be established. Broker may not be available.
2024-06-14 14:49:26,936 WARN o.a.k.c.NetworkClient$DefaultMetadataUpdater [kafka-producer-network-thread | producer-1] [Producer clientId=producer-1] Bootstrap broker localhost:9092 (id: -1 rack: null) disconnected
2024-06-14 14:49:27,969 INFO o.a.k.c.NetworkClient [kafka-producer-network-thread | producer-1] [Producer clientId=producer-1] Node -1 disconnected.
2024-06-14 14:49:27,969 WARN o.a.k.c.NetworkClient [kafka-producer-network-thread | producer-1] [Producer clientId=producer-1] Connection to node -1 (localhost/127.0.0.1:9092) could not be established. Broker may not be available.
2024-06-14 14:49:27,969 WARN o.a.k.c.NetworkClient$DefaultMetadataUpdater [kafka-producer-network-thread | producer-1] [Producer clientId=producer-1] Bootstrap broker localhost:9092 (id: -1 rack: null) disconnected
2024-06-14 14:49:28,925 INFO o.a.k.c.NetworkClient [kafka-producer-network-thread | producer-1] [Producer clientId=producer-1] Node -1 disconnected.
2024-06-14 14:49:28,925 WARN o.a.k.c.NetworkClient [kafka-producer-network-thread | producer-1] [Producer clientId=producer-1] Connection to node -1 (localhost/127.0.0.1:9092) could not be established. Broker may not be available.
2024-06-14 14:49:28,925 WARN o.a.k.c.NetworkClient$DefaultMetadataUpdater [kafka-producer-network-thread | producer-1] [Producer clientId=producer-1] Bootstrap broker localhost:9092 (id: -1 rack: null) disconnected
2024-06-14 14:49:29,883 INFO o.a.k.c.NetworkClient [kafka-producer-network-thread | producer-1] [Producer clientId=producer-1] Node -1 disconnected.
2024-06-14 14:49:29,886 WARN o.a.k.c.NetworkClient [kafka-producer-network-thread | producer-1] [Producer clientId=producer-1] Connection to node -1 (localhost/127.0.0.1:9092) could not be established. Broker may not be available.
2024-06-14 14:49:29,886 WARN o.a.k.c.NetworkClient$DefaultMetadataUpdater [kafka-producer-network-thread | producer-1] [Producer clientId=producer-1] Bootstrap broker localhost:9092 (id: -1 rack: null) disconnected
2024-06-14 14:49:30,855 INFO o.a.k.c.NetworkClient [kafka-producer-network-thread | producer-1] [Producer clientId=producer-1] Node -1 disconnected.
2024-06-14 14:49:30,855 WARN o.a.k.c.NetworkClient [kafka-producer-network-thread | producer-1] [Producer clientId=producer-1] Connection to node -1 (localhost/127.0.0.1:9092) could not be established. Broker may not be available.
2024-06-14 14:49:30,855 WARN o.a.k.c.NetworkClient$DefaultMetadataUpdater [kafka-producer-network-thread | producer-1] [Producer clientId=producer-1] Bootstrap broker localhost:9092 (id: -1 rack: null) disconnected
2024-06-14 14:49:31,755 INFO o.a.k.c.NetworkClient [kafka-producer-network-thread | producer-1] [Producer clientId=producer-1] Node -1 disconnected.
2024-06-14 14:49:31,758 WARN o.a.k.c.NetworkClient [kafka-producer-network-thread | producer-1] [Producer clientId=producer-1] Connection to node -1 (localhost/127.0.0.1:9092) could not be established. Broker may not be available.
2024-06-14 14:49:31,758 WARN o.a.k.c.NetworkClient$DefaultMetadataUpdater [kafka-producer-network-thread | producer-1] [Producer clientId=producer-1] Bootstrap broker localhost:9092 (id: -1 rack: null) disconnected
2024-06-14 14:49:32,612 INFO o.a.k.c.NetworkClient [kafka-producer-network-thread | producer-1] [Producer clientId=producer-1] Node -1 disconnected.
2024-06-14 14:49:32,612 WARN o.a.k.c.NetworkClient [kafka-producer-network-thread | producer-1] [Producer clientId=producer-1] Connection to node -1 (localhost/127.0.0.1:9092) could not be established. Broker may not be available.
2024-06-14 14:49:32,612 WARN o.a.k.c.NetworkClient$DefaultMetadataUpdater [kafka-producer-network-thread | producer-1] [Producer clientId=producer-1] Bootstrap broker localhost:9092 (id: -1 rack: null) disconnected
2024-06-14 14:49:33,572 INFO o.a.k.c.NetworkClient [kafka-producer-network-thread | producer-1] [Producer clientId=producer-1] Node -1 disconnected.
2024-06-14 14:49:33,573 WARN o.a.k.c.NetworkClient [kafka-producer-network-thread | producer-1] [Producer clientId=producer-1] Connection to node -1 (localhost/127.0.0.1:9092) could not be established. Broker may not be available.
2024-06-14 14:49:33,573 WARN o.a.k.c.NetworkClient$DefaultMetadataUpdater [kafka-producer-network-thread | producer-1] [Producer clientId=producer-1] Bootstrap broker localhost:9092 (id: -1 rack: null) disconnected
2024-06-14 14:49:34,553 INFO o.a.k.c.NetworkClient [kafka-producer-network-thread | producer-1] [Producer clientId=producer-1] Node -1 disconnected.
2024-06-14 14:49:34,553 WARN o.a.k.c.NetworkClient [kafka-producer-network-thread | producer-1] [Producer clientId=producer-1] Connection to node -1 (localhost/127.0.0.1:9092) could not be established. Broker may not be available.
2024-06-14 14:49:34,553 WARN o.a.k.c.NetworkClient$DefaultMetadataUpdater [kafka-producer-network-thread | producer-1] [Producer clientId=producer-1] Bootstrap broker localhost:9092 (id: -1 rack: null) disconnected
2024-06-14 14:49:35,563 INFO o.a.k.c.NetworkClient [kafka-producer-network-thread | producer-1] [Producer clientId=producer-1] Node -1 disconnected.
2024-06-14 14:49:35,563 WARN o.a.k.c.NetworkClient [kafka-producer-network-thread | producer-1] [Producer clientId=producer-1] Connection to node -1 (localhost/127.0.0.1:9092) could not be established. Broker may not be available.
2024-06-14 14:49:35,563 WARN o.a.k.c.NetworkClient$DefaultMetadataUpdater [kafka-producer-network-thread | producer-1] [Producer clientId=producer-1] Bootstrap broker localhost:9092 (id: -1 rack: null) disconnected
2024-06-14 14:49:36,741 INFO o.a.k.c.NetworkClient [kafka-producer-network-thread | producer-1] [Producer clientId=producer-1] Node -1 disconnected.
2024-06-14 14:49:36,741 WARN o.a.k.c.NetworkClient [kafka-producer-network-thread | producer-1] [Producer clientId=producer-1] Connection to node -1 (localhost/127.0.0.1:9092) could not be established. Broker may not be available.
2024-06-14 14:49:36,741 WARN o.a.k.c.NetworkClient$DefaultMetadataUpdater [kafka-producer-network-thread | producer-1] [Producer clientId=producer-1] Bootstrap broker localhost:9092 (id: -1 rack: null) disconnected
2024-06-14 14:49:37,849 INFO o.a.k.c.NetworkClient [kafka-producer-network-thread | producer-1] [Producer clientId=producer-1] Node -1 disconnected.
2024-06-14 14:49:37,849 WARN o.a.k.c.NetworkClient [kafka-producer-network-thread | producer-1] [Producer clientId=producer-1] Connection to node -1 (localhost/127.0.0.1:9092) could not be established. Broker may not be available.
2024-06-14 14:49:37,849 WARN o.a.k.c.NetworkClient$DefaultMetadataUpdater [kafka-producer-network-thread | producer-1] [Producer clientId=producer-1] Bootstrap broker localhost:9092 (id: -1 rack: null) disconnected
2024-06-14 14:49:39,010 INFO o.a.k.c.NetworkClient [kafka-producer-network-thread | producer-1] [Producer clientId=producer-1] Node -1 disconnected.
2024-06-14 14:49:39,010 WARN o.a.k.c.NetworkClient [kafka-producer-network-thread | producer-1] [Producer clientId=producer-1] Connection to node -1 (localhost/127.0.0.1:9092) could not be established. Broker may not be available.
2024-06-14 14:49:39,010 WARN o.a.k.c.NetworkClient$DefaultMetadataUpdater [kafka-producer-network-thread | producer-1] [Producer clientId=producer-1] Bootstrap broker localhost:9092 (id: -1 rack: null) disconnected
2024-06-14 14:49:39,935 INFO o.a.k.c.NetworkClient [kafka-producer-network-thread | producer-1] [Producer clientId=producer-1] Node -1 disconnected.
2024-06-14 14:49:39,935 WARN o.a.k.c.NetworkClient [kafka-producer-network-thread | producer-1] [Producer clientId=producer-1] Connection to node -1 (localhost/127.0.0.1:9092) could not be established. Broker may not be available.
2024-06-14 14:49:39,935 WARN o.a.k.c.NetworkClient$DefaultMetadataUpdater [kafka-producer-network-thread | producer-1] [Producer clientId=producer-1] Bootstrap broker localhost:9092 (id: -1 rack: null) disconnected
2024-06-14 14:49:40,741 INFO o.a.k.c.NetworkClient [kafka-producer-network-thread | producer-1] [Producer clientId=producer-1] Node -1 disconnected.
2024-06-14 14:49:40,741 WARN o.a.k.c.NetworkClient [kafka-producer-network-thread | producer-1] [Producer clientId=producer-1] Connection to node -1 (localhost/127.0.0.1:9092) could not be established. Broker may not be available.
2024-06-14 14:49:40,741 WARN o.a.k.c.NetworkClient$DefaultMetadataUpdater [kafka-producer-network-thread | producer-1] [Producer clientId=producer-1] Bootstrap broker localhost:9092 (id: -1 rack: null) disconnected
2024-06-14 14:49:41,950 INFO o.a.k.c.NetworkClient [kafka-producer-network-thread | producer-1] [Producer clientId=producer-1] Node -1 disconnected.
2024-06-14 14:49:41,951 WARN o.a.k.c.NetworkClient [kafka-producer-network-thread | producer-1] [Producer clientId=producer-1] Connection to node -1 (localhost/127.0.0.1:9092) could not be established. Broker may not be available.
2024-06-14 14:49:41,957 WARN o.a.k.c.NetworkClient$DefaultMetadataUpdater [kafka-producer-network-thread | producer-1] [Producer clientId=producer-1] Bootstrap broker localhost:9092 (id: -1 rack: null) disconnected
2024-06-14 14:49:43,131 INFO o.a.k.c.NetworkClient [kafka-producer-network-thread | producer-1] [Producer clientId=producer-1] Node -1 disconnected.
2024-06-14 14:49:43,131 WARN o.a.k.c.NetworkClient [kafka-producer-network-thread | producer-1] [Producer clientId=producer-1] Connection to node -1 (localhost/127.0.0.1:9092) could not be established. Broker may not be available.
2024-06-14 14:49:43,134 WARN o.a.k.c.NetworkClient$DefaultMetadataUpdater [kafka-producer-network-thread | producer-1] [Producer clientId=producer-1] Bootstrap broker localhost:9092 (id: -1 rack: null) disconnected
