2024-04-26 20:55:13,427 INFO o.s.o.j.AbstractEntityManagerFactoryBean [SpringApplicationShutdownHook] Closing JPA EntityManagerFactory for persistence unit 'default'
2024-04-26 20:55:13,502 INFO c.z.h.HikariDataSource [SpringApplicationShutdownHook] HikariPool-1 - Shutdown initiated...
2024-04-26 20:55:13,532 INFO c.z.h.HikariDataSource [SpringApplicationShutdownHook] HikariPool-1 - Shutdown completed.
2024-04-26 20:55:24,608 INFO o.s.b.StartupInfoLogger [main] Starting BinarfudApplication using Java 17.0.2 with PID 18864 (D:\synrgy\sinau_java\Binarfud\target\classes started by hp in D:\synrgy\sinau_java\Binarfud)
2024-04-26 20:55:24,616 INFO o.s.b.SpringApplication [main] No active profile set, falling back to 1 default profile: "default"
2024-04-26 20:55:26,940 INFO o.s.d.r.c.RepositoryConfigurationDelegate [main] Bootstrapping Spring Data JPA repositories in DEFAULT mode.
2024-04-26 20:55:27,140 INFO o.s.d.r.c.RepositoryConfigurationDelegate [main] Finished Spring Data repository scanning in 178 ms. Found 4 JPA repository interfaces.
2024-04-26 20:55:28,413 INFO o.s.b.w.e.t.TomcatWebServer [main] Tomcat initialized with port 8080 (http)
2024-04-26 20:55:28,433 INFO o.a.j.l.DirectJDKLog [main] Initializing ProtocolHandler ["http-nio-8080"]
2024-04-26 20:55:28,440 INFO o.a.j.l.DirectJDKLog [main] Starting service [Tomcat]
2024-04-26 20:55:28,440 INFO o.a.j.l.DirectJDKLog [main] Starting Servlet engine: [Apache Tomcat/10.1.20]
2024-04-26 20:55:28,542 INFO o.a.j.l.DirectJDKLog [main] Initializing Spring embedded WebApplicationContext
2024-04-26 20:55:28,544 INFO o.s.b.w.s.c.ServletWebServerApplicationContext [main] Root WebApplicationContext: initialization completed in 3748 ms
2024-04-26 20:55:28,808 INFO c.z.h.HikariDataSource [main] HikariPool-1 - Starting...
2024-04-26 20:55:29,113 INFO c.z.h.p.HikariPool [main] HikariPool-1 - Added connection org.postgresql.jdbc.PgConnection@6518fdfd
2024-04-26 20:55:29,115 INFO c.z.h.HikariDataSource [main] HikariPool-1 - Start completed.
2024-04-26 20:55:29,194 INFO o.h.j.i.u.LogHelper [main] HHH000204: Processing PersistenceUnitInfo [name: default]
2024-04-26 20:55:29,333 INFO o.h.Version [main] HHH000412: Hibernate ORM core version 6.4.4.Final
2024-04-26 20:55:29,420 INFO o.h.c.i.RegionFactoryInitiator [main] HHH000026: Second-level cache disabled
2024-04-26 20:55:30,067 INFO o.s.o.j.p.SpringPersistenceUnitInfo [main] No LoadTimeWeaver setup: ignoring JPA class transformer
2024-04-26 20:55:32,205 INFO o.h.e.t.j.p.i.JtaPlatformInitiator [main] HHH000489: No JTA platform available (set 'hibernate.transaction.jta.platform' to enable JTA platform integration)
2024-04-26 20:55:32,210 INFO o.s.o.j.AbstractEntityManagerFactoryBean [main] Initialized JPA EntityManagerFactory for persistence unit 'default'
2024-04-26 20:55:32,797 WARN o.s.b.a.o.j.JpaBaseConfiguration$JpaWebConfiguration [main] spring.jpa.open-in-view is enabled by default. Therefore, database queries may be performed during view rendering. Explicitly configure spring.jpa.open-in-view to disable this warning
2024-04-26 20:55:33,532 INFO o.a.j.l.DirectJDKLog [main] Starting ProtocolHandler ["http-nio-8080"]
2024-04-26 20:55:33,573 INFO o.s.b.w.e.t.TomcatWebServer [main] Tomcat started on port 8080 (http) with context path ''
2024-04-26 20:55:33,588 INFO o.s.b.StartupInfoLogger [main] Started BinarfudApplication in 10.853 seconds (process running for 12.007)
2024-04-26 20:55:46,705 INFO o.a.j.l.DirectJDKLog [http-nio-8080-exec-2] Initializing Spring DispatcherServlet 'dispatcherServlet'
2024-04-26 20:55:46,708 INFO o.s.w.s.FrameworkServlet [http-nio-8080-exec-2] Initializing Servlet 'dispatcherServlet'
2024-04-26 20:55:46,711 INFO o.s.w.s.FrameworkServlet [http-nio-8080-exec-2] Completed initialization in 2 ms
2024-04-26 20:55:46,996 INFO c.e.B.s.ProductService [http-nio-8080-exec-2] Product saved: Product(id=c3de017e-05ad-465b-88d5-20f3442b8a48, product_name=Nasi Orak Arik A&W, price=20000, merchant=Merchant(id=c07ba518-f3cb-41e7-8e55-0ad7b1412a85, merchantName=null, merchantLocation=null, open=false))
2024-04-26 20:56:00,280 INFO c.e.B.s.ProductService [http-nio-8080-exec-3] Product saved: Product(id=5169b29c-a907-41c1-8136-3afad19193db, product_name=Nasi Orak Arik Jumbo A&W, price=25000, merchant=Merchant(id=c07ba518-f3cb-41e7-8e55-0ad7b1412a85, merchantName=null, merchantLocation=null, open=false))
2024-04-26 20:57:16,395 INFO o.s.o.j.AbstractEntityManagerFactoryBean [SpringApplicationShutdownHook] Closing JPA EntityManagerFactory for persistence unit 'default'
2024-04-26 20:57:16,412 INFO c.z.h.HikariDataSource [SpringApplicationShutdownHook] HikariPool-1 - Shutdown initiated...
2024-04-26 20:57:16,423 INFO c.z.h.HikariDataSource [SpringApplicationShutdownHook] HikariPool-1 - Shutdown completed.
2024-04-26 20:57:26,139 INFO o.s.b.StartupInfoLogger [main] Starting BinarfudApplication using Java 17.0.2 with PID 3832 (D:\synrgy\sinau_java\Binarfud\target\classes started by hp in D:\synrgy\sinau_java\Binarfud)
2024-04-26 20:57:26,144 INFO o.s.b.SpringApplication [main] No active profile set, falling back to 1 default profile: "default"
2024-04-26 20:57:27,929 INFO o.s.d.r.c.RepositoryConfigurationDelegate [main] Bootstrapping Spring Data JPA repositories in DEFAULT mode.
2024-04-26 20:57:28,092 INFO o.s.d.r.c.RepositoryConfigurationDelegate [main] Finished Spring Data repository scanning in 143 ms. Found 4 JPA repository interfaces.
2024-04-26 20:57:29,265 INFO o.s.b.w.e.t.TomcatWebServer [main] Tomcat initialized with port 8080 (http)
2024-04-26 20:57:29,288 INFO o.a.j.l.DirectJDKLog [main] Initializing ProtocolHandler ["http-nio-8080"]
2024-04-26 20:57:29,295 INFO o.a.j.l.DirectJDKLog [main] Starting service [Tomcat]
2024-04-26 20:57:29,295 INFO o.a.j.l.DirectJDKLog [main] Starting Servlet engine: [Apache Tomcat/10.1.20]
2024-04-26 20:57:29,419 INFO o.a.j.l.DirectJDKLog [main] Initializing Spring embedded WebApplicationContext
2024-04-26 20:57:29,423 INFO o.s.b.w.s.c.ServletWebServerApplicationContext [main] Root WebApplicationContext: initialization completed in 3156 ms
2024-04-26 20:57:29,660 INFO c.z.h.HikariDataSource [main] HikariPool-1 - Starting...
2024-04-26 20:57:29,959 INFO c.z.h.p.HikariPool [main] HikariPool-1 - Added connection org.postgresql.jdbc.PgConnection@78da899f
2024-04-26 20:57:29,961 INFO c.z.h.HikariDataSource [main] HikariPool-1 - Start completed.
2024-04-26 20:57:30,037 INFO o.h.j.i.u.LogHelper [main] HHH000204: Processing PersistenceUnitInfo [name: default]
2024-04-26 20:57:30,183 INFO o.h.Version [main] HHH000412: Hibernate ORM core version 6.4.4.Final
2024-04-26 20:57:30,251 INFO o.h.c.i.RegionFactoryInitiator [main] HHH000026: Second-level cache disabled
2024-04-26 20:57:30,932 INFO o.s.o.j.p.SpringPersistenceUnitInfo [main] No LoadTimeWeaver setup: ignoring JPA class transformer
2024-04-26 20:57:32,748 INFO o.h.e.t.j.p.i.JtaPlatformInitiator [main] HHH000489: No JTA platform available (set 'hibernate.transaction.jta.platform' to enable JTA platform integration)
2024-04-26 20:57:32,753 INFO o.s.o.j.AbstractEntityManagerFactoryBean [main] Initialized JPA EntityManagerFactory for persistence unit 'default'
2024-04-26 20:57:33,396 WARN o.s.b.a.o.j.JpaBaseConfiguration$JpaWebConfiguration [main] spring.jpa.open-in-view is enabled by default. Therefore, database queries may be performed during view rendering. Explicitly configure spring.jpa.open-in-view to disable this warning
2024-04-26 20:57:33,995 INFO o.a.j.l.DirectJDKLog [main] Starting ProtocolHandler ["http-nio-8080"]
2024-04-26 20:57:34,049 INFO o.s.b.w.e.t.TomcatWebServer [main] Tomcat started on port 8080 (http) with context path ''
2024-04-26 20:57:34,064 INFO o.s.b.StartupInfoLogger [main] Started BinarfudApplication in 9.296 seconds (process running for 10.339)
2024-04-26 20:57:37,005 INFO o.a.j.l.DirectJDKLog [http-nio-8080-exec-1] Initializing Spring DispatcherServlet 'dispatcherServlet'
2024-04-26 20:57:37,007 INFO o.s.w.s.FrameworkServlet [http-nio-8080-exec-1] Initializing Servlet 'dispatcherServlet'
2024-04-26 20:57:37,011 INFO o.s.w.s.FrameworkServlet [http-nio-8080-exec-1] Completed initialization in 2 ms
2024-04-26 20:57:37,391 INFO c.e.B.s.ProductService [http-nio-8080-exec-1] Product saved: Product(id=09df436e-8100-482a-a8f8-61acd5656176, product_name=Magelangan Jumbo A&W, price=25000, merchant=Merchant(id=c07ba518-f3cb-41e7-8e55-0ad7b1412a85, merchantName=null, merchantLocation=null, open=false))
