2024-05-26 23:01:45,058 INFO o.s.b.StartupInfoLogger [main] Starting BinarfudApplication using Java 17.0.2 with PID 12100 (D:\synrgy\sinau_java\F-BJV24001115-synrgy7-syi-binarfud-ch5\target\classes started by hp in D:\synrgy\sinau_java\F-BJV24001115-synrgy7-syi-binarfud-ch5)
2024-05-26 23:01:45,063 INFO o.s.b.SpringApplication [main] No active profile set, falling back to 1 default profile: "default"
2024-05-26 23:01:46,311 INFO o.s.d.r.c.RepositoryConfigurationDelegate [main] Bootstrapping Spring Data JPA repositories in DEFAULT mode.
2024-05-26 23:01:46,437 INFO o.s.d.r.c.RepositoryConfigurationDelegate [main] Finished Spring Data repository scanning in 117 ms. Found 5 JPA repository interfaces.
2024-05-26 23:01:47,371 INFO o.s.b.w.e.t.TomcatWebServer [main] Tomcat initialized with port 8080 (http)
2024-05-26 23:01:47,385 INFO o.a.j.l.DirectJDKLog [main] Initializing ProtocolHandler ["http-nio-8080"]
2024-05-26 23:01:47,388 INFO o.a.j.l.DirectJDKLog [main] Starting service [Tomcat]
2024-05-26 23:01:47,388 INFO o.a.j.l.DirectJDKLog [main] Starting Servlet engine: [Apache Tomcat/10.1.20]
2024-05-26 23:01:47,478 INFO o.a.j.l.DirectJDKLog [main] Initializing Spring embedded WebApplicationContext
2024-05-26 23:01:47,481 INFO o.s.b.w.s.c.ServletWebServerApplicationContext [main] Root WebApplicationContext: initialization completed in 2367 ms
2024-05-26 23:01:47,667 INFO o.h.j.i.u.LogHelper [main] HHH000204: Processing PersistenceUnitInfo [name: default]
2024-05-26 23:01:47,723 INFO o.h.Version [main] HHH000412: Hibernate ORM core version 6.4.4.Final
2024-05-26 23:01:47,762 INFO o.h.c.i.RegionFactoryInitiator [main] HHH000026: Second-level cache disabled
2024-05-26 23:01:48,068 INFO o.s.o.j.p.SpringPersistenceUnitInfo [main] No LoadTimeWeaver setup: ignoring JPA class transformer
2024-05-26 23:01:48,097 INFO c.z.h.HikariDataSource [main] HikariPool-1 - Starting...
2024-05-26 23:01:48,302 INFO c.z.h.p.HikariPool [main] HikariPool-1 - Added connection org.postgresql.jdbc.PgConnection@3b30eec5
2024-05-26 23:01:48,304 INFO c.z.h.HikariDataSource [main] HikariPool-1 - Start completed.
2024-05-26 23:01:48,345 WARN o.h.e.j.d.i.DialectFactoryImpl [main] HHH90000025: PostgreSQLDialect does not need to be specified explicitly using 'hibernate.dialect' (remove the property setting and it will be selected by default)
2024-05-26 23:01:49,529 INFO o.h.e.t.j.p.i.JtaPlatformInitiator [main] HHH000489: No JTA platform available (set 'hibernate.transaction.jta.platform' to enable JTA platform integration)
2024-05-26 23:01:49,663 INFO o.s.o.j.AbstractEntityManagerFactoryBean [main] Initialized JPA EntityManagerFactory for persistence unit 'default'
2024-05-26 23:01:50,170 INFO o.s.d.j.r.q.QueryEnhancerFactory [main] Hibernate is in classpath; If applicable, HQL parser will be used.
2024-05-26 23:01:50,786 WARN o.s.b.a.o.j.JpaBaseConfiguration$JpaWebConfiguration [main] spring.jpa.open-in-view is enabled by default. Therefore, database queries may be performed during view rendering. Explicitly configure spring.jpa.open-in-view to disable this warning
2024-05-26 23:01:51,161 INFO o.s.s.w.DefaultSecurityFilterChain [main] Will secure any request with [org.springframework.security.web.session.DisableEncodeUrlFilter@60ab906e, org.springframework.security.web.context.request.async.WebAsyncManagerIntegrationFilter@8551ee6, org.springframework.security.web.context.SecurityContextHolderFilter@6ef3f72c, org.springframework.security.web.header.HeaderWriterFilter@5c937c92, org.springframework.web.filter.CorsFilter@11b26693, org.springframework.security.web.authentication.logout.LogoutFilter@31cae1e4, com.example.Binarfud.security.jwt.JwtAuthTokenFilter@12948e7a, org.springframework.security.web.savedrequest.RequestCacheAwareFilter@2d4e6bb2, org.springframework.security.web.servletapi.SecurityContextHolderAwareRequestFilter@13453610, org.springframework.security.web.authentication.AnonymousAuthenticationFilter@7f4f432b, org.springframework.security.web.session.SessionManagementFilter@491d36ef, org.springframework.security.web.access.ExceptionTranslationFilter@1a0c384d, org.springframework.security.web.access.intercept.AuthorizationFilter@7a725c89]
2024-05-26 23:01:51,530 INFO o.a.j.l.DirectJDKLog [main] Starting ProtocolHandler ["http-nio-8080"]
2024-05-26 23:01:51,553 INFO o.s.b.w.e.t.TomcatWebServer [main] Tomcat started on port 8080 (http) with context path ''
2024-05-26 23:01:51,566 INFO o.s.b.StartupInfoLogger [main] Started BinarfudApplication in 7.383 seconds (process running for 8.149)
2024-05-26 23:01:54,804 INFO o.a.j.l.DirectJDKLog [http-nio-8080-exec-2] Initializing Spring DispatcherServlet 'dispatcherServlet'
2024-05-26 23:01:54,804 INFO o.s.w.s.FrameworkServlet [http-nio-8080-exec-2] Initializing Servlet 'dispatcherServlet'
2024-05-26 23:01:54,807 INFO o.s.w.s.FrameworkServlet [http-nio-8080-exec-2] Completed initialization in 2 ms
2024-05-26 23:02:09,658 INFO o.s.o.j.AbstractEntityManagerFactoryBean [SpringApplicationShutdownHook] Closing JPA EntityManagerFactory for persistence unit 'default'
2024-05-26 23:02:09,663 INFO c.z.h.HikariDataSource [SpringApplicationShutdownHook] HikariPool-1 - Shutdown initiated...
2024-05-26 23:02:09,674 INFO c.z.h.HikariDataSource [SpringApplicationShutdownHook] HikariPool-1 - Shutdown completed.
