2024-05-31 02:18:42,177 INFO o.s.o.j.AbstractEntityManagerFactoryBean [SpringApplicationShutdownHook] Closing JPA EntityManagerFactory for persistence unit 'default'
2024-05-31 02:18:42,182 INFO c.z.h.HikariDataSource [SpringApplicationShutdownHook] HikariPool-1 - Shutdown initiated...
2024-05-31 02:18:42,204 INFO c.z.h.HikariDataSource [SpringApplicationShutdownHook] HikariPool-1 - Shutdown completed.
2024-05-31 02:18:47,134 INFO o.s.b.StartupInfoLogger [main] Starting BinarfudApplication using Java 17.0.2 with PID 1972 (D:\synrgy\sinau_java\F-BJV24001115-synrgy7-syi-binarfud-ch5\target\classes started by hp in D:\synrgy\sinau_java\F-BJV24001115-synrgy7-syi-binarfud-ch5)
2024-05-31 02:18:47,138 INFO o.s.b.SpringApplication [main] No active profile set, falling back to 1 default profile: "default"
2024-05-31 02:18:49,423 INFO o.s.d.r.c.RepositoryConfigurationDelegate [main] Bootstrapping Spring Data JPA repositories in DEFAULT mode.
2024-05-31 02:18:49,628 INFO o.s.d.r.c.RepositoryConfigurationDelegate [main] Finished Spring Data repository scanning in 186 ms. Found 6 JPA repository interfaces.
2024-05-31 02:18:51,172 INFO o.s.b.w.e.t.TomcatWebServer [main] Tomcat initialized with port 8080 (http)
2024-05-31 02:18:51,196 INFO o.a.j.l.DirectJDKLog [main] Initializing ProtocolHandler ["http-nio-8080"]
2024-05-31 02:18:51,205 INFO o.a.j.l.DirectJDKLog [main] Starting service [Tomcat]
2024-05-31 02:18:51,207 INFO o.a.j.l.DirectJDKLog [main] Starting Servlet engine: [Apache Tomcat/10.1.20]
2024-05-31 02:18:51,368 INFO o.a.j.l.DirectJDKLog [main] Initializing Spring embedded WebApplicationContext
2024-05-31 02:18:51,369 INFO o.s.b.w.s.c.ServletWebServerApplicationContext [main] Root WebApplicationContext: initialization completed in 4091 ms
2024-05-31 02:18:51,702 INFO o.h.j.i.u.LogHelper [main] HHH000204: Processing PersistenceUnitInfo [name: default]
2024-05-31 02:18:51,816 INFO o.h.Version [main] HHH000412: Hibernate ORM core version 6.4.4.Final
2024-05-31 02:18:51,900 INFO o.h.c.i.RegionFactoryInitiator [main] HHH000026: Second-level cache disabled
2024-05-31 02:18:52,559 INFO o.s.o.j.p.SpringPersistenceUnitInfo [main] No LoadTimeWeaver setup: ignoring JPA class transformer
2024-05-31 02:18:52,626 INFO c.z.h.HikariDataSource [main] HikariPool-1 - Starting...
2024-05-31 02:18:53,020 INFO c.z.h.p.HikariPool [main] HikariPool-1 - Added connection org.postgresql.jdbc.PgConnection@5a466dd
2024-05-31 02:18:53,026 INFO c.z.h.HikariDataSource [main] HikariPool-1 - Start completed.
2024-05-31 02:18:53,099 WARN o.h.e.j.d.i.DialectFactoryImpl [main] HHH90000025: PostgreSQLDialect does not need to be specified explicitly using 'hibernate.dialect' (remove the property setting and it will be selected by default)
2024-05-31 02:18:55,271 INFO o.h.e.t.j.p.i.JtaPlatformInitiator [main] HHH000489: No JTA platform available (set 'hibernate.transaction.jta.platform' to enable JTA platform integration)
2024-05-31 02:18:55,569 INFO o.s.o.j.AbstractEntityManagerFactoryBean [main] Initialized JPA EntityManagerFactory for persistence unit 'default'
2024-05-31 02:18:56,594 INFO o.s.d.j.r.q.QueryEnhancerFactory [main] Hibernate is in classpath; If applicable, HQL parser will be used.
2024-05-31 02:18:57,895 WARN o.s.b.a.o.j.JpaBaseConfiguration$JpaWebConfiguration [main] spring.jpa.open-in-view is enabled by default. Therefore, database queries may be performed during view rendering. Explicitly configure spring.jpa.open-in-view to disable this warning
2024-05-31 02:18:58,831 INFO o.s.s.w.DefaultSecurityFilterChain [main] Will secure any request with [org.springframework.security.web.session.DisableEncodeUrlFilter@2e3fa7a7, org.springframework.security.web.context.request.async.WebAsyncManagerIntegrationFilter@1a5478e8, org.springframework.security.web.context.SecurityContextHolderFilter@6eb506d0, org.springframework.security.web.header.HeaderWriterFilter@4702faee, org.springframework.web.filter.CorsFilter@7953a656, org.springframework.security.web.authentication.logout.LogoutFilter@233202aa, com.example.Binarfud.security.jwt.JwtAuthTokenFilter@2318651f, org.springframework.security.web.savedrequest.RequestCacheAwareFilter@3cc148d, org.springframework.security.web.servletapi.SecurityContextHolderAwareRequestFilter@172f88b1, org.springframework.security.web.authentication.AnonymousAuthenticationFilter@60f6c148, org.springframework.security.web.session.SessionManagementFilter@5608233b, org.springframework.security.web.access.ExceptionTranslationFilter@32fa7ff0, org.springframework.security.web.access.intercept.AuthorizationFilter@2fb36d8d]
2024-05-31 02:18:59,545 INFO o.a.j.l.DirectJDKLog [main] Starting ProtocolHandler ["http-nio-8080"]
2024-05-31 02:18:59,585 INFO o.s.b.w.e.t.TomcatWebServer [main] Tomcat started on port 8080 (http) with context path ''
2024-05-31 02:18:59,613 INFO o.s.b.StartupInfoLogger [main] Started BinarfudApplication in 13.72 seconds (process running for 14.674)
2024-05-31 02:19:13,245 INFO o.a.j.l.DirectJDKLog [http-nio-8080-exec-2] Initializing Spring DispatcherServlet 'dispatcherServlet'
2024-05-31 02:19:13,245 INFO o.s.w.s.FrameworkServlet [http-nio-8080-exec-2] Initializing Servlet 'dispatcherServlet'
2024-05-31 02:19:13,248 INFO o.s.w.s.FrameworkServlet [http-nio-8080-exec-2] Completed initialization in 3 ms
2024-05-31 02:19:13,661 INFO c.e.B.c.AuthController [http-nio-8080-exec-2] signUpRequest: SignUpRequestDTO(username=asep, email=asep@gmail.com, password=123, role=null)
