2024-05-31 02:59:33,921 INFO o.s.o.j.AbstractEntityManagerFactoryBean [SpringApplicationShutdownHook] Closing JPA EntityManagerFactory for persistence unit 'default'
2024-05-31 02:59:33,926 INFO c.z.h.HikariDataSource [SpringApplicationShutdownHook] HikariPool-1 - Shutdown initiated...
2024-05-31 02:59:33,933 INFO c.z.h.HikariDataSource [SpringApplicationShutdownHook] HikariPool-1 - Shutdown completed.
2024-05-31 02:59:37,402 INFO o.s.b.StartupInfoLogger [main] Starting BinarfudApplication using Java 17.0.2 with PID 9700 (D:\synrgy\sinau_java\F-BJV24001115-synrgy7-syi-binarfud-ch5\target\classes started by hp in D:\synrgy\sinau_java\F-BJV24001115-synrgy7-syi-binarfud-ch5)
2024-05-31 02:59:37,408 INFO o.s.b.SpringApplication [main] No active profile set, falling back to 1 default profile: "default"
2024-05-31 02:59:39,004 INFO o.s.d.r.c.RepositoryConfigurationDelegate [main] Bootstrapping Spring Data JPA repositories in DEFAULT mode.
2024-05-31 02:59:39,158 INFO o.s.d.r.c.RepositoryConfigurationDelegate [main] Finished Spring Data repository scanning in 138 ms. Found 6 JPA repository interfaces.
2024-05-31 02:59:40,263 INFO o.s.b.w.e.t.TomcatWebServer [main] Tomcat initialized with port 8080 (http)
2024-05-31 02:59:40,293 INFO o.a.j.l.DirectJDKLog [main] Initializing ProtocolHandler ["http-nio-8080"]
2024-05-31 02:59:40,299 INFO o.a.j.l.DirectJDKLog [main] Starting service [Tomcat]
2024-05-31 02:59:40,300 INFO o.a.j.l.DirectJDKLog [main] Starting Servlet engine: [Apache Tomcat/10.1.20]
2024-05-31 02:59:40,447 INFO o.a.j.l.DirectJDKLog [main] Initializing Spring embedded WebApplicationContext
2024-05-31 02:59:40,450 INFO o.s.b.w.s.c.ServletWebServerApplicationContext [main] Root WebApplicationContext: initialization completed in 2968 ms
2024-05-31 02:59:40,687 INFO o.h.j.i.u.LogHelper [main] HHH000204: Processing PersistenceUnitInfo [name: default]
2024-05-31 02:59:40,838 INFO o.h.Version [main] HHH000412: Hibernate ORM core version 6.4.4.Final
2024-05-31 02:59:40,922 INFO o.h.c.i.RegionFactoryInitiator [main] HHH000026: Second-level cache disabled
2024-05-31 02:59:41,407 INFO o.s.o.j.p.SpringPersistenceUnitInfo [main] No LoadTimeWeaver setup: ignoring JPA class transformer
2024-05-31 02:59:41,449 INFO c.z.h.HikariDataSource [main] HikariPool-1 - Starting...
2024-05-31 02:59:41,733 INFO c.z.h.p.HikariPool [main] HikariPool-1 - Added connection org.postgresql.jdbc.PgConnection@79b7c350
2024-05-31 02:59:41,736 INFO c.z.h.HikariDataSource [main] HikariPool-1 - Start completed.
2024-05-31 02:59:41,801 WARN o.h.e.j.d.i.DialectFactoryImpl [main] HHH90000025: PostgreSQLDialect does not need to be specified explicitly using 'hibernate.dialect' (remove the property setting and it will be selected by default)
2024-05-31 02:59:43,619 INFO o.h.e.t.j.p.i.JtaPlatformInitiator [main] HHH000489: No JTA platform available (set 'hibernate.transaction.jta.platform' to enable JTA platform integration)
2024-05-31 02:59:43,777 INFO o.s.o.j.AbstractEntityManagerFactoryBean [main] Initialized JPA EntityManagerFactory for persistence unit 'default'
2024-05-31 02:59:44,501 INFO o.s.d.j.r.q.QueryEnhancerFactory [main] Hibernate is in classpath; If applicable, HQL parser will be used.
2024-05-31 02:59:45,395 WARN o.s.b.a.o.j.JpaBaseConfiguration$JpaWebConfiguration [main] spring.jpa.open-in-view is enabled by default. Therefore, database queries may be performed during view rendering. Explicitly configure spring.jpa.open-in-view to disable this warning
2024-05-31 02:59:46,124 INFO o.s.s.w.DefaultSecurityFilterChain [main] Will secure any request with [org.springframework.security.web.session.DisableEncodeUrlFilter@5d81b90a, org.springframework.security.web.context.request.async.WebAsyncManagerIntegrationFilter@635791b7, org.springframework.security.web.context.SecurityContextHolderFilter@5c807e6b, org.springframework.security.web.header.HeaderWriterFilter@221c097f, org.springframework.web.filter.CorsFilter@48ac4201, org.springframework.security.web.authentication.logout.LogoutFilter@2574123a, org.springframework.security.oauth2.client.web.OAuth2AuthorizationRequestRedirectFilter@7cb15360, org.springframework.security.oauth2.client.web.OAuth2LoginAuthenticationFilter@2db27b46, com.example.Binarfud.security.jwt.JwtAuthTokenFilter@20e7152a, org.springframework.security.web.authentication.UsernamePasswordAuthenticationFilter@5d9b79a2, org.springframework.security.web.authentication.ui.DefaultLoginPageGeneratingFilter@455082d2, org.springframework.security.web.authentication.ui.DefaultLogoutPageGeneratingFilter@f2bec99, org.springframework.security.web.savedrequest.RequestCacheAwareFilter@1bb6bc81, org.springframework.security.web.servletapi.SecurityContextHolderAwareRequestFilter@26c6be2d, org.springframework.security.web.authentication.AnonymousAuthenticationFilter@5f324d9f, org.springframework.security.web.session.SessionManagementFilter@1428d63, org.springframework.security.web.access.ExceptionTranslationFilter@2b1aa390, org.springframework.security.web.access.intercept.AuthorizationFilter@47c8c176]
2024-05-31 02:59:46,657 INFO o.a.j.l.DirectJDKLog [main] Starting ProtocolHandler ["http-nio-8080"]
2024-05-31 02:59:46,685 INFO o.s.b.w.e.t.TomcatWebServer [main] Tomcat started on port 8080 (http) with context path ''
2024-05-31 02:59:46,703 INFO o.s.b.StartupInfoLogger [main] Started BinarfudApplication in 10.111 seconds (process running for 11.006)
2024-05-31 02:59:51,615 INFO o.a.j.l.DirectJDKLog [http-nio-8080-exec-1] Initializing Spring DispatcherServlet 'dispatcherServlet'
2024-05-31 02:59:51,616 INFO o.s.w.s.FrameworkServlet [http-nio-8080-exec-1] Initializing Servlet 'dispatcherServlet'
2024-05-31 02:59:51,617 INFO o.s.w.s.FrameworkServlet [http-nio-8080-exec-1] Completed initialization in 1 ms
