2024-05-26 22:49:47,708 INFO c.e.B.c.AuthController [http-nio-8080-exec-5] Authenticating user: asep1
2024-05-26 22:49:47,713 INFO c.e.B.c.AuthController [http-nio-8080-exec-5] Authenticating user: 123
2024-05-26 22:49:47,717 INFO c.e.B.s.s.UserDetailsServiceImpl [http-nio-8080-exec-5] User found: Users(id=007a28df-4f6a-4f51-ba51-9edaaba8645f, username=asep1, emailAddress=asep@gmail1.com, password=$2a$10$SFuWkELjPzGmVkWAD0c0P.laQBGUb1JfKQsOP0Wq5QEsJ0lBhaj7i, role=MERCHANT)
2024-05-26 22:49:47,780 ERROR c.e.B.c.AuthController [http-nio-8080-exec-5] Authentication failed: Bad credentials
2024-05-26 22:52:19,708 INFO c.e.B.c.AuthController [http-nio-8080-exec-6] Authenticating user: asep1
2024-05-26 22:52:19,708 INFO c.e.B.c.AuthController [http-nio-8080-exec-6] Authenticating user: 123
2024-05-26 22:52:19,715 INFO c.e.B.s.s.UserDetailsServiceImpl [http-nio-8080-exec-6] User found: Users(id=007a28df-4f6a-4f51-ba51-9edaaba8645f, username=asep1, emailAddress=asep@gmail1.com, password=$2a$10$SFuWkELjPzGmVkWAD0c0P.laQBGUb1JfKQsOP0Wq5QEsJ0lBhaj7i, role=MERCHANT)
2024-05-26 22:52:19,776 ERROR c.e.B.c.AuthController [http-nio-8080-exec-6] Authentication failed: Bad credentials
2024-05-26 22:52:20,630 INFO c.e.B.c.AuthController [http-nio-8080-exec-7] Authenticating user: asep1
2024-05-26 22:52:20,631 INFO c.e.B.c.AuthController [http-nio-8080-exec-7] Authenticating user: 123
2024-05-26 22:52:20,634 INFO c.e.B.s.s.UserDetailsServiceImpl [http-nio-8080-exec-7] User found: Users(id=007a28df-4f6a-4f51-ba51-9edaaba8645f, username=asep1, emailAddress=asep@gmail1.com, password=$2a$10$SFuWkELjPzGmVkWAD0c0P.laQBGUb1JfKQsOP0Wq5QEsJ0lBhaj7i, role=MERCHANT)
2024-05-26 22:52:20,696 ERROR c.e.B.c.AuthController [http-nio-8080-exec-7] Authentication failed: Bad credentials
2024-05-26 22:52:21,549 INFO c.e.B.c.AuthController [http-nio-8080-exec-10] Authenticating user: asep1
2024-05-26 22:52:21,549 INFO c.e.B.c.AuthController [http-nio-8080-exec-10] Authenticating user: 123
2024-05-26 22:52:21,553 INFO c.e.B.s.s.UserDetailsServiceImpl [http-nio-8080-exec-10] User found: Users(id=007a28df-4f6a-4f51-ba51-9edaaba8645f, username=asep1, emailAddress=asep@gmail1.com, password=$2a$10$SFuWkELjPzGmVkWAD0c0P.laQBGUb1JfKQsOP0Wq5QEsJ0lBhaj7i, role=MERCHANT)
2024-05-26 22:52:21,614 ERROR c.e.B.c.AuthController [http-nio-8080-exec-10] Authentication failed: Bad credentials
2024-05-26 22:53:32,965 INFO o.s.o.j.AbstractEntityManagerFactoryBean [SpringApplicationShutdownHook] Closing JPA EntityManagerFactory for persistence unit 'default'
2024-05-26 22:53:32,979 INFO c.z.h.HikariDataSource [SpringApplicationShutdownHook] HikariPool-1 - Shutdown initiated...
2024-05-26 22:53:32,986 INFO c.z.h.HikariDataSource [SpringApplicationShutdownHook] HikariPool-1 - Shutdown completed.
2024-05-26 22:53:39,135 INFO o.s.b.StartupInfoLogger [main] Starting BinarfudApplication using Java 17.0.2 with PID 16500 (D:\synrgy\sinau_java\F-BJV24001115-synrgy7-syi-binarfud-ch5\target\classes started by hp in D:\synrgy\sinau_java\F-BJV24001115-synrgy7-syi-binarfud-ch5)
2024-05-26 22:53:39,140 INFO o.s.b.SpringApplication [main] No active profile set, falling back to 1 default profile: "default"
2024-05-26 22:53:40,484 INFO o.s.d.r.c.RepositoryConfigurationDelegate [main] Bootstrapping Spring Data JPA repositories in DEFAULT mode.
2024-05-26 22:53:40,595 INFO o.s.d.r.c.RepositoryConfigurationDelegate [main] Finished Spring Data repository scanning in 96 ms. Found 5 JPA repository interfaces.
2024-05-26 22:53:41,541 INFO o.s.b.w.e.t.TomcatWebServer [main] Tomcat initialized with port 8080 (http)
2024-05-26 22:53:41,560 INFO o.a.j.l.DirectJDKLog [main] Initializing ProtocolHandler ["http-nio-8080"]
2024-05-26 22:53:41,565 INFO o.a.j.l.DirectJDKLog [main] Starting service [Tomcat]
2024-05-26 22:53:41,566 INFO o.a.j.l.DirectJDKLog [main] Starting Servlet engine: [Apache Tomcat/10.1.20]
2024-05-26 22:53:41,675 INFO o.a.j.l.DirectJDKLog [main] Initializing Spring embedded WebApplicationContext
2024-05-26 22:53:41,678 INFO o.s.b.w.s.c.ServletWebServerApplicationContext [main] Root WebApplicationContext: initialization completed in 2480 ms
2024-05-26 22:53:41,897 INFO o.h.j.i.u.LogHelper [main] HHH000204: Processing PersistenceUnitInfo [name: default]
2024-05-26 22:53:42,028 INFO o.h.Version [main] HHH000412: Hibernate ORM core version 6.4.4.Final
2024-05-26 22:53:42,084 INFO o.h.c.i.RegionFactoryInitiator [main] HHH000026: Second-level cache disabled
2024-05-26 22:53:42,510 INFO o.s.o.j.p.SpringPersistenceUnitInfo [main] No LoadTimeWeaver setup: ignoring JPA class transformer
2024-05-26 22:53:42,547 INFO c.z.h.HikariDataSource [main] HikariPool-1 - Starting...
2024-05-26 22:53:42,791 INFO c.z.h.p.HikariPool [main] HikariPool-1 - Added connection org.postgresql.jdbc.PgConnection@105dc04d
2024-05-26 22:53:42,794 INFO c.z.h.HikariDataSource [main] HikariPool-1 - Start completed.
2024-05-26 22:53:42,852 WARN o.h.e.j.d.i.DialectFactoryImpl [main] HHH90000025: PostgreSQLDialect does not need to be specified explicitly using 'hibernate.dialect' (remove the property setting and it will be selected by default)
2024-05-26 22:53:44,100 INFO o.h.e.t.j.p.i.JtaPlatformInitiator [main] HHH000489: No JTA platform available (set 'hibernate.transaction.jta.platform' to enable JTA platform integration)
2024-05-26 22:53:44,237 INFO o.s.o.j.AbstractEntityManagerFactoryBean [main] Initialized JPA EntityManagerFactory for persistence unit 'default'
2024-05-26 22:53:44,793 INFO o.s.d.j.r.q.QueryEnhancerFactory [main] Hibernate is in classpath; If applicable, HQL parser will be used.
2024-05-26 22:53:45,496 WARN o.s.b.a.o.j.JpaBaseConfiguration$JpaWebConfiguration [main] spring.jpa.open-in-view is enabled by default. Therefore, database queries may be performed during view rendering. Explicitly configure spring.jpa.open-in-view to disable this warning
2024-05-26 22:53:45,891 INFO o.s.s.w.DefaultSecurityFilterChain [main] Will secure any request with [org.springframework.security.web.session.DisableEncodeUrlFilter@7dcd8e74, org.springframework.security.web.context.request.async.WebAsyncManagerIntegrationFilter@6a7c0932, org.springframework.security.web.context.SecurityContextHolderFilter@d884e9a, org.springframework.security.web.header.HeaderWriterFilter@6e1e9a10, org.springframework.web.filter.CorsFilter@4e64e44c, org.springframework.security.web.authentication.logout.LogoutFilter@509d0d21, com.example.Binarfud.security.jwt.JwtAuthTokenFilter@350d9d23, org.springframework.security.web.savedrequest.RequestCacheAwareFilter@1c0cba60, org.springframework.security.web.servletapi.SecurityContextHolderAwareRequestFilter@34b294c4, org.springframework.security.web.authentication.AnonymousAuthenticationFilter@51413d02, org.springframework.security.web.session.SessionManagementFilter@2ba0b7cf, org.springframework.security.web.access.ExceptionTranslationFilter@71586f, org.springframework.security.web.access.intercept.AuthorizationFilter@3294b641]
2024-05-26 22:53:46,287 INFO o.a.j.l.DirectJDKLog [main] Starting ProtocolHandler ["http-nio-8080"]
2024-05-26 22:53:46,311 INFO o.s.b.w.e.t.TomcatWebServer [main] Tomcat started on port 8080 (http) with context path ''
2024-05-26 22:53:46,325 INFO o.s.b.StartupInfoLogger [main] Started BinarfudApplication in 7.917 seconds (process running for 8.502)
2024-05-26 22:54:19,867 INFO o.s.o.j.AbstractEntityManagerFactoryBean [SpringApplicationShutdownHook] Closing JPA EntityManagerFactory for persistence unit 'default'
2024-05-26 22:54:19,869 INFO c.z.h.HikariDataSource [SpringApplicationShutdownHook] HikariPool-1 - Shutdown initiated...
2024-05-26 22:54:19,875 INFO c.z.h.HikariDataSource [SpringApplicationShutdownHook] HikariPool-1 - Shutdown completed.
