2024-05-26 22:10:58,575 WARN o.s.s.c.b.BCryptPasswordEncoder [http-nio-8080-exec-4] Encoded password does not look like BCrypt
2024-05-26 22:10:59,474 WARN o.s.s.c.b.BCryptPasswordEncoder [http-nio-8080-exec-5] Encoded password does not look like BCrypt
2024-05-26 22:11:52,306 WARN o.s.s.c.b.BCryptPasswordEncoder [http-nio-8080-exec-9] Encoded password does not look like BCrypt
2024-05-26 22:11:57,579 WARN o.s.s.c.b.BCryptPasswordEncoder [http-nio-8080-exec-7] Encoded password does not look like BCrypt
2024-05-26 22:14:07,659 INFO o.s.o.j.AbstractEntityManagerFactoryBean [SpringApplicationShutdownHook] Closing JPA EntityManagerFactory for persistence unit 'default'
2024-05-26 22:14:07,662 INFO c.z.h.HikariDataSource [SpringApplicationShutdownHook] HikariPool-1 - Shutdown initiated...
2024-05-26 22:14:07,667 INFO c.z.h.HikariDataSource [SpringApplicationShutdownHook] HikariPool-1 - Shutdown completed.
2024-05-26 22:15:10,182 INFO o.s.b.StartupInfoLogger [main] Starting BinarfudApplication using Java 17.0.2 with PID 17636 (D:\synrgy\sinau_java\F-BJV24001115-synrgy7-syi-binarfud-ch5\target\classes started by hp in D:\synrgy\sinau_java\F-BJV24001115-synrgy7-syi-binarfud-ch5)
2024-05-26 22:15:10,185 INFO o.s.b.SpringApplication [main] No active profile set, falling back to 1 default profile: "default"
2024-05-26 22:15:11,505 INFO o.s.d.r.c.RepositoryConfigurationDelegate [main] Bootstrapping Spring Data JPA repositories in DEFAULT mode.
2024-05-26 22:15:11,623 INFO o.s.d.r.c.RepositoryConfigurationDelegate [main] Finished Spring Data repository scanning in 98 ms. Found 5 JPA repository interfaces.
2024-05-26 22:15:12,473 INFO o.s.b.w.e.t.TomcatWebServer [main] Tomcat initialized with port 8080 (http)
2024-05-26 22:15:12,495 INFO o.a.j.l.DirectJDKLog [main] Initializing ProtocolHandler ["http-nio-8080"]
2024-05-26 22:15:12,499 INFO o.a.j.l.DirectJDKLog [main] Starting service [Tomcat]
2024-05-26 22:15:12,500 INFO o.a.j.l.DirectJDKLog [main] Starting Servlet engine: [Apache Tomcat/10.1.20]
2024-05-26 22:15:12,618 INFO o.a.j.l.DirectJDKLog [main] Initializing Spring embedded WebApplicationContext
2024-05-26 22:15:12,619 INFO o.s.b.w.s.c.ServletWebServerApplicationContext [main] Root WebApplicationContext: initialization completed in 2378 ms
2024-05-26 22:15:12,808 INFO o.h.j.i.u.LogHelper [main] HHH000204: Processing PersistenceUnitInfo [name: default]
2024-05-26 22:15:12,877 INFO o.h.Version [main] HHH000412: Hibernate ORM core version 6.4.4.Final
2024-05-26 22:15:12,921 INFO o.h.c.i.RegionFactoryInitiator [main] HHH000026: Second-level cache disabled
2024-05-26 22:15:13,244 INFO o.s.o.j.p.SpringPersistenceUnitInfo [main] No LoadTimeWeaver setup: ignoring JPA class transformer
2024-05-26 22:15:13,277 INFO c.z.h.HikariDataSource [main] HikariPool-1 - Starting...
2024-05-26 22:15:13,503 INFO c.z.h.p.HikariPool [main] HikariPool-1 - Added connection org.postgresql.jdbc.PgConnection@12aa519b
2024-05-26 22:15:13,506 INFO c.z.h.HikariDataSource [main] HikariPool-1 - Start completed.
2024-05-26 22:15:13,553 WARN o.h.e.j.d.i.DialectFactoryImpl [main] HHH90000025: PostgreSQLDialect does not need to be specified explicitly using 'hibernate.dialect' (remove the property setting and it will be selected by default)
2024-05-26 22:15:14,718 INFO o.h.e.t.j.p.i.JtaPlatformInitiator [main] HHH000489: No JTA platform available (set 'hibernate.transaction.jta.platform' to enable JTA platform integration)
2024-05-26 22:15:14,847 INFO o.s.o.j.AbstractEntityManagerFactoryBean [main] Initialized JPA EntityManagerFactory for persistence unit 'default'
2024-05-26 22:15:15,404 INFO o.s.d.j.r.q.QueryEnhancerFactory [main] Hibernate is in classpath; If applicable, HQL parser will be used.
2024-05-26 22:15:16,112 WARN o.s.b.a.o.j.JpaBaseConfiguration$JpaWebConfiguration [main] spring.jpa.open-in-view is enabled by default. Therefore, database queries may be performed during view rendering. Explicitly configure spring.jpa.open-in-view to disable this warning
2024-05-26 22:15:16,612 INFO o.s.s.w.DefaultSecurityFilterChain [main] Will secure any request with [org.springframework.security.web.session.DisableEncodeUrlFilter@5a6dd1e7, org.springframework.security.web.context.request.async.WebAsyncManagerIntegrationFilter@4fd9deed, org.springframework.security.web.context.SecurityContextHolderFilter@248e31a1, org.springframework.security.web.header.HeaderWriterFilter@2505480a, org.springframework.web.filter.CorsFilter@75ad7531, org.springframework.security.web.authentication.logout.LogoutFilter@2bdc2c26, com.example.Binarfud.security.jwt.JwtAuthTokenFilter@7528089c, org.springframework.security.web.savedrequest.RequestCacheAwareFilter@1b1d2d7b, org.springframework.security.web.servletapi.SecurityContextHolderAwareRequestFilter@1c9fa12, org.springframework.security.web.authentication.AnonymousAuthenticationFilter@4d619aa0, org.springframework.security.web.session.SessionManagementFilter@71586f, org.springframework.security.web.access.ExceptionTranslationFilter@534f4a65, org.springframework.security.web.access.intercept.AuthorizationFilter@648e25f2]
2024-05-26 22:15:17,001 INFO o.a.j.l.DirectJDKLog [main] Starting ProtocolHandler ["http-nio-8080"]
2024-05-26 22:15:17,032 INFO o.s.b.w.e.t.TomcatWebServer [main] Tomcat started on port 8080 (http) with context path ''
2024-05-26 22:15:17,046 INFO o.s.b.StartupInfoLogger [main] Started BinarfudApplication in 7.542 seconds (process running for 8.121)
2024-05-26 22:15:23,988 INFO o.a.j.l.DirectJDKLog [http-nio-8080-exec-1] Initializing Spring DispatcherServlet 'dispatcherServlet'
2024-05-26 22:15:23,988 INFO o.s.w.s.FrameworkServlet [http-nio-8080-exec-1] Initializing Servlet 'dispatcherServlet'
2024-05-26 22:15:23,989 INFO o.s.w.s.FrameworkServlet [http-nio-8080-exec-1] Completed initialization in 1 ms
2024-05-26 22:15:41,953 INFO o.s.o.j.AbstractEntityManagerFactoryBean [SpringApplicationShutdownHook] Closing JPA EntityManagerFactory for persistence unit 'default'
2024-05-26 22:15:41,955 INFO c.z.h.HikariDataSource [SpringApplicationShutdownHook] HikariPool-1 - Shutdown initiated...
2024-05-26 22:15:41,959 INFO c.z.h.HikariDataSource [SpringApplicationShutdownHook] HikariPool-1 - Shutdown completed.
