2024-05-26 22:03:32,908 INFO o.s.b.StartupInfoLogger [main] Starting BinarfudApplication using Java 17.0.2 with PID 10140 (D:\synrgy\sinau_java\F-BJV24001115-synrgy7-syi-binarfud-ch5\target\classes started by hp in D:\synrgy\sinau_java\F-BJV24001115-synrgy7-syi-binarfud-ch5)
2024-05-26 22:03:32,913 INFO o.s.b.SpringApplication [main] No active profile set, falling back to 1 default profile: "default"
2024-05-26 22:03:34,269 INFO o.s.d.r.c.RepositoryConfigurationDelegate [main] Bootstrapping Spring Data JPA repositories in DEFAULT mode.
2024-05-26 22:03:34,431 INFO o.s.d.r.c.RepositoryConfigurationDelegate [main] Finished Spring Data repository scanning in 140 ms. Found 5 JPA repository interfaces.
2024-05-26 22:03:35,560 INFO o.s.b.w.e.t.TomcatWebServer [main] Tomcat initialized with port 8080 (http)
2024-05-26 22:03:35,575 INFO o.a.j.l.DirectJDKLog [main] Initializing ProtocolHandler ["http-nio-8080"]
2024-05-26 22:03:35,579 INFO o.a.j.l.DirectJDKLog [main] Starting service [Tomcat]
2024-05-26 22:03:35,580 INFO o.a.j.l.DirectJDKLog [main] Starting Servlet engine: [Apache Tomcat/10.1.20]
2024-05-26 22:03:35,685 INFO o.a.j.l.DirectJDKLog [main] Initializing Spring embedded WebApplicationContext
2024-05-26 22:03:35,687 INFO o.s.b.w.s.c.ServletWebServerApplicationContext [main] Root WebApplicationContext: initialization completed in 2722 ms
2024-05-26 22:03:35,901 INFO o.h.j.i.u.LogHelper [main] HHH000204: Processing PersistenceUnitInfo [name: default]
2024-05-26 22:03:35,980 INFO o.h.Version [main] HHH000412: Hibernate ORM core version 6.4.4.Final
2024-05-26 22:03:36,040 INFO o.h.c.i.RegionFactoryInitiator [main] HHH000026: Second-level cache disabled
2024-05-26 22:03:36,513 INFO o.s.o.j.p.SpringPersistenceUnitInfo [main] No LoadTimeWeaver setup: ignoring JPA class transformer
2024-05-26 22:03:36,559 INFO c.z.h.HikariDataSource [main] HikariPool-1 - Starting...
2024-05-26 22:03:36,787 INFO c.z.h.p.HikariPool [main] HikariPool-1 - Added connection org.postgresql.jdbc.PgConnection@66ab924
2024-05-26 22:03:36,789 INFO c.z.h.HikariDataSource [main] HikariPool-1 - Start completed.
2024-05-26 22:03:36,834 WARN o.h.e.j.d.i.DialectFactoryImpl [main] HHH90000025: PostgreSQLDialect does not need to be specified explicitly using 'hibernate.dialect' (remove the property setting and it will be selected by default)
2024-05-26 22:03:38,226 INFO o.h.e.t.j.p.i.JtaPlatformInitiator [main] HHH000489: No JTA platform available (set 'hibernate.transaction.jta.platform' to enable JTA platform integration)
2024-05-26 22:03:38,351 INFO o.s.o.j.AbstractEntityManagerFactoryBean [main] Initialized JPA EntityManagerFactory for persistence unit 'default'
2024-05-26 22:03:39,208 INFO o.s.d.j.r.q.QueryEnhancerFactory [main] Hibernate is in classpath; If applicable, HQL parser will be used.
2024-05-26 22:03:40,199 WARN o.s.b.a.o.j.JpaBaseConfiguration$JpaWebConfiguration [main] spring.jpa.open-in-view is enabled by default. Therefore, database queries may be performed during view rendering. Explicitly configure spring.jpa.open-in-view to disable this warning
2024-05-26 22:03:40,823 INFO o.s.s.w.DefaultSecurityFilterChain [main] Will secure any request with [org.springframework.security.web.session.DisableEncodeUrlFilter@23fed844, org.springframework.security.web.context.request.async.WebAsyncManagerIntegrationFilter@7b0f5814, org.springframework.security.web.context.SecurityContextHolderFilter@65899694, org.springframework.security.web.header.HeaderWriterFilter@4f091800, org.springframework.web.filter.CorsFilter@4eef2522, org.springframework.security.web.authentication.logout.LogoutFilter@78181f7f, com.example.Binarfud.security.jwt.JwtAuthTokenFilter@b1f36e5, org.springframework.security.web.savedrequest.RequestCacheAwareFilter@31cae1e4, org.springframework.security.web.servletapi.SecurityContextHolderAwareRequestFilter@5280e62e, org.springframework.security.web.authentication.AnonymousAuthenticationFilter@c62d08a, org.springframework.security.web.session.SessionManagementFilter@34b294c4, org.springframework.security.web.access.ExceptionTranslationFilter@1c9fa12, org.springframework.security.web.access.intercept.AuthorizationFilter@51413d02]
2024-05-26 22:03:41,238 INFO o.a.j.l.DirectJDKLog [main] Starting ProtocolHandler ["http-nio-8080"]
2024-05-26 22:03:41,267 INFO o.s.b.w.e.t.TomcatWebServer [main] Tomcat started on port 8080 (http) with context path ''
2024-05-26 22:03:41,282 INFO o.s.b.StartupInfoLogger [main] Started BinarfudApplication in 9.002 seconds (process running for 9.523)
2024-05-26 22:04:23,188 INFO o.a.j.l.DirectJDKLog [http-nio-8080-exec-3] Initializing Spring DispatcherServlet 'dispatcherServlet'
2024-05-26 22:04:23,188 INFO o.s.w.s.FrameworkServlet [http-nio-8080-exec-3] Initializing Servlet 'dispatcherServlet'
2024-05-26 22:04:23,189 INFO o.s.w.s.FrameworkServlet [http-nio-8080-exec-3] Completed initialization in 1 ms
2024-05-26 22:04:23,311 WARN o.s.w.s.h.AbstractHandlerExceptionResolver [http-nio-8080-exec-3] Resolved [org.springframework.http.converter.HttpMessageNotReadableException: JSON parse error: Cannot deserialize value of type `com.example.Binarfud.model.Role` from String "CUSTOMERASDSAASDADSDAS": not one of the values accepted for Enum class: [MERCHANT, CUSTOMER]]
