2024-05-27 20:19:47,242 INFO c.e.B.c.AuthController [http-nio-8080-exec-8] loginRequestDto: LoginRequestDTO(username=mike, password=12345678)
2024-05-27 20:19:47,320 ERROR c.e.B.c.AuthController [http-nio-8080-exec-8] Authentication failed: Bad credentials
2024-05-27 20:25:00,791 INFO c.e.B.c.AuthController [http-nio-8080-exec-2] loginRequestDto: LoginRequestDTO(username=mike, password=$2a$10$w6z9hywrtVGmo/LC.ydPZOzeVhi8JY7iiuqFijV4po2J12ynUW6YG)
2024-05-27 20:25:00,952 ERROR c.e.B.c.AuthController [http-nio-8080-exec-2] Authentication failed: Bad credentials
2024-05-27 20:25:05,196 INFO c.e.B.c.AuthController [http-nio-8080-exec-1] loginRequestDto: LoginRequestDTO(username=mike, password=12345678)
2024-05-27 20:25:05,284 ERROR c.e.B.c.AuthController [http-nio-8080-exec-1] Authentication failed: Bad credentials
2024-05-27 20:32:28,650 INFO c.e.B.c.AuthController [http-nio-8080-exec-5] loginRequestDto: LoginRequestDTO(username=mike, password=12345678)
2024-05-27 20:32:28,888 ERROR c.e.B.c.AuthController [http-nio-8080-exec-5] Authentication failed: Bad credentials
2024-05-27 20:46:05,656 INFO c.e.B.c.AuthController [http-nio-8080-exec-9] loginRequestDto: LoginRequestDTO(username=mike, password=12345678)
2024-05-27 20:46:05,796 ERROR c.e.B.c.AuthController [http-nio-8080-exec-9] Authentication failed: Bad credentials
2024-05-27 20:47:12,189 INFO o.s.o.j.AbstractEntityManagerFactoryBean [SpringApplicationShutdownHook] Closing JPA EntityManagerFactory for persistence unit 'default'
2024-05-27 20:47:12,232 INFO c.z.h.HikariDataSource [SpringApplicationShutdownHook] HikariPool-1 - Shutdown initiated...
2024-05-27 20:47:12,244 INFO c.z.h.HikariDataSource [SpringApplicationShutdownHook] HikariPool-1 - Shutdown completed.
2024-05-27 20:47:22,053 INFO o.s.b.StartupInfoLogger [main] Starting BinarfudApplication using Java 17.0.2 with PID 5660 (D:\synrgy\sinau_java\F-BJV24001115-synrgy7-syi-binarfud-ch5\target\classes started by hp in D:\synrgy\sinau_java\F-BJV24001115-synrgy7-syi-binarfud-ch5)
2024-05-27 20:47:22,058 INFO o.s.b.SpringApplication [main] No active profile set, falling back to 1 default profile: "default"
2024-05-27 20:47:24,237 INFO o.s.d.r.c.RepositoryConfigurationDelegate [main] Bootstrapping Spring Data JPA repositories in DEFAULT mode.
2024-05-27 20:47:24,483 INFO o.s.d.r.c.RepositoryConfigurationDelegate [main] Finished Spring Data repository scanning in 223 ms. Found 5 JPA repository interfaces.
2024-05-27 20:47:26,162 INFO o.s.b.w.e.t.TomcatWebServer [main] Tomcat initialized with port 8080 (http)
2024-05-27 20:47:26,181 INFO o.a.j.l.DirectJDKLog [main] Initializing ProtocolHandler ["http-nio-8080"]
2024-05-27 20:47:26,188 INFO o.a.j.l.DirectJDKLog [main] Starting service [Tomcat]
2024-05-27 20:47:26,188 INFO o.a.j.l.DirectJDKLog [main] Starting Servlet engine: [Apache Tomcat/10.1.20]
2024-05-27 20:47:26,334 INFO o.a.j.l.DirectJDKLog [main] Initializing Spring embedded WebApplicationContext
2024-05-27 20:47:26,336 INFO o.s.b.w.s.c.ServletWebServerApplicationContext [main] Root WebApplicationContext: initialization completed in 4151 ms
2024-05-27 20:47:26,686 INFO o.h.j.i.u.LogHelper [main] HHH000204: Processing PersistenceUnitInfo [name: default]
2024-05-27 20:47:26,866 INFO o.h.Version [main] HHH000412: Hibernate ORM core version 6.4.4.Final
2024-05-27 20:47:26,964 INFO o.h.c.i.RegionFactoryInitiator [main] HHH000026: Second-level cache disabled
2024-05-27 20:47:27,587 INFO o.s.o.j.p.SpringPersistenceUnitInfo [main] No LoadTimeWeaver setup: ignoring JPA class transformer
2024-05-27 20:47:27,657 INFO c.z.h.HikariDataSource [main] HikariPool-1 - Starting...
2024-05-27 20:47:28,067 INFO c.z.h.p.HikariPool [main] HikariPool-1 - Added connection org.postgresql.jdbc.PgConnection@2a631049
2024-05-27 20:47:28,072 INFO c.z.h.HikariDataSource [main] HikariPool-1 - Start completed.
2024-05-27 20:47:28,146 WARN o.h.e.j.d.i.DialectFactoryImpl [main] HHH90000025: PostgreSQLDialect does not need to be specified explicitly using 'hibernate.dialect' (remove the property setting and it will be selected by default)
2024-05-27 20:47:30,353 INFO o.h.e.t.j.p.i.JtaPlatformInitiator [main] HHH000489: No JTA platform available (set 'hibernate.transaction.jta.platform' to enable JTA platform integration)
2024-05-27 20:47:30,533 INFO o.s.o.j.AbstractEntityManagerFactoryBean [main] Initialized JPA EntityManagerFactory for persistence unit 'default'
2024-05-27 20:47:31,530 INFO o.s.d.j.r.q.QueryEnhancerFactory [main] Hibernate is in classpath; If applicable, HQL parser will be used.
2024-05-27 20:47:32,686 WARN o.s.b.a.o.j.JpaBaseConfiguration$JpaWebConfiguration [main] spring.jpa.open-in-view is enabled by default. Therefore, database queries may be performed during view rendering. Explicitly configure spring.jpa.open-in-view to disable this warning
2024-05-27 20:47:33,696 INFO o.s.s.w.DefaultSecurityFilterChain [main] Will secure any request with [org.springframework.security.web.session.DisableEncodeUrlFilter@4bd1541f, org.springframework.security.web.context.request.async.WebAsyncManagerIntegrationFilter@78f18a87, org.springframework.security.web.context.SecurityContextHolderFilter@6adee80f, org.springframework.security.web.header.HeaderWriterFilter@8e654f7, org.springframework.web.filter.CorsFilter@77b6d94c, org.springframework.security.web.authentication.logout.LogoutFilter@265ef3d0, com.example.Binarfud.security.jwt.JwtAuthTokenFilter@4d359c69, org.springframework.security.web.savedrequest.RequestCacheAwareFilter@2670435, org.springframework.security.web.servletapi.SecurityContextHolderAwareRequestFilter@682bff78, org.springframework.security.web.authentication.AnonymousAuthenticationFilter@5b51a4c7, org.springframework.security.web.session.SessionManagementFilter@46769bd6, org.springframework.security.web.access.ExceptionTranslationFilter@7cb9295f, org.springframework.security.web.access.intercept.AuthorizationFilter@20326436]
2024-05-27 20:47:34,323 INFO o.a.j.l.DirectJDKLog [main] Starting ProtocolHandler ["http-nio-8080"]
2024-05-27 20:47:34,377 INFO o.s.b.w.e.t.TomcatWebServer [main] Tomcat started on port 8080 (http) with context path ''
2024-05-27 20:47:34,397 INFO o.s.b.StartupInfoLogger [main] Started BinarfudApplication in 13.476 seconds (process running for 16.022)
2024-05-27 20:47:57,031 INFO o.a.j.l.DirectJDKLog [http-nio-8080-exec-2] Initializing Spring DispatcherServlet 'dispatcherServlet'
2024-05-27 20:47:57,031 INFO o.s.w.s.FrameworkServlet [http-nio-8080-exec-2] Initializing Servlet 'dispatcherServlet'
2024-05-27 20:47:57,032 INFO o.s.w.s.FrameworkServlet [http-nio-8080-exec-2] Completed initialization in 1 ms
2024-05-27 20:47:57,242 INFO c.e.B.c.AuthController [http-nio-8080-exec-2] loginRequestDto: LoginRequestDTO(username=mike, password=12345678)
