2024-05-27 20:16:34,179 INFO o.s.b.StartupInfoLogger [main] Starting BinarfudApplication using Java 17.0.2 with PID 15356 (D:\synrgy\sinau_java\F-BJV24001115-synrgy7-syi-binarfud-ch5\target\classes started by hp in D:\synrgy\sinau_java\F-BJV24001115-synrgy7-syi-binarfud-ch5)
2024-05-27 20:16:34,187 INFO o.s.b.SpringApplication [main] No active profile set, falling back to 1 default profile: "default"
2024-05-27 20:16:36,151 INFO o.s.d.r.c.RepositoryConfigurationDelegate [main] Bootstrapping Spring Data JPA repositories in DEFAULT mode.
2024-05-27 20:16:36,307 INFO o.s.d.r.c.RepositoryConfigurationDelegate [main] Finished Spring Data repository scanning in 137 ms. Found 5 JPA repository interfaces.
2024-05-27 20:16:37,552 INFO o.s.b.w.e.t.TomcatWebServer [main] Tomcat initialized with port 8080 (http)
2024-05-27 20:16:37,578 INFO o.a.j.l.DirectJDKLog [main] Initializing ProtocolHandler ["http-nio-8080"]
2024-05-27 20:16:37,585 INFO o.a.j.l.DirectJDKLog [main] Starting service [Tomcat]
2024-05-27 20:16:37,586 INFO o.a.j.l.DirectJDKLog [main] Starting Servlet engine: [Apache Tomcat/10.1.20]
2024-05-27 20:16:37,718 INFO o.a.j.l.DirectJDKLog [main] Initializing Spring embedded WebApplicationContext
2024-05-27 20:16:37,720 INFO o.s.b.w.s.c.ServletWebServerApplicationContext [main] Root WebApplicationContext: initialization completed in 3455 ms
2024-05-27 20:16:37,984 INFO o.h.j.i.u.LogHelper [main] HHH000204: Processing PersistenceUnitInfo [name: default]
2024-05-27 20:16:38,122 INFO o.h.Version [main] HHH000412: Hibernate ORM core version 6.4.4.Final
2024-05-27 20:16:38,203 INFO o.h.c.i.RegionFactoryInitiator [main] HHH000026: Second-level cache disabled
2024-05-27 20:16:38,658 INFO o.s.o.j.p.SpringPersistenceUnitInfo [main] No LoadTimeWeaver setup: ignoring JPA class transformer
2024-05-27 20:16:38,703 INFO c.z.h.HikariDataSource [main] HikariPool-1 - Starting...
2024-05-27 20:16:38,984 INFO c.z.h.p.HikariPool [main] HikariPool-1 - Added connection org.postgresql.jdbc.PgConnection@2404abe2
2024-05-27 20:16:38,988 INFO c.z.h.HikariDataSource [main] HikariPool-1 - Start completed.
2024-05-27 20:16:39,086 WARN o.h.e.j.d.i.DialectFactoryImpl [main] HHH90000025: PostgreSQLDialect does not need to be specified explicitly using 'hibernate.dialect' (remove the property setting and it will be selected by default)
2024-05-27 20:16:40,860 INFO o.h.e.t.j.p.i.JtaPlatformInitiator [main] HHH000489: No JTA platform available (set 'hibernate.transaction.jta.platform' to enable JTA platform integration)
2024-05-27 20:16:41,009 INFO o.s.o.j.AbstractEntityManagerFactoryBean [main] Initialized JPA EntityManagerFactory for persistence unit 'default'
2024-05-27 20:16:41,682 INFO o.s.d.j.r.q.QueryEnhancerFactory [main] Hibernate is in classpath; If applicable, HQL parser will be used.
2024-05-27 20:16:42,640 WARN o.s.b.a.o.j.JpaBaseConfiguration$JpaWebConfiguration [main] spring.jpa.open-in-view is enabled by default. Therefore, database queries may be performed during view rendering. Explicitly configure spring.jpa.open-in-view to disable this warning
2024-05-27 20:16:43,182 INFO o.s.s.w.DefaultSecurityFilterChain [main] Will secure any request with [org.springframework.security.web.session.DisableEncodeUrlFilter@635900ef, org.springframework.security.web.context.request.async.WebAsyncManagerIntegrationFilter@615d74e9, org.springframework.security.web.context.SecurityContextHolderFilter@64f3f849, org.springframework.security.web.header.HeaderWriterFilter@4eb2a0c2, org.springframework.web.filter.CorsFilter@648e25f2, org.springframework.security.web.authentication.logout.LogoutFilter@64903a20, com.example.Binarfud.security.jwt.JwtAuthTokenFilter@6e349258, org.springframework.security.web.savedrequest.RequestCacheAwareFilter@71586f, org.springframework.security.web.servletapi.SecurityContextHolderAwareRequestFilter@15d41953, org.springframework.security.web.authentication.AnonymousAuthenticationFilter@7b6824db, org.springframework.security.web.session.SessionManagementFilter@2d4e6bb2, org.springframework.security.web.access.ExceptionTranslationFilter@67f25c, org.springframework.security.web.access.intercept.AuthorizationFilter@11b26693]
2024-05-27 20:16:43,657 INFO o.a.j.l.DirectJDKLog [main] Starting ProtocolHandler ["http-nio-8080"]
2024-05-27 20:16:43,690 INFO o.s.b.w.e.t.TomcatWebServer [main] Tomcat started on port 8080 (http) with context path ''
2024-05-27 20:16:43,706 INFO o.s.b.StartupInfoLogger [main] Started BinarfudApplication in 10.624 seconds (process running for 11.472)
2024-05-27 20:16:50,387 INFO o.a.j.l.DirectJDKLog [http-nio-8080-exec-1] Initializing Spring DispatcherServlet 'dispatcherServlet'
2024-05-27 20:16:50,388 INFO o.s.w.s.FrameworkServlet [http-nio-8080-exec-1] Initializing Servlet 'dispatcherServlet'
2024-05-27 20:16:50,390 INFO o.s.w.s.FrameworkServlet [http-nio-8080-exec-1] Completed initialization in 1 ms
2024-05-27 20:16:50,536 INFO c.e.B.c.AuthController [http-nio-8080-exec-1] loginRequestDto: LoginRequestDTO(username=mike1, password=12345678)
2024-05-27 20:16:50,868 ERROR c.e.B.c.AuthController [http-nio-8080-exec-1] Authentication failed: Bad credentials
2024-05-27 20:17:11,600 INFO c.e.B.c.AuthController [http-nio-8080-exec-3] loginRequestDto: LoginRequestDTO(username=mike, password=12345678)
2024-05-27 20:17:11,682 ERROR c.e.B.c.AuthController [http-nio-8080-exec-3] Authentication failed: Bad credentials
2024-05-27 20:17:23,613 INFO c.e.B.c.AuthController [http-nio-8080-exec-4] loginRequestDto: LoginRequestDTO(username=mike@gmail.com, password=12345678)
2024-05-27 20:17:23,693 ERROR c.e.B.c.AuthController [http-nio-8080-exec-4] Authentication failed: Bad credentials
2024-05-27 20:17:30,460 INFO c.e.B.c.AuthController [http-nio-8080-exec-5] loginRequestDto: LoginRequestDTO(username=mike, password=12345678)
2024-05-27 20:17:30,545 ERROR c.e.B.c.AuthController [http-nio-8080-exec-5] Authentication failed: Bad credentials
