2024-06-02 21:39:56,282 INFO o.s.o.j.AbstractEntityManagerFactoryBean [SpringApplicationShutdownHook] Closing JPA EntityManagerFactory for persistence unit 'default'
2024-06-02 21:39:56,333 INFO c.z.h.HikariDataSource [SpringApplicationShutdownHook] HikariPool-1 - Shutdown initiated...
2024-06-02 21:39:57,382 INFO c.z.h.HikariDataSource [SpringApplicationShutdownHook] HikariPool-1 - Shutdown completed.
2024-06-02 21:40:04,532 INFO o.s.b.StartupInfoLogger [main] Starting BinarfudApplication using Java 17.0.2 with PID 37064 (D:\synrgy\Binarfud\Binarfud\target\classes started by hp in D:\synrgy\Binarfud\Binarfud)
2024-06-02 21:40:04,536 INFO o.s.b.SpringApplication [main] No active profile set, falling back to 1 default profile: "default"
2024-06-02 21:40:06,353 INFO o.s.d.r.c.RepositoryConfigurationDelegate [main] Bootstrapping Spring Data JPA repositories in DEFAULT mode.
2024-06-02 21:40:06,538 INFO o.s.d.r.c.RepositoryConfigurationDelegate [main] Finished Spring Data repository scanning in 149 ms. Found 7 JPA repository interfaces.
2024-06-02 21:40:07,708 INFO o.s.b.w.e.t.TomcatWebServer [main] Tomcat initialized with port 8080 (http)
2024-06-02 21:40:07,735 INFO o.a.j.l.DirectJDKLog [main] Initializing ProtocolHandler ["http-nio-8080"]
2024-06-02 21:40:07,736 INFO o.a.j.l.DirectJDKLog [main] Starting service [Tomcat]
2024-06-02 21:40:07,736 INFO o.a.j.l.DirectJDKLog [main] Starting Servlet engine: [Apache Tomcat/10.1.20]
2024-06-02 21:40:07,883 INFO o.a.j.l.DirectJDKLog [main] Initializing Spring embedded WebApplicationContext
2024-06-02 21:40:07,883 INFO o.s.b.w.s.c.ServletWebServerApplicationContext [main] Root WebApplicationContext: initialization completed in 3271 ms
2024-06-02 21:40:08,124 INFO o.h.j.i.u.LogHelper [main] HHH000204: Processing PersistenceUnitInfo [name: default]
2024-06-02 21:40:08,257 INFO o.h.Version [main] HHH000412: Hibernate ORM core version 6.4.4.Final
2024-06-02 21:40:08,337 INFO o.h.c.i.RegionFactoryInitiator [main] HHH000026: Second-level cache disabled
2024-06-02 21:40:08,756 INFO o.s.o.j.p.SpringPersistenceUnitInfo [main] No LoadTimeWeaver setup: ignoring JPA class transformer
2024-06-02 21:40:08,799 INFO c.z.h.HikariDataSource [main] HikariPool-1 - Starting...
2024-06-02 21:40:11,842 INFO c.z.h.p.HikariPool [main] HikariPool-1 - Added connection org.postgresql.jdbc.PgConnection@d13379e
2024-06-02 21:40:11,849 INFO c.z.h.HikariDataSource [main] HikariPool-1 - Start completed.
2024-06-02 21:40:12,366 WARN o.h.e.j.d.i.DialectFactoryImpl [main] HHH90000025: PostgreSQLDialect does not need to be specified explicitly using 'hibernate.dialect' (remove the property setting and it will be selected by default)
2024-06-02 21:40:14,358 INFO o.h.e.t.j.p.i.JtaPlatformInitiator [main] HHH000489: No JTA platform available (set 'hibernate.transaction.jta.platform' to enable JTA platform integration)
2024-06-02 21:40:15,514 INFO o.s.o.j.AbstractEntityManagerFactoryBean [main] Initialized JPA EntityManagerFactory for persistence unit 'default'
2024-06-02 21:40:16,373 INFO o.s.d.j.r.q.QueryEnhancerFactory [main] Hibernate is in classpath; If applicable, HQL parser will be used.
2024-06-02 21:40:17,175 WARN o.s.b.a.o.j.JpaBaseConfiguration$JpaWebConfiguration [main] spring.jpa.open-in-view is enabled by default. Therefore, database queries may be performed during view rendering. Explicitly configure spring.jpa.open-in-view to disable this warning
2024-06-02 21:40:17,814 INFO o.s.s.w.DefaultSecurityFilterChain [main] Will secure any request with [org.springframework.security.web.session.DisableEncodeUrlFilter@4ff1e20b, org.springframework.security.web.context.request.async.WebAsyncManagerIntegrationFilter@38c464df, org.springframework.security.web.context.SecurityContextHolderFilter@2400673b, org.springframework.security.web.header.HeaderWriterFilter@686a192d, org.springframework.security.web.authentication.logout.LogoutFilter@a93c88a, org.springframework.security.oauth2.client.web.OAuth2AuthorizationRequestRedirectFilter@66a5f996, org.springframework.security.oauth2.client.web.OAuth2LoginAuthenticationFilter@70f446c, com.example.Binarfud.security.jwt.JwtAuthTokenFilter@6c75c5e8, org.springframework.security.web.authentication.UsernamePasswordAuthenticationFilter@4caeeab6, org.springframework.security.web.savedrequest.RequestCacheAwareFilter@71fa6aa7, org.springframework.security.web.servletapi.SecurityContextHolderAwareRequestFilter@7d60a62f, org.springframework.security.web.authentication.AnonymousAuthenticationFilter@45957b8f, org.springframework.security.web.access.ExceptionTranslationFilter@3d1f809, org.springframework.security.web.access.intercept.AuthorizationFilter@539a50ea]
2024-06-02 21:40:18,203 WARN o.s.s.c.a.w.b.WebSecurity [main] You are asking Spring Security to ignore Mvc [pattern='/webjars/**']. This is not recommended -- please use permitAll via HttpSecurity#authorizeHttpRequests instead.
2024-06-02 21:40:18,203 INFO o.s.s.w.DefaultSecurityFilterChain [main] Will not secure Mvc [pattern='/webjars/**']
2024-06-02 21:40:18,203 WARN o.s.s.c.a.w.b.WebSecurity [main] You are asking Spring Security to ignore Mvc [pattern='/images/**']. This is not recommended -- please use permitAll via HttpSecurity#authorizeHttpRequests instead.
2024-06-02 21:40:18,203 INFO o.s.s.w.DefaultSecurityFilterChain [main] Will not secure Mvc [pattern='/images/**']
2024-06-02 21:40:18,203 WARN o.s.s.c.a.w.b.WebSecurity [main] You are asking Spring Security to ignore Mvc [pattern='/css/**']. This is not recommended -- please use permitAll via HttpSecurity#authorizeHttpRequests instead.
2024-06-02 21:40:18,203 INFO o.s.s.w.DefaultSecurityFilterChain [main] Will not secure Mvc [pattern='/css/**']
2024-06-02 21:40:18,203 WARN o.s.s.c.a.w.b.WebSecurity [main] You are asking Spring Security to ignore Mvc [pattern='/assets/**']. This is not recommended -- please use permitAll via HttpSecurity#authorizeHttpRequests instead.
2024-06-02 21:40:18,203 INFO o.s.s.w.DefaultSecurityFilterChain [main] Will not secure Mvc [pattern='/assets/**']
2024-06-02 21:40:18,203 WARN o.s.s.c.a.w.b.WebSecurity [main] You are asking Spring Security to ignore Mvc [pattern='/favicon.ico']. This is not recommended -- please use permitAll via HttpSecurity#authorizeHttpRequests instead.
2024-06-02 21:40:18,203 INFO o.s.s.w.DefaultSecurityFilterChain [main] Will not secure Mvc [pattern='/favicon.ico']
2024-06-02 21:40:18,259 INFO o.a.j.l.DirectJDKLog [main] Starting ProtocolHandler ["http-nio-8080"]
2024-06-02 21:40:18,293 INFO o.s.b.w.e.t.TomcatWebServer [main] Tomcat started on port 8080 (http) with context path ''
2024-06-02 21:40:18,300 INFO o.s.b.StartupInfoLogger [main] Started BinarfudApplication in 14.659 seconds (process running for 15.359)
2024-06-02 21:40:29,402 INFO o.a.j.l.DirectJDKLog [http-nio-8080-exec-5] Initializing Spring DispatcherServlet 'dispatcherServlet'
2024-06-02 21:40:29,402 INFO o.s.w.s.FrameworkServlet [http-nio-8080-exec-5] Initializing Servlet 'dispatcherServlet'
2024-06-02 21:40:29,405 INFO o.s.w.s.FrameworkServlet [http-nio-8080-exec-5] Completed initialization in 3 ms
2024-06-02 21:40:29,563 INFO c.e.B.c.AuthController [http-nio-8080-exec-5] loginRequestDto: LoginRequestDTO(username=asep2, password=123)
2024-06-02 21:40:30,035 INFO c.e.B.c.AuthController [http-nio-8080-exec-5] authentication: UsernamePasswordAuthenticationToken [Principal=UserDetailsImpl(username=asep2, password=$2a$10$DqhxuBDHprDlD5xjdmlChug8KA81tJalaVZ8cNS9YtC0TUcdik8WW, authorities=[ROLE_USER]), Credentials=[PROTECTED], Authenticated=true, Details=null, Granted Authorities=[ROLE_USER]]
