2024-04-26 21:12:55,792 INFO o.s.o.j.AbstractEntityManagerFactoryBean [SpringApplicationShutdownHook] Closing JPA EntityManagerFactory for persistence unit 'default'
2024-04-26 21:12:55,835 INFO c.z.h.HikariDataSource [SpringApplicationShutdownHook] HikariPool-1 - Shutdown initiated...
2024-04-26 21:12:55,854 INFO c.z.h.HikariDataSource [SpringApplicationShutdownHook] HikariPool-1 - Shutdown completed.
2024-04-26 21:13:02,726 INFO o.s.b.StartupInfoLogger [main] Starting BinarfudApplication using Java 17.0.2 with PID 26428 (D:\synrgy\sinau_java\Binarfud\target\classes started by hp in D:\synrgy\sinau_java\Binarfud)
2024-04-26 21:13:02,732 INFO o.s.b.SpringApplication [main] No active profile set, falling back to 1 default profile: "default"
2024-04-26 21:13:03,914 INFO o.s.d.r.c.RepositoryConfigurationDelegate [main] Bootstrapping Spring Data JPA repositories in DEFAULT mode.
2024-04-26 21:13:04,028 INFO o.s.d.r.c.RepositoryConfigurationDelegate [main] Finished Spring Data repository scanning in 98 ms. Found 4 JPA repository interfaces.
2024-04-26 21:13:04,890 INFO o.s.b.w.e.t.TomcatWebServer [main] Tomcat initialized with port 8080 (http)
2024-04-26 21:13:04,905 INFO o.a.j.l.DirectJDKLog [main] Initializing ProtocolHandler ["http-nio-8080"]
2024-04-26 21:13:04,909 INFO o.a.j.l.DirectJDKLog [main] Starting service [Tomcat]
2024-04-26 21:13:04,910 INFO o.a.j.l.DirectJDKLog [main] Starting Servlet engine: [Apache Tomcat/10.1.20]
2024-04-26 21:13:05,011 INFO o.a.j.l.DirectJDKLog [main] Initializing Spring embedded WebApplicationContext
2024-04-26 21:13:05,013 INFO o.s.b.w.s.c.ServletWebServerApplicationContext [main] Root WebApplicationContext: initialization completed in 2190 ms
2024-04-26 21:13:05,280 INFO c.z.h.HikariDataSource [main] HikariPool-1 - Starting...
2024-04-26 21:13:05,740 INFO c.z.h.p.HikariPool [main] HikariPool-1 - Added connection org.postgresql.jdbc.PgConnection@11d2dd2d
2024-04-26 21:13:05,742 INFO c.z.h.HikariDataSource [main] HikariPool-1 - Start completed.
2024-04-26 21:13:05,825 INFO o.h.j.i.u.LogHelper [main] HHH000204: Processing PersistenceUnitInfo [name: default]
2024-04-26 21:13:05,951 INFO o.h.Version [main] HHH000412: Hibernate ORM core version 6.4.4.Final
2024-04-26 21:13:06,014 INFO o.h.c.i.RegionFactoryInitiator [main] HHH000026: Second-level cache disabled
2024-04-26 21:13:06,634 INFO o.s.o.j.p.SpringPersistenceUnitInfo [main] No LoadTimeWeaver setup: ignoring JPA class transformer
2024-04-26 21:13:08,771 INFO o.h.e.t.j.p.i.JtaPlatformInitiator [main] HHH000489: No JTA platform available (set 'hibernate.transaction.jta.platform' to enable JTA platform integration)
2024-04-26 21:13:08,774 INFO o.s.o.j.AbstractEntityManagerFactoryBean [main] Initialized JPA EntityManagerFactory for persistence unit 'default'
2024-04-26 21:13:09,421 WARN o.s.b.a.o.j.JpaBaseConfiguration$JpaWebConfiguration [main] spring.jpa.open-in-view is enabled by default. Therefore, database queries may be performed during view rendering. Explicitly configure spring.jpa.open-in-view to disable this warning
2024-04-26 21:13:10,045 INFO o.a.j.l.DirectJDKLog [main] Starting ProtocolHandler ["http-nio-8080"]
2024-04-26 21:13:10,090 INFO o.s.b.w.e.t.TomcatWebServer [main] Tomcat started on port 8080 (http) with context path ''
2024-04-26 21:13:10,106 INFO o.s.b.StartupInfoLogger [main] Started BinarfudApplication in 8.327 seconds (process running for 8.967)
2024-04-26 21:13:15,625 INFO o.a.j.l.DirectJDKLog [http-nio-8080-exec-1] Initializing Spring DispatcherServlet 'dispatcherServlet'
2024-04-26 21:13:15,626 INFO o.s.w.s.FrameworkServlet [http-nio-8080-exec-1] Initializing Servlet 'dispatcherServlet'
2024-04-26 21:13:15,632 INFO o.s.w.s.FrameworkServlet [http-nio-8080-exec-1] Completed initialization in 4 ms
2024-04-26 21:13:16,022 INFO c.e.B.s.ProductService [http-nio-8080-exec-1] Products: [Product(id=40eec67b-3cac-498d-8c28-4a40abebb6ff, product_name=Super Besar 1, price=50000, merchant=Merchant(id=c0d6259d-d798-4865-92c4-51386d68176d, merchantName=KFC, merchantLocation=Jakarta, open=true)), Product(id=dc998bf4-a21d-43a6-8453-4b4d04109fd1, product_name=Balsem Drink Extra Jumbo, price=30000, merchant=Merchant(id=c07ba518-f3cb-41e7-8e55-0ad7b1412a85, merchantName=A&W, merchantLocation=Jakarta, open=true)), Product(id=5c112790-592a-441c-8457-5778ad189db5, product_name=Fried Chicken Ala Carte A&W, price=30000, merchant=Merchant(id=c07ba518-f3cb-41e7-8e55-0ad7b1412a85, merchantName=A&W, merchantLocation=Jakarta, open=true)), Product(id=3012586a-6b34-4c85-97f3-6769cb0db340, product_name=Double Fried Chicken Ala Carte A&W, price=60000, merchant=Merchant(id=c07ba518-f3cb-41e7-8e55-0ad7b1412a85, merchantName=A&W, merchantLocation=Jakarta, open=true)), Product(id=c3de017e-05ad-465b-88d5-20f3442b8a48, product_name=Nasi Orak Arik A&W, price=20000, merchant=Merchant(id=c07ba518-f3cb-41e7-8e55-0ad7b1412a85, merchantName=A&W, merchantLocation=Jakarta, open=true)), Product(id=5169b29c-a907-41c1-8136-3afad19193db, product_name=Nasi Orak Arik Jumbo A&W, price=25000, merchant=Merchant(id=c07ba518-f3cb-41e7-8e55-0ad7b1412a85, merchantName=A&W, merchantLocation=Jakarta, open=true)), Product(id=09df436e-8100-482a-a8f8-61acd5656176, product_name=Magelangan Jumbo A&W, price=25000, merchant=Merchant(id=c07ba518-f3cb-41e7-8e55-0ad7b1412a85, merchantName=A&W, merchantLocation=Jakarta, open=true))]
2024-04-26 21:13:26,380 INFO c.e.B.s.UsersService [http-nio-8080-exec-3] Users: [Users(id=4c6995f7-be0c-446c-aac0-45c030e75cd8, username=john_dsoe, emailAddress=john.doe@example.com, password=password123), Users(id=25af6c59-22f3-4bad-87bc-7e4981b5cc08, username=rahul, emailAddress=rahul@example.com, password=password123)]
