2024-06-02 18:34:37,510 INFO o.s.b.StartupInfoLogger [main] Starting BinarfudApplication using Java 17.0.2 with PID 30536 (D:\synrgy\Binarfud\Binarfud\target\classes started by hp in D:\synrgy\Binarfud\Binarfud)
2024-06-02 18:34:37,516 INFO o.s.b.SpringApplication [main] No active profile set, falling back to 1 default profile: "default"
2024-06-02 18:34:38,990 INFO o.s.d.r.c.RepositoryConfigurationDelegate [main] Bootstrapping Spring Data JPA repositories in DEFAULT mode.
2024-06-02 18:34:39,114 INFO o.s.d.r.c.RepositoryConfigurationDelegate [main] Finished Spring Data repository scanning in 112 ms. Found 7 JPA repository interfaces.
2024-06-02 18:34:40,147 INFO o.s.b.w.e.t.TomcatWebServer [main] Tomcat initialized with port 8080 (http)
2024-06-02 18:34:40,169 INFO o.a.j.l.DirectJDKLog [main] Initializing ProtocolHandler ["http-nio-8080"]
2024-06-02 18:34:40,174 INFO o.a.j.l.DirectJDKLog [main] Starting service [Tomcat]
2024-06-02 18:34:40,175 INFO o.a.j.l.DirectJDKLog [main] Starting Servlet engine: [Apache Tomcat/10.1.20]
2024-06-02 18:34:40,283 INFO o.a.j.l.DirectJDKLog [main] Initializing Spring embedded WebApplicationContext
2024-06-02 18:34:40,286 INFO o.s.b.w.s.c.ServletWebServerApplicationContext [main] Root WebApplicationContext: initialization completed in 2712 ms
2024-06-02 18:34:40,524 INFO o.h.j.i.u.LogHelper [main] HHH000204: Processing PersistenceUnitInfo [name: default]
2024-06-02 18:34:40,648 INFO o.h.Version [main] HHH000412: Hibernate ORM core version 6.4.4.Final
2024-06-02 18:34:40,714 INFO o.h.c.i.RegionFactoryInitiator [main] HHH000026: Second-level cache disabled
2024-06-02 18:34:41,141 INFO o.s.o.j.p.SpringPersistenceUnitInfo [main] No LoadTimeWeaver setup: ignoring JPA class transformer
2024-06-02 18:34:41,182 INFO c.z.h.HikariDataSource [main] HikariPool-1 - Starting...
2024-06-02 18:34:42,457 INFO c.z.h.p.HikariPool [main] HikariPool-1 - Added connection org.postgresql.jdbc.PgConnection@4491eaeb
2024-06-02 18:34:42,458 INFO c.z.h.HikariDataSource [main] HikariPool-1 - Start completed.
2024-06-02 18:34:42,547 WARN o.h.e.j.d.i.DialectFactoryImpl [main] HHH90000025: PostgreSQLDialect does not need to be specified explicitly using 'hibernate.dialect' (remove the property setting and it will be selected by default)
2024-06-02 18:34:44,152 INFO o.h.e.t.j.p.i.JtaPlatformInitiator [main] HHH000489: No JTA platform available (set 'hibernate.transaction.jta.platform' to enable JTA platform integration)
2024-06-02 18:34:45,122 INFO o.s.o.j.AbstractEntityManagerFactoryBean [main] Initialized JPA EntityManagerFactory for persistence unit 'default'
2024-06-02 18:34:45,914 INFO o.s.d.j.r.q.QueryEnhancerFactory [main] Hibernate is in classpath; If applicable, HQL parser will be used.
2024-06-02 18:34:47,001 WARN o.s.b.a.o.j.JpaBaseConfiguration$JpaWebConfiguration [main] spring.jpa.open-in-view is enabled by default. Therefore, database queries may be performed during view rendering. Explicitly configure spring.jpa.open-in-view to disable this warning
2024-06-02 18:34:47,810 INFO o.s.s.w.DefaultSecurityFilterChain [main] Will secure any request with [org.springframework.security.web.session.DisableEncodeUrlFilter@3a9d6f5d, org.springframework.security.web.context.request.async.WebAsyncManagerIntegrationFilter@530dd2d7, org.springframework.security.web.context.SecurityContextHolderFilter@1c6d65f7, org.springframework.security.web.header.HeaderWriterFilter@2e3334d, org.springframework.web.filter.CorsFilter@3e6f3ad5, org.springframework.security.web.authentication.logout.LogoutFilter@3bf7c70e, org.springframework.security.oauth2.client.web.OAuth2AuthorizationRequestRedirectFilter@45a824d, org.springframework.security.oauth2.client.web.OAuth2LoginAuthenticationFilter@75630d9e, com.example.Binarfud.security.jwt.JwtAuthTokenFilter@c950fd, org.springframework.security.web.authentication.UsernamePasswordAuthenticationFilter@6621ab0c, org.springframework.security.web.savedrequest.RequestCacheAwareFilter@4e2f6452, org.springframework.security.web.servletapi.SecurityContextHolderAwareRequestFilter@4ff1e20b, org.springframework.security.web.authentication.AnonymousAuthenticationFilter@46e05384, org.springframework.security.web.access.ExceptionTranslationFilter@558bff39, org.springframework.security.web.access.intercept.AuthorizationFilter@12eb281f]
2024-06-02 18:34:48,439 WARN o.s.s.c.a.w.b.WebSecurity [main] You are asking Spring Security to ignore Mvc [pattern='/webjars/**']. This is not recommended -- please use permitAll via HttpSecurity#authorizeHttpRequests instead.
2024-06-02 18:34:48,440 INFO o.s.s.w.DefaultSecurityFilterChain [main] Will not secure Mvc [pattern='/webjars/**']
2024-06-02 18:34:48,443 WARN o.s.s.c.a.w.b.WebSecurity [main] You are asking Spring Security to ignore Mvc [pattern='/images/**']. This is not recommended -- please use permitAll via HttpSecurity#authorizeHttpRequests instead.
2024-06-02 18:34:48,444 INFO o.s.s.w.DefaultSecurityFilterChain [main] Will not secure Mvc [pattern='/images/**']
2024-06-02 18:34:48,444 WARN o.s.s.c.a.w.b.WebSecurity [main] You are asking Spring Security to ignore Mvc [pattern='/css/**']. This is not recommended -- please use permitAll via HttpSecurity#authorizeHttpRequests instead.
2024-06-02 18:34:48,444 INFO o.s.s.w.DefaultSecurityFilterChain [main] Will not secure Mvc [pattern='/css/**']
2024-06-02 18:34:48,444 WARN o.s.s.c.a.w.b.WebSecurity [main] You are asking Spring Security to ignore Mvc [pattern='/assets/**']. This is not recommended -- please use permitAll via HttpSecurity#authorizeHttpRequests instead.
2024-06-02 18:34:48,444 INFO o.s.s.w.DefaultSecurityFilterChain [main] Will not secure Mvc [pattern='/assets/**']
2024-06-02 18:34:48,444 WARN o.s.s.c.a.w.b.WebSecurity [main] You are asking Spring Security to ignore Mvc [pattern='/favicon.ico']. This is not recommended -- please use permitAll via HttpSecurity#authorizeHttpRequests instead.
2024-06-02 18:34:48,445 INFO o.s.s.w.DefaultSecurityFilterChain [main] Will not secure Mvc [pattern='/favicon.ico']
2024-06-02 18:34:48,560 INFO o.a.j.l.DirectJDKLog [main] Starting ProtocolHandler ["http-nio-8080"]
2024-06-02 18:34:48,622 INFO o.s.b.w.e.t.TomcatWebServer [main] Tomcat started on port 8080 (http) with context path ''
2024-06-02 18:34:48,650 INFO o.s.b.StartupInfoLogger [main] Started BinarfudApplication in 11.934 seconds (process running for 12.694)
2024-06-02 18:34:49,243 INFO o.a.j.l.DirectJDKLog [http-nio-8080-exec-1] Initializing Spring DispatcherServlet 'dispatcherServlet'
2024-06-02 18:34:49,244 INFO o.s.w.s.FrameworkServlet [http-nio-8080-exec-1] Initializing Servlet 'dispatcherServlet'
2024-06-02 18:34:49,250 INFO o.s.w.s.FrameworkServlet [http-nio-8080-exec-1] Completed initialization in 4 ms
2024-06-02 18:34:49,558 INFO c.e.B.c.AuthController [http-nio-8080-exec-1] loginRequestDto: LoginRequestDTO(username=asep2, password=123)
2024-06-02 18:34:50,278 INFO c.e.B.c.AuthController [http-nio-8080-exec-1] authentication: UsernamePasswordAuthenticationToken [Principal=UserDetailsImpl(username=asep2, password=$2a$10$DqhxuBDHprDlD5xjdmlChug8KA81tJalaVZ8cNS9YtC0TUcdik8WW, authorities=[ROLE_USER]), Credentials=[PROTECTED], Authenticated=true, Details=null, Granted Authorities=[ROLE_USER]]
