2024-04-29 20:59:06,574 INFO o.s.b.StartupInfoLogger [main] Starting BinarfudApplication using Java 17.0.2 with PID 11856 (D:\synrgy\sinau_java\Binarfud\target\classes started by hp in D:\synrgy\sinau_java\Binarfud)
2024-04-29 20:59:06,581 INFO o.s.b.SpringApplication [main] No active profile set, falling back to 1 default profile: "default"
2024-04-29 20:59:08,295 INFO o.s.d.r.c.RepositoryConfigurationDelegate [main] Bootstrapping Spring Data JPA repositories in DEFAULT mode.
2024-04-29 20:59:08,449 INFO o.s.d.r.c.RepositoryConfigurationDelegate [main] Finished Spring Data repository scanning in 134 ms. Found 4 JPA repository interfaces.
2024-04-29 20:59:10,043 INFO o.s.b.w.e.t.TomcatWebServer [main] Tomcat initialized with port 8080 (http)
2024-04-29 20:59:10,075 INFO o.a.j.l.DirectJDKLog [main] Initializing ProtocolHandler ["http-nio-8080"]
2024-04-29 20:59:10,089 INFO o.a.j.l.DirectJDKLog [main] Starting service [Tomcat]
2024-04-29 20:59:10,090 INFO o.a.j.l.DirectJDKLog [main] Starting Servlet engine: [Apache Tomcat/10.1.20]
2024-04-29 20:59:10,303 INFO o.a.j.l.DirectJDKLog [main] Initializing Spring embedded WebApplicationContext
2024-04-29 20:59:10,308 INFO o.s.b.w.s.c.ServletWebServerApplicationContext [main] Root WebApplicationContext: initialization completed in 3598 ms
2024-04-29 20:59:10,778 INFO o.h.j.i.u.LogHelper [main] HHH000204: Processing PersistenceUnitInfo [name: default]
2024-04-29 20:59:11,026 INFO o.h.Version [main] HHH000412: Hibernate ORM core version 6.4.4.Final
2024-04-29 20:59:11,167 INFO o.h.c.i.RegionFactoryInitiator [main] HHH000026: Second-level cache disabled
2024-04-29 20:59:11,737 INFO o.s.o.j.p.SpringPersistenceUnitInfo [main] No LoadTimeWeaver setup: ignoring JPA class transformer
2024-04-29 20:59:11,811 INFO c.z.h.HikariDataSource [main] HikariPool-1 - Starting...
2024-04-29 20:59:12,305 INFO c.z.h.p.HikariPool [main] HikariPool-1 - Added connection org.postgresql.jdbc.PgConnection@2c579202
2024-04-29 20:59:12,309 INFO c.z.h.HikariDataSource [main] HikariPool-1 - Start completed.
2024-04-29 20:59:12,414 WARN o.h.e.j.d.i.DialectFactoryImpl [main] HHH90000025: PostgreSQLDialect does not need to be specified explicitly using 'hibernate.dialect' (remove the property setting and it will be selected by default)
2024-04-29 20:59:14,225 INFO o.h.e.t.j.p.i.JtaPlatformInitiator [main] HHH000489: No JTA platform available (set 'hibernate.transaction.jta.platform' to enable JTA platform integration)
2024-04-29 20:59:14,516 INFO o.s.o.j.AbstractEntityManagerFactoryBean [main] Initialized JPA EntityManagerFactory for persistence unit 'default'
2024-04-29 20:59:15,241 WARN o.s.b.a.o.j.JpaBaseConfiguration$JpaWebConfiguration [main] spring.jpa.open-in-view is enabled by default. Therefore, database queries may be performed during view rendering. Explicitly configure spring.jpa.open-in-view to disable this warning
2024-04-29 20:59:15,846 INFO o.a.j.l.DirectJDKLog [main] Starting ProtocolHandler ["http-nio-8080"]
2024-04-29 20:59:15,893 INFO o.s.b.w.e.t.TomcatWebServer [main] Tomcat started on port 8080 (http) with context path ''
2024-04-29 20:59:15,912 INFO o.s.b.StartupInfoLogger [main] Started BinarfudApplication in 10.701 seconds (process running for 11.913)
2024-04-29 22:01:22,111 INFO o.a.j.l.DirectJDKLog [http-nio-8080-exec-1] Initializing Spring DispatcherServlet 'dispatcherServlet'
2024-04-29 22:01:22,122 INFO o.s.w.s.FrameworkServlet [http-nio-8080-exec-1] Initializing Servlet 'dispatcherServlet'
2024-04-29 22:01:22,132 INFO o.s.w.s.FrameworkServlet [http-nio-8080-exec-1] Completed initialization in 6 ms
2024-04-29 22:01:23,042 INFO c.e.B.s.ProductService [http-nio-8080-exec-1] Products: [Product(id=40eec67b-3cac-498d-8c28-4a40abebb6ff, product_name=Super Besar 1, price=50000.00, merchant=Merchant(id=c0d6259d-d798-4865-92c4-51386d68176d, merchantName=KFC, merchantLocation=Jakarta, open=true)), Product(id=dc998bf4-a21d-43a6-8453-4b4d04109fd1, product_name=Balsem Drink Extra Jumbo, price=30000.00, merchant=Merchant(id=c07ba518-f3cb-41e7-8e55-0ad7b1412a85, merchantName=A&W, merchantLocation=Jakarta, open=true)), Product(id=5c112790-592a-441c-8457-5778ad189db5, product_name=Fried Chicken Ala Carte A&W, price=30000.00, merchant=Merchant(id=c07ba518-f3cb-41e7-8e55-0ad7b1412a85, merchantName=A&W, merchantLocation=Jakarta, open=true)), Product(id=3012586a-6b34-4c85-97f3-6769cb0db340, product_name=Double Fried Chicken Ala Carte A&W, price=60000.00, merchant=Merchant(id=c07ba518-f3cb-41e7-8e55-0ad7b1412a85, merchantName=A&W, merchantLocation=Jakarta, open=true)), Product(id=c3de017e-05ad-465b-88d5-20f3442b8a48, product_name=Nasi Orak Arik A&W, price=20000.00, merchant=Merchant(id=c07ba518-f3cb-41e7-8e55-0ad7b1412a85, merchantName=A&W, merchantLocation=Jakarta, open=true)), Product(id=5169b29c-a907-41c1-8136-3afad19193db, product_name=Nasi Orak Arik Jumbo A&W, price=25000.00, merchant=Merchant(id=c07ba518-f3cb-41e7-8e55-0ad7b1412a85, merchantName=A&W, merchantLocation=Jakarta, open=true)), Product(id=09df436e-8100-482a-a8f8-61acd5656176, product_name=Magelangan Jumbo A&W, price=25000.00, merchant=Merchant(id=c07ba518-f3cb-41e7-8e55-0ad7b1412a85, merchantName=A&W, merchantLocation=Jakarta, open=true))]
2024-04-29 22:01:23,042 INFO c.e.B.s.ProductService [http-nio-8080-exec-4] Products: [Product(id=40eec67b-3cac-498d-8c28-4a40abebb6ff, product_name=Super Besar 1, price=50000.00, merchant=Merchant(id=c0d6259d-d798-4865-92c4-51386d68176d, merchantName=KFC, merchantLocation=Jakarta, open=true)), Product(id=dc998bf4-a21d-43a6-8453-4b4d04109fd1, product_name=Balsem Drink Extra Jumbo, price=30000.00, merchant=Merchant(id=c07ba518-f3cb-41e7-8e55-0ad7b1412a85, merchantName=A&W, merchantLocation=Jakarta, open=true)), Product(id=5c112790-592a-441c-8457-5778ad189db5, product_name=Fried Chicken Ala Carte A&W, price=30000.00, merchant=Merchant(id=c07ba518-f3cb-41e7-8e55-0ad7b1412a85, merchantName=A&W, merchantLocation=Jakarta, open=true)), Product(id=3012586a-6b34-4c85-97f3-6769cb0db340, product_name=Double Fried Chicken Ala Carte A&W, price=60000.00, merchant=Merchant(id=c07ba518-f3cb-41e7-8e55-0ad7b1412a85, merchantName=A&W, merchantLocation=Jakarta, open=true)), Product(id=c3de017e-05ad-465b-88d5-20f3442b8a48, product_name=Nasi Orak Arik A&W, price=20000.00, merchant=Merchant(id=c07ba518-f3cb-41e7-8e55-0ad7b1412a85, merchantName=A&W, merchantLocation=Jakarta, open=true)), Product(id=5169b29c-a907-41c1-8136-3afad19193db, product_name=Nasi Orak Arik Jumbo A&W, price=25000.00, merchant=Merchant(id=c07ba518-f3cb-41e7-8e55-0ad7b1412a85, merchantName=A&W, merchantLocation=Jakarta, open=true)), Product(id=09df436e-8100-482a-a8f8-61acd5656176, product_name=Magelangan Jumbo A&W, price=25000.00, merchant=Merchant(id=c07ba518-f3cb-41e7-8e55-0ad7b1412a85, merchantName=A&W, merchantLocation=Jakarta, open=true))]
2024-04-29 22:01:30,498 INFO c.e.B.s.ProductService [http-nio-8080-exec-5] Products: [Product(id=40eec67b-3cac-498d-8c28-4a40abebb6ff, product_name=Super Besar 1, price=50000.00, merchant=Merchant(id=c0d6259d-d798-4865-92c4-51386d68176d, merchantName=KFC, merchantLocation=Jakarta, open=true)), Product(id=dc998bf4-a21d-43a6-8453-4b4d04109fd1, product_name=Balsem Drink Extra Jumbo, price=30000.00, merchant=Merchant(id=c07ba518-f3cb-41e7-8e55-0ad7b1412a85, merchantName=A&W, merchantLocation=Jakarta, open=true)), Product(id=5c112790-592a-441c-8457-5778ad189db5, product_name=Fried Chicken Ala Carte A&W, price=30000.00, merchant=Merchant(id=c07ba518-f3cb-41e7-8e55-0ad7b1412a85, merchantName=A&W, merchantLocation=Jakarta, open=true)), Product(id=3012586a-6b34-4c85-97f3-6769cb0db340, product_name=Double Fried Chicken Ala Carte A&W, price=60000.00, merchant=Merchant(id=c07ba518-f3cb-41e7-8e55-0ad7b1412a85, merchantName=A&W, merchantLocation=Jakarta, open=true)), Product(id=c3de017e-05ad-465b-88d5-20f3442b8a48, product_name=Nasi Orak Arik A&W, price=20000.00, merchant=Merchant(id=c07ba518-f3cb-41e7-8e55-0ad7b1412a85, merchantName=A&W, merchantLocation=Jakarta, open=true)), Product(id=5169b29c-a907-41c1-8136-3afad19193db, product_name=Nasi Orak Arik Jumbo A&W, price=25000.00, merchant=Merchant(id=c07ba518-f3cb-41e7-8e55-0ad7b1412a85, merchantName=A&W, merchantLocation=Jakarta, open=true)), Product(id=09df436e-8100-482a-a8f8-61acd5656176, product_name=Magelangan Jumbo A&W, price=25000.00, merchant=Merchant(id=c07ba518-f3cb-41e7-8e55-0ad7b1412a85, merchantName=A&W, merchantLocation=Jakarta, open=true))]
2024-04-29 22:01:40,124 WARN o.s.w.s.h.AbstractHandlerExceptionResolver [http-nio-8080-exec-6] Resolved [org.springframework.web.method.annotation.MethodArgumentTypeMismatchException: Failed to convert value of type 'java.lang.String' to required type 'java.util.UUID'; Invalid UUID string: dsadsaadsads]
