2024-04-26 18:26:56,670 INFO o.s.b.StartupInfoLogger [main] Starting BinarfudApplication using Java 17.0.2 with PID 17812 (D:\synrgy\sinau_java\Binarfud\target\classes started by hp in D:\synrgy\sinau_java\Binarfud)
2024-04-26 18:26:56,677 INFO o.s.b.SpringApplication [main] No active profile set, falling back to 1 default profile: "default"
2024-04-26 18:26:57,849 INFO o.s.d.r.c.RepositoryConfigurationDelegate [main] Bootstrapping Spring Data JPA repositories in DEFAULT mode.
2024-04-26 18:26:57,986 INFO o.s.d.r.c.RepositoryConfigurationDelegate [main] Finished Spring Data repository scanning in 109 ms. Found 4 JPA repository interfaces.
2024-04-26 18:26:59,003 INFO o.s.b.w.e.t.TomcatWebServer [main] Tomcat initialized with port 8080 (http)
2024-04-26 18:26:59,018 INFO o.a.j.l.DirectJDKLog [main] Initializing ProtocolHandler ["http-nio-8080"]
2024-04-26 18:26:59,021 INFO o.a.j.l.DirectJDKLog [main] Starting service [Tomcat]
2024-04-26 18:26:59,023 INFO o.a.j.l.DirectJDKLog [main] Starting Servlet engine: [Apache Tomcat/10.1.20]
2024-04-26 18:26:59,111 INFO o.a.j.l.DirectJDKLog [main] Initializing Spring embedded WebApplicationContext
2024-04-26 18:26:59,113 INFO o.s.b.w.s.c.ServletWebServerApplicationContext [main] Root WebApplicationContext: initialization completed in 2350 ms
2024-04-26 18:26:59,366 INFO c.z.h.HikariDataSource [main] HikariPool-1 - Starting...
2024-04-26 18:26:59,771 INFO c.z.h.p.HikariPool [main] HikariPool-1 - Added connection org.postgresql.jdbc.PgConnection@3946075
2024-04-26 18:26:59,776 INFO c.z.h.HikariDataSource [main] HikariPool-1 - Start completed.
2024-04-26 18:26:59,872 INFO o.h.j.i.u.LogHelper [main] HHH000204: Processing PersistenceUnitInfo [name: default]
2024-04-26 18:26:59,995 INFO o.h.Version [main] HHH000412: Hibernate ORM core version 6.4.4.Final
2024-04-26 18:27:00,064 INFO o.h.c.i.RegionFactoryInitiator [main] HHH000026: Second-level cache disabled
2024-04-26 18:27:00,560 INFO o.s.o.j.p.SpringPersistenceUnitInfo [main] No LoadTimeWeaver setup: ignoring JPA class transformer
2024-04-26 18:27:01,949 INFO o.h.e.t.j.p.i.JtaPlatformInitiator [main] HHH000489: No JTA platform available (set 'hibernate.transaction.jta.platform' to enable JTA platform integration)
2024-04-26 18:27:01,952 INFO o.s.o.j.AbstractEntityManagerFactoryBean [main] Initialized JPA EntityManagerFactory for persistence unit 'default'
2024-04-26 18:27:02,316 WARN o.s.b.a.o.j.JpaBaseConfiguration$JpaWebConfiguration [main] spring.jpa.open-in-view is enabled by default. Therefore, database queries may be performed during view rendering. Explicitly configure spring.jpa.open-in-view to disable this warning
2024-04-26 18:27:02,733 INFO o.a.j.l.DirectJDKLog [main] Starting ProtocolHandler ["http-nio-8080"]
2024-04-26 18:27:02,755 INFO o.s.b.w.e.t.TomcatWebServer [main] Tomcat started on port 8080 (http) with context path ''
2024-04-26 18:27:02,766 INFO o.s.b.StartupInfoLogger [main] Started BinarfudApplication in 7.069 seconds (process running for 7.788)
2024-04-26 18:27:08,005 INFO o.a.j.l.DirectJDKLog [http-nio-8080-exec-2] Initializing Spring DispatcherServlet 'dispatcherServlet'
2024-04-26 18:27:08,006 INFO o.s.w.s.FrameworkServlet [http-nio-8080-exec-2] Initializing Servlet 'dispatcherServlet'
2024-04-26 18:27:08,007 INFO o.s.w.s.FrameworkServlet [http-nio-8080-exec-2] Completed initialization in 1 ms
2024-04-26 18:27:08,237 INFO c.e.B.s.ProductService [http-nio-8080-exec-2] Products: []
2024-04-26 18:27:15,701 INFO c.e.B.s.ProductService [http-nio-8080-exec-3] Product saved: Product(id=8bd73cca-dc0a-4837-bb69-beefe7b1cbf9, product_name=Super Besar 1, price=50000, merchant=Merchant(id=940df57f-19bd-44dc-b43a-a71e7228747e, merchantName=null, merchantLocation=null, open=false, products=null))
2024-04-26 18:28:45,253 INFO c.e.B.s.ProductService [http-nio-8080-exec-6] Product saved: Product(id=ef6b8f2a-9887-4c89-a896-a68db90278fa, product_name=Super Besar 1, price=50000, merchant=Merchant(id=940df57f-19bd-44dc-b43a-a71e7228747e, merchantName=KFC, merchantLocation=Jakarta, open=true, products=null))
2024-04-26 18:28:51,794 INFO c.e.B.s.ProductService [http-nio-8080-exec-7] Products: [Product(id=8bd73cca-dc0a-4837-bb69-beefe7b1cbf9, product_name=Super Besar 1, price=50000, merchant=null), Product(id=ef6b8f2a-9887-4c89-a896-a68db90278fa, product_name=Super Besar 1, price=50000, merchant=null)]
2024-04-26 18:28:55,904 INFO c.e.B.s.MerchantService [http-nio-8080-exec-8] Merchants: [Merchant(id=940df57f-19bd-44dc-b43a-a71e7228747e, merchantName=KFC, merchantLocation=Jakarta, open=true, products=[]), Merchant(id=a9499d73-cd6e-4939-b1db-570d3ad64de4, merchantName=A&W, merchantLocation=Jakarta, open=true, products=[])]
2024-04-26 18:30:00,482 INFO o.s.o.j.AbstractEntityManagerFactoryBean [SpringApplicationShutdownHook] Closing JPA EntityManagerFactory for persistence unit 'default'
2024-04-26 18:30:00,495 INFO c.z.h.HikariDataSource [SpringApplicationShutdownHook] HikariPool-1 - Shutdown initiated...
2024-04-26 18:30:00,506 INFO c.z.h.HikariDataSource [SpringApplicationShutdownHook] HikariPool-1 - Shutdown completed.
