2024-05-17 15:12:27,791 INFO o.s.o.j.AbstractEntityManagerFactoryBean [SpringApplicationShutdownHook] Closing JPA EntityManagerFactory for persistence unit 'default'
2024-05-17 15:12:27,799 INFO c.z.h.HikariDataSource [SpringApplicationShutdownHook] HikariPool-1 - Shutdown initiated...
2024-05-17 15:12:27,802 INFO c.z.h.HikariDataSource [SpringApplicationShutdownHook] HikariPool-1 - Shutdown completed.
2024-05-17 15:13:27,358 INFO o.s.b.StartupInfoLogger [main] Starting BinarfudApplication using Java 17.0.2 with PID 26828 (D:\synrgy\sinau_java\F-BJV24001115-synrgy7-syi-binarfud-ch4\target\classes started by hp in D:\synrgy\sinau_java\F-BJV24001115-synrgy7-syi-binarfud-ch4)
2024-05-17 15:13:27,367 INFO o.s.b.SpringApplication [main] No active profile set, falling back to 1 default profile: "default"
2024-05-17 15:13:29,110 INFO o.s.d.r.c.RepositoryConfigurationDelegate [main] Bootstrapping Spring Data JPA repositories in DEFAULT mode.
2024-05-17 15:13:29,229 INFO o.s.d.r.c.RepositoryConfigurationDelegate [main] Finished Spring Data repository scanning in 102 ms. Found 5 JPA repository interfaces.
2024-05-17 15:13:30,259 INFO o.s.b.w.e.t.TomcatWebServer [main] Tomcat initialized with port 8080 (http)
2024-05-17 15:13:30,275 INFO o.a.j.l.DirectJDKLog [main] Initializing ProtocolHandler ["http-nio-8080"]
2024-05-17 15:13:30,280 INFO o.a.j.l.DirectJDKLog [main] Starting service [Tomcat]
2024-05-17 15:13:30,280 INFO o.a.j.l.DirectJDKLog [main] Starting Servlet engine: [Apache Tomcat/10.1.20]
2024-05-17 15:13:30,396 INFO o.a.j.l.DirectJDKLog [main] Initializing Spring embedded WebApplicationContext
2024-05-17 15:13:30,398 INFO o.s.b.w.s.c.ServletWebServerApplicationContext [main] Root WebApplicationContext: initialization completed in 2809 ms
2024-05-17 15:13:30,685 INFO o.h.j.i.u.LogHelper [main] HHH000204: Processing PersistenceUnitInfo [name: default]
2024-05-17 15:13:30,904 INFO o.h.Version [main] HHH000412: Hibernate ORM core version 6.4.4.Final
2024-05-17 15:13:31,022 INFO o.h.c.i.RegionFactoryInitiator [main] HHH000026: Second-level cache disabled
2024-05-17 15:13:31,462 INFO o.s.o.j.p.SpringPersistenceUnitInfo [main] No LoadTimeWeaver setup: ignoring JPA class transformer
2024-05-17 15:13:31,506 INFO c.z.h.HikariDataSource [main] HikariPool-1 - Starting...
2024-05-17 15:13:32,036 INFO c.z.h.p.HikariPool [main] HikariPool-1 - Added connection org.postgresql.jdbc.PgConnection@6c27e700
2024-05-17 15:13:32,040 INFO c.z.h.HikariDataSource [main] HikariPool-1 - Start completed.
2024-05-17 15:13:32,123 WARN o.h.e.j.d.i.DialectFactoryImpl [main] HHH90000025: PostgreSQLDialect does not need to be specified explicitly using 'hibernate.dialect' (remove the property setting and it will be selected by default)
2024-05-17 15:13:33,542 INFO o.h.e.t.j.p.i.JtaPlatformInitiator [main] HHH000489: No JTA platform available (set 'hibernate.transaction.jta.platform' to enable JTA platform integration)
2024-05-17 15:13:33,734 INFO o.s.o.j.AbstractEntityManagerFactoryBean [main] Initialized JPA EntityManagerFactory for persistence unit 'default'
2024-05-17 15:13:34,122 INFO o.s.d.j.r.q.QueryEnhancerFactory [main] Hibernate is in classpath; If applicable, HQL parser will be used.
2024-05-17 15:13:34,466 WARN o.s.b.a.o.j.JpaBaseConfiguration$JpaWebConfiguration [main] spring.jpa.open-in-view is enabled by default. Therefore, database queries may be performed during view rendering. Explicitly configure spring.jpa.open-in-view to disable this warning
2024-05-17 15:13:35,098 INFO o.a.j.l.DirectJDKLog [main] Starting ProtocolHandler ["http-nio-8080"]
2024-05-17 15:13:35,134 INFO o.s.b.w.e.t.TomcatWebServer [main] Tomcat started on port 8080 (http) with context path ''
2024-05-17 15:13:35,146 INFO o.s.b.StartupInfoLogger [main] Started BinarfudApplication in 8.755 seconds (process running for 9.411)
2024-05-17 15:13:35,784 INFO o.a.j.l.DirectJDKLog [http-nio-8080-exec-1] Initializing Spring DispatcherServlet 'dispatcherServlet'
2024-05-17 15:13:35,784 INFO o.s.w.s.FrameworkServlet [http-nio-8080-exec-1] Initializing Servlet 'dispatcherServlet'
2024-05-17 15:13:35,786 INFO o.s.w.s.FrameworkServlet [http-nio-8080-exec-1] Completed initialization in 2 ms
2024-05-17 15:13:36,006 ERROR o.a.j.l.DirectJDKLog [http-nio-8080-exec-1] Servlet.service() for servlet [dispatcherServlet] in context with path [] threw exception [Handler dispatch failed: java.lang.StackOverflowError] with root cause
java.lang.StackOverflowError: null
	at com.example.Binarfud.model.Orders.toString(Orders.java:15)
	at java.base/java.lang.StringConcatHelper.stringOf(StringConcatHelper.java:453)
	at com.example.Binarfud.model.OrderDetail.toString(OrderDetail.java:10)
	at java.base/java.lang.String.valueOf(String.java:4215)
	at java.base/java.lang.StringBuilder.append(StringBuilder.java:173)
	at java.base/java.util.AbstractCollection.toString(AbstractCollection.java:457)
	at org.hibernate.collection.spi.PersistentBag.toString(PersistentBag.java:590)
	at java.base/java.lang.StringConcatHelper.stringOf(StringConcatHelper.java:453)
	at com.example.Binarfud.model.Orders.toString(Orders.java:15)
	at java.base/java.lang.StringConcatHelper.stringOf(StringConcatHelper.java:453)
	at com.example.Binarfud.model.OrderDetail.toString(OrderDetail.java:10)
	at java.base/java.lang.String.valueOf(String.java:4215)
	at java.base/java.lang.StringBuilder.append(StringBuilder.java:173)
	at java.base/java.util.AbstractCollection.toString(AbstractCollection.java:457)
	at org.hibernate.collection.spi.PersistentBag.toString(PersistentBag.java:590)
	at java.base/java.lang.StringConcatHelper.stringOf(StringConcatHelper.java:453)
	at com.example.Binarfud.model.Orders.toString(Orders.java:15)
	at java.base/java.lang.StringConcatHelper.stringOf(StringConcatHelper.java:453)
	at com.example.Binarfud.model.OrderDetail.toString(OrderDetail.java:10)
	at java.base/java.lang.String.valueOf(String.java:4215)
	at java.base/java.lang.StringBuilder.append(StringBuilder.java:173)
	at java.base/java.util.AbstractCollection.toString(AbstractCollection.java:457)
	at org.hibernate.collection.spi.PersistentBag.toString(PersistentBag.java:590)
	at java.base/java.lang.StringConcatHelper.stringOf(StringConcatHelper.java:453)
	at com.example.Binarfud.model.Orders.toString(Orders.java:15)
	at java.base/java.lang.StringConcatHelper.stringOf(StringConcatHelper.java:453)
	at com.example.Binarfud.model.OrderDetail.toString(OrderDetail.java:10)
	at java.base/java.lang.String.valueOf(String.java:4215)
	at java.base/java.lang.StringBuilder.append(StringBuilder.java:173)
	at java.base/java.util.AbstractCollection.toString(AbstractCollection.java:457)
	at org.hibernate.collection.spi.PersistentBag.toString(PersistentBag.java:590)
	at java.base/java.lang.StringConcatHelper.stringOf(StringConcatHelper.java:453)
	at com.example.Binarfud.model.Orders.toString(Orders.java:15)
	at java.base/java.lang.StringConcatHelper.stringOf(StringConcatHelper.java:453)
	at com.example.Binarfud.model.OrderDetail.toString(OrderDetail.java:10)
	at java.base/java.lang.String.valueOf(String.java:4215)
	at java.base/java.lang.StringBuilder.append(StringBuilder.java:173)
	at java.base/java.util.AbstractCollection.toString(AbstractCollection.java:457)
	at org.hibernate.collection.spi.PersistentBag.toString(PersistentBag.java:590)
	at java.base/java.lang.StringConcatHelper.stringOf(StringConcatHelper.java:453)
	at com.example.Binarfud.model.Orders.toString(Orders.java:15)
	at java.base/java.lang.StringConcatHelper.stringOf(StringConcatHelper.java:453)
	at com.example.Binarfud.model.OrderDetail.toString(OrderDetail.java:10)
	at java.base/java.lang.String.valueOf(String.java:4215)
	at java.base/java.lang.StringBuilder.append(StringBuilder.java:173)
	at java.base/java.util.AbstractCollection.toString(AbstractCollection.java:457)
	at org.hibernate.collection.spi.PersistentBag.toString(PersistentBag.java:590)
	at java.base/java.lang.StringConcatHelper.stringOf(StringConcatHelper.java:453)
	at com.example.Binarfud.model.Orders.toString(Orders.java:15)
	at java.base/java.lang.StringConcatHelper.stringOf(StringConcatHelper.java:453)
	at com.example.Binarfud.model.OrderDetail.toString(OrderDetail.java:10)
	at java.base/java.lang.String.valueOf(String.java:4215)
	at java.base/java.lang.StringBuilder.append(StringBuilder.java:173)
	at java.base/java.util.AbstractCollection.toString(AbstractCollection.java:457)
	at org.hibernate.collection.spi.PersistentBag.toString(PersistentBag.java:590)
	at java.base/java.lang.StringConcatHelper.stringOf(StringConcatHelper.java:453)
	at com.example.Binarfud.model.Orders.toString(Orders.java:15)
	at java.base/java.lang.StringConcatHelper.stringOf(StringConcatHelper.java:453)
	at com.example.Binarfud.model.OrderDetail.toString(OrderDetail.java:10)
	at java.base/java.lang.String.valueOf(String.java:4215)
	at java.base/java.lang.StringBuilder.append(StringBuilder.java:173)
	at java.base/java.util.AbstractCollection.toString(AbstractCollection.java:457)
	at org.hibernate.collection.spi.PersistentBag.toString(PersistentBag.java:590)
	at java.base/java.lang.StringConcatHelper.stringOf(StringConcatHelper.java:453)
	at com.example.Binarfud.model.Orders.toString(Orders.java:15)
	at java.base/java.lang.StringConcatHelper.stringOf(StringConcatHelper.java:453)
	at com.example.Binarfud.model.OrderDetail.toString(OrderDetail.java:10)
	at java.base/java.lang.String.valueOf(String.java:4215)
	at java.base/java.lang.StringBuilder.append(StringBuilder.java:173)
	at java.base/java.util.AbstractCollection.toString(AbstractCollection.java:457)
	at org.hibernate.collection.spi.PersistentBag.toString(PersistentBag.java:590)
	at java.base/java.lang.StringConcatHelper.stringOf(StringConcatHelper.java:453)
	at com.example.Binarfud.model.Orders.toString(Orders.java:15)
	at java.base/java.lang.StringConcatHelper.stringOf(StringConcatHelper.java:453)
	at com.example.Binarfud.model.OrderDetail.toString(OrderDetail.java:10)
	at java.base/java.lang.String.valueOf(String.java:4215)
	at java.base/java.lang.StringBuilder.append(StringBuilder.java:173)
	at java.base/java.util.AbstractCollection.toString(AbstractCollection.java:457)
	at org.hibernate.collection.spi.PersistentBag.toString(PersistentBag.java:590)
	at java.base/java.lang.StringConcatHelper.stringOf(StringConcatHelper.java:453)
	at com.example.Binarfud.model.Orders.toString(Orders.java:15)
	at java.base/java.lang.StringConcatHelper.stringOf(StringConcatHelper.java:453)
	at com.example.Binarfud.model.OrderDetail.toString(OrderDetail.java:10)
	at java.base/java.lang.String.valueOf(String.java:4215)
	at java.base/java.lang.StringBuilder.append(StringBuilder.java:173)
	at java.base/java.util.AbstractCollection.toString(AbstractCollection.java:457)
	at org.hibernate.collection.spi.PersistentBag.toString(PersistentBag.java:590)
	at java.base/java.lang.StringConcatHelper.stringOf(StringConcatHelper.java:453)
	at com.example.Binarfud.model.Orders.toString(Orders.java:15)
	at java.base/java.lang.StringConcatHelper.stringOf(StringConcatHelper.java:453)
	at com.example.Binarfud.model.OrderDetail.toString(OrderDetail.java:10)
	at java.base/java.lang.String.valueOf(String.java:4215)
	at java.base/java.lang.StringBuilder.append(StringBuilder.java:173)
	at java.base/java.util.AbstractCollection.toString(AbstractCollection.java:457)
	at org.hibernate.collection.spi.PersistentBag.toString(PersistentBag.java:590)
	at java.base/java.lang.StringConcatHelper.stringOf(StringConcatHelper.java:453)
	at com.example.Binarfud.model.Orders.toString(Orders.java:15)
	at java.base/java.lang.StringConcatHelper.stringOf(StringConcatHelper.java:453)
	at com.example.Binarfud.model.OrderDetail.toString(OrderDetail.java:10)
	at java.base/java.lang.String.valueOf(String.java:4215)
	at java.base/java.lang.StringBuilder.append(StringBuilder.java:173)
	at java.base/java.util.AbstractCollection.toString(AbstractCollection.java:457)
	at org.hibernate.collection.spi.PersistentBag.toString(PersistentBag.java:590)
	at java.base/java.lang.StringConcatHelper.stringOf(StringConcatHelper.java:453)
	at com.example.Binarfud.model.Orders.toString(Orders.java:15)
	at java.base/java.lang.StringConcatHelper.stringOf(StringConcatHelper.java:453)
	at com.example.Binarfud.model.OrderDetail.toString(OrderDetail.java:10)
	at java.base/java.lang.String.valueOf(String.java:4215)
	at java.base/java.lang.StringBuilder.append(StringBuilder.java:173)
	at java.base/java.util.AbstractCollection.toString(AbstractCollection.java:457)
	at org.hibernate.collection.spi.PersistentBag.toString(PersistentBag.java:590)
	at java.base/java.lang.StringConcatHelper.stringOf(StringConcatHelper.java:453)
	at com.example.Binarfud.model.Orders.toString(Orders.java:15)
	at java.base/java.lang.StringConcatHelper.stringOf(StringConcatHelper.java:453)
	at com.example.Binarfud.model.OrderDetail.toString(OrderDetail.java:10)
	at java.base/java.lang.String.valueOf(String.java:4215)
	at java.base/java.lang.StringBuilder.append(StringBuilder.java:173)
	at java.base/java.util.AbstractCollection.toString(AbstractCollection.java:457)
	at org.hibernate.collection.spi.PersistentBag.toString(PersistentBag.java:590)
	at java.base/java.lang.StringConcatHelper.stringOf(StringConcatHelper.java:453)
	at com.example.Binarfud.model.Orders.toString(Orders.java:15)
	at java.base/java.lang.StringConcatHelper.stringOf(StringConcatHelper.java:453)
	at com.example.Binarfud.model.OrderDetail.toString(OrderDetail.java:10)
	at java.base/java.lang.String.valueOf(String.java:4215)
	at java.base/java.lang.StringBuilder.append(StringBuilder.java:173)
	at java.base/java.util.AbstractCollection.toString(AbstractCollection.java:457)
	at org.hibernate.collection.spi.PersistentBag.toString(PersistentBag.java:590)
	at java.base/java.lang.StringConcatHelper.stringOf(StringConcatHelper.java:453)
	at com.example.Binarfud.model.Orders.toString(Orders.java:15)
	at java.base/java.lang.StringConcatHelper.stringOf(StringConcatHelper.java:453)
	at com.example.Binarfud.model.OrderDetail.toString(OrderDetail.java:10)
	at java.base/java.lang.String.valueOf(String.java:4215)
	at java.base/java.lang.StringBuilder.append(StringBuilder.java:173)
	at java.base/java.util.AbstractCollection.toString(AbstractCollection.java:457)
	at org.hibernate.collection.spi.PersistentBag.toString(PersistentBag.java:590)
	at java.base/java.lang.StringConcatHelper.stringOf(StringConcatHelper.java:453)
	at com.example.Binarfud.model.Orders.toString(Orders.java:15)
	at java.base/java.lang.StringConcatHelper.stringOf(StringConcatHelper.java:453)
	at com.example.Binarfud.model.OrderDetail.toString(OrderDetail.java:10)
	at java.base/java.lang.String.valueOf(String.java:4215)
	at java.base/java.lang.StringBuilder.append(StringBuilder.java:173)
	at java.base/java.util.AbstractCollection.toString(AbstractCollection.java:457)
	at org.hibernate.collection.spi.PersistentBag.toString(PersistentBag.java:590)
	at java.base/java.lang.StringConcatHelper.stringOf(StringConcatHelper.java:453)
	at com.example.Binarfud.model.Orders.toString(Orders.java:15)
	at java.base/java.lang.StringConcatHelper.stringOf(StringConcatHelper.java:453)
	at com.example.Binarfud.model.OrderDetail.toString(OrderDetail.java:10)
	at java.base/java.lang.String.valueOf(String.java:4215)
	at java.base/java.lang.StringBuilder.append(StringBuilder.java:173)
	at java.base/java.util.AbstractCollection.toString(AbstractCollection.java:457)
	at org.hibernate.collection.spi.PersistentBag.toString(PersistentBag.java:590)
	at java.base/java.lang.StringConcatHelper.stringOf(StringConcatHelper.java:453)
	at com.example.Binarfud.model.Orders.toString(Orders.java:15)
	at java.base/java.lang.StringConcatHelper.stringOf(StringConcatHelper.java:453)
	at com.example.Binarfud.model.OrderDetail.toString(OrderDetail.java:10)
	at java.base/java.lang.String.valueOf(String.java:4215)
	at java.base/java.lang.StringBuilder.append(StringBuilder.java:173)
	at java.base/java.util.AbstractCollection.toString(AbstractCollection.java:457)
	at org.hibernate.collection.spi.PersistentBag.toString(PersistentBag.java:590)
	at java.base/java.lang.StringConcatHelper.stringOf(StringConcatHelper.java:453)
	at com.example.Binarfud.model.Orders.toString(Orders.java:15)
	at java.base/java.lang.StringConcatHelper.stringOf(StringConcatHelper.java:453)
	at com.example.Binarfud.model.OrderDetail.toString(OrderDetail.java:10)
	at java.base/java.lang.String.valueOf(String.java:4215)
	at java.base/java.lang.StringBuilder.append(StringBuilder.java:173)
	at java.base/java.util.AbstractCollection.toString(AbstractCollection.java:457)
	at org.hibernate.collection.spi.PersistentBag.toString(PersistentBag.java:590)
	at java.base/java.lang.StringConcatHelper.stringOf(StringConcatHelper.java:453)
	at com.example.Binarfud.model.Orders.toString(Orders.java:15)
	at java.base/java.lang.StringConcatHelper.stringOf(StringConcatHelper.java:453)
	at com.example.Binarfud.model.OrderDetail.toString(OrderDetail.java:10)
	at java.base/java.lang.String.valueOf(String.java:4215)
	at java.base/java.lang.StringBuilder.append(StringBuilder.java:173)
	at java.base/java.util.AbstractCollection.toString(AbstractCollection.java:457)
	at org.hibernate.collection.spi.PersistentBag.toString(PersistentBag.java:590)
	at java.base/java.lang.StringConcatHelper.stringOf(StringConcatHelper.java:453)
	at com.example.Binarfud.model.Orders.toString(Orders.java:15)
	at java.base/java.lang.StringConcatHelper.stringOf(StringConcatHelper.java:453)
	at com.example.Binarfud.model.OrderDetail.toString(OrderDetail.java:10)
	at java.base/java.lang.String.valueOf(String.java:4215)
	at java.base/java.lang.StringBuilder.append(StringBuilder.java:173)
	at java.base/java.util.AbstractCollection.toString(AbstractCollection.java:457)
	at org.hibernate.collection.spi.PersistentBag.toString(PersistentBag.java:590)
	at java.base/java.lang.StringConcatHelper.stringOf(StringConcatHelper.java:453)
	at com.example.Binarfud.model.Orders.toString(Orders.java:15)
	at java.base/java.lang.StringConcatHelper.stringOf(StringConcatHelper.java:453)
	at com.example.Binarfud.model.OrderDetail.toString(OrderDetail.java:10)
	at java.base/java.lang.String.valueOf(String.java:4215)
	at java.base/java.lang.StringBuilder.append(StringBuilder.java:173)
	at java.base/java.util.AbstractCollection.toString(AbstractCollection.java:457)
	at org.hibernate.collection.spi.PersistentBag.toString(PersistentBag.java:590)
	at java.base/java.lang.StringConcatHelper.stringOf(StringConcatHelper.java:453)
	at com.example.Binarfud.model.Orders.toString(Orders.java:15)
	at java.base/java.lang.StringConcatHelper.stringOf(StringConcatHelper.java:453)
	at com.example.Binarfud.model.OrderDetail.toString(OrderDetail.java:10)
	at java.base/java.lang.String.valueOf(String.java:4215)
	at java.base/java.lang.StringBuilder.append(StringBuilder.java:173)
	at java.base/java.util.AbstractCollection.toString(AbstractCollection.java:457)
	at org.hibernate.collection.spi.PersistentBag.toString(PersistentBag.java:590)
	at java.base/java.lang.StringConcatHelper.stringOf(StringConcatHelper.java:453)
	at com.example.Binarfud.model.Orders.toString(Orders.java:15)
	at java.base/java.lang.StringConcatHelper.stringOf(StringConcatHelper.java:453)
	at com.example.Binarfud.model.OrderDetail.toString(OrderDetail.java:10)
	at java.base/java.lang.String.valueOf(String.java:4215)
	at java.base/java.lang.StringBuilder.append(StringBuilder.java:173)
	at java.base/java.util.AbstractCollection.toString(AbstractCollection.java:457)
	at org.hibernate.collection.spi.PersistentBag.toString(PersistentBag.java:590)
	at java.base/java.lang.StringConcatHelper.stringOf(StringConcatHelper.java:453)
	at com.example.Binarfud.model.Orders.toString(Orders.java:15)
	at java.base/java.lang.StringConcatHelper.stringOf(StringConcatHelper.java:453)
	at com.example.Binarfud.model.OrderDetail.toString(OrderDetail.java:10)
	at java.base/java.lang.String.valueOf(String.java:4215)
	at java.base/java.lang.StringBuilder.append(StringBuilder.java:173)
	at java.base/java.util.AbstractCollection.toString(AbstractCollection.java:457)
	at org.hibernate.collection.spi.PersistentBag.toString(PersistentBag.java:590)
	at java.base/java.lang.StringConcatHelper.stringOf(StringConcatHelper.java:453)
	at com.example.Binarfud.model.Orders.toString(Orders.java:15)
	at java.base/java.lang.StringConcatHelper.stringOf(StringConcatHelper.java:453)
	at com.example.Binarfud.model.OrderDetail.toString(OrderDetail.java:10)
	at java.base/java.lang.String.valueOf(String.java:4215)
	at java.base/java.lang.StringBuilder.append(StringBuilder.java:173)
	at java.base/java.util.AbstractCollection.toString(AbstractCollection.java:457)
	at org.hibernate.collection.spi.PersistentBag.toString(PersistentBag.java:590)
	at java.base/java.lang.StringConcatHelper.stringOf(StringConcatHelper.java:453)
	at com.example.Binarfud.model.Orders.toString(Orders.java:15)
	at java.base/java.lang.StringConcatHelper.stringOf(StringConcatHelper.java:453)
	at com.example.Binarfud.model.OrderDetail.toString(OrderDetail.java:10)
	at java.base/java.lang.String.valueOf(String.java:4215)
	at java.base/java.lang.StringBuilder.append(StringBuilder.java:173)
	at java.base/java.util.AbstractCollection.toString(AbstractCollection.java:457)
	at org.hibernate.collection.spi.PersistentBag.toString(PersistentBag.java:590)
	at java.base/java.lang.StringConcatHelper.stringOf(StringConcatHelper.java:453)
	at com.example.Binarfud.model.Orders.toString(Orders.java:15)
	at java.base/java.lang.StringConcatHelper.stringOf(StringConcatHelper.java:453)
	at com.example.Binarfud.model.OrderDetail.toString(OrderDetail.java:10)
	at java.base/java.lang.String.valueOf(String.java:4215)
	at java.base/java.lang.StringBuilder.append(StringBuilder.java:173)
	at java.base/java.util.AbstractCollection.toString(AbstractCollection.java:457)
	at org.hibernate.collection.spi.PersistentBag.toString(PersistentBag.java:590)
	at java.base/java.lang.StringConcatHelper.stringOf(StringConcatHelper.java:453)
	at com.example.Binarfud.model.Orders.toString(Orders.java:15)
	at java.base/java.lang.StringConcatHelper.stringOf(StringConcatHelper.java:453)
	at com.example.Binarfud.model.OrderDetail.toString(OrderDetail.java:10)
	at java.base/java.lang.String.valueOf(String.java:4215)
	at java.base/java.lang.StringBuilder.append(StringBuilder.java:173)
	at java.base/java.util.AbstractCollection.toString(AbstractCollection.java:457)
	at org.hibernate.collection.spi.PersistentBag.toString(PersistentBag.java:590)
	at java.base/java.lang.StringConcatHelper.stringOf(StringConcatHelper.java:453)
	at com.example.Binarfud.model.Orders.toString(Orders.java:15)
	at java.base/java.lang.StringConcatHelper.stringOf(StringConcatHelper.java:453)
	at com.example.Binarfud.model.OrderDetail.toString(OrderDetail.java:10)
	at java.base/java.lang.String.valueOf(String.java:4215)
	at java.base/java.lang.StringBuilder.append(StringBuilder.java:173)
	at java.base/java.util.AbstractCollection.toString(AbstractCollection.java:457)
	at org.hibernate.collection.spi.PersistentBag.toString(PersistentBag.java:590)
	at java.base/java.lang.StringConcatHelper.stringOf(StringConcatHelper.java:453)
	at com.example.Binarfud.model.Orders.toString(Orders.java:15)
	at java.base/java.lang.StringConcatHelper.stringOf(StringConcatHelper.java:453)
	at com.example.Binarfud.model.OrderDetail.toString(OrderDetail.java:10)
	at java.base/java.lang.String.valueOf(String.java:4215)
	at java.base/java.lang.StringBuilder.append(StringBuilder.java:173)
	at java.base/java.util.AbstractCollection.toString(AbstractCollection.java:457)
	at org.hibernate.collection.spi.PersistentBag.toString(PersistentBag.java:590)
	at java.base/java.lang.StringConcatHelper.stringOf(StringConcatHelper.java:453)
	at com.example.Binarfud.model.Orders.toString(Orders.java:15)
	at java.base/java.lang.StringConcatHelper.stringOf(StringConcatHelper.java:453)
	at com.example.Binarfud.model.OrderDetail.toString(OrderDetail.java:10)
	at java.base/java.lang.String.valueOf(String.java:4215)
	at java.base/java.lang.StringBuilder.append(StringBuilder.java:173)
	at java.base/java.util.AbstractCollection.toString(AbstractCollection.java:457)
	at org.hibernate.collection.spi.PersistentBag.toString(PersistentBag.java:590)
	at java.base/java.lang.StringConcatHelper.stringOf(StringConcatHelper.java:453)
	at com.example.Binarfud.model.Orders.toString(Orders.java:15)
	at java.base/java.lang.StringConcatHelper.stringOf(StringConcatHelper.java:453)
	at com.example.Binarfud.model.OrderDetail.toString(OrderDetail.java:10)
	at java.base/java.lang.String.valueOf(String.java:4215)
	at java.base/java.lang.StringBuilder.append(StringBuilder.java:173)
	at java.base/java.util.AbstractCollection.toString(AbstractCollection.java:457)
	at org.hibernate.collection.spi.PersistentBag.toString(PersistentBag.java:590)
	at java.base/java.lang.StringConcatHelper.stringOf(StringConcatHelper.java:453)
	at com.example.Binarfud.model.Orders.toString(Orders.java:15)
	at java.base/java.lang.StringConcatHelper.stringOf(StringConcatHelper.java:453)
	at com.example.Binarfud.model.OrderDetail.toString(OrderDetail.java:10)
	at java.base/java.lang.String.valueOf(String.java:4215)
	at java.base/java.lang.StringBuilder.append(StringBuilder.java:173)
	at java.base/java.util.AbstractCollection.toString(AbstractCollection.java:457)
	at org.hibernate.collection.spi.PersistentBag.toString(PersistentBag.java:590)
	at java.base/java.lang.StringConcatHelper.stringOf(StringConcatHelper.java:453)
	at com.example.Binarfud.model.Orders.toString(Orders.java:15)
	at java.base/java.lang.StringConcatHelper.stringOf(StringConcatHelper.java:453)
	at com.example.Binarfud.model.OrderDetail.toString(OrderDetail.java:10)
	at java.base/java.lang.String.valueOf(String.java:4215)
	at java.base/java.lang.StringBuilder.append(StringBuilder.java:173)
	at java.base/java.util.AbstractCollection.toString(AbstractCollection.java:457)
	at org.hibernate.collection.spi.PersistentBag.toString(PersistentBag.java:590)
	at java.base/java.lang.StringConcatHelper.stringOf(StringConcatHelper.java:453)
	at com.example.Binarfud.model.Orders.toString(Orders.java:15)
	at java.base/java.lang.StringConcatHelper.stringOf(StringConcatHelper.java:453)
	at com.example.Binarfud.model.OrderDetail.toString(OrderDetail.java:10)
	at java.base/java.lang.String.valueOf(String.java:4215)
	at java.base/java.lang.StringBuilder.append(StringBuilder.java:173)
	at java.base/java.util.AbstractCollection.toString(AbstractCollection.java:457)
	at org.hibernate.collection.spi.PersistentBag.toString(PersistentBag.java:590)
	at java.base/java.lang.StringConcatHelper.stringOf(StringConcatHelper.java:453)
	at com.example.Binarfud.model.Orders.toString(Orders.java:15)
	at java.base/java.lang.StringConcatHelper.stringOf(StringConcatHelper.java:453)
	at com.example.Binarfud.model.OrderDetail.toString(OrderDetail.java:10)
	at java.base/java.lang.String.valueOf(String.java:4215)
	at java.base/java.lang.StringBuilder.append(StringBuilder.java:173)
	at java.base/java.util.AbstractCollection.toString(AbstractCollection.java:457)
	at org.hibernate.collection.spi.PersistentBag.toString(PersistentBag.java:590)
	at java.base/java.lang.StringConcatHelper.stringOf(StringConcatHelper.java:453)
	at com.example.Binarfud.model.Orders.toString(Orders.java:15)
	at java.base/java.lang.StringConcatHelper.stringOf(StringConcatHelper.java:453)
	at com.example.Binarfud.model.OrderDetail.toString(OrderDetail.java:10)
	at java.base/java.lang.String.valueOf(String.java:4215)
	at java.base/java.lang.StringBuilder.append(StringBuilder.java:173)
	at java.base/java.util.AbstractCollection.toString(AbstractCollection.java:457)
	at org.hibernate.collection.spi.PersistentBag.toString(PersistentBag.java:590)
	at java.base/java.lang.StringConcatHelper.stringOf(StringConcatHelper.java:453)
	at com.example.Binarfud.model.Orders.toString(Orders.java:15)
	at java.base/java.lang.StringConcatHelper.stringOf(StringConcatHelper.java:453)
	at com.example.Binarfud.model.OrderDetail.toString(OrderDetail.java:10)
	at java.base/java.lang.String.valueOf(String.java:4215)
	at java.base/java.lang.StringBuilder.append(StringBuilder.java:173)
	at java.base/java.util.AbstractCollection.toString(AbstractCollection.java:457)
	at org.hibernate.collection.spi.PersistentBag.toString(PersistentBag.java:590)
	at java.base/java.lang.StringConcatHelper.stringOf(StringConcatHelper.java:453)
	at com.example.Binarfud.model.Orders.toString(Orders.java:15)
	at java.base/java.lang.StringConcatHelper.stringOf(StringConcatHelper.java:453)
	at com.example.Binarfud.model.OrderDetail.toString(OrderDetail.java:10)
	at java.base/java.lang.String.valueOf(String.java:4215)
	at java.base/java.lang.StringBuilder.append(StringBuilder.java:173)
	at java.base/java.util.AbstractCollection.toString(AbstractCollection.java:457)
	at org.hibernate.collection.spi.PersistentBag.toString(PersistentBag.java:590)
	at java.base/java.lang.StringConcatHelper.stringOf(StringConcatHelper.java:453)
	at com.example.Binarfud.model.Orders.toString(Orders.java:15)
	at java.base/java.lang.StringConcatHelper.stringOf(StringConcatHelper.java:453)
	at com.example.Binarfud.model.OrderDetail.toString(OrderDetail.java:10)
	at java.base/java.lang.String.valueOf(String.java:4215)
	at java.base/java.lang.StringBuilder.append(StringBuilder.java:173)
	at java.base/java.util.AbstractCollection.toString(AbstractCollection.java:457)
	at org.hibernate.collection.spi.PersistentBag.toString(PersistentBag.java:590)
	at java.base/java.lang.StringConcatHelper.stringOf(StringConcatHelper.java:453)
	at com.example.Binarfud.model.Orders.toString(Orders.java:15)
	at java.base/java.lang.StringConcatHelper.stringOf(StringConcatHelper.java:453)
	at com.example.Binarfud.model.OrderDetail.toString(OrderDetail.java:10)
	at java.base/java.lang.String.valueOf(String.java:4215)
	at java.base/java.lang.StringBuilder.append(StringBuilder.java:173)
	at java.base/java.util.AbstractCollection.toString(AbstractCollection.java:457)
	at org.hibernate.collection.spi.PersistentBag.toString(PersistentBag.java:590)
	at java.base/java.lang.StringConcatHelper.stringOf(StringConcatHelper.java:453)
	at com.example.Binarfud.model.Orders.toString(Orders.java:15)
	at java.base/java.lang.StringConcatHelper.stringOf(StringConcatHelper.java:453)
	at com.example.Binarfud.model.OrderDetail.toString(OrderDetail.java:10)
	at java.base/java.lang.String.valueOf(String.java:4215)
	at java.base/java.lang.StringBuilder.append(StringBuilder.java:173)
	at java.base/java.util.AbstractCollection.toString(AbstractCollection.java:457)
	at org.hibernate.collection.spi.PersistentBag.toString(PersistentBag.java:590)
	at java.base/java.lang.StringConcatHelper.stringOf(StringConcatHelper.java:453)
	at com.example.Binarfud.model.Orders.toString(Orders.java:15)
	at java.base/java.lang.StringConcatHelper.stringOf(StringConcatHelper.java:453)
	at com.example.Binarfud.model.OrderDetail.toString(OrderDetail.java:10)
	at java.base/java.lang.String.valueOf(String.java:4215)
	at java.base/java.lang.StringBuilder.append(StringBuilder.java:173)
	at java.base/java.util.AbstractCollection.toString(AbstractCollection.java:457)
	at org.hibernate.collection.spi.PersistentBag.toString(PersistentBag.java:590)
	at java.base/java.lang.StringConcatHelper.stringOf(StringConcatHelper.java:453)
	at com.example.Binarfud.model.Orders.toString(Orders.java:15)
	at java.base/java.lang.StringConcatHelper.stringOf(StringConcatHelper.java:453)
	at com.example.Binarfud.model.OrderDetail.toString(OrderDetail.java:10)
	at java.base/java.lang.String.valueOf(String.java:4215)
	at java.base/java.lang.StringBuilder.append(StringBuilder.java:173)
	at java.base/java.util.AbstractCollection.toString(AbstractCollection.java:457)
	at org.hibernate.collection.spi.PersistentBag.toString(PersistentBag.java:590)
	at java.base/java.lang.StringConcatHelper.stringOf(StringConcatHelper.java:453)
	at com.example.Binarfud.model.Orders.toString(Orders.java:15)
	at java.base/java.lang.StringConcatHelper.stringOf(StringConcatHelper.java:453)
	at com.example.Binarfud.model.OrderDetail.toString(OrderDetail.java:10)
	at java.base/java.lang.String.valueOf(String.java:4215)
	at java.base/java.lang.StringBuilder.append(StringBuilder.java:173)
	at java.base/java.util.AbstractCollection.toString(AbstractCollection.java:457)
	at org.hibernate.collection.spi.PersistentBag.toString(PersistentBag.java:590)
	at java.base/java.lang.StringConcatHelper.stringOf(StringConcatHelper.java:453)
	at com.example.Binarfud.model.Orders.toString(Orders.java:15)
	at java.base/java.lang.StringConcatHelper.stringOf(StringConcatHelper.java:453)
	at com.example.Binarfud.model.OrderDetail.toString(OrderDetail.java:10)
	at java.base/java.lang.String.valueOf(String.java:4215)
	at java.base/java.lang.StringBuilder.append(StringBuilder.java:173)
	at java.base/java.util.AbstractCollection.toString(AbstractCollection.java:457)
	at org.hibernate.collection.spi.PersistentBag.toString(PersistentBag.java:590)
	at java.base/java.lang.StringConcatHelper.stringOf(StringConcatHelper.java:453)
	at com.example.Binarfud.model.Orders.toString(Orders.java:15)
	at java.base/java.lang.StringConcatHelper.stringOf(StringConcatHelper.java:453)
	at com.example.Binarfud.model.OrderDetail.toString(OrderDetail.java:10)
	at java.base/java.lang.String.valueOf(String.java:4215)
	at java.base/java.lang.StringBuilder.append(StringBuilder.java:173)
	at java.base/java.util.AbstractCollection.toString(AbstractCollection.java:457)
	at org.hibernate.collection.spi.PersistentBag.toString(PersistentBag.java:590)
	at java.base/java.lang.StringConcatHelper.stringOf(StringConcatHelper.java:453)
	at com.example.Binarfud.model.Orders.toString(Orders.java:15)
	at java.base/java.lang.StringConcatHelper.stringOf(StringConcatHelper.java:453)
	at com.example.Binarfud.model.OrderDetail.toString(OrderDetail.java:10)
	at java.base/java.lang.String.valueOf(String.java:4215)
	at java.base/java.lang.StringBuilder.append(StringBuilder.java:173)
	at java.base/java.util.AbstractCollection.toString(AbstractCollection.java:457)
	at org.hibernate.collection.spi.PersistentBag.toString(PersistentBag.java:590)
	at java.base/java.lang.StringConcatHelper.stringOf(StringConcatHelper.java:453)
	at com.example.Binarfud.model.Orders.toString(Orders.java:15)
	at java.base/java.lang.StringConcatHelper.stringOf(StringConcatHelper.java:453)
	at com.example.Binarfud.model.OrderDetail.toString(OrderDetail.java:10)
	at java.base/java.lang.String.valueOf(String.java:4215)
	at java.base/java.lang.StringBuilder.append(StringBuilder.java:173)
	at java.base/java.util.AbstractCollection.toString(AbstractCollection.java:457)
	at org.hibernate.collection.spi.PersistentBag.toString(PersistentBag.java:590)
	at java.base/java.lang.StringConcatHelper.stringOf(StringConcatHelper.java:453)
	at com.example.Binarfud.model.Orders.toString(Orders.java:15)
	at java.base/java.lang.StringConcatHelper.stringOf(StringConcatHelper.java:453)
	at com.example.Binarfud.model.OrderDetail.toString(OrderDetail.java:10)
	at java.base/java.lang.String.valueOf(String.java:4215)
	at java.base/java.lang.StringBuilder.append(StringBuilder.java:173)
	at java.base/java.util.AbstractCollection.toString(AbstractCollection.java:457)
	at org.hibernate.collection.spi.PersistentBag.toString(PersistentBag.java:590)
	at java.base/java.lang.StringConcatHelper.stringOf(StringConcatHelper.java:453)
	at com.example.Binarfud.model.Orders.toString(Orders.java:15)
	at java.base/java.lang.StringConcatHelper.stringOf(StringConcatHelper.java:453)
	at com.example.Binarfud.model.OrderDetail.toString(OrderDetail.java:10)
	at java.base/java.lang.String.valueOf(String.java:4215)
	at java.base/java.lang.StringBuilder.append(StringBuilder.java:173)
	at java.base/java.util.AbstractCollection.toString(AbstractCollection.java:457)
	at org.hibernate.collection.spi.PersistentBag.toString(PersistentBag.java:590)
	at java.base/java.lang.StringConcatHelper.stringOf(StringConcatHelper.java:453)
	at com.example.Binarfud.model.Orders.toString(Orders.java:15)
	at java.base/java.lang.StringConcatHelper.stringOf(StringConcatHelper.java:453)
	at com.example.Binarfud.model.OrderDetail.toString(OrderDetail.java:10)
	at java.base/java.lang.String.valueOf(String.java:4215)
	at java.base/java.lang.StringBuilder.append(StringBuilder.java:173)
	at java.base/java.util.AbstractCollection.toString(AbstractCollection.java:457)
	at org.hibernate.collection.spi.PersistentBag.toString(PersistentBag.java:590)
	at java.base/java.lang.StringConcatHelper.stringOf(StringConcatHelper.java:453)
	at com.example.Binarfud.model.Orders.toString(Orders.java:15)
	at java.base/java.lang.StringConcatHelper.stringOf(StringConcatHelper.java:453)
	at com.example.Binarfud.model.OrderDetail.toString(OrderDetail.java:10)
	at java.base/java.lang.String.valueOf(String.java:4215)
	at java.base/java.lang.StringBuilder.append(StringBuilder.java:173)
	at java.base/java.util.AbstractCollection.toString(AbstractCollection.java:457)
	at org.hibernate.collection.spi.PersistentBag.toString(PersistentBag.java:590)
	at java.base/java.lang.StringConcatHelper.stringOf(StringConcatHelper.java:453)
	at com.example.Binarfud.model.Orders.toString(Orders.java:15)
	at java.base/java.lang.StringConcatHelper.stringOf(StringConcatHelper.java:453)
	at com.example.Binarfud.model.OrderDetail.toString(OrderDetail.java:10)
	at java.base/java.lang.String.valueOf(String.java:4215)
	at java.base/java.lang.StringBuilder.append(StringBuilder.java:173)
	at java.base/java.util.AbstractCollection.toString(AbstractCollection.java:457)
	at org.hibernate.collection.spi.PersistentBag.toString(PersistentBag.java:590)
	at java.base/java.lang.StringConcatHelper.stringOf(StringConcatHelper.java:453)
	at com.example.Binarfud.model.Orders.toString(Orders.java:15)
	at java.base/java.lang.StringConcatHelper.stringOf(StringConcatHelper.java:453)
	at com.example.Binarfud.model.OrderDetail.toString(OrderDetail.java:10)
	at java.base/java.lang.String.valueOf(String.java:4215)
	at java.base/java.lang.StringBuilder.append(StringBuilder.java:173)
	at java.base/java.util.AbstractCollection.toString(AbstractCollection.java:457)
	at org.hibernate.collection.spi.PersistentBag.toString(PersistentBag.java:590)
	at java.base/java.lang.StringConcatHelper.stringOf(StringConcatHelper.java:453)
	at com.example.Binarfud.model.Orders.toString(Orders.java:15)
	at java.base/java.lang.StringConcatHelper.stringOf(StringConcatHelper.java:453)
	at com.example.Binarfud.model.OrderDetail.toString(OrderDetail.java:10)
	at java.base/java.lang.String.valueOf(String.java:4215)
	at java.base/java.lang.StringBuilder.append(StringBuilder.java:173)
	at java.base/java.util.AbstractCollection.toString(AbstractCollection.java:457)
	at org.hibernate.collection.spi.PersistentBag.toString(PersistentBag.java:590)
	at java.base/java.lang.StringConcatHelper.stringOf(StringConcatHelper.java:453)
	at com.example.Binarfud.model.Orders.toString(Orders.java:15)
	at java.base/java.lang.StringConcatHelper.stringOf(StringConcatHelper.java:453)
	at com.example.Binarfud.model.OrderDetail.toString(OrderDetail.java:10)
	at java.base/java.lang.String.valueOf(String.java:4215)
	at java.base/java.lang.StringBuilder.append(StringBuilder.java:173)
	at java.base/java.util.AbstractCollection.toString(AbstractCollection.java:457)
	at org.hibernate.collection.spi.PersistentBag.toString(PersistentBag.java:590)
	at java.base/java.lang.StringConcatHelper.stringOf(StringConcatHelper.java:453)
	at com.example.Binarfud.model.Orders.toString(Orders.java:15)
	at java.base/java.lang.StringConcatHelper.stringOf(StringConcatHelper.java:453)
	at com.example.Binarfud.model.OrderDetail.toString(OrderDetail.java:10)
	at java.base/java.lang.String.valueOf(String.java:4215)
	at java.base/java.lang.StringBuilder.append(StringBuilder.java:173)
	at java.base/java.util.AbstractCollection.toString(AbstractCollection.java:457)
	at org.hibernate.collection.spi.PersistentBag.toString(PersistentBag.java:590)
	at java.base/java.lang.StringConcatHelper.stringOf(StringConcatHelper.java:453)
	at com.example.Binarfud.model.Orders.toString(Orders.java:15)
	at java.base/java.lang.StringConcatHelper.stringOf(StringConcatHelper.java:453)
	at com.example.Binarfud.model.OrderDetail.toString(OrderDetail.java:10)
	at java.base/java.lang.String.valueOf(String.java:4215)
	at java.base/java.lang.StringBuilder.append(StringBuilder.java:173)
	at java.base/java.util.AbstractCollection.toString(AbstractCollection.java:457)
	at org.hibernate.collection.spi.PersistentBag.toString(PersistentBag.java:590)
	at java.base/java.lang.StringConcatHelper.stringOf(StringConcatHelper.java:453)
	at com.example.Binarfud.model.Orders.toString(Orders.java:15)
	at java.base/java.lang.StringConcatHelper.stringOf(StringConcatHelper.java:453)
	at com.example.Binarfud.model.OrderDetail.toString(OrderDetail.java:10)
	at java.base/java.lang.String.valueOf(String.java:4215)
	at java.base/java.lang.StringBuilder.append(StringBuilder.java:173)
	at java.base/java.util.AbstractCollection.toString(AbstractCollection.java:457)
	at org.hibernate.collection.spi.PersistentBag.toString(PersistentBag.java:590)
	at java.base/java.lang.StringConcatHelper.stringOf(StringConcatHelper.java:453)
	at com.example.Binarfud.model.Orders.toString(Orders.java:15)
	at java.base/java.lang.StringConcatHelper.stringOf(StringConcatHelper.java:453)
	at com.example.Binarfud.model.OrderDetail.toString(OrderDetail.java:10)
	at java.base/java.lang.String.valueOf(String.java:4215)
	at java.base/java.lang.StringBuilder.append(StringBuilder.java:173)
	at java.base/java.util.AbstractCollection.toString(AbstractCollection.java:457)
	at org.hibernate.collection.spi.PersistentBag.toString(PersistentBag.java:590)
	at java.base/java.lang.StringConcatHelper.stringOf(StringConcatHelper.java:453)
	at com.example.Binarfud.model.Orders.toString(Orders.java:15)
	at java.base/java.lang.StringConcatHelper.stringOf(StringConcatHelper.java:453)
	at com.example.Binarfud.model.OrderDetail.toString(OrderDetail.java:10)
	at java.base/java.lang.String.valueOf(String.java:4215)
	at java.base/java.lang.StringBuilder.append(StringBuilder.java:173)
	at java.base/java.util.AbstractCollection.toString(AbstractCollection.java:457)
	at org.hibernate.collection.spi.PersistentBag.toString(PersistentBag.java:590)
	at java.base/java.lang.StringConcatHelper.stringOf(StringConcatHelper.java:453)
	at com.example.Binarfud.model.Orders.toString(Orders.java:15)
	at java.base/java.lang.StringConcatHelper.stringOf(StringConcatHelper.java:453)
	at com.example.Binarfud.model.OrderDetail.toString(OrderDetail.java:10)
	at java.base/java.lang.String.valueOf(String.java:4215)
	at java.base/java.lang.StringBuilder.append(StringBuilder.java:173)
	at java.base/java.util.AbstractCollection.toString(AbstractCollection.java:457)
	at org.hibernate.collection.spi.PersistentBag.toString(PersistentBag.java:590)
	at java.base/java.lang.StringConcatHelper.stringOf(StringConcatHelper.java:453)
	at com.example.Binarfud.model.Orders.toString(Orders.java:15)
	at java.base/java.lang.StringConcatHelper.stringOf(StringConcatHelper.java:453)
	at com.example.Binarfud.model.OrderDetail.toString(OrderDetail.java:10)
	at java.base/java.lang.String.valueOf(String.java:4215)
	at java.base/java.lang.StringBuilder.append(StringBuilder.java:173)
	at java.base/java.util.AbstractCollection.toString(AbstractCollection.java:457)
	at org.hibernate.collection.spi.PersistentBag.toString(PersistentBag.java:590)
	at java.base/java.lang.StringConcatHelper.stringOf(StringConcatHelper.java:453)
	at com.example.Binarfud.model.Orders.toString(Orders.java:15)
	at java.base/java.lang.StringConcatHelper.stringOf(StringConcatHelper.java:453)
	at com.example.Binarfud.model.OrderDetail.toString(OrderDetail.java:10)
	at java.base/java.lang.String.valueOf(String.java:4215)
	at java.base/java.lang.StringBuilder.append(StringBuilder.java:173)
	at java.base/java.util.AbstractCollection.toString(AbstractCollection.java:457)
	at org.hibernate.collection.spi.PersistentBag.toString(PersistentBag.java:590)
	at java.base/java.lang.StringConcatHelper.stringOf(StringConcatHelper.java:453)
	at com.example.Binarfud.model.Orders.toString(Orders.java:15)
	at java.base/java.lang.StringConcatHelper.stringOf(StringConcatHelper.java:453)
	at com.example.Binarfud.model.OrderDetail.toString(OrderDetail.java:10)
	at java.base/java.lang.String.valueOf(String.java:4215)
	at java.base/java.lang.StringBuilder.append(StringBuilder.java:173)
	at java.base/java.util.AbstractCollection.toString(AbstractCollection.java:457)
	at org.hibernate.collection.spi.PersistentBag.toString(PersistentBag.java:590)
	at java.base/java.lang.StringConcatHelper.stringOf(StringConcatHelper.java:453)
	at com.example.Binarfud.model.Orders.toString(Orders.java:15)
	at java.base/java.lang.StringConcatHelper.stringOf(StringConcatHelper.java:453)
	at com.example.Binarfud.model.OrderDetail.toString(OrderDetail.java:10)
	at java.base/java.lang.String.valueOf(String.java:4215)
	at java.base/java.lang.StringBuilder.append(StringBuilder.java:173)
	at java.base/java.util.AbstractCollection.toString(AbstractCollection.java:457)
	at org.hibernate.collection.spi.PersistentBag.toString(PersistentBag.java:590)
	at java.base/java.lang.StringConcatHelper.stringOf(StringConcatHelper.java:453)
	at com.example.Binarfud.model.Orders.toString(Orders.java:15)
	at java.base/java.lang.StringConcatHelper.stringOf(StringConcatHelper.java:453)
	at com.example.Binarfud.model.OrderDetail.toString(OrderDetail.java:10)
	at java.base/java.lang.String.valueOf(String.java:4215)
	at java.base/java.lang.StringBuilder.append(StringBuilder.java:173)
	at java.base/java.util.AbstractCollection.toString(AbstractCollection.java:457)
	at org.hibernate.collection.spi.PersistentBag.toString(PersistentBag.java:590)
	at java.base/java.lang.StringConcatHelper.stringOf(StringConcatHelper.java:453)
	at com.example.Binarfud.model.Orders.toString(Orders.java:15)
	at java.base/java.lang.StringConcatHelper.stringOf(StringConcatHelper.java:453)
	at com.example.Binarfud.model.OrderDetail.toString(OrderDetail.java:10)
	at java.base/java.lang.String.valueOf(String.java:4215)
	at java.base/java.lang.StringBuilder.append(StringBuilder.java:173)
	at java.base/java.util.AbstractCollection.toString(AbstractCollection.java:457)
	at org.hibernate.collection.spi.PersistentBag.toString(PersistentBag.java:590)
	at java.base/java.lang.StringConcatHelper.stringOf(StringConcatHelper.java:453)
	at com.example.Binarfud.model.Orders.toString(Orders.java:15)
	at java.base/java.lang.StringConcatHelper.stringOf(StringConcatHelper.java:453)
	at com.example.Binarfud.model.OrderDetail.toString(OrderDetail.java:10)
	at java.base/java.lang.String.valueOf(String.java:4215)
	at java.base/java.lang.StringBuilder.append(StringBuilder.java:173)
	at java.base/java.util.AbstractCollection.toString(AbstractCollection.java:457)
	at org.hibernate.collection.spi.PersistentBag.toString(PersistentBag.java:590)
	at java.base/java.lang.StringConcatHelper.stringOf(StringConcatHelper.java:453)
	at com.example.Binarfud.model.Orders.toString(Orders.java:15)
	at java.base/java.lang.StringConcatHelper.stringOf(StringConcatHelper.java:453)
	at com.example.Binarfud.model.OrderDetail.toString(OrderDetail.java:10)
	at java.base/java.lang.String.valueOf(String.java:4215)
	at java.base/java.lang.StringBuilder.append(StringBuilder.java:173)
	at java.base/java.util.AbstractCollection.toString(AbstractCollection.java:457)
	at org.hibernate.collection.spi.PersistentBag.toString(PersistentBag.java:590)
	at java.base/java.lang.StringConcatHelper.stringOf(StringConcatHelper.java:453)
	at com.example.Binarfud.model.Orders.toString(Orders.java:15)
	at java.base/java.lang.StringConcatHelper.stringOf(StringConcatHelper.java:453)
	at com.example.Binarfud.model.OrderDetail.toString(OrderDetail.java:10)
	at java.base/java.lang.String.valueOf(String.java:4215)
	at java.base/java.lang.StringBuilder.append(StringBuilder.java:173)
	at java.base/java.util.AbstractCollection.toString(AbstractCollection.java:457)
	at org.hibernate.collection.spi.PersistentBag.toString(PersistentBag.java:590)
	at java.base/java.lang.StringConcatHelper.stringOf(StringConcatHelper.java:453)
	at com.example.Binarfud.model.Orders.toString(Orders.java:15)
	at java.base/java.lang.StringConcatHelper.stringOf(StringConcatHelper.java:453)
	at com.example.Binarfud.model.OrderDetail.toString(OrderDetail.java:10)
	at java.base/java.lang.String.valueOf(String.java:4215)
	at java.base/java.lang.StringBuilder.append(StringBuilder.java:173)
	at java.base/java.util.AbstractCollection.toString(AbstractCollection.java:457)
	at org.hibernate.collection.spi.PersistentBag.toString(PersistentBag.java:590)
	at java.base/java.lang.StringConcatHelper.stringOf(StringConcatHelper.java:453)
	at com.example.Binarfud.model.Orders.toString(Orders.java:15)
	at java.base/java.lang.StringConcatHelper.stringOf(StringConcatHelper.java:453)
	at com.example.Binarfud.model.OrderDetail.toString(OrderDetail.java:10)
	at java.base/java.lang.String.valueOf(String.java:4215)
	at java.base/java.lang.StringBuilder.append(StringBuilder.java:173)
	at java.base/java.util.AbstractCollection.toString(AbstractCollection.java:457)
	at org.hibernate.collection.spi.PersistentBag.toString(PersistentBag.java:590)
	at java.base/java.lang.StringConcatHelper.stringOf(StringConcatHelper.java:453)
	at com.example.Binarfud.model.Orders.toString(Orders.java:15)
	at java.base/java.lang.StringConcatHelper.stringOf(StringConcatHelper.java:453)
	at com.example.Binarfud.model.OrderDetail.toString(OrderDetail.java:10)
	at java.base/java.lang.String.valueOf(String.java:4215)
	at java.base/java.lang.StringBuilder.append(StringBuilder.java:173)
	at java.base/java.util.AbstractCollection.toString(AbstractCollection.java:457)
	at org.hibernate.collection.spi.PersistentBag.toString(PersistentBag.java:590)
	at java.base/java.lang.StringConcatHelper.stringOf(StringConcatHelper.java:453)
	at com.example.Binarfud.model.Orders.toString(Orders.java:15)
	at java.base/java.lang.StringConcatHelper.stringOf(StringConcatHelper.java:453)
	at com.example.Binarfud.model.OrderDetail.toString(OrderDetail.java:10)
	at java.base/java.lang.String.valueOf(String.java:4215)
	at java.base/java.lang.StringBuilder.append(StringBuilder.java:173)
	at java.base/java.util.AbstractCollection.toString(AbstractCollection.java:457)
	at org.hibernate.collection.spi.PersistentBag.toString(PersistentBag.java:590)
	at java.base/java.lang.StringConcatHelper.stringOf(StringConcatHelper.java:453)
	at com.example.Binarfud.model.Orders.toString(Orders.java:15)
	at java.base/java.lang.StringConcatHelper.stringOf(StringConcatHelper.java:453)
	at com.example.Binarfud.model.OrderDetail.toString(OrderDetail.java:10)
	at java.base/java.lang.String.valueOf(String.java:4215)
	at java.base/java.lang.StringBuilder.append(StringBuilder.java:173)
	at java.base/java.util.AbstractCollection.toString(AbstractCollection.java:457)
	at org.hibernate.collection.spi.PersistentBag.toString(PersistentBag.java:590)
	at java.base/java.lang.StringConcatHelper.stringOf(StringConcatHelper.java:453)
	at com.example.Binarfud.model.Orders.toString(Orders.java:15)
	at java.base/java.lang.StringConcatHelper.stringOf(StringConcatHelper.java:453)
	at com.example.Binarfud.model.OrderDetail.toString(OrderDetail.java:10)
	at java.base/java.lang.String.valueOf(String.java:4215)
	at java.base/java.lang.StringBuilder.append(StringBuilder.java:173)
	at java.base/java.util.AbstractCollection.toString(AbstractCollection.java:457)
	at org.hibernate.collection.spi.PersistentBag.toString(PersistentBag.java:590)
	at java.base/java.lang.StringConcatHelper.stringOf(StringConcatHelper.java:453)
	at com.example.Binarfud.model.Orders.toString(Orders.java:15)
	at java.base/java.lang.StringConcatHelper.stringOf(StringConcatHelper.java:453)
	at com.example.Binarfud.model.OrderDetail.toString(OrderDetail.java:10)
	at java.base/java.lang.String.valueOf(String.java:4215)
	at java.base/java.lang.StringBuilder.append(StringBuilder.java:173)
	at java.base/java.util.AbstractCollection.toString(AbstractCollection.java:457)
	at org.hibernate.collection.spi.PersistentBag.toString(PersistentBag.java:590)
	at java.base/java.lang.StringConcatHelper.stringOf(StringConcatHelper.java:453)
	at com.example.Binarfud.model.Orders.toString(Orders.java:15)
	at java.base/java.lang.StringConcatHelper.stringOf(StringConcatHelper.java:453)
	at com.example.Binarfud.model.OrderDetail.toString(OrderDetail.java:10)
	at java.base/java.lang.String.valueOf(String.java:4215)
	at java.base/java.lang.StringBuilder.append(StringBuilder.java:173)
	at java.base/java.util.AbstractCollection.toString(AbstractCollection.java:457)
	at org.hibernate.collection.spi.PersistentBag.toString(PersistentBag.java:590)
	at java.base/java.lang.StringConcatHelper.stringOf(StringConcatHelper.java:453)
	at com.example.Binarfud.model.Orders.toString(Orders.java:15)
	at java.base/java.lang.StringConcatHelper.stringOf(StringConcatHelper.java:453)
	at com.example.Binarfud.model.OrderDetail.toString(OrderDetail.java:10)
	at java.base/java.lang.String.valueOf(String.java:4215)
	at java.base/java.lang.StringBuilder.append(StringBuilder.java:173)
	at java.base/java.util.AbstractCollection.toString(AbstractCollection.java:457)
	at org.hibernate.collection.spi.PersistentBag.toString(PersistentBag.java:590)
	at java.base/java.lang.StringConcatHelper.stringOf(StringConcatHelper.java:453)
	at com.example.Binarfud.model.Orders.toString(Orders.java:15)
	at java.base/java.lang.StringConcatHelper.stringOf(StringConcatHelper.java:453)
	at com.example.Binarfud.model.OrderDetail.toString(OrderDetail.java:10)
	at java.base/java.lang.String.valueOf(String.java:4215)
	at java.base/java.lang.StringBuilder.append(StringBuilder.java:173)
	at java.base/java.util.AbstractCollection.toString(AbstractCollection.java:457)
	at org.hibernate.collection.spi.PersistentBag.toString(PersistentBag.java:590)
	at java.base/java.lang.StringConcatHelper.stringOf(StringConcatHelper.java:453)
	at com.example.Binarfud.model.Orders.toString(Orders.java:15)
	at java.base/java.lang.StringConcatHelper.stringOf(StringConcatHelper.java:453)
	at com.example.Binarfud.model.OrderDetail.toString(OrderDetail.java:10)
	at java.base/java.lang.String.valueOf(String.java:4215)
	at java.base/java.lang.StringBuilder.append(StringBuilder.java:173)
	at java.base/java.util.AbstractCollection.toString(AbstractCollection.java:457)
	at org.hibernate.collection.spi.PersistentBag.toString(PersistentBag.java:590)
	at java.base/java.lang.StringConcatHelper.stringOf(StringConcatHelper.java:453)
	at com.example.Binarfud.model.Orders.toString(Orders.java:15)
	at java.base/java.lang.StringConcatHelper.stringOf(StringConcatHelper.java:453)
	at com.example.Binarfud.model.OrderDetail.toString(OrderDetail.java:10)
	at java.base/java.lang.String.valueOf(String.java:4215)
	at java.base/java.lang.StringBuilder.append(StringBuilder.java:173)
	at java.base/java.util.AbstractCollection.toString(AbstractCollection.java:457)
	at org.hibernate.collection.spi.PersistentBag.toString(PersistentBag.java:590)
	at java.base/java.lang.StringConcatHelper.stringOf(StringConcatHelper.java:453)
	at com.example.Binarfud.model.Orders.toString(Orders.java:15)
	at java.base/java.lang.StringConcatHelper.stringOf(StringConcatHelper.java:453)
	at com.example.Binarfud.model.OrderDetail.toString(OrderDetail.java:10)
	at java.base/java.lang.String.valueOf(String.java:4215)
	at java.base/java.lang.StringBuilder.append(StringBuilder.java:173)
	at java.base/java.util.AbstractCollection.toString(AbstractCollection.java:457)
	at org.hibernate.collection.spi.PersistentBag.toString(PersistentBag.java:590)
	at java.base/java.lang.StringConcatHelper.stringOf(StringConcatHelper.java:453)
	at com.example.Binarfud.model.Orders.toString(Orders.java:15)
	at java.base/java.lang.StringConcatHelper.stringOf(StringConcatHelper.java:453)
	at com.example.Binarfud.model.OrderDetail.toString(OrderDetail.java:10)
	at java.base/java.lang.String.valueOf(String.java:4215)
	at java.base/java.lang.StringBuilder.append(StringBuilder.java:173)
	at java.base/java.util.AbstractCollection.toString(AbstractCollection.java:457)
	at org.hibernate.collection.spi.PersistentBag.toString(PersistentBag.java:590)
	at java.base/java.lang.StringConcatHelper.stringOf(StringConcatHelper.java:453)
	at com.example.Binarfud.model.Orders.toString(Orders.java:15)
	at java.base/java.lang.StringConcatHelper.stringOf(StringConcatHelper.java:453)
	at com.example.Binarfud.model.OrderDetail.toString(OrderDetail.java:10)
	at java.base/java.lang.String.valueOf(String.java:4215)
	at java.base/java.lang.StringBuilder.append(StringBuilder.java:173)
	at java.base/java.util.AbstractCollection.toString(AbstractCollection.java:457)
	at org.hibernate.collection.spi.PersistentBag.toString(PersistentBag.java:590)
	at java.base/java.lang.StringConcatHelper.stringOf(StringConcatHelper.java:453)
	at com.example.Binarfud.model.Orders.toString(Orders.java:15)
	at java.base/java.lang.StringConcatHelper.stringOf(StringConcatHelper.java:453)
	at com.example.Binarfud.model.OrderDetail.toString(OrderDetail.java:10)
	at java.base/java.lang.String.valueOf(String.java:4215)
	at java.base/java.lang.StringBuilder.append(StringBuilder.java:173)
	at java.base/java.util.AbstractCollection.toString(AbstractCollection.java:457)
	at org.hibernate.collection.spi.PersistentBag.toString(PersistentBag.java:590)
	at java.base/java.lang.StringConcatHelper.stringOf(StringConcatHelper.java:453)
	at com.example.Binarfud.model.Orders.toString(Orders.java:15)
	at java.base/java.lang.StringConcatHelper.stringOf(StringConcatHelper.java:453)
	at com.example.Binarfud.model.OrderDetail.toString(OrderDetail.java:10)
	at java.base/java.lang.String.valueOf(String.java:4215)
	at java.base/java.lang.StringBuilder.append(StringBuilder.java:173)
	at java.base/java.util.AbstractCollection.toString(AbstractCollection.java:457)
	at org.hibernate.collection.spi.PersistentBag.toString(PersistentBag.java:590)
	at java.base/java.lang.StringConcatHelper.stringOf(StringConcatHelper.java:453)
	at com.example.Binarfud.model.Orders.toString(Orders.java:15)
	at java.base/java.lang.StringConcatHelper.stringOf(StringConcatHelper.java:453)
	at com.example.Binarfud.model.OrderDetail.toString(OrderDetail.java:10)
	at java.base/java.lang.String.valueOf(String.java:4215)
	at java.base/java.lang.StringBuilder.append(StringBuilder.java:173)
	at java.base/java.util.AbstractCollection.toString(AbstractCollection.java:457)
	at org.hibernate.collection.spi.PersistentBag.toString(PersistentBag.java:590)
	at java.base/java.lang.StringConcatHelper.stringOf(StringConcatHelper.java:453)
	at com.example.Binarfud.model.Orders.toString(Orders.java:15)
	at java.base/java.lang.StringConcatHelper.stringOf(StringConcatHelper.java:453)
	at com.example.Binarfud.model.OrderDetail.toString(OrderDetail.java:10)
	at java.base/java.lang.String.valueOf(String.java:4215)
	at java.base/java.lang.StringBuilder.append(StringBuilder.java:173)
	at java.base/java.util.AbstractCollection.toString(AbstractCollection.java:457)
	at org.hibernate.collection.spi.PersistentBag.toString(PersistentBag.java:590)
	at java.base/java.lang.StringConcatHelper.stringOf(StringConcatHelper.java:453)
	at com.example.Binarfud.model.Orders.toString(Orders.java:15)
	at java.base/java.lang.StringConcatHelper.stringOf(StringConcatHelper.java:453)
	at com.example.Binarfud.model.OrderDetail.toString(OrderDetail.java:10)
	at java.base/java.lang.String.valueOf(String.java:4215)
	at java.base/java.lang.StringBuilder.append(StringBuilder.java:173)
	at java.base/java.util.AbstractCollection.toString(AbstractCollection.java:457)
	at org.hibernate.collection.spi.PersistentBag.toString(PersistentBag.java:590)
	at java.base/java.lang.StringConcatHelper.stringOf(StringConcatHelper.java:453)
	at com.example.Binarfud.model.Orders.toString(Orders.java:15)
	at java.base/java.lang.StringConcatHelper.stringOf(StringConcatHelper.java:453)
	at com.example.Binarfud.model.OrderDetail.toString(OrderDetail.java:10)
	at java.base/java.lang.String.valueOf(String.java:4215)
	at java.base/java.lang.StringBuilder.append(StringBuilder.java:173)
	at java.base/java.util.AbstractCollection.toString(AbstractCollection.java:457)
	at org.hibernate.collection.spi.PersistentBag.toString(PersistentBag.java:590)
	at java.base/java.lang.StringConcatHelper.stringOf(StringConcatHelper.java:453)
	at com.example.Binarfud.model.Orders.toString(Orders.java:15)
	at java.base/java.lang.StringConcatHelper.stringOf(StringConcatHelper.java:453)
	at com.example.Binarfud.model.OrderDetail.toString(OrderDetail.java:10)
	at java.base/java.lang.String.valueOf(String.java:4215)
	at java.base/java.lang.StringBuilder.append(StringBuilder.java:173)
	at java.base/java.util.AbstractCollection.toString(AbstractCollection.java:457)
	at org.hibernate.collection.spi.PersistentBag.toString(PersistentBag.java:590)
	at java.base/java.lang.StringConcatHelper.stringOf(StringConcatHelper.java:453)
	at com.example.Binarfud.model.Orders.toString(Orders.java:15)
	at java.base/java.lang.StringConcatHelper.stringOf(StringConcatHelper.java:453)
	at com.example.Binarfud.model.OrderDetail.toString(OrderDetail.java:10)
	at java.base/java.lang.String.valueOf(String.java:4215)
	at java.base/java.lang.StringBuilder.append(StringBuilder.java:173)
	at java.base/java.util.AbstractCollection.toString(AbstractCollection.java:457)
	at org.hibernate.collection.spi.PersistentBag.toString(PersistentBag.java:590)
	at java.base/java.lang.StringConcatHelper.stringOf(StringConcatHelper.java:453)
	at com.example.Binarfud.model.Orders.toString(Orders.java:15)
	at java.base/java.lang.StringConcatHelper.stringOf(StringConcatHelper.java:453)
	at com.example.Binarfud.model.OrderDetail.toString(OrderDetail.java:10)
	at java.base/java.lang.String.valueOf(String.java:4215)
	at java.base/java.lang.StringBuilder.append(StringBuilder.java:173)
	at java.base/java.util.AbstractCollection.toString(AbstractCollection.java:457)
	at org.hibernate.collection.spi.PersistentBag.toString(PersistentBag.java:590)
	at java.base/java.lang.StringConcatHelper.stringOf(StringConcatHelper.java:453)
	at com.example.Binarfud.model.Orders.toString(Orders.java:15)
	at java.base/java.lang.StringConcatHelper.stringOf(StringConcatHelper.java:453)
	at com.example.Binarfud.model.OrderDetail.toString(OrderDetail.java:10)
	at java.base/java.lang.String.valueOf(String.java:4215)
	at java.base/java.lang.StringBuilder.append(StringBuilder.java:173)
	at java.base/java.util.AbstractCollection.toString(AbstractCollection.java:457)
	at org.hibernate.collection.spi.PersistentBag.toString(PersistentBag.java:590)
	at java.base/java.lang.StringConcatHelper.stringOf(StringConcatHelper.java:453)
	at com.example.Binarfud.model.Orders.toString(Orders.java:15)
	at java.base/java.lang.StringConcatHelper.stringOf(StringConcatHelper.java:453)
	at com.example.Binarfud.model.OrderDetail.toString(OrderDetail.java:10)
	at java.base/java.lang.String.valueOf(String.java:4215)
	at java.base/java.lang.StringBuilder.append(StringBuilder.java:173)
	at java.base/java.util.AbstractCollection.toString(AbstractCollection.java:457)
	at org.hibernate.collection.spi.PersistentBag.toString(PersistentBag.java:590)
	at java.base/java.lang.StringConcatHelper.stringOf(StringConcatHelper.java:453)
	at com.example.Binarfud.model.Orders.toString(Orders.java:15)
	at java.base/java.lang.StringConcatHelper.stringOf(StringConcatHelper.java:453)
	at com.example.Binarfud.model.OrderDetail.toString(OrderDetail.java:10)
	at java.base/java.lang.String.valueOf(String.java:4215)
	at java.base/java.lang.StringBuilder.append(StringBuilder.java:173)
	at java.base/java.util.AbstractCollection.toString(AbstractCollection.java:457)
	at org.hibernate.collection.spi.PersistentBag.toString(PersistentBag.java:590)
	at java.base/java.lang.StringConcatHelper.stringOf(StringConcatHelper.java:453)
	at com.example.Binarfud.model.Orders.toString(Orders.java:15)
	at java.base/java.lang.StringConcatHelper.stringOf(StringConcatHelper.java:453)
	at com.example.Binarfud.model.OrderDetail.toString(OrderDetail.java:10)
	at java.base/java.lang.String.valueOf(String.java:4215)
	at java.base/java.lang.StringBuilder.append(StringBuilder.java:173)
	at java.base/java.util.AbstractCollection.toString(AbstractCollection.java:457)
	at org.hibernate.collection.spi.PersistentBag.toString(PersistentBag.java:590)
	at java.base/java.lang.StringConcatHelper.stringOf(StringConcatHelper.java:453)
	at com.example.Binarfud.model.Orders.toString(Orders.java:15)
	at java.base/java.lang.StringConcatHelper.stringOf(StringConcatHelper.java:453)
	at com.example.Binarfud.model.OrderDetail.toString(OrderDetail.java:10)
	at java.base/java.lang.String.valueOf(String.java:4215)
	at java.base/java.lang.StringBuilder.append(StringBuilder.java:173)
	at java.base/java.util.AbstractCollection.toString(AbstractCollection.java:457)
	at org.hibernate.collection.spi.PersistentBag.toString(PersistentBag.java:590)
	at java.base/java.lang.StringConcatHelper.stringOf(StringConcatHelper.java:453)
	at com.example.Binarfud.model.Orders.toString(Orders.java:15)
	at java.base/java.lang.StringConcatHelper.stringOf(StringConcatHelper.java:453)
	at com.example.Binarfud.model.OrderDetail.toString(OrderDetail.java:10)
	at java.base/java.lang.String.valueOf(String.java:4215)
	at java.base/java.lang.StringBuilder.append(StringBuilder.java:173)
	at java.base/java.util.AbstractCollection.toString(AbstractCollection.java:457)
	at org.hibernate.collection.spi.PersistentBag.toString(PersistentBag.java:590)
	at java.base/java.lang.StringConcatHelper.stringOf(StringConcatHelper.java:453)
	at com.example.Binarfud.model.Orders.toString(Orders.java:15)
	at java.base/java.lang.StringConcatHelper.stringOf(StringConcatHelper.java:453)
	at com.example.Binarfud.model.OrderDetail.toString(OrderDetail.java:10)
	at java.base/java.lang.String.valueOf(String.java:4215)
	at java.base/java.lang.StringBuilder.append(StringBuilder.java:173)
	at java.base/java.util.AbstractCollection.toString(AbstractCollection.java:457)
	at org.hibernate.collection.spi.PersistentBag.toString(PersistentBag.java:590)
	at java.base/java.lang.StringConcatHelper.stringOf(StringConcatHelper.java:453)
	at com.example.Binarfud.model.Orders.toString(Orders.java:15)
	at java.base/java.lang.StringConcatHelper.stringOf(StringConcatHelper.java:453)
	at com.example.Binarfud.model.OrderDetail.toString(OrderDetail.java:10)
	at java.base/java.lang.String.valueOf(String.java:4215)
	at java.base/java.lang.StringBuilder.append(StringBuilder.java:173)
	at java.base/java.util.AbstractCollection.toString(AbstractCollection.java:457)
	at org.hibernate.collection.spi.PersistentBag.toString(PersistentBag.java:590)
	at java.base/java.lang.StringConcatHelper.stringOf(StringConcatHelper.java:453)
	at com.example.Binarfud.model.Orders.toString(Orders.java:15)
	at java.base/java.lang.StringConcatHelper.stringOf(StringConcatHelper.java:453)
	at com.example.Binarfud.model.OrderDetail.toString(OrderDetail.java:10)
	at java.base/java.lang.String.valueOf(String.java:4215)
	at java.base/java.lang.StringBuilder.append(StringBuilder.java:173)
	at java.base/java.util.AbstractCollection.toString(AbstractCollection.java:457)
	at org.hibernate.collection.spi.PersistentBag.toString(PersistentBag.java:590)
	at java.base/java.lang.StringConcatHelper.stringOf(StringConcatHelper.java:453)
	at com.example.Binarfud.model.Orders.toString(Orders.java:15)
	at java.base/java.lang.StringConcatHelper.stringOf(StringConcatHelper.java:453)
	at com.example.Binarfud.model.OrderDetail.toString(OrderDetail.java:10)
	at java.base/java.lang.String.valueOf(String.java:4215)
	at java.base/java.lang.StringBuilder.append(StringBuilder.java:173)
	at java.base/java.util.AbstractCollection.toString(AbstractCollection.java:457)
	at org.hibernate.collection.spi.PersistentBag.toString(PersistentBag.java:590)
	at java.base/java.lang.StringConcatHelper.stringOf(StringConcatHelper.java:453)
	at com.example.Binarfud.model.Orders.toString(Orders.java:15)
	at java.base/java.lang.StringConcatHelper.stringOf(StringConcatHelper.java:453)
	at com.example.Binarfud.model.OrderDetail.toString(OrderDetail.java:10)
	at java.base/java.lang.String.valueOf(String.java:4215)
	at java.base/java.lang.StringBuilder.append(StringBuilder.java:173)
	at java.base/java.util.AbstractCollection.toString(AbstractCollection.java:457)
	at org.hibernate.collection.spi.PersistentBag.toString(PersistentBag.java:590)
	at java.base/java.lang.StringConcatHelper.stringOf(StringConcatHelper.java:453)
	at com.example.Binarfud.model.Orders.toString(Orders.java:15)
	at java.base/java.lang.StringConcatHelper.stringOf(StringConcatHelper.java:453)
	at com.example.Binarfud.model.OrderDetail.toString(OrderDetail.java:10)
	at java.base/java.lang.String.valueOf(String.java:4215)
	at java.base/java.lang.StringBuilder.append(StringBuilder.java:173)
	at java.base/java.util.AbstractCollection.toString(AbstractCollection.java:457)
	at org.hibernate.collection.spi.PersistentBag.toString(PersistentBag.java:590)
	at java.base/java.lang.StringConcatHelper.stringOf(StringConcatHelper.java:453)
	at com.example.Binarfud.model.Orders.toString(Orders.java:15)
	at java.base/java.lang.StringConcatHelper.stringOf(StringConcatHelper.java:453)
	at com.example.Binarfud.model.OrderDetail.toString(OrderDetail.java:10)
	at java.base/java.lang.String.valueOf(String.java:4215)
	at java.base/java.lang.StringBuilder.append(StringBuilder.java:173)
	at java.base/java.util.AbstractCollection.toString(AbstractCollection.java:457)
	at org.hibernate.collection.spi.PersistentBag.toString(PersistentBag.java:590)
	at java.base/java.lang.StringConcatHelper.stringOf(StringConcatHelper.java:453)
	at com.example.Binarfud.model.Orders.toString(Orders.java:15)
	at java.base/java.lang.StringConcatHelper.stringOf(StringConcatHelper.java:453)
	at com.example.Binarfud.model.OrderDetail.toString(OrderDetail.java:10)
	at java.base/java.lang.String.valueOf(String.java:4215)
	at java.base/java.lang.StringBuilder.append(StringBuilder.java:173)
	at java.base/java.util.AbstractCollection.toString(AbstractCollection.java:457)
	at org.hibernate.collection.spi.PersistentBag.toString(PersistentBag.java:590)
	at java.base/java.lang.StringConcatHelper.stringOf(StringConcatHelper.java:453)
	at com.example.Binarfud.model.Orders.toString(Orders.java:15)
	at java.base/java.lang.StringConcatHelper.stringOf(StringConcatHelper.java:453)
	at com.example.Binarfud.model.OrderDetail.toString(OrderDetail.java:10)
	at java.base/java.lang.String.valueOf(String.java:4215)
	at java.base/java.lang.StringBuilder.append(StringBuilder.java:173)
	at java.base/java.util.AbstractCollection.toString(AbstractCollection.java:457)
	at org.hibernate.collection.spi.PersistentBag.toString(PersistentBag.java:590)
	at java.base/java.lang.StringConcatHelper.stringOf(StringConcatHelper.java:453)
	at com.example.Binarfud.model.Orders.toString(Orders.java:15)
	at java.base/java.lang.StringConcatHelper.stringOf(StringConcatHelper.java:453)
	at com.example.Binarfud.model.OrderDetail.toString(OrderDetail.java:10)
	at java.base/java.lang.String.valueOf(String.java:4215)
	at java.base/java.lang.StringBuilder.append(StringBuilder.java:173)
	at java.base/java.util.AbstractCollection.toString(AbstractCollection.java:457)
	at org.hibernate.collection.spi.PersistentBag.toString(PersistentBag.java:590)
	at java.base/java.lang.StringConcatHelper.stringOf(StringConcatHelper.java:453)
	at com.example.Binarfud.model.Orders.toString(Orders.java:15)
	at java.base/java.lang.StringConcatHelper.stringOf(StringConcatHelper.java:453)
	at com.example.Binarfud.model.OrderDetail.toString(OrderDetail.java:10)
	at java.base/java.lang.String.valueOf(String.java:4215)
	at java.base/java.lang.StringBuilder.append(StringBuilder.java:173)
	at java.base/java.util.AbstractCollection.toString(AbstractCollection.java:457)
	at org.hibernate.collection.spi.PersistentBag.toString(PersistentBag.java:590)
	at java.base/java.lang.StringConcatHelper.stringOf(StringConcatHelper.java:453)
	at com.example.Binarfud.model.Orders.toString(Orders.java:15)
	at java.base/java.lang.StringConcatHelper.stringOf(StringConcatHelper.java:453)
	at com.example.Binarfud.model.OrderDetail.toString(OrderDetail.java:10)
	at java.base/java.lang.String.valueOf(String.java:4215)
	at java.base/java.lang.StringBuilder.append(StringBuilder.java:173)
	at java.base/java.util.AbstractCollection.toString(AbstractCollection.java:457)
	at org.hibernate.collection.spi.PersistentBag.toString(PersistentBag.java:590)
	at java.base/java.lang.StringConcatHelper.stringOf(StringConcatHelper.java:453)
	at com.example.Binarfud.model.Orders.toString(Orders.java:15)
	at java.base/java.lang.StringConcatHelper.stringOf(StringConcatHelper.java:453)
	at com.example.Binarfud.model.OrderDetail.toString(OrderDetail.java:10)
	at java.base/java.lang.String.valueOf(String.java:4215)
	at java.base/java.lang.StringBuilder.append(StringBuilder.java:173)
	at java.base/java.util.AbstractCollection.toString(AbstractCollection.java:457)
	at org.hibernate.collection.spi.PersistentBag.toString(PersistentBag.java:590)
	at java.base/java.lang.StringConcatHelper.stringOf(StringConcatHelper.java:453)
	at com.example.Binarfud.model.Orders.toString(Orders.java:15)
	at java.base/java.lang.StringConcatHelper.stringOf(StringConcatHelper.java:453)
	at com.example.Binarfud.model.OrderDetail.toString(OrderDetail.java:10)
	at java.base/java.lang.String.valueOf(String.java:4215)
	at java.base/java.lang.StringBuilder.append(StringBuilder.java:173)
	at java.base/java.util.AbstractCollection.toString(AbstractCollection.java:457)
	at org.hibernate.collection.spi.PersistentBag.toString(PersistentBag.java:590)
	at java.base/java.lang.StringConcatHelper.stringOf(StringConcatHelper.java:453)
	at com.example.Binarfud.model.Orders.toString(Orders.java:15)
	at java.base/java.lang.StringConcatHelper.stringOf(StringConcatHelper.java:453)
	at com.example.Binarfud.model.OrderDetail.toString(OrderDetail.java:10)
	at java.base/java.lang.String.valueOf(String.java:4215)
	at java.base/java.lang.StringBuilder.append(StringBuilder.java:173)
	at java.base/java.util.AbstractCollection.toString(AbstractCollection.java:457)
	at org.hibernate.collection.spi.PersistentBag.toString(PersistentBag.java:590)
	at java.base/java.lang.StringConcatHelper.stringOf(StringConcatHelper.java:453)
	at com.example.Binarfud.model.Orders.toString(Orders.java:15)
	at java.base/java.lang.StringConcatHelper.stringOf(StringConcatHelper.java:453)
	at com.example.Binarfud.model.OrderDetail.toString(OrderDetail.java:10)
	at java.base/java.lang.String.valueOf(String.java:4215)
	at java.base/java.lang.StringBuilder.append(StringBuilder.java:173)
	at java.base/java.util.AbstractCollection.toString(AbstractCollection.java:457)
	at org.hibernate.collection.spi.PersistentBag.toString(PersistentBag.java:590)
	at java.base/java.lang.StringConcatHelper.stringOf(StringConcatHelper.java:453)
	at com.example.Binarfud.model.Orders.toString(Orders.java:15)
	at java.base/java.lang.StringConcatHelper.stringOf(StringConcatHelper.java:453)
	at com.example.Binarfud.model.OrderDetail.toString(OrderDetail.java:10)
	at java.base/java.lang.String.valueOf(String.java:4215)
	at java.base/java.lang.StringBuilder.append(StringBuilder.java:173)
	at java.base/java.util.AbstractCollection.toString(AbstractCollection.java:457)
	at org.hibernate.collection.spi.PersistentBag.toString(PersistentBag.java:590)
	at java.base/java.lang.StringConcatHelper.stringOf(StringConcatHelper.java:453)
	at com.example.Binarfud.model.Orders.toString(Orders.java:15)
	at java.base/java.lang.StringConcatHelper.stringOf(StringConcatHelper.java:453)
	at com.example.Binarfud.model.OrderDetail.toString(OrderDetail.java:10)
	at java.base/java.lang.String.valueOf(String.java:4215)
	at java.base/java.lang.StringBuilder.append(StringBuilder.java:173)
	at java.base/java.util.AbstractCollection.toString(AbstractCollection.java:457)
	at org.hibernate.collection.spi.PersistentBag.toString(PersistentBag.java:590)
	at java.base/java.lang.StringConcatHelper.stringOf(StringConcatHelper.java:453)
	at com.example.Binarfud.model.Orders.toString(Orders.java:15)
	at java.base/java.lang.StringConcatHelper.stringOf(StringConcatHelper.java:453)
	at com.example.Binarfud.model.OrderDetail.toString(OrderDetail.java:10)
	at java.base/java.lang.String.valueOf(String.java:4215)
	at java.base/java.lang.StringBuilder.append(StringBuilder.java:173)
	at java.base/java.util.AbstractCollection.toString(AbstractCollection.java:457)
	at org.hibernate.collection.spi.PersistentBag.toString(PersistentBag.java:590)
	at java.base/java.lang.StringConcatHelper.stringOf(StringConcatHelper.java:453)
	at com.example.Binarfud.model.Orders.toString(Orders.java:15)
	at java.base/java.lang.StringConcatHelper.stringOf(StringConcatHelper.java:453)
	at com.example.Binarfud.model.OrderDetail.toString(OrderDetail.java:10)
	at java.base/java.lang.String.valueOf(String.java:4215)
	at java.base/java.lang.StringBuilder.append(StringBuilder.java:173)
	at java.base/java.util.AbstractCollection.toString(AbstractCollection.java:457)
	at org.hibernate.collection.spi.PersistentBag.toString(PersistentBag.java:590)
	at java.base/java.lang.StringConcatHelper.stringOf(StringConcatHelper.java:453)
	at com.example.Binarfud.model.Orders.toString(Orders.java:15)
	at java.base/java.lang.StringConcatHelper.stringOf(StringConcatHelper.java:453)
	at com.example.Binarfud.model.OrderDetail.toString(OrderDetail.java:10)
	at java.base/java.lang.String.valueOf(String.java:4215)
	at java.base/java.lang.StringBuilder.append(StringBuilder.java:173)
	at java.base/java.util.AbstractCollection.toString(AbstractCollection.java:457)
	at org.hibernate.collection.spi.PersistentBag.toString(PersistentBag.java:590)
	at java.base/java.lang.StringConcatHelper.stringOf(StringConcatHelper.java:453)
	at com.example.Binarfud.model.Orders.toString(Orders.java:15)
	at java.base/java.lang.StringConcatHelper.stringOf(StringConcatHelper.java:453)
	at com.example.Binarfud.model.OrderDetail.toString(OrderDetail.java:10)
	at java.base/java.lang.String.valueOf(String.java:4215)
	at java.base/java.lang.StringBuilder.append(StringBuilder.java:173)
	at java.base/java.util.AbstractCollection.toString(AbstractCollection.java:457)
	at org.hibernate.collection.spi.PersistentBag.toString(PersistentBag.java:590)
	at java.base/java.lang.StringConcatHelper.stringOf(StringConcatHelper.java:453)
	at com.example.Binarfud.model.Orders.toString(Orders.java:15)
	at java.base/java.lang.StringConcatHelper.stringOf(StringConcatHelper.java:453)
	at com.example.Binarfud.model.OrderDetail.toString(OrderDetail.java:10)
	at java.base/java.lang.String.valueOf(String.java:4215)
	at java.base/java.lang.StringBuilder.append(StringBuilder.java:173)
	at java.base/java.util.AbstractCollection.toString(AbstractCollection.java:457)
	at org.hibernate.collection.spi.PersistentBag.toString(PersistentBag.java:590)
	at java.base/java.lang.StringConcatHelper.stringOf(StringConcatHelper.java:453)
2024-05-17 15:13:53,708 INFO o.s.o.j.AbstractEntityManagerFactoryBean [SpringApplicationShutdownHook] Closing JPA EntityManagerFactory for persistence unit 'default'
2024-05-17 15:13:53,712 INFO c.z.h.HikariDataSource [SpringApplicationShutdownHook] HikariPool-1 - Shutdown initiated...
2024-05-17 15:13:53,715 INFO c.z.h.HikariDataSource [SpringApplicationShutdownHook] HikariPool-1 - Shutdown completed.
