2024-05-29 22:34:40,598 INFO o.s.b.StartupInfoLogger [main] Starting BinarfudApplication using Java 17.0.2 with PID 11232 (D:\synrgy\sinau_java\F-BJV24001115-synrgy7-syi-binarfud-ch5\target\classes started by hp in D:\synrgy\sinau_java\F-BJV24001115-synrgy7-syi-binarfud-ch5)
2024-05-29 22:34:40,606 INFO o.s.b.SpringApplication [main] No active profile set, falling back to 1 default profile: "default"
2024-05-29 22:34:42,203 INFO o.s.d.r.c.RepositoryConfigurationDelegate [main] Bootstrapping Spring Data JPA repositories in DEFAULT mode.
2024-05-29 22:34:42,368 INFO o.s.d.r.c.RepositoryConfigurationDelegate [main] Finished Spring Data repository scanning in 143 ms. Found 5 JPA repository interfaces.
2024-05-29 22:34:43,423 INFO o.s.b.w.e.t.TomcatWebServer [main] Tomcat initialized with port 8080 (http)
2024-05-29 22:34:43,439 INFO o.a.j.l.DirectJDKLog [main] Initializing ProtocolHandler ["http-nio-8080"]
2024-05-29 22:34:43,448 INFO o.a.j.l.DirectJDKLog [main] Starting service [Tomcat]
2024-05-29 22:34:43,448 INFO o.a.j.l.DirectJDKLog [main] Starting Servlet engine: [Apache Tomcat/10.1.20]
2024-05-29 22:34:43,571 INFO o.a.j.l.DirectJDKLog [main] Initializing Spring embedded WebApplicationContext
2024-05-29 22:34:43,571 INFO o.s.b.w.s.c.ServletWebServerApplicationContext [main] Root WebApplicationContext: initialization completed in 2894 ms
2024-05-29 22:34:43,791 INFO o.h.j.i.u.LogHelper [main] HHH000204: Processing PersistenceUnitInfo [name: default]
2024-05-29 22:34:43,894 INFO o.h.Version [main] HHH000412: Hibernate ORM core version 6.4.4.Final
2024-05-29 22:34:43,966 INFO o.h.c.i.RegionFactoryInitiator [main] HHH000026: Second-level cache disabled
2024-05-29 22:34:44,338 INFO o.s.o.j.p.SpringPersistenceUnitInfo [main] No LoadTimeWeaver setup: ignoring JPA class transformer
2024-05-29 22:34:44,384 INFO c.z.h.HikariDataSource [main] HikariPool-1 - Starting...
2024-05-29 22:34:44,654 INFO c.z.h.p.HikariPool [main] HikariPool-1 - Added connection org.postgresql.jdbc.PgConnection@2404abe2
2024-05-29 22:34:44,656 INFO c.z.h.HikariDataSource [main] HikariPool-1 - Start completed.
2024-05-29 22:34:44,721 WARN o.h.e.j.d.i.DialectFactoryImpl [main] HHH90000025: PostgreSQLDialect does not need to be specified explicitly using 'hibernate.dialect' (remove the property setting and it will be selected by default)
2024-05-29 22:34:46,081 INFO o.h.e.t.j.p.i.JtaPlatformInitiator [main] HHH000489: No JTA platform available (set 'hibernate.transaction.jta.platform' to enable JTA platform integration)
2024-05-29 22:34:46,253 INFO o.s.o.j.AbstractEntityManagerFactoryBean [main] Initialized JPA EntityManagerFactory for persistence unit 'default'
2024-05-29 22:34:46,884 INFO o.s.d.j.r.q.QueryEnhancerFactory [main] Hibernate is in classpath; If applicable, HQL parser will be used.
2024-05-29 22:34:47,651 WARN o.s.b.a.o.j.JpaBaseConfiguration$JpaWebConfiguration [main] spring.jpa.open-in-view is enabled by default. Therefore, database queries may be performed during view rendering. Explicitly configure spring.jpa.open-in-view to disable this warning
2024-05-29 22:34:48,112 INFO o.s.s.w.DefaultSecurityFilterChain [main] Will secure any request with [org.springframework.security.web.session.DisableEncodeUrlFilter@60ab906e, org.springframework.security.web.context.request.async.WebAsyncManagerIntegrationFilter@8551ee6, org.springframework.security.web.context.SecurityContextHolderFilter@6ef3f72c, org.springframework.security.web.header.HeaderWriterFilter@5c937c92, org.springframework.web.filter.CorsFilter@11b26693, org.springframework.security.web.authentication.logout.LogoutFilter@31cae1e4, com.example.Binarfud.security.jwt.JwtAuthTokenFilter@1acfc058, org.springframework.security.web.savedrequest.RequestCacheAwareFilter@2d4e6bb2, org.springframework.security.web.servletapi.SecurityContextHolderAwareRequestFilter@13453610, org.springframework.security.web.authentication.AnonymousAuthenticationFilter@7f4f432b, org.springframework.security.web.session.SessionManagementFilter@491d36ef, org.springframework.security.web.access.ExceptionTranslationFilter@1a0c384d, org.springframework.security.web.access.intercept.AuthorizationFilter@7a725c89]
2024-05-29 22:34:48,555 INFO o.a.j.l.DirectJDKLog [main] Starting ProtocolHandler ["http-nio-8080"]
2024-05-29 22:34:48,590 INFO o.s.b.w.e.t.TomcatWebServer [main] Tomcat started on port 8080 (http) with context path ''
2024-05-29 22:34:48,607 INFO o.s.b.StartupInfoLogger [main] Started BinarfudApplication in 8.857 seconds (process running for 9.502)
2024-05-29 22:35:02,015 INFO o.a.j.l.DirectJDKLog [http-nio-8080-exec-1] Initializing Spring DispatcherServlet 'dispatcherServlet'
2024-05-29 22:35:02,017 INFO o.s.w.s.FrameworkServlet [http-nio-8080-exec-1] Initializing Servlet 'dispatcherServlet'
2024-05-29 22:35:02,017 INFO o.s.w.s.FrameworkServlet [http-nio-8080-exec-1] Completed initialization in 0 ms
2024-05-29 22:35:02,334 INFO c.e.B.c.AuthController [http-nio-8080-exec-1] loginRequestDto: LoginRequestDTO(username=asep2, password=12345678)
2024-05-29 22:35:02,852 INFO c.e.B.c.AuthController [http-nio-8080-exec-1] authentication: UsernamePasswordAuthenticationToken [Principal=UserDetailsImpl(username=asep2, password=$2a$10$KOOnRFLcoqMxf9715yX4pO5O76kSxKF.wb6JcDgQ0jUMs.izlmBPi, authorities=[MERCHANT]), Credentials=[PROTECTED], Authenticated=true, Details=null, Granted Authorities=[MERCHANT]]
2024-05-29 22:35:34,312 INFO o.s.o.j.AbstractEntityManagerFactoryBean [SpringApplicationShutdownHook] Closing JPA EntityManagerFactory for persistence unit 'default'
2024-05-29 22:35:34,320 INFO c.z.h.HikariDataSource [SpringApplicationShutdownHook] HikariPool-1 - Shutdown initiated...
2024-05-29 22:35:34,327 INFO c.z.h.HikariDataSource [SpringApplicationShutdownHook] HikariPool-1 - Shutdown completed.
