2024-05-17 16:03:09,997 INFO c.e.B.s.OrdersService [http-nio-8080-exec-5] Orders: [FAILED toString()]
2024-05-17 16:03:49,584 INFO o.s.o.j.AbstractEntityManagerFactoryBean [SpringApplicationShutdownHook] Closing JPA EntityManagerFactory for persistence unit 'default'
2024-05-17 16:03:49,586 INFO c.z.h.HikariDataSource [SpringApplicationShutdownHook] HikariPool-1 - Shutdown initiated...
2024-05-17 16:03:49,592 INFO c.z.h.HikariDataSource [SpringApplicationShutdownHook] HikariPool-1 - Shutdown completed.
2024-05-17 16:04:56,586 INFO o.s.b.StartupInfoLogger [main] Starting BinarfudApplication using Java 17.0.2 with PID 16800 (D:\synrgy\sinau_java\F-BJV24001115-synrgy7-syi-binarfud-ch4\target\classes started by hp in D:\synrgy\sinau_java\F-BJV24001115-synrgy7-syi-binarfud-ch4)
2024-05-17 16:04:56,596 INFO o.s.b.SpringApplication [main] No active profile set, falling back to 1 default profile: "default"
2024-05-17 16:04:59,624 INFO o.s.d.r.c.RepositoryConfigurationDelegate [main] Bootstrapping Spring Data JPA repositories in DEFAULT mode.
2024-05-17 16:05:00,025 INFO o.s.d.r.c.RepositoryConfigurationDelegate [main] Finished Spring Data repository scanning in 355 ms. Found 5 JPA repository interfaces.
2024-05-17 16:05:01,852 INFO o.s.b.w.e.t.TomcatWebServer [main] Tomcat initialized with port 8080 (http)
2024-05-17 16:05:01,876 INFO o.a.j.l.DirectJDKLog [main] Initializing ProtocolHandler ["http-nio-8080"]
2024-05-17 16:05:01,883 INFO o.a.j.l.DirectJDKLog [main] Starting service [Tomcat]
2024-05-17 16:05:01,884 INFO o.a.j.l.DirectJDKLog [main] Starting Servlet engine: [Apache Tomcat/10.1.20]
2024-05-17 16:05:02,041 INFO o.a.j.l.DirectJDKLog [main] Initializing Spring embedded WebApplicationContext
2024-05-17 16:05:02,043 INFO o.s.b.w.s.c.ServletWebServerApplicationContext [main] Root WebApplicationContext: initialization completed in 5295 ms
2024-05-17 16:05:02,492 INFO o.h.j.i.u.LogHelper [main] HHH000204: Processing PersistenceUnitInfo [name: default]
2024-05-17 16:05:02,647 INFO o.h.Version [main] HHH000412: Hibernate ORM core version 6.4.4.Final
2024-05-17 16:05:02,730 INFO o.h.c.i.RegionFactoryInitiator [main] HHH000026: Second-level cache disabled
2024-05-17 16:05:03,219 INFO o.s.o.j.p.SpringPersistenceUnitInfo [main] No LoadTimeWeaver setup: ignoring JPA class transformer
2024-05-17 16:05:03,276 INFO c.z.h.HikariDataSource [main] HikariPool-1 - Starting...
2024-05-17 16:05:03,664 INFO c.z.h.p.HikariPool [main] HikariPool-1 - Added connection org.postgresql.jdbc.PgConnection@2b936b04
2024-05-17 16:05:03,669 INFO c.z.h.HikariDataSource [main] HikariPool-1 - Start completed.
2024-05-17 16:05:03,784 WARN o.h.e.j.d.i.DialectFactoryImpl [main] HHH90000025: PostgreSQLDialect does not need to be specified explicitly using 'hibernate.dialect' (remove the property setting and it will be selected by default)
2024-05-17 16:05:07,781 INFO o.h.e.t.j.p.i.JtaPlatformInitiator [main] HHH000489: No JTA platform available (set 'hibernate.transaction.jta.platform' to enable JTA platform integration)
2024-05-17 16:05:08,131 INFO o.s.o.j.AbstractEntityManagerFactoryBean [main] Initialized JPA EntityManagerFactory for persistence unit 'default'
2024-05-17 16:05:08,749 INFO o.s.d.j.r.q.QueryEnhancerFactory [main] Hibernate is in classpath; If applicable, HQL parser will be used.
2024-05-17 16:05:09,234 WARN o.s.b.a.o.j.JpaBaseConfiguration$JpaWebConfiguration [main] spring.jpa.open-in-view is enabled by default. Therefore, database queries may be performed during view rendering. Explicitly configure spring.jpa.open-in-view to disable this warning
2024-05-17 16:05:10,224 INFO o.a.j.l.DirectJDKLog [main] Starting ProtocolHandler ["http-nio-8080"]
2024-05-17 16:05:10,276 INFO o.s.b.w.e.t.TomcatWebServer [main] Tomcat started on port 8080 (http) with context path ''
2024-05-17 16:05:10,293 INFO o.s.b.StartupInfoLogger [main] Started BinarfudApplication in 15.268 seconds (process running for 16.317)
2024-05-17 16:05:13,391 INFO o.a.j.l.DirectJDKLog [http-nio-8080-exec-1] Initializing Spring DispatcherServlet 'dispatcherServlet'
2024-05-17 16:05:13,391 INFO o.s.w.s.FrameworkServlet [http-nio-8080-exec-1] Initializing Servlet 'dispatcherServlet'
2024-05-17 16:05:13,393 INFO o.s.w.s.FrameworkServlet [http-nio-8080-exec-1] Completed initialization in 1 ms
2024-05-17 16:05:13,696 INFO c.e.B.s.OrdersService [http-nio-8080-exec-1] Orders: [FAILED toString()]
2024-05-17 16:05:14,744 INFO c.e.B.s.OrdersService [http-nio-8080-exec-4] Orders: [FAILED toString()]
2024-05-17 16:07:44,615 INFO o.s.o.j.AbstractEntityManagerFactoryBean [SpringApplicationShutdownHook] Closing JPA EntityManagerFactory for persistence unit 'default'
2024-05-17 16:07:44,635 INFO c.z.h.HikariDataSource [SpringApplicationShutdownHook] HikariPool-1 - Shutdown initiated...
2024-05-17 16:07:44,645 INFO c.z.h.HikariDataSource [SpringApplicationShutdownHook] HikariPool-1 - Shutdown completed.
2024-05-17 16:08:12,228 INFO o.s.b.StartupInfoLogger [main] Starting BinarfudApplication using Java 17.0.2 with PID 14116 (D:\synrgy\sinau_java\F-BJV24001115-synrgy7-syi-binarfud-ch4\target\classes started by hp in D:\synrgy\sinau_java\F-BJV24001115-synrgy7-syi-binarfud-ch4)
2024-05-17 16:08:12,234 INFO o.s.b.SpringApplication [main] No active profile set, falling back to 1 default profile: "default"
2024-05-17 16:08:13,748 INFO o.s.d.r.c.RepositoryConfigurationDelegate [main] Bootstrapping Spring Data JPA repositories in DEFAULT mode.
2024-05-17 16:08:13,845 INFO o.s.d.r.c.RepositoryConfigurationDelegate [main] Finished Spring Data repository scanning in 87 ms. Found 5 JPA repository interfaces.
2024-05-17 16:08:14,720 INFO o.s.b.w.e.t.TomcatWebServer [main] Tomcat initialized with port 8080 (http)
2024-05-17 16:08:14,745 INFO o.a.j.l.DirectJDKLog [main] Initializing ProtocolHandler ["http-nio-8080"]
2024-05-17 16:08:14,751 INFO o.a.j.l.DirectJDKLog [main] Starting service [Tomcat]
2024-05-17 16:08:14,752 INFO o.a.j.l.DirectJDKLog [main] Starting Servlet engine: [Apache Tomcat/10.1.20]
2024-05-17 16:08:14,868 INFO o.a.j.l.DirectJDKLog [main] Initializing Spring embedded WebApplicationContext
2024-05-17 16:08:14,870 INFO o.s.b.w.s.c.ServletWebServerApplicationContext [main] Root WebApplicationContext: initialization completed in 2502 ms
2024-05-17 16:08:15,151 INFO o.h.j.i.u.LogHelper [main] HHH000204: Processing PersistenceUnitInfo [name: default]
2024-05-17 16:08:15,286 INFO o.h.Version [main] HHH000412: Hibernate ORM core version 6.4.4.Final
2024-05-17 16:08:15,365 INFO o.h.c.i.RegionFactoryInitiator [main] HHH000026: Second-level cache disabled
2024-05-17 16:08:15,824 INFO o.s.o.j.p.SpringPersistenceUnitInfo [main] No LoadTimeWeaver setup: ignoring JPA class transformer
2024-05-17 16:08:15,877 INFO c.z.h.HikariDataSource [main] HikariPool-1 - Starting...
2024-05-17 16:08:16,166 INFO c.z.h.p.HikariPool [main] HikariPool-1 - Added connection org.postgresql.jdbc.PgConnection@144a5e6e
2024-05-17 16:08:16,169 INFO c.z.h.HikariDataSource [main] HikariPool-1 - Start completed.
2024-05-17 16:08:16,225 WARN o.h.e.j.d.i.DialectFactoryImpl [main] HHH90000025: PostgreSQLDialect does not need to be specified explicitly using 'hibernate.dialect' (remove the property setting and it will be selected by default)
2024-05-17 16:08:17,614 INFO o.h.e.t.j.p.i.JtaPlatformInitiator [main] HHH000489: No JTA platform available (set 'hibernate.transaction.jta.platform' to enable JTA platform integration)
2024-05-17 16:08:17,770 INFO o.s.o.j.AbstractEntityManagerFactoryBean [main] Initialized JPA EntityManagerFactory for persistence unit 'default'
2024-05-17 16:08:18,069 INFO o.s.d.j.r.q.QueryEnhancerFactory [main] Hibernate is in classpath; If applicable, HQL parser will be used.
2024-05-17 16:08:18,383 WARN o.s.b.a.o.j.JpaBaseConfiguration$JpaWebConfiguration [main] spring.jpa.open-in-view is enabled by default. Therefore, database queries may be performed during view rendering. Explicitly configure spring.jpa.open-in-view to disable this warning
2024-05-17 16:08:19,116 INFO o.a.j.l.DirectJDKLog [main] Starting ProtocolHandler ["http-nio-8080"]
2024-05-17 16:08:19,176 INFO o.s.b.w.e.t.TomcatWebServer [main] Tomcat started on port 8080 (http) with context path ''
2024-05-17 16:08:19,208 INFO o.s.b.StartupInfoLogger [main] Started BinarfudApplication in 7.773 seconds (process running for 8.457)
