2024-05-29 22:41:23,406 INFO o.s.o.j.AbstractEntityManagerFactoryBean [SpringApplicationShutdownHook] Closing JPA EntityManagerFactory for persistence unit 'default'
2024-05-29 22:41:23,442 INFO c.z.h.HikariDataSource [SpringApplicationShutdownHook] HikariPool-1 - Shutdown initiated...
2024-05-29 22:41:23,461 INFO c.z.h.HikariDataSource [SpringApplicationShutdownHook] HikariPool-1 - Shutdown completed.
2024-05-29 22:41:30,619 INFO o.s.b.StartupInfoLogger [main] Starting BinarfudApplication using Java 17.0.2 with PID 4136 (D:\synrgy\sinau_java\F-BJV24001115-synrgy7-syi-binarfud-ch5\target\classes started by hp in D:\synrgy\sinau_java\F-BJV24001115-synrgy7-syi-binarfud-ch5)
2024-05-29 22:41:30,622 INFO o.s.b.SpringApplication [main] No active profile set, falling back to 1 default profile: "default"
2024-05-29 22:41:32,106 INFO o.s.d.r.c.RepositoryConfigurationDelegate [main] Bootstrapping Spring Data JPA repositories in DEFAULT mode.
2024-05-29 22:41:32,226 INFO o.s.d.r.c.RepositoryConfigurationDelegate [main] Finished Spring Data repository scanning in 109 ms. Found 5 JPA repository interfaces.
2024-05-29 22:41:33,149 INFO o.s.b.w.e.t.TomcatWebServer [main] Tomcat initialized with port 8080 (http)
2024-05-29 22:41:33,173 INFO o.a.j.l.DirectJDKLog [main] Initializing ProtocolHandler ["http-nio-8080"]
2024-05-29 22:41:33,176 INFO o.a.j.l.DirectJDKLog [main] Starting service [Tomcat]
2024-05-29 22:41:33,176 INFO o.a.j.l.DirectJDKLog [main] Starting Servlet engine: [Apache Tomcat/10.1.20]
2024-05-29 22:41:33,311 INFO o.a.j.l.DirectJDKLog [main] Initializing Spring embedded WebApplicationContext
2024-05-29 22:41:33,312 INFO o.s.b.w.s.c.ServletWebServerApplicationContext [main] Root WebApplicationContext: initialization completed in 2617 ms
2024-05-29 22:41:33,570 INFO o.h.j.i.u.LogHelper [main] HHH000204: Processing PersistenceUnitInfo [name: default]
2024-05-29 22:41:33,718 INFO o.h.Version [main] HHH000412: Hibernate ORM core version 6.4.4.Final
2024-05-29 22:41:33,807 INFO o.h.c.i.RegionFactoryInitiator [main] HHH000026: Second-level cache disabled
2024-05-29 22:41:34,290 INFO o.s.o.j.p.SpringPersistenceUnitInfo [main] No LoadTimeWeaver setup: ignoring JPA class transformer
2024-05-29 22:41:34,336 INFO c.z.h.HikariDataSource [main] HikariPool-1 - Starting...
2024-05-29 22:41:34,697 INFO c.z.h.p.HikariPool [main] HikariPool-1 - Added connection org.postgresql.jdbc.PgConnection@2404abe2
2024-05-29 22:41:34,705 INFO c.z.h.HikariDataSource [main] HikariPool-1 - Start completed.
2024-05-29 22:41:34,844 WARN o.h.e.j.d.i.DialectFactoryImpl [main] HHH90000025: PostgreSQLDialect does not need to be specified explicitly using 'hibernate.dialect' (remove the property setting and it will be selected by default)
2024-05-29 22:41:36,617 INFO o.h.e.t.j.p.i.JtaPlatformInitiator [main] HHH000489: No JTA platform available (set 'hibernate.transaction.jta.platform' to enable JTA platform integration)
2024-05-29 22:41:36,828 INFO o.s.o.j.AbstractEntityManagerFactoryBean [main] Initialized JPA EntityManagerFactory for persistence unit 'default'
2024-05-29 22:41:37,580 INFO o.s.d.j.r.q.QueryEnhancerFactory [main] Hibernate is in classpath; If applicable, HQL parser will be used.
2024-05-29 22:41:38,521 WARN o.s.b.a.o.j.JpaBaseConfiguration$JpaWebConfiguration [main] spring.jpa.open-in-view is enabled by default. Therefore, database queries may be performed during view rendering. Explicitly configure spring.jpa.open-in-view to disable this warning
2024-05-29 22:41:39,126 INFO o.s.s.w.DefaultSecurityFilterChain [main] Will secure any request with [org.springframework.security.web.session.DisableEncodeUrlFilter@370e5bb9, org.springframework.security.web.context.request.async.WebAsyncManagerIntegrationFilter@46769bd6, org.springframework.security.web.context.SecurityContextHolderFilter@23fed844, org.springframework.security.web.header.HeaderWriterFilter@78181f7f, org.springframework.web.filter.CorsFilter@5739b804, org.springframework.security.web.authentication.logout.LogoutFilter@298154d4, com.example.Binarfud.security.jwt.JwtAuthTokenFilter@1acfc058, org.springframework.security.web.savedrequest.RequestCacheAwareFilter@4eef2522, org.springframework.security.web.servletapi.SecurityContextHolderAwareRequestFilter@c62d08a, org.springframework.security.web.authentication.AnonymousAuthenticationFilter@2f48adcc, org.springframework.security.web.session.SessionManagementFilter@51413d02, org.springframework.security.web.access.ExceptionTranslationFilter@4d619aa0, org.springframework.security.web.access.intercept.AuthorizationFilter@4bb747c1]
2024-05-29 22:41:39,606 INFO o.a.j.l.DirectJDKLog [main] Starting ProtocolHandler ["http-nio-8080"]
2024-05-29 22:41:39,648 INFO o.s.b.w.e.t.TomcatWebServer [main] Tomcat started on port 8080 (http) with context path ''
2024-05-29 22:41:39,663 INFO o.s.b.StartupInfoLogger [main] Started BinarfudApplication in 9.833 seconds (process running for 10.475)
2024-05-29 22:41:40,890 INFO o.a.j.l.DirectJDKLog [http-nio-8080-exec-1] Initializing Spring DispatcherServlet 'dispatcherServlet'
2024-05-29 22:41:40,890 INFO o.s.w.s.FrameworkServlet [http-nio-8080-exec-1] Initializing Servlet 'dispatcherServlet'
2024-05-29 22:41:40,890 INFO o.s.w.s.FrameworkServlet [http-nio-8080-exec-1] Completed initialization in 0 ms
2024-05-29 22:42:03,399 INFO c.e.B.s.MerchantService [http-nio-8080-exec-4] Merchant saved: Merchant(id=b014884e-9b0c-471d-a54a-cab51be5e975, merchantName=Cilok Mang Asep Racing 2, merchantLocation=Bandung, open=true)
2024-05-29 22:42:23,485 WARN c.e.B.s.MerchantService [http-nio-8080-exec-5] Merchant not found
