2024-06-16 14:16:03,474 INFO o.s.b.StartupInfoLogger [main] Starting BinarfudApplication using Java 17.0.2 with PID 4184 (D:\synrgy\Binarfud\Binarfud\target\classes started by hp in D:\synrgy\Binarfud\Binarfud)
2024-06-16 14:16:03,481 INFO o.s.b.SpringApplication [main] No active profile set, falling back to 1 default profile: "default"
2024-06-16 14:16:04,878 INFO o.s.d.r.c.RepositoryConfigurationDelegate [main] Bootstrapping Spring Data JPA repositories in DEFAULT mode.
2024-06-16 14:16:05,008 INFO o.s.d.r.c.RepositoryConfigurationDelegate [main] Finished Spring Data repository scanning in 117 ms. Found 7 JPA repository interfaces.
2024-06-16 14:16:06,056 INFO o.s.b.w.e.t.TomcatWebServer [main] Tomcat initialized with port 8080 (http)
2024-06-16 14:16:06,074 INFO o.a.j.l.DirectJDKLog [main] Initializing ProtocolHandler ["http-nio-8080"]
2024-06-16 14:16:06,079 INFO o.a.j.l.DirectJDKLog [main] Starting service [Tomcat]
2024-06-16 14:16:06,079 INFO o.a.j.l.DirectJDKLog [main] Starting Servlet engine: [Apache Tomcat/10.1.20]
2024-06-16 14:16:06,189 INFO o.a.j.l.DirectJDKLog [main] Initializing Spring embedded WebApplicationContext
2024-06-16 14:16:06,190 INFO o.s.b.w.s.c.ServletWebServerApplicationContext [main] Root WebApplicationContext: initialization completed in 2646 ms
2024-06-16 14:16:06,390 INFO o.h.j.i.u.LogHelper [main] HHH000204: Processing PersistenceUnitInfo [name: default]
2024-06-16 14:16:06,532 INFO o.h.Version [main] HHH000412: Hibernate ORM core version 6.4.4.Final
2024-06-16 14:16:06,596 INFO o.h.c.i.RegionFactoryInitiator [main] HHH000026: Second-level cache disabled
2024-06-16 14:16:06,964 INFO o.s.o.j.p.SpringPersistenceUnitInfo [main] No LoadTimeWeaver setup: ignoring JPA class transformer
2024-06-16 14:16:07,012 INFO c.z.h.HikariDataSource [main] HikariPool-1 - Starting...
2024-06-16 14:16:08,176 INFO c.z.h.p.HikariPool [main] HikariPool-1 - Added connection org.postgresql.jdbc.PgConnection@d6d683e
2024-06-16 14:16:08,179 INFO c.z.h.HikariDataSource [main] HikariPool-1 - Start completed.
2024-06-16 14:16:08,266 WARN o.h.e.j.d.i.DialectFactoryImpl [main] HHH90000025: PostgreSQLDialect does not need to be specified explicitly using 'hibernate.dialect' (remove the property setting and it will be selected by default)
2024-06-16 14:16:09,705 INFO o.h.e.t.j.p.i.JtaPlatformInitiator [main] HHH000489: No JTA platform available (set 'hibernate.transaction.jta.platform' to enable JTA platform integration)
2024-06-16 14:16:10,572 INFO o.s.o.j.AbstractEntityManagerFactoryBean [main] Initialized JPA EntityManagerFactory for persistence unit 'default'
2024-06-16 14:16:11,316 INFO o.s.d.j.r.q.QueryEnhancerFactory [main] Hibernate is in classpath; If applicable, HQL parser will be used.
2024-06-16 14:16:12,171 WARN o.s.b.a.o.j.JpaBaseConfiguration$JpaWebConfiguration [main] spring.jpa.open-in-view is enabled by default. Therefore, database queries may be performed during view rendering. Explicitly configure spring.jpa.open-in-view to disable this warning
2024-06-16 14:16:12,804 INFO o.s.s.w.DefaultSecurityFilterChain [main] Will secure any request with [org.springframework.security.web.session.DisableEncodeUrlFilter@476e4bb0, org.springframework.security.web.context.request.async.WebAsyncManagerIntegrationFilter@337fd6a1, org.springframework.security.web.context.SecurityContextHolderFilter@63d85fdf, org.springframework.security.web.header.HeaderWriterFilter@563bbf74, org.springframework.web.filter.CorsFilter@5a558335, org.springframework.security.web.authentication.logout.LogoutFilter@faff2bf, org.springframework.security.oauth2.client.web.OAuth2AuthorizationRequestRedirectFilter@1d6c69ff, org.springframework.security.oauth2.client.web.OAuth2LoginAuthenticationFilter@6b00587b, com.example.Binarfud.security.jwt.JwtAuthTokenFilter@5352bc0e, org.springframework.security.web.authentication.UsernamePasswordAuthenticationFilter@6fe2f6a0, org.springframework.security.web.savedrequest.RequestCacheAwareFilter@6cdfd50a, org.springframework.security.web.servletapi.SecurityContextHolderAwareRequestFilter@26e437dd, org.springframework.security.web.authentication.AnonymousAuthenticationFilter@20c9b155, org.springframework.security.web.access.ExceptionTranslationFilter@1f47e14d, org.springframework.security.web.access.intercept.AuthorizationFilter@f53070c]
2024-06-16 14:16:13,239 WARN o.s.s.c.a.w.b.WebSecurity [main] You are asking Spring Security to ignore Mvc [pattern='/webjars/**']. This is not recommended -- please use permitAll via HttpSecurity#authorizeHttpRequests instead.
2024-06-16 14:16:13,239 INFO o.s.s.w.DefaultSecurityFilterChain [main] Will not secure Mvc [pattern='/webjars/**']
2024-06-16 14:16:13,240 WARN o.s.s.c.a.w.b.WebSecurity [main] You are asking Spring Security to ignore Mvc [pattern='/images/**']. This is not recommended -- please use permitAll via HttpSecurity#authorizeHttpRequests instead.
2024-06-16 14:16:13,240 INFO o.s.s.w.DefaultSecurityFilterChain [main] Will not secure Mvc [pattern='/images/**']
2024-06-16 14:16:13,240 WARN o.s.s.c.a.w.b.WebSecurity [main] You are asking Spring Security to ignore Mvc [pattern='/css/**']. This is not recommended -- please use permitAll via HttpSecurity#authorizeHttpRequests instead.
2024-06-16 14:16:13,241 INFO o.s.s.w.DefaultSecurityFilterChain [main] Will not secure Mvc [pattern='/css/**']
2024-06-16 14:16:13,241 WARN o.s.s.c.a.w.b.WebSecurity [main] You are asking Spring Security to ignore Mvc [pattern='/assets/**']. This is not recommended -- please use permitAll via HttpSecurity#authorizeHttpRequests instead.
2024-06-16 14:16:13,241 INFO o.s.s.w.DefaultSecurityFilterChain [main] Will not secure Mvc [pattern='/assets/**']
2024-06-16 14:16:13,241 WARN o.s.s.c.a.w.b.WebSecurity [main] You are asking Spring Security to ignore Mvc [pattern='/favicon.ico']. This is not recommended -- please use permitAll via HttpSecurity#authorizeHttpRequests instead.
2024-06-16 14:16:13,241 INFO o.s.s.w.DefaultSecurityFilterChain [main] Will not secure Mvc [pattern='/favicon.ico']
2024-06-16 14:16:13,344 INFO o.a.j.l.DirectJDKLog [main] Starting ProtocolHandler ["http-nio-8080"]
2024-06-16 14:16:13,374 INFO o.s.b.w.e.t.TomcatWebServer [main] Tomcat started on port 8080 (http) with context path ''
2024-06-16 14:16:13,468 INFO o.a.k.c.c.AbstractConfig [main] ConsumerConfig values: 
	allow.auto.create.topics = true
	auto.commit.interval.ms = 5000
	auto.include.jmx.reporter = true
	auto.offset.reset = latest
	bootstrap.servers = [localhost:9092]
	check.crcs = true
	client.dns.lookup = use_all_dns_ips
	client.id = consumer-binarfudgroup-1
	client.rack = 
	connections.max.idle.ms = 540000
	default.api.timeout.ms = 60000
	enable.auto.commit = false
	exclude.internal.topics = true
	fetch.max.bytes = 52428800
	fetch.max.wait.ms = 500
	fetch.min.bytes = 1
	group.id = binarfudgroup
	group.instance.id = null
	heartbeat.interval.ms = 3000
	interceptor.classes = []
	internal.leave.group.on.close = true
	internal.throw.on.fetch.stable.offset.unsupported = false
	isolation.level = read_uncommitted
	key.deserializer = class org.apache.kafka.common.serialization.StringDeserializer
	max.partition.fetch.bytes = 1048576
	max.poll.interval.ms = 300000
	max.poll.records = 500
	metadata.max.age.ms = 300000
	metric.reporters = []
	metrics.num.samples = 2
	metrics.recording.level = INFO
	metrics.sample.window.ms = 30000
	partition.assignment.strategy = [class org.apache.kafka.clients.consumer.RangeAssignor, class org.apache.kafka.clients.consumer.CooperativeStickyAssignor]
	receive.buffer.bytes = 65536
	reconnect.backoff.max.ms = 1000
	reconnect.backoff.ms = 50
	request.timeout.ms = 30000
	retry.backoff.ms = 100
	sasl.client.callback.handler.class = null
	sasl.jaas.config = null
	sasl.kerberos.kinit.cmd = /usr/bin/kinit
	sasl.kerberos.min.time.before.relogin = 60000
	sasl.kerberos.service.name = null
	sasl.kerberos.ticket.renew.jitter = 0.05
	sasl.kerberos.ticket.renew.window.factor = 0.8
	sasl.login.callback.handler.class = null
	sasl.login.class = null
	sasl.login.connect.timeout.ms = null
	sasl.login.read.timeout.ms = null
	sasl.login.refresh.buffer.seconds = 300
	sasl.login.refresh.min.period.seconds = 60
	sasl.login.refresh.window.factor = 0.8
	sasl.login.refresh.window.jitter = 0.05
	sasl.login.retry.backoff.max.ms = 10000
	sasl.login.retry.backoff.ms = 100
	sasl.mechanism = GSSAPI
	sasl.oauthbearer.clock.skew.seconds = 30
	sasl.oauthbearer.expected.audience = null
	sasl.oauthbearer.expected.issuer = null
	sasl.oauthbearer.jwks.endpoint.refresh.ms = 3600000
	sasl.oauthbearer.jwks.endpoint.retry.backoff.max.ms = 10000
	sasl.oauthbearer.jwks.endpoint.retry.backoff.ms = 100
	sasl.oauthbearer.jwks.endpoint.url = null
	sasl.oauthbearer.scope.claim.name = scope
	sasl.oauthbearer.sub.claim.name = sub
	sasl.oauthbearer.token.endpoint.url = null
	security.protocol = PLAINTEXT
	security.providers = null
	send.buffer.bytes = 131072
	session.timeout.ms = 45000
	socket.connection.setup.timeout.max.ms = 30000
	socket.connection.setup.timeout.ms = 10000
	ssl.cipher.suites = null
	ssl.enabled.protocols = [TLSv1.2, TLSv1.3]
	ssl.endpoint.identification.algorithm = https
	ssl.engine.factory.class = null
	ssl.key.password = null
	ssl.keymanager.algorithm = SunX509
	ssl.keystore.certificate.chain = null
	ssl.keystore.key = null
	ssl.keystore.location = null
	ssl.keystore.password = null
	ssl.keystore.type = JKS
	ssl.protocol = TLSv1.3
	ssl.provider = null
	ssl.secure.random.implementation = null
	ssl.trustmanager.algorithm = PKIX
	ssl.truststore.certificates = null
	ssl.truststore.location = null
	ssl.truststore.password = null
	ssl.truststore.type = JKS
	value.deserializer = class org.apache.kafka.common.serialization.StringDeserializer

2024-06-16 14:16:13,718 INFO o.a.k.c.u.AppInfoParser$AppInfo [main] Kafka version: 3.6.2
2024-06-16 14:16:13,718 INFO o.a.k.c.u.AppInfoParser$AppInfo [main] Kafka commitId: c4deed513057c94e
2024-06-16 14:16:13,719 INFO o.a.k.c.u.AppInfoParser$AppInfo [main] Kafka startTimeMs: 1718522173717
2024-06-16 14:16:13,724 INFO o.a.k.c.c.KafkaConsumer [main] [Consumer clientId=consumer-binarfudgroup-1, groupId=binarfudgroup] Subscribed to topic(s): order
2024-06-16 14:16:13,747 INFO o.s.b.StartupInfoLogger [main] Started BinarfudApplication in 11.142 seconds (process running for 11.989)
2024-06-16 14:16:14,227 INFO o.a.k.c.NetworkClient [org.springframework.kafka.KafkaListenerEndpointContainer#0-0-C-1] [Consumer clientId=consumer-binarfudgroup-1, groupId=binarfudgroup] Node -1 disconnected.
2024-06-16 14:16:14,229 WARN o.a.k.c.NetworkClient [org.springframework.kafka.KafkaListenerEndpointContainer#0-0-C-1] [Consumer clientId=consumer-binarfudgroup-1, groupId=binarfudgroup] Connection to node -1 (localhost/127.0.0.1:9092) could not be established. Broker may not be available.
2024-06-16 14:16:14,230 WARN o.a.k.c.NetworkClient$DefaultMetadataUpdater [org.springframework.kafka.KafkaListenerEndpointContainer#0-0-C-1] [Consumer clientId=consumer-binarfudgroup-1, groupId=binarfudgroup] Bootstrap broker localhost:9092 (id: -1 rack: null) disconnected
2024-06-16 14:16:14,332 INFO o.a.k.c.NetworkClient [org.springframework.kafka.KafkaListenerEndpointContainer#0-0-C-1] [Consumer clientId=consumer-binarfudgroup-1, groupId=binarfudgroup] Node -1 disconnected.
2024-06-16 14:16:14,332 WARN o.a.k.c.NetworkClient [org.springframework.kafka.KafkaListenerEndpointContainer#0-0-C-1] [Consumer clientId=consumer-binarfudgroup-1, groupId=binarfudgroup] Connection to node -1 (localhost/127.0.0.1:9092) could not be established. Broker may not be available.
2024-06-16 14:16:14,332 WARN o.a.k.c.NetworkClient$DefaultMetadataUpdater [org.springframework.kafka.KafkaListenerEndpointContainer#0-0-C-1] [Consumer clientId=consumer-binarfudgroup-1, groupId=binarfudgroup] Bootstrap broker localhost:9092 (id: -1 rack: null) disconnected
2024-06-16 14:16:14,504 INFO o.a.k.c.NetworkClient [org.springframework.kafka.KafkaListenerEndpointContainer#0-0-C-1] [Consumer clientId=consumer-binarfudgroup-1, groupId=binarfudgroup] Node -1 disconnected.
2024-06-16 14:16:14,504 WARN o.a.k.c.NetworkClient [org.springframework.kafka.KafkaListenerEndpointContainer#0-0-C-1] [Consumer clientId=consumer-binarfudgroup-1, groupId=binarfudgroup] Connection to node -1 (localhost/127.0.0.1:9092) could not be established. Broker may not be available.
2024-06-16 14:16:14,504 WARN o.a.k.c.NetworkClient$DefaultMetadataUpdater [org.springframework.kafka.KafkaListenerEndpointContainer#0-0-C-1] [Consumer clientId=consumer-binarfudgroup-1, groupId=binarfudgroup] Bootstrap broker localhost:9092 (id: -1 rack: null) disconnected
2024-06-16 14:16:14,735 INFO o.a.k.c.NetworkClient [org.springframework.kafka.KafkaListenerEndpointContainer#0-0-C-1] [Consumer clientId=consumer-binarfudgroup-1, groupId=binarfudgroup] Node -1 disconnected.
2024-06-16 14:16:14,736 WARN o.a.k.c.NetworkClient [org.springframework.kafka.KafkaListenerEndpointContainer#0-0-C-1] [Consumer clientId=consumer-binarfudgroup-1, groupId=binarfudgroup] Connection to node -1 (localhost/127.0.0.1:9092) could not be established. Broker may not be available.
2024-06-16 14:16:14,736 WARN o.a.k.c.NetworkClient$DefaultMetadataUpdater [org.springframework.kafka.KafkaListenerEndpointContainer#0-0-C-1] [Consumer clientId=consumer-binarfudgroup-1, groupId=binarfudgroup] Bootstrap broker localhost:9092 (id: -1 rack: null) disconnected
2024-06-16 14:16:15,220 INFO o.a.k.c.NetworkClient [org.springframework.kafka.KafkaListenerEndpointContainer#0-0-C-1] [Consumer clientId=consumer-binarfudgroup-1, groupId=binarfudgroup] Node -1 disconnected.
2024-06-16 14:16:15,222 WARN o.a.k.c.NetworkClient [org.springframework.kafka.KafkaListenerEndpointContainer#0-0-C-1] [Consumer clientId=consumer-binarfudgroup-1, groupId=binarfudgroup] Connection to node -1 (localhost/127.0.0.1:9092) could not be established. Broker may not be available.
2024-06-16 14:16:15,222 WARN o.a.k.c.NetworkClient$DefaultMetadataUpdater [org.springframework.kafka.KafkaListenerEndpointContainer#0-0-C-1] [Consumer clientId=consumer-binarfudgroup-1, groupId=binarfudgroup] Bootstrap broker localhost:9092 (id: -1 rack: null) disconnected
2024-06-16 14:16:15,892 INFO o.a.k.c.NetworkClient [org.springframework.kafka.KafkaListenerEndpointContainer#0-0-C-1] [Consumer clientId=consumer-binarfudgroup-1, groupId=binarfudgroup] Node -1 disconnected.
2024-06-16 14:16:15,892 WARN o.a.k.c.NetworkClient [org.springframework.kafka.KafkaListenerEndpointContainer#0-0-C-1] [Consumer clientId=consumer-binarfudgroup-1, groupId=binarfudgroup] Connection to node -1 (localhost/127.0.0.1:9092) could not be established. Broker may not be available.
2024-06-16 14:16:15,892 WARN o.a.k.c.NetworkClient$DefaultMetadataUpdater [org.springframework.kafka.KafkaListenerEndpointContainer#0-0-C-1] [Consumer clientId=consumer-binarfudgroup-1, groupId=binarfudgroup] Bootstrap broker localhost:9092 (id: -1 rack: null) disconnected
2024-06-16 14:16:17,000 INFO o.a.k.c.NetworkClient [org.springframework.kafka.KafkaListenerEndpointContainer#0-0-C-1] [Consumer clientId=consumer-binarfudgroup-1, groupId=binarfudgroup] Node -1 disconnected.
2024-06-16 14:16:17,000 WARN o.a.k.c.NetworkClient [org.springframework.kafka.KafkaListenerEndpointContainer#0-0-C-1] [Consumer clientId=consumer-binarfudgroup-1, groupId=binarfudgroup] Connection to node -1 (localhost/127.0.0.1:9092) could not be established. Broker may not be available.
2024-06-16 14:16:17,000 WARN o.a.k.c.NetworkClient$DefaultMetadataUpdater [org.springframework.kafka.KafkaListenerEndpointContainer#0-0-C-1] [Consumer clientId=consumer-binarfudgroup-1, groupId=binarfudgroup] Bootstrap broker localhost:9092 (id: -1 rack: null) disconnected
2024-06-16 14:16:18,044 INFO o.a.k.c.NetworkClient [org.springframework.kafka.KafkaListenerEndpointContainer#0-0-C-1] [Consumer clientId=consumer-binarfudgroup-1, groupId=binarfudgroup] Node -1 disconnected.
2024-06-16 14:16:18,044 WARN o.a.k.c.NetworkClient [org.springframework.kafka.KafkaListenerEndpointContainer#0-0-C-1] [Consumer clientId=consumer-binarfudgroup-1, groupId=binarfudgroup] Connection to node -1 (localhost/127.0.0.1:9092) could not be established. Broker may not be available.
2024-06-16 14:16:18,045 WARN o.a.k.c.NetworkClient$DefaultMetadataUpdater [org.springframework.kafka.KafkaListenerEndpointContainer#0-0-C-1] [Consumer clientId=consumer-binarfudgroup-1, groupId=binarfudgroup] Bootstrap broker localhost:9092 (id: -1 rack: null) disconnected
2024-06-16 14:16:18,933 INFO o.a.k.c.NetworkClient [org.springframework.kafka.KafkaListenerEndpointContainer#0-0-C-1] [Consumer clientId=consumer-binarfudgroup-1, groupId=binarfudgroup] Node -1 disconnected.
2024-06-16 14:16:18,934 WARN o.a.k.c.NetworkClient [org.springframework.kafka.KafkaListenerEndpointContainer#0-0-C-1] [Consumer clientId=consumer-binarfudgroup-1, groupId=binarfudgroup] Connection to node -1 (localhost/127.0.0.1:9092) could not be established. Broker may not be available.
2024-06-16 14:16:18,934 WARN o.a.k.c.NetworkClient$DefaultMetadataUpdater [org.springframework.kafka.KafkaListenerEndpointContainer#0-0-C-1] [Consumer clientId=consumer-binarfudgroup-1, groupId=binarfudgroup] Bootstrap broker localhost:9092 (id: -1 rack: null) disconnected
2024-06-16 14:16:19,791 INFO o.a.k.c.NetworkClient [org.springframework.kafka.KafkaListenerEndpointContainer#0-0-C-1] [Consumer clientId=consumer-binarfudgroup-1, groupId=binarfudgroup] Node -1 disconnected.
2024-06-16 14:16:19,792 WARN o.a.k.c.NetworkClient [org.springframework.kafka.KafkaListenerEndpointContainer#0-0-C-1] [Consumer clientId=consumer-binarfudgroup-1, groupId=binarfudgroup] Connection to node -1 (localhost/127.0.0.1:9092) could not be established. Broker may not be available.
2024-06-16 14:16:19,792 WARN o.a.k.c.NetworkClient$DefaultMetadataUpdater [org.springframework.kafka.KafkaListenerEndpointContainer#0-0-C-1] [Consumer clientId=consumer-binarfudgroup-1, groupId=binarfudgroup] Bootstrap broker localhost:9092 (id: -1 rack: null) disconnected
2024-06-16 14:16:20,956 INFO o.a.k.c.NetworkClient [org.springframework.kafka.KafkaListenerEndpointContainer#0-0-C-1] [Consumer clientId=consumer-binarfudgroup-1, groupId=binarfudgroup] Node -1 disconnected.
2024-06-16 14:16:20,956 WARN o.a.k.c.NetworkClient [org.springframework.kafka.KafkaListenerEndpointContainer#0-0-C-1] [Consumer clientId=consumer-binarfudgroup-1, groupId=binarfudgroup] Connection to node -1 (localhost/127.0.0.1:9092) could not be established. Broker may not be available.
2024-06-16 14:16:20,956 WARN o.a.k.c.NetworkClient$DefaultMetadataUpdater [org.springframework.kafka.KafkaListenerEndpointContainer#0-0-C-1] [Consumer clientId=consumer-binarfudgroup-1, groupId=binarfudgroup] Bootstrap broker localhost:9092 (id: -1 rack: null) disconnected
2024-06-16 14:16:22,001 INFO o.a.k.c.NetworkClient [org.springframework.kafka.KafkaListenerEndpointContainer#0-0-C-1] [Consumer clientId=consumer-binarfudgroup-1, groupId=binarfudgroup] Node -1 disconnected.
2024-06-16 14:16:22,001 WARN o.a.k.c.NetworkClient [org.springframework.kafka.KafkaListenerEndpointContainer#0-0-C-1] [Consumer clientId=consumer-binarfudgroup-1, groupId=binarfudgroup] Connection to node -1 (localhost/127.0.0.1:9092) could not be established. Broker may not be available.
2024-06-16 14:16:22,001 WARN o.a.k.c.NetworkClient$DefaultMetadataUpdater [org.springframework.kafka.KafkaListenerEndpointContainer#0-0-C-1] [Consumer clientId=consumer-binarfudgroup-1, groupId=binarfudgroup] Bootstrap broker localhost:9092 (id: -1 rack: null) disconnected
2024-06-16 14:16:22,858 INFO o.a.k.c.NetworkClient [org.springframework.kafka.KafkaListenerEndpointContainer#0-0-C-1] [Consumer clientId=consumer-binarfudgroup-1, groupId=binarfudgroup] Node -1 disconnected.
2024-06-16 14:16:22,860 WARN o.a.k.c.NetworkClient [org.springframework.kafka.KafkaListenerEndpointContainer#0-0-C-1] [Consumer clientId=consumer-binarfudgroup-1, groupId=binarfudgroup] Connection to node -1 (localhost/127.0.0.1:9092) could not be established. Broker may not be available.
2024-06-16 14:16:22,860 WARN o.a.k.c.NetworkClient$DefaultMetadataUpdater [org.springframework.kafka.KafkaListenerEndpointContainer#0-0-C-1] [Consumer clientId=consumer-binarfudgroup-1, groupId=binarfudgroup] Bootstrap broker localhost:9092 (id: -1 rack: null) disconnected
2024-06-16 14:16:23,954 INFO o.a.k.c.NetworkClient [org.springframework.kafka.KafkaListenerEndpointContainer#0-0-C-1] [Consumer clientId=consumer-binarfudgroup-1, groupId=binarfudgroup] Node -1 disconnected.
2024-06-16 14:16:23,954 WARN o.a.k.c.NetworkClient [org.springframework.kafka.KafkaListenerEndpointContainer#0-0-C-1] [Consumer clientId=consumer-binarfudgroup-1, groupId=binarfudgroup] Connection to node -1 (localhost/127.0.0.1:9092) could not be established. Broker may not be available.
2024-06-16 14:16:23,954 WARN o.a.k.c.NetworkClient$DefaultMetadataUpdater [org.springframework.kafka.KafkaListenerEndpointContainer#0-0-C-1] [Consumer clientId=consumer-binarfudgroup-1, groupId=binarfudgroup] Bootstrap broker localhost:9092 (id: -1 rack: null) disconnected
2024-06-16 14:16:24,814 INFO o.a.k.c.NetworkClient [org.springframework.kafka.KafkaListenerEndpointContainer#0-0-C-1] [Consumer clientId=consumer-binarfudgroup-1, groupId=binarfudgroup] Node -1 disconnected.
2024-06-16 14:16:24,814 WARN o.a.k.c.NetworkClient [org.springframework.kafka.KafkaListenerEndpointContainer#0-0-C-1] [Consumer clientId=consumer-binarfudgroup-1, groupId=binarfudgroup] Connection to node -1 (localhost/127.0.0.1:9092) could not be established. Broker may not be available.
2024-06-16 14:16:24,814 WARN o.a.k.c.NetworkClient$DefaultMetadataUpdater [org.springframework.kafka.KafkaListenerEndpointContainer#0-0-C-1] [Consumer clientId=consumer-binarfudgroup-1, groupId=binarfudgroup] Bootstrap broker localhost:9092 (id: -1 rack: null) disconnected
2024-06-16 14:16:25,985 INFO o.a.k.c.NetworkClient [org.springframework.kafka.KafkaListenerEndpointContainer#0-0-C-1] [Consumer clientId=consumer-binarfudgroup-1, groupId=binarfudgroup] Node -1 disconnected.
2024-06-16 14:16:25,987 WARN o.a.k.c.NetworkClient [org.springframework.kafka.KafkaListenerEndpointContainer#0-0-C-1] [Consumer clientId=consumer-binarfudgroup-1, groupId=binarfudgroup] Connection to node -1 (localhost/127.0.0.1:9092) could not be established. Broker may not be available.
2024-06-16 14:16:25,987 WARN o.a.k.c.NetworkClient$DefaultMetadataUpdater [org.springframework.kafka.KafkaListenerEndpointContainer#0-0-C-1] [Consumer clientId=consumer-binarfudgroup-1, groupId=binarfudgroup] Bootstrap broker localhost:9092 (id: -1 rack: null) disconnected
2024-06-16 14:16:26,905 INFO o.a.k.c.NetworkClient [org.springframework.kafka.KafkaListenerEndpointContainer#0-0-C-1] [Consumer clientId=consumer-binarfudgroup-1, groupId=binarfudgroup] Node -1 disconnected.
2024-06-16 14:16:26,905 WARN o.a.k.c.NetworkClient [org.springframework.kafka.KafkaListenerEndpointContainer#0-0-C-1] [Consumer clientId=consumer-binarfudgroup-1, groupId=binarfudgroup] Connection to node -1 (localhost/127.0.0.1:9092) could not be established. Broker may not be available.
2024-06-16 14:16:26,905 WARN o.a.k.c.NetworkClient$DefaultMetadataUpdater [org.springframework.kafka.KafkaListenerEndpointContainer#0-0-C-1] [Consumer clientId=consumer-binarfudgroup-1, groupId=binarfudgroup] Bootstrap broker localhost:9092 (id: -1 rack: null) disconnected
2024-06-16 14:16:28,073 INFO o.a.k.c.NetworkClient [org.springframework.kafka.KafkaListenerEndpointContainer#0-0-C-1] [Consumer clientId=consumer-binarfudgroup-1, groupId=binarfudgroup] Node -1 disconnected.
2024-06-16 14:16:28,073 WARN o.a.k.c.NetworkClient [org.springframework.kafka.KafkaListenerEndpointContainer#0-0-C-1] [Consumer clientId=consumer-binarfudgroup-1, groupId=binarfudgroup] Connection to node -1 (localhost/127.0.0.1:9092) could not be established. Broker may not be available.
2024-06-16 14:16:28,073 WARN o.a.k.c.NetworkClient$DefaultMetadataUpdater [org.springframework.kafka.KafkaListenerEndpointContainer#0-0-C-1] [Consumer clientId=consumer-binarfudgroup-1, groupId=binarfudgroup] Bootstrap broker localhost:9092 (id: -1 rack: null) disconnected
2024-06-16 14:16:29,149 INFO o.a.k.c.NetworkClient [org.springframework.kafka.KafkaListenerEndpointContainer#0-0-C-1] [Consumer clientId=consumer-binarfudgroup-1, groupId=binarfudgroup] Node -1 disconnected.
2024-06-16 14:16:29,150 WARN o.a.k.c.NetworkClient [org.springframework.kafka.KafkaListenerEndpointContainer#0-0-C-1] [Consumer clientId=consumer-binarfudgroup-1, groupId=binarfudgroup] Connection to node -1 (localhost/127.0.0.1:9092) could not be established. Broker may not be available.
2024-06-16 14:16:29,150 WARN o.a.k.c.NetworkClient$DefaultMetadataUpdater [org.springframework.kafka.KafkaListenerEndpointContainer#0-0-C-1] [Consumer clientId=consumer-binarfudgroup-1, groupId=binarfudgroup] Bootstrap broker localhost:9092 (id: -1 rack: null) disconnected
2024-06-16 14:16:30,254 INFO o.a.k.c.NetworkClient [org.springframework.kafka.KafkaListenerEndpointContainer#0-0-C-1] [Consumer clientId=consumer-binarfudgroup-1, groupId=binarfudgroup] Node -1 disconnected.
2024-06-16 14:16:30,254 WARN o.a.k.c.NetworkClient [org.springframework.kafka.KafkaListenerEndpointContainer#0-0-C-1] [Consumer clientId=consumer-binarfudgroup-1, groupId=binarfudgroup] Connection to node -1 (localhost/127.0.0.1:9092) could not be established. Broker may not be available.
2024-06-16 14:16:30,254 WARN o.a.k.c.NetworkClient$DefaultMetadataUpdater [org.springframework.kafka.KafkaListenerEndpointContainer#0-0-C-1] [Consumer clientId=consumer-binarfudgroup-1, groupId=binarfudgroup] Bootstrap broker localhost:9092 (id: -1 rack: null) disconnected
2024-06-16 14:16:31,364 INFO o.a.k.c.NetworkClient [org.springframework.kafka.KafkaListenerEndpointContainer#0-0-C-1] [Consumer clientId=consumer-binarfudgroup-1, groupId=binarfudgroup] Node -1 disconnected.
2024-06-16 14:16:31,364 WARN o.a.k.c.NetworkClient [org.springframework.kafka.KafkaListenerEndpointContainer#0-0-C-1] [Consumer clientId=consumer-binarfudgroup-1, groupId=binarfudgroup] Connection to node -1 (localhost/127.0.0.1:9092) could not be established. Broker may not be available.
2024-06-16 14:16:31,364 WARN o.a.k.c.NetworkClient$DefaultMetadataUpdater [org.springframework.kafka.KafkaListenerEndpointContainer#0-0-C-1] [Consumer clientId=consumer-binarfudgroup-1, groupId=binarfudgroup] Bootstrap broker localhost:9092 (id: -1 rack: null) disconnected
2024-06-16 14:16:32,288 INFO o.a.k.c.NetworkClient [org.springframework.kafka.KafkaListenerEndpointContainer#0-0-C-1] [Consumer clientId=consumer-binarfudgroup-1, groupId=binarfudgroup] Node -1 disconnected.
2024-06-16 14:16:32,288 WARN o.a.k.c.NetworkClient [org.springframework.kafka.KafkaListenerEndpointContainer#0-0-C-1] [Consumer clientId=consumer-binarfudgroup-1, groupId=binarfudgroup] Connection to node -1 (localhost/127.0.0.1:9092) could not be established. Broker may not be available.
2024-06-16 14:16:32,288 WARN o.a.k.c.NetworkClient$DefaultMetadataUpdater [org.springframework.kafka.KafkaListenerEndpointContainer#0-0-C-1] [Consumer clientId=consumer-binarfudgroup-1, groupId=binarfudgroup] Bootstrap broker localhost:9092 (id: -1 rack: null) disconnected
2024-06-16 14:16:33,149 INFO o.a.k.c.NetworkClient [org.springframework.kafka.KafkaListenerEndpointContainer#0-0-C-1] [Consumer clientId=consumer-binarfudgroup-1, groupId=binarfudgroup] Node -1 disconnected.
2024-06-16 14:16:33,149 WARN o.a.k.c.NetworkClient [org.springframework.kafka.KafkaListenerEndpointContainer#0-0-C-1] [Consumer clientId=consumer-binarfudgroup-1, groupId=binarfudgroup] Connection to node -1 (localhost/127.0.0.1:9092) could not be established. Broker may not be available.
2024-06-16 14:16:33,149 WARN o.a.k.c.NetworkClient$DefaultMetadataUpdater [org.springframework.kafka.KafkaListenerEndpointContainer#0-0-C-1] [Consumer clientId=consumer-binarfudgroup-1, groupId=binarfudgroup] Bootstrap broker localhost:9092 (id: -1 rack: null) disconnected
2024-06-16 14:16:34,290 INFO o.a.k.c.NetworkClient [org.springframework.kafka.KafkaListenerEndpointContainer#0-0-C-1] [Consumer clientId=consumer-binarfudgroup-1, groupId=binarfudgroup] Node -1 disconnected.
2024-06-16 14:16:34,290 WARN o.a.k.c.NetworkClient [org.springframework.kafka.KafkaListenerEndpointContainer#0-0-C-1] [Consumer clientId=consumer-binarfudgroup-1, groupId=binarfudgroup] Connection to node -1 (localhost/127.0.0.1:9092) could not be established. Broker may not be available.
2024-06-16 14:16:34,290 WARN o.a.k.c.NetworkClient$DefaultMetadataUpdater [org.springframework.kafka.KafkaListenerEndpointContainer#0-0-C-1] [Consumer clientId=consumer-binarfudgroup-1, groupId=binarfudgroup] Bootstrap broker localhost:9092 (id: -1 rack: null) disconnected
2024-06-16 14:16:35,146 INFO o.a.k.c.NetworkClient [org.springframework.kafka.KafkaListenerEndpointContainer#0-0-C-1] [Consumer clientId=consumer-binarfudgroup-1, groupId=binarfudgroup] Node -1 disconnected.
2024-06-16 14:16:35,148 WARN o.a.k.c.NetworkClient [org.springframework.kafka.KafkaListenerEndpointContainer#0-0-C-1] [Consumer clientId=consumer-binarfudgroup-1, groupId=binarfudgroup] Connection to node -1 (localhost/127.0.0.1:9092) could not be established. Broker may not be available.
2024-06-16 14:16:35,148 WARN o.a.k.c.NetworkClient$DefaultMetadataUpdater [org.springframework.kafka.KafkaListenerEndpointContainer#0-0-C-1] [Consumer clientId=consumer-binarfudgroup-1, groupId=binarfudgroup] Bootstrap broker localhost:9092 (id: -1 rack: null) disconnected
2024-06-16 14:16:36,316 INFO o.a.k.c.NetworkClient [org.springframework.kafka.KafkaListenerEndpointContainer#0-0-C-1] [Consumer clientId=consumer-binarfudgroup-1, groupId=binarfudgroup] Node -1 disconnected.
2024-06-16 14:16:36,316 WARN o.a.k.c.NetworkClient [org.springframework.kafka.KafkaListenerEndpointContainer#0-0-C-1] [Consumer clientId=consumer-binarfudgroup-1, groupId=binarfudgroup] Connection to node -1 (localhost/127.0.0.1:9092) could not be established. Broker may not be available.
2024-06-16 14:16:36,317 WARN o.a.k.c.NetworkClient$DefaultMetadataUpdater [org.springframework.kafka.KafkaListenerEndpointContainer#0-0-C-1] [Consumer clientId=consumer-binarfudgroup-1, groupId=binarfudgroup] Bootstrap broker localhost:9092 (id: -1 rack: null) disconnected
2024-06-16 14:16:37,430 INFO o.a.k.c.NetworkClient [org.springframework.kafka.KafkaListenerEndpointContainer#0-0-C-1] [Consumer clientId=consumer-binarfudgroup-1, groupId=binarfudgroup] Node -1 disconnected.
2024-06-16 14:16:37,430 WARN o.a.k.c.NetworkClient [org.springframework.kafka.KafkaListenerEndpointContainer#0-0-C-1] [Consumer clientId=consumer-binarfudgroup-1, groupId=binarfudgroup] Connection to node -1 (localhost/127.0.0.1:9092) could not be established. Broker may not be available.
2024-06-16 14:16:37,430 WARN o.a.k.c.NetworkClient$DefaultMetadataUpdater [org.springframework.kafka.KafkaListenerEndpointContainer#0-0-C-1] [Consumer clientId=consumer-binarfudgroup-1, groupId=binarfudgroup] Bootstrap broker localhost:9092 (id: -1 rack: null) disconnected
2024-06-16 14:16:38,597 INFO o.a.k.c.NetworkClient [org.springframework.kafka.KafkaListenerEndpointContainer#0-0-C-1] [Consumer clientId=consumer-binarfudgroup-1, groupId=binarfudgroup] Node -1 disconnected.
2024-06-16 14:16:38,597 WARN o.a.k.c.NetworkClient [org.springframework.kafka.KafkaListenerEndpointContainer#0-0-C-1] [Consumer clientId=consumer-binarfudgroup-1, groupId=binarfudgroup] Connection to node -1 (localhost/127.0.0.1:9092) could not be established. Broker may not be available.
2024-06-16 14:16:38,598 WARN o.a.k.c.NetworkClient$DefaultMetadataUpdater [org.springframework.kafka.KafkaListenerEndpointContainer#0-0-C-1] [Consumer clientId=consumer-binarfudgroup-1, groupId=binarfudgroup] Bootstrap broker localhost:9092 (id: -1 rack: null) disconnected
2024-06-16 14:16:39,547 INFO o.a.k.c.NetworkClient [org.springframework.kafka.KafkaListenerEndpointContainer#0-0-C-1] [Consumer clientId=consumer-binarfudgroup-1, groupId=binarfudgroup] Node -1 disconnected.
2024-06-16 14:16:39,547 WARN o.a.k.c.NetworkClient [org.springframework.kafka.KafkaListenerEndpointContainer#0-0-C-1] [Consumer clientId=consumer-binarfudgroup-1, groupId=binarfudgroup] Connection to node -1 (localhost/127.0.0.1:9092) could not be established. Broker may not be available.
2024-06-16 14:16:39,547 WARN o.a.k.c.NetworkClient$DefaultMetadataUpdater [org.springframework.kafka.KafkaListenerEndpointContainer#0-0-C-1] [Consumer clientId=consumer-binarfudgroup-1, groupId=binarfudgroup] Bootstrap broker localhost:9092 (id: -1 rack: null) disconnected
2024-06-16 14:16:40,718 INFO o.a.k.c.NetworkClient [org.springframework.kafka.KafkaListenerEndpointContainer#0-0-C-1] [Consumer clientId=consumer-binarfudgroup-1, groupId=binarfudgroup] Node -1 disconnected.
2024-06-16 14:16:40,718 WARN o.a.k.c.NetworkClient [org.springframework.kafka.KafkaListenerEndpointContainer#0-0-C-1] [Consumer clientId=consumer-binarfudgroup-1, groupId=binarfudgroup] Connection to node -1 (localhost/127.0.0.1:9092) could not be established. Broker may not be available.
2024-06-16 14:16:40,718 WARN o.a.k.c.NetworkClient$DefaultMetadataUpdater [org.springframework.kafka.KafkaListenerEndpointContainer#0-0-C-1] [Consumer clientId=consumer-binarfudgroup-1, groupId=binarfudgroup] Bootstrap broker localhost:9092 (id: -1 rack: null) disconnected
2024-06-16 14:16:41,765 INFO o.a.k.c.NetworkClient [org.springframework.kafka.KafkaListenerEndpointContainer#0-0-C-1] [Consumer clientId=consumer-binarfudgroup-1, groupId=binarfudgroup] Node -1 disconnected.
2024-06-16 14:16:41,767 WARN o.a.k.c.NetworkClient [org.springframework.kafka.KafkaListenerEndpointContainer#0-0-C-1] [Consumer clientId=consumer-binarfudgroup-1, groupId=binarfudgroup] Connection to node -1 (localhost/127.0.0.1:9092) could not be established. Broker may not be available.
2024-06-16 14:16:41,767 WARN o.a.k.c.NetworkClient$DefaultMetadataUpdater [org.springframework.kafka.KafkaListenerEndpointContainer#0-0-C-1] [Consumer clientId=consumer-binarfudgroup-1, groupId=binarfudgroup] Bootstrap broker localhost:9092 (id: -1 rack: null) disconnected
2024-06-16 14:16:42,875 INFO o.a.k.c.NetworkClient [org.springframework.kafka.KafkaListenerEndpointContainer#0-0-C-1] [Consumer clientId=consumer-binarfudgroup-1, groupId=binarfudgroup] Node -1 disconnected.
2024-06-16 14:16:42,875 WARN o.a.k.c.NetworkClient [org.springframework.kafka.KafkaListenerEndpointContainer#0-0-C-1] [Consumer clientId=consumer-binarfudgroup-1, groupId=binarfudgroup] Connection to node -1 (localhost/127.0.0.1:9092) could not be established. Broker may not be available.
2024-06-16 14:16:42,876 WARN o.a.k.c.NetworkClient$DefaultMetadataUpdater [org.springframework.kafka.KafkaListenerEndpointContainer#0-0-C-1] [Consumer clientId=consumer-binarfudgroup-1, groupId=binarfudgroup] Bootstrap broker localhost:9092 (id: -1 rack: null) disconnected
2024-06-16 14:16:43,800 INFO o.a.k.c.NetworkClient [org.springframework.kafka.KafkaListenerEndpointContainer#0-0-C-1] [Consumer clientId=consumer-binarfudgroup-1, groupId=binarfudgroup] Node -1 disconnected.
2024-06-16 14:16:43,800 WARN o.a.k.c.NetworkClient [org.springframework.kafka.KafkaListenerEndpointContainer#0-0-C-1] [Consumer clientId=consumer-binarfudgroup-1, groupId=binarfudgroup] Connection to node -1 (localhost/127.0.0.1:9092) could not be established. Broker may not be available.
2024-06-16 14:16:43,800 WARN o.a.k.c.NetworkClient$DefaultMetadataUpdater [org.springframework.kafka.KafkaListenerEndpointContainer#0-0-C-1] [Consumer clientId=consumer-binarfudgroup-1, groupId=binarfudgroup] Bootstrap broker localhost:9092 (id: -1 rack: null) disconnected
2024-06-16 14:16:44,842 INFO o.a.k.c.NetworkClient [org.springframework.kafka.KafkaListenerEndpointContainer#0-0-C-1] [Consumer clientId=consumer-binarfudgroup-1, groupId=binarfudgroup] Node -1 disconnected.
2024-06-16 14:16:44,842 WARN o.a.k.c.NetworkClient [org.springframework.kafka.KafkaListenerEndpointContainer#0-0-C-1] [Consumer clientId=consumer-binarfudgroup-1, groupId=binarfudgroup] Connection to node -1 (localhost/127.0.0.1:9092) could not be established. Broker may not be available.
2024-06-16 14:16:44,842 WARN o.a.k.c.NetworkClient$DefaultMetadataUpdater [org.springframework.kafka.KafkaListenerEndpointContainer#0-0-C-1] [Consumer clientId=consumer-binarfudgroup-1, groupId=binarfudgroup] Bootstrap broker localhost:9092 (id: -1 rack: null) disconnected
2024-06-16 14:16:45,885 INFO o.a.k.c.NetworkClient [org.springframework.kafka.KafkaListenerEndpointContainer#0-0-C-1] [Consumer clientId=consumer-binarfudgroup-1, groupId=binarfudgroup] Node -1 disconnected.
2024-06-16 14:16:45,887 WARN o.a.k.c.NetworkClient [org.springframework.kafka.KafkaListenerEndpointContainer#0-0-C-1] [Consumer clientId=consumer-binarfudgroup-1, groupId=binarfudgroup] Connection to node -1 (localhost/127.0.0.1:9092) could not be established. Broker may not be available.
2024-06-16 14:16:45,887 WARN o.a.k.c.NetworkClient$DefaultMetadataUpdater [org.springframework.kafka.KafkaListenerEndpointContainer#0-0-C-1] [Consumer clientId=consumer-binarfudgroup-1, groupId=binarfudgroup] Bootstrap broker localhost:9092 (id: -1 rack: null) disconnected
2024-06-16 14:16:47,118 INFO o.a.k.c.NetworkClient [org.springframework.kafka.KafkaListenerEndpointContainer#0-0-C-1] [Consumer clientId=consumer-binarfudgroup-1, groupId=binarfudgroup] Node -1 disconnected.
2024-06-16 14:16:47,119 WARN o.a.k.c.NetworkClient [org.springframework.kafka.KafkaListenerEndpointContainer#0-0-C-1] [Consumer clientId=consumer-binarfudgroup-1, groupId=binarfudgroup] Connection to node -1 (localhost/127.0.0.1:9092) could not be established. Broker may not be available.
2024-06-16 14:16:47,119 WARN o.a.k.c.NetworkClient$DefaultMetadataUpdater [org.springframework.kafka.KafkaListenerEndpointContainer#0-0-C-1] [Consumer clientId=consumer-binarfudgroup-1, groupId=binarfudgroup] Bootstrap broker localhost:9092 (id: -1 rack: null) disconnected
2024-06-16 14:16:48,296 INFO o.a.k.c.NetworkClient [org.springframework.kafka.KafkaListenerEndpointContainer#0-0-C-1] [Consumer clientId=consumer-binarfudgroup-1, groupId=binarfudgroup] Node -1 disconnected.
2024-06-16 14:16:48,296 WARN o.a.k.c.NetworkClient [org.springframework.kafka.KafkaListenerEndpointContainer#0-0-C-1] [Consumer clientId=consumer-binarfudgroup-1, groupId=binarfudgroup] Connection to node -1 (localhost/127.0.0.1:9092) could not be established. Broker may not be available.
2024-06-16 14:16:48,296 WARN o.a.k.c.NetworkClient$DefaultMetadataUpdater [org.springframework.kafka.KafkaListenerEndpointContainer#0-0-C-1] [Consumer clientId=consumer-binarfudgroup-1, groupId=binarfudgroup] Bootstrap broker localhost:9092 (id: -1 rack: null) disconnected
2024-06-16 14:16:49,372 INFO o.a.k.c.NetworkClient [org.springframework.kafka.KafkaListenerEndpointContainer#0-0-C-1] [Consumer clientId=consumer-binarfudgroup-1, groupId=binarfudgroup] Node -1 disconnected.
2024-06-16 14:16:49,372 WARN o.a.k.c.NetworkClient [org.springframework.kafka.KafkaListenerEndpointContainer#0-0-C-1] [Consumer clientId=consumer-binarfudgroup-1, groupId=binarfudgroup] Connection to node -1 (localhost/127.0.0.1:9092) could not be established. Broker may not be available.
2024-06-16 14:16:49,372 WARN o.a.k.c.NetworkClient$DefaultMetadataUpdater [org.springframework.kafka.KafkaListenerEndpointContainer#0-0-C-1] [Consumer clientId=consumer-binarfudgroup-1, groupId=binarfudgroup] Bootstrap broker localhost:9092 (id: -1 rack: null) disconnected
2024-06-16 14:16:50,289 INFO o.a.k.c.NetworkClient [org.springframework.kafka.KafkaListenerEndpointContainer#0-0-C-1] [Consumer clientId=consumer-binarfudgroup-1, groupId=binarfudgroup] Node -1 disconnected.
2024-06-16 14:16:50,291 WARN o.a.k.c.NetworkClient [org.springframework.kafka.KafkaListenerEndpointContainer#0-0-C-1] [Consumer clientId=consumer-binarfudgroup-1, groupId=binarfudgroup] Connection to node -1 (localhost/127.0.0.1:9092) could not be established. Broker may not be available.
2024-06-16 14:16:50,291 WARN o.a.k.c.NetworkClient$DefaultMetadataUpdater [org.springframework.kafka.KafkaListenerEndpointContainer#0-0-C-1] [Consumer clientId=consumer-binarfudgroup-1, groupId=binarfudgroup] Bootstrap broker localhost:9092 (id: -1 rack: null) disconnected
2024-06-16 14:16:51,401 INFO o.a.k.c.NetworkClient [org.springframework.kafka.KafkaListenerEndpointContainer#0-0-C-1] [Consumer clientId=consumer-binarfudgroup-1, groupId=binarfudgroup] Node -1 disconnected.
2024-06-16 14:16:51,401 WARN o.a.k.c.NetworkClient [org.springframework.kafka.KafkaListenerEndpointContainer#0-0-C-1] [Consumer clientId=consumer-binarfudgroup-1, groupId=binarfudgroup] Connection to node -1 (localhost/127.0.0.1:9092) could not be established. Broker may not be available.
2024-06-16 14:16:51,402 WARN o.a.k.c.NetworkClient$DefaultMetadataUpdater [org.springframework.kafka.KafkaListenerEndpointContainer#0-0-C-1] [Consumer clientId=consumer-binarfudgroup-1, groupId=binarfudgroup] Bootstrap broker localhost:9092 (id: -1 rack: null) disconnected
2024-06-16 14:16:52,510 INFO o.a.k.c.NetworkClient [org.springframework.kafka.KafkaListenerEndpointContainer#0-0-C-1] [Consumer clientId=consumer-binarfudgroup-1, groupId=binarfudgroup] Node -1 disconnected.
2024-06-16 14:16:52,510 WARN o.a.k.c.NetworkClient [org.springframework.kafka.KafkaListenerEndpointContainer#0-0-C-1] [Consumer clientId=consumer-binarfudgroup-1, groupId=binarfudgroup] Connection to node -1 (localhost/127.0.0.1:9092) could not be established. Broker may not be available.
2024-06-16 14:16:52,510 WARN o.a.k.c.NetworkClient$DefaultMetadataUpdater [org.springframework.kafka.KafkaListenerEndpointContainer#0-0-C-1] [Consumer clientId=consumer-binarfudgroup-1, groupId=binarfudgroup] Bootstrap broker localhost:9092 (id: -1 rack: null) disconnected
2024-06-16 14:16:53,432 INFO o.a.k.c.NetworkClient [org.springframework.kafka.KafkaListenerEndpointContainer#0-0-C-1] [Consumer clientId=consumer-binarfudgroup-1, groupId=binarfudgroup] Node -1 disconnected.
2024-06-16 14:16:53,432 WARN o.a.k.c.NetworkClient [org.springframework.kafka.KafkaListenerEndpointContainer#0-0-C-1] [Consumer clientId=consumer-binarfudgroup-1, groupId=binarfudgroup] Connection to node -1 (localhost/127.0.0.1:9092) could not be established. Broker may not be available.
2024-06-16 14:16:53,432 WARN o.a.k.c.NetworkClient$DefaultMetadataUpdater [org.springframework.kafka.KafkaListenerEndpointContainer#0-0-C-1] [Consumer clientId=consumer-binarfudgroup-1, groupId=binarfudgroup] Bootstrap broker localhost:9092 (id: -1 rack: null) disconnected
2024-06-16 14:16:54,384 INFO o.a.k.c.NetworkClient [org.springframework.kafka.KafkaListenerEndpointContainer#0-0-C-1] [Consumer clientId=consumer-binarfudgroup-1, groupId=binarfudgroup] Node -1 disconnected.
2024-06-16 14:16:54,385 WARN o.a.k.c.NetworkClient [org.springframework.kafka.KafkaListenerEndpointContainer#0-0-C-1] [Consumer clientId=consumer-binarfudgroup-1, groupId=binarfudgroup] Connection to node -1 (localhost/127.0.0.1:9092) could not be established. Broker may not be available.
2024-06-16 14:16:54,385 WARN o.a.k.c.NetworkClient$DefaultMetadataUpdater [org.springframework.kafka.KafkaListenerEndpointContainer#0-0-C-1] [Consumer clientId=consumer-binarfudgroup-1, groupId=binarfudgroup] Bootstrap broker localhost:9092 (id: -1 rack: null) disconnected
2024-06-16 14:16:55,491 INFO o.a.k.c.NetworkClient [org.springframework.kafka.KafkaListenerEndpointContainer#0-0-C-1] [Consumer clientId=consumer-binarfudgroup-1, groupId=binarfudgroup] Node -1 disconnected.
2024-06-16 14:16:55,492 WARN o.a.k.c.NetworkClient [org.springframework.kafka.KafkaListenerEndpointContainer#0-0-C-1] [Consumer clientId=consumer-binarfudgroup-1, groupId=binarfudgroup] Connection to node -1 (localhost/127.0.0.1:9092) could not be established. Broker may not be available.
2024-06-16 14:16:55,492 WARN o.a.k.c.NetworkClient$DefaultMetadataUpdater [org.springframework.kafka.KafkaListenerEndpointContainer#0-0-C-1] [Consumer clientId=consumer-binarfudgroup-1, groupId=binarfudgroup] Bootstrap broker localhost:9092 (id: -1 rack: null) disconnected
2024-06-16 14:16:56,603 INFO o.a.k.c.NetworkClient [org.springframework.kafka.KafkaListenerEndpointContainer#0-0-C-1] [Consumer clientId=consumer-binarfudgroup-1, groupId=binarfudgroup] Node -1 disconnected.
2024-06-16 14:16:56,603 WARN o.a.k.c.NetworkClient [org.springframework.kafka.KafkaListenerEndpointContainer#0-0-C-1] [Consumer clientId=consumer-binarfudgroup-1, groupId=binarfudgroup] Connection to node -1 (localhost/127.0.0.1:9092) could not be established. Broker may not be available.
2024-06-16 14:16:56,603 WARN o.a.k.c.NetworkClient$DefaultMetadataUpdater [org.springframework.kafka.KafkaListenerEndpointContainer#0-0-C-1] [Consumer clientId=consumer-binarfudgroup-1, groupId=binarfudgroup] Bootstrap broker localhost:9092 (id: -1 rack: null) disconnected
2024-06-16 14:16:57,773 INFO o.a.k.c.NetworkClient [org.springframework.kafka.KafkaListenerEndpointContainer#0-0-C-1] [Consumer clientId=consumer-binarfudgroup-1, groupId=binarfudgroup] Node -1 disconnected.
2024-06-16 14:16:57,774 WARN o.a.k.c.NetworkClient [org.springframework.kafka.KafkaListenerEndpointContainer#0-0-C-1] [Consumer clientId=consumer-binarfudgroup-1, groupId=binarfudgroup] Connection to node -1 (localhost/127.0.0.1:9092) could not be established. Broker may not be available.
2024-06-16 14:16:57,774 WARN o.a.k.c.NetworkClient$DefaultMetadataUpdater [org.springframework.kafka.KafkaListenerEndpointContainer#0-0-C-1] [Consumer clientId=consumer-binarfudgroup-1, groupId=binarfudgroup] Bootstrap broker localhost:9092 (id: -1 rack: null) disconnected
2024-06-16 14:16:58,700 INFO o.a.k.c.NetworkClient [org.springframework.kafka.KafkaListenerEndpointContainer#0-0-C-1] [Consumer clientId=consumer-binarfudgroup-1, groupId=binarfudgroup] Node -1 disconnected.
2024-06-16 14:16:58,700 WARN o.a.k.c.NetworkClient [org.springframework.kafka.KafkaListenerEndpointContainer#0-0-C-1] [Consumer clientId=consumer-binarfudgroup-1, groupId=binarfudgroup] Connection to node -1 (localhost/127.0.0.1:9092) could not be established. Broker may not be available.
2024-06-16 14:16:58,700 WARN o.a.k.c.NetworkClient$DefaultMetadataUpdater [org.springframework.kafka.KafkaListenerEndpointContainer#0-0-C-1] [Consumer clientId=consumer-binarfudgroup-1, groupId=binarfudgroup] Bootstrap broker localhost:9092 (id: -1 rack: null) disconnected
2024-06-16 14:16:59,581 INFO o.a.k.c.NetworkClient [org.springframework.kafka.KafkaListenerEndpointContainer#0-0-C-1] [Consumer clientId=consumer-binarfudgroup-1, groupId=binarfudgroup] Node -1 disconnected.
2024-06-16 14:16:59,581 WARN o.a.k.c.NetworkClient [org.springframework.kafka.KafkaListenerEndpointContainer#0-0-C-1] [Consumer clientId=consumer-binarfudgroup-1, groupId=binarfudgroup] Connection to node -1 (localhost/127.0.0.1:9092) could not be established. Broker may not be available.
2024-06-16 14:16:59,581 WARN o.a.k.c.NetworkClient$DefaultMetadataUpdater [org.springframework.kafka.KafkaListenerEndpointContainer#0-0-C-1] [Consumer clientId=consumer-binarfudgroup-1, groupId=binarfudgroup] Bootstrap broker localhost:9092 (id: -1 rack: null) disconnected
2024-06-16 14:17:00,559 INFO o.a.k.c.NetworkClient [org.springframework.kafka.KafkaListenerEndpointContainer#0-0-C-1] [Consumer clientId=consumer-binarfudgroup-1, groupId=binarfudgroup] Node -1 disconnected.
2024-06-16 14:17:00,560 WARN o.a.k.c.NetworkClient [org.springframework.kafka.KafkaListenerEndpointContainer#0-0-C-1] [Consumer clientId=consumer-binarfudgroup-1, groupId=binarfudgroup] Connection to node -1 (localhost/127.0.0.1:9092) could not be established. Broker may not be available.
2024-06-16 14:17:00,560 WARN o.a.k.c.NetworkClient$DefaultMetadataUpdater [org.springframework.kafka.KafkaListenerEndpointContainer#0-0-C-1] [Consumer clientId=consumer-binarfudgroup-1, groupId=binarfudgroup] Bootstrap broker localhost:9092 (id: -1 rack: null) disconnected
2024-06-16 14:17:01,667 INFO o.a.k.c.NetworkClient [org.springframework.kafka.KafkaListenerEndpointContainer#0-0-C-1] [Consumer clientId=consumer-binarfudgroup-1, groupId=binarfudgroup] Node -1 disconnected.
2024-06-16 14:17:01,668 WARN o.a.k.c.NetworkClient [org.springframework.kafka.KafkaListenerEndpointContainer#0-0-C-1] [Consumer clientId=consumer-binarfudgroup-1, groupId=binarfudgroup] Connection to node -1 (localhost/127.0.0.1:9092) could not be established. Broker may not be available.
2024-06-16 14:17:01,668 WARN o.a.k.c.NetworkClient$DefaultMetadataUpdater [org.springframework.kafka.KafkaListenerEndpointContainer#0-0-C-1] [Consumer clientId=consumer-binarfudgroup-1, groupId=binarfudgroup] Bootstrap broker localhost:9092 (id: -1 rack: null) disconnected
2024-06-16 14:17:02,715 INFO o.a.k.c.NetworkClient [org.springframework.kafka.KafkaListenerEndpointContainer#0-0-C-1] [Consumer clientId=consumer-binarfudgroup-1, groupId=binarfudgroup] Node -1 disconnected.
2024-06-16 14:17:02,717 WARN o.a.k.c.NetworkClient [org.springframework.kafka.KafkaListenerEndpointContainer#0-0-C-1] [Consumer clientId=consumer-binarfudgroup-1, groupId=binarfudgroup] Connection to node -1 (localhost/127.0.0.1:9092) could not be established. Broker may not be available.
2024-06-16 14:17:02,717 WARN o.a.k.c.NetworkClient$DefaultMetadataUpdater [org.springframework.kafka.KafkaListenerEndpointContainer#0-0-C-1] [Consumer clientId=consumer-binarfudgroup-1, groupId=binarfudgroup] Bootstrap broker localhost:9092 (id: -1 rack: null) disconnected
