2024-06-14 14:38:16,860 ERROR o.s.c.l.LogAccessor [http-nio-8080-exec-7] Exception thrown when sending a message with key='null' and payload='Order Created: ebe7e650-6e3c-4b05-a59e-390fcc6c68dd' to topic order-events:
org.apache.kafka.common.errors.TimeoutException: Topic order-events not present in metadata after 60000 ms.
2024-06-14 14:38:16,866 ERROR c.e.B.s.OrdersService [http-nio-8080-exec-7] Failed to save order
org.springframework.kafka.KafkaException: Send failed
	at org.springframework.kafka.core.KafkaTemplate.doSend(KafkaTemplate.java:815)
	at org.springframework.kafka.core.KafkaTemplate.observeSend(KafkaTemplate.java:773)
	at org.springframework.kafka.core.KafkaTemplate.send(KafkaTemplate.java:551)
	at com.example.Binarfud.service.KafkaProducerService.sendMessage(KafkaProducerService.java:18)
	at com.example.Binarfud.service.OrdersService.saveOrder(OrdersService.java:64)
	at com.example.Binarfud.controller.OrderController.createOrder(OrderController.java:59)
	at java.base/jdk.internal.reflect.NativeMethodAccessorImpl.invoke0(Native Method)
	at java.base/jdk.internal.reflect.NativeMethodAccessorImpl.invoke(NativeMethodAccessorImpl.java:77)
	at java.base/jdk.internal.reflect.DelegatingMethodAccessorImpl.invoke(DelegatingMethodAccessorImpl.java:43)
	at java.base/java.lang.reflect.Method.invoke(Method.java:568)
	at org.springframework.aop.support.AopUtils.invokeJoinpointUsingReflection(AopUtils.java:354)
	at org.springframework.aop.framework.CglibAopProxy$DynamicAdvisedInterceptor.intercept(CglibAopProxy.java:716)
	at com.example.Binarfud.controller.OrderController$$SpringCGLIB$$0.createOrder(<generated>)
	at java.base/jdk.internal.reflect.NativeMethodAccessorImpl.invoke0(Native Method)
	at java.base/jdk.internal.reflect.NativeMethodAccessorImpl.invoke(NativeMethodAccessorImpl.java:77)
	at java.base/jdk.internal.reflect.DelegatingMethodAccessorImpl.invoke(DelegatingMethodAccessorImpl.java:43)
	at java.base/java.lang.reflect.Method.invoke(Method.java:568)
	at org.springframework.web.method.support.InvocableHandlerMethod.doInvoke(InvocableHandlerMethod.java:255)
	at org.springframework.web.method.support.InvocableHandlerMethod.invokeForRequest(InvocableHandlerMethod.java:188)
	at org.springframework.web.servlet.mvc.method.annotation.ServletInvocableHandlerMethod.invokeAndHandle(ServletInvocableHandlerMethod.java:118)
	at org.springframework.web.servlet.mvc.method.annotation.RequestMappingHandlerAdapter.invokeHandlerMethod(RequestMappingHandlerAdapter.java:926)
	at org.springframework.web.servlet.mvc.method.annotation.RequestMappingHandlerAdapter.handleInternal(RequestMappingHandlerAdapter.java:831)
	at org.springframework.web.servlet.mvc.method.AbstractHandlerMethodAdapter.handle(AbstractHandlerMethodAdapter.java:87)
	at org.springframework.web.servlet.DispatcherServlet.doDispatch(DispatcherServlet.java:1089)
	at org.springframework.web.servlet.DispatcherServlet.doService(DispatcherServlet.java:979)
	at org.springframework.web.servlet.FrameworkServlet.processRequest(FrameworkServlet.java:1014)
	at org.springframework.web.servlet.FrameworkServlet.doPost(FrameworkServlet.java:914)
	at jakarta.servlet.http.HttpServlet.service(HttpServlet.java:590)
	at org.springframework.web.servlet.FrameworkServlet.service(FrameworkServlet.java:885)
	at jakarta.servlet.http.HttpServlet.service(HttpServlet.java:658)
	at org.apache.catalina.core.ApplicationFilterChain.internalDoFilter(ApplicationFilterChain.java:206)
	at org.apache.catalina.core.ApplicationFilterChain.doFilter(ApplicationFilterChain.java:150)
	at org.apache.tomcat.websocket.server.WsFilter.doFilter(WsFilter.java:51)
	at org.apache.catalina.core.ApplicationFilterChain.internalDoFilter(ApplicationFilterChain.java:175)
	at org.apache.catalina.core.ApplicationFilterChain.doFilter(ApplicationFilterChain.java:150)
	at org.springframework.web.filter.OncePerRequestFilter.doFilter(OncePerRequestFilter.java:110)
	at org.apache.catalina.core.ApplicationFilterChain.internalDoFilter(ApplicationFilterChain.java:175)
	at org.apache.catalina.core.ApplicationFilterChain.doFilter(ApplicationFilterChain.java:150)
	at org.springframework.web.filter.CompositeFilter$VirtualFilterChain.doFilter(CompositeFilter.java:108)
	at org.springframework.security.web.FilterChainProxy.lambda$doFilterInternal$3(FilterChainProxy.java:231)
	at org.springframework.security.web.FilterChainProxy$VirtualFilterChain.doFilter(FilterChainProxy.java:365)
	at org.springframework.security.web.access.intercept.AuthorizationFilter.doFilter(AuthorizationFilter.java:100)
	at org.springframework.security.web.FilterChainProxy$VirtualFilterChain.doFilter(FilterChainProxy.java:374)
	at org.springframework.security.web.access.ExceptionTranslationFilter.doFilter(ExceptionTranslationFilter.java:126)
	at org.springframework.security.web.access.ExceptionTranslationFilter.doFilter(ExceptionTranslationFilter.java:120)
	at org.springframework.security.web.FilterChainProxy$VirtualFilterChain.doFilter(FilterChainProxy.java:374)
	at org.springframework.security.web.authentication.AnonymousAuthenticationFilter.doFilter(AnonymousAuthenticationFilter.java:100)
	at org.springframework.security.web.FilterChainProxy$VirtualFilterChain.doFilter(FilterChainProxy.java:374)
	at org.springframework.security.web.servletapi.SecurityContextHolderAwareRequestFilter.doFilter(SecurityContextHolderAwareRequestFilter.java:179)
	at org.springframework.security.web.FilterChainProxy$VirtualFilterChain.doFilter(FilterChainProxy.java:374)
	at org.springframework.security.web.savedrequest.RequestCacheAwareFilter.doFilter(RequestCacheAwareFilter.java:63)
	at org.springframework.security.web.FilterChainProxy$VirtualFilterChain.doFilter(FilterChainProxy.java:374)
	at org.springframework.security.web.authentication.AbstractAuthenticationProcessingFilter.doFilter(AbstractAuthenticationProcessingFilter.java:227)
	at org.springframework.security.web.authentication.AbstractAuthenticationProcessingFilter.doFilter(AbstractAuthenticationProcessingFilter.java:221)
	at org.springframework.security.web.FilterChainProxy$VirtualFilterChain.doFilter(FilterChainProxy.java:374)
	at com.example.Binarfud.security.jwt.JwtAuthTokenFilter.doFilterInternal(JwtAuthTokenFilter.java:42)
	at org.springframework.web.filter.OncePerRequestFilter.doFilter(OncePerRequestFilter.java:116)
	at org.springframework.security.web.FilterChainProxy$VirtualFilterChain.doFilter(FilterChainProxy.java:374)
	at org.springframework.security.web.authentication.AbstractAuthenticationProcessingFilter.doFilter(AbstractAuthenticationProcessingFilter.java:227)
	at org.springframework.security.web.authentication.AbstractAuthenticationProcessingFilter.doFilter(AbstractAuthenticationProcessingFilter.java:221)
	at org.springframework.security.web.FilterChainProxy$VirtualFilterChain.doFilter(FilterChainProxy.java:374)
	at org.springframework.security.oauth2.client.web.OAuth2AuthorizationRequestRedirectFilter.doFilterInternal(OAuth2AuthorizationRequestRedirectFilter.java:181)
	at org.springframework.web.filter.OncePerRequestFilter.doFilter(OncePerRequestFilter.java:116)
	at org.springframework.security.web.FilterChainProxy$VirtualFilterChain.doFilter(FilterChainProxy.java:374)
	at org.springframework.security.web.authentication.logout.LogoutFilter.doFilter(LogoutFilter.java:107)
	at org.springframework.security.web.authentication.logout.LogoutFilter.doFilter(LogoutFilter.java:93)
	at org.springframework.security.web.FilterChainProxy$VirtualFilterChain.doFilter(FilterChainProxy.java:374)
	at org.springframework.web.filter.CorsFilter.doFilterInternal(CorsFilter.java:91)
	at org.springframework.web.filter.OncePerRequestFilter.doFilter(OncePerRequestFilter.java:116)
	at org.springframework.security.web.FilterChainProxy$VirtualFilterChain.doFilter(FilterChainProxy.java:374)
	at org.springframework.security.web.header.HeaderWriterFilter.doHeadersAfter(HeaderWriterFilter.java:90)
	at org.springframework.security.web.header.HeaderWriterFilter.doFilterInternal(HeaderWriterFilter.java:75)
	at org.springframework.web.filter.OncePerRequestFilter.doFilter(OncePerRequestFilter.java:116)
	at org.springframework.security.web.FilterChainProxy$VirtualFilterChain.doFilter(FilterChainProxy.java:374)
	at org.springframework.security.web.context.SecurityContextHolderFilter.doFilter(SecurityContextHolderFilter.java:82)
	at org.springframework.security.web.context.SecurityContextHolderFilter.doFilter(SecurityContextHolderFilter.java:69)
	at org.springframework.security.web.FilterChainProxy$VirtualFilterChain.doFilter(FilterChainProxy.java:374)
	at org.springframework.security.web.context.request.async.WebAsyncManagerIntegrationFilter.doFilterInternal(WebAsyncManagerIntegrationFilter.java:62)
	at org.springframework.web.filter.OncePerRequestFilter.doFilter(OncePerRequestFilter.java:116)
	at org.springframework.security.web.FilterChainProxy$VirtualFilterChain.doFilter(FilterChainProxy.java:374)
	at org.springframework.security.web.session.DisableEncodeUrlFilter.doFilterInternal(DisableEncodeUrlFilter.java:42)
	at org.springframework.web.filter.OncePerRequestFilter.doFilter(OncePerRequestFilter.java:116)
	at org.springframework.security.web.FilterChainProxy$VirtualFilterChain.doFilter(FilterChainProxy.java:374)
	at org.springframework.security.web.FilterChainProxy.doFilterInternal(FilterChainProxy.java:233)
	at org.springframework.security.web.FilterChainProxy.doFilter(FilterChainProxy.java:191)
	at org.springframework.web.filter.CompositeFilter$VirtualFilterChain.doFilter(CompositeFilter.java:113)
	at org.springframework.web.servlet.handler.HandlerMappingIntrospector.lambda$createCacheFilter$3(HandlerMappingIntrospector.java:195)
	at org.springframework.web.filter.CompositeFilter$VirtualFilterChain.doFilter(CompositeFilter.java:113)
	at org.springframework.web.filter.CompositeFilter.doFilter(CompositeFilter.java:74)
	at org.springframework.security.config.annotation.web.configuration.WebMvcSecurityConfiguration$CompositeFilterChainProxy.doFilter(WebMvcSecurityConfiguration.java:230)
	at org.springframework.web.filter.DelegatingFilterProxy.invokeDelegate(DelegatingFilterProxy.java:352)
	at org.springframework.web.filter.DelegatingFilterProxy.doFilter(DelegatingFilterProxy.java:268)
	at org.apache.catalina.core.ApplicationFilterChain.internalDoFilter(ApplicationFilterChain.java:175)
	at org.apache.catalina.core.ApplicationFilterChain.doFilter(ApplicationFilterChain.java:150)
	at org.springframework.web.filter.RequestContextFilter.doFilterInternal(RequestContextFilter.java:100)
	at org.springframework.web.filter.OncePerRequestFilter.doFilter(OncePerRequestFilter.java:116)
	at org.apache.catalina.core.ApplicationFilterChain.internalDoFilter(ApplicationFilterChain.java:175)
	at org.apache.catalina.core.ApplicationFilterChain.doFilter(ApplicationFilterChain.java:150)
	at org.springframework.web.filter.FormContentFilter.doFilterInternal(FormContentFilter.java:93)
	at org.springframework.web.filter.OncePerRequestFilter.doFilter(OncePerRequestFilter.java:116)
	at org.apache.catalina.core.ApplicationFilterChain.internalDoFilter(ApplicationFilterChain.java:175)
	at org.apache.catalina.core.ApplicationFilterChain.doFilter(ApplicationFilterChain.java:150)
	at org.springframework.web.filter.CharacterEncodingFilter.doFilterInternal(CharacterEncodingFilter.java:201)
	at org.springframework.web.filter.OncePerRequestFilter.doFilter(OncePerRequestFilter.java:116)
	at org.apache.catalina.core.ApplicationFilterChain.internalDoFilter(ApplicationFilterChain.java:175)
	at org.apache.catalina.core.ApplicationFilterChain.doFilter(ApplicationFilterChain.java:150)
	at org.apache.catalina.core.StandardWrapperValve.invoke(StandardWrapperValve.java:167)
	at org.apache.catalina.core.StandardContextValve.invoke(StandardContextValve.java:90)
	at org.apache.catalina.authenticator.AuthenticatorBase.invoke(AuthenticatorBase.java:482)
	at org.apache.catalina.core.StandardHostValve.invoke(StandardHostValve.java:115)
	at org.apache.catalina.valves.ErrorReportValve.invoke(ErrorReportValve.java:93)
	at org.apache.catalina.core.StandardEngineValve.invoke(StandardEngineValve.java:74)
	at org.apache.catalina.connector.CoyoteAdapter.service(CoyoteAdapter.java:344)
	at org.apache.coyote.http11.Http11Processor.service(Http11Processor.java:391)
	at org.apache.coyote.AbstractProcessorLight.process(AbstractProcessorLight.java:63)
	at org.apache.coyote.AbstractProtocol$ConnectionHandler.process(AbstractProtocol.java:896)
	at org.apache.tomcat.util.net.NioEndpoint$SocketProcessor.doRun(NioEndpoint.java:1736)
	at org.apache.tomcat.util.net.SocketProcessorBase.run(SocketProcessorBase.java:52)
	at org.apache.tomcat.util.threads.ThreadPoolExecutor.runWorker(ThreadPoolExecutor.java:1191)
	at org.apache.tomcat.util.threads.ThreadPoolExecutor$Worker.run(ThreadPoolExecutor.java:659)
	at org.apache.tomcat.util.threads.TaskThread$WrappingRunnable.run(TaskThread.java:63)
	at java.base/java.lang.Thread.run(Thread.java:833)
Caused by: org.apache.kafka.common.errors.TimeoutException: Topic order-events not present in metadata after 60000 ms.
2024-06-14 14:38:17,334 INFO o.a.k.c.NetworkClient [kafka-producer-network-thread | producer-1] [Producer clientId=producer-1] Node -1 disconnected.
2024-06-14 14:38:17,334 WARN o.a.k.c.NetworkClient [kafka-producer-network-thread | producer-1] [Producer clientId=producer-1] Connection to node -1 (localhost/127.0.0.1:9092) could not be established. Broker may not be available.
2024-06-14 14:38:17,334 WARN o.a.k.c.NetworkClient$DefaultMetadataUpdater [kafka-producer-network-thread | producer-1] [Producer clientId=producer-1] Bootstrap broker localhost:9092 (id: -1 rack: null) disconnected
2024-06-14 14:38:18,310 INFO o.a.k.c.NetworkClient [kafka-producer-network-thread | producer-1] [Producer clientId=producer-1] Node -1 disconnected.
2024-06-14 14:38:18,312 WARN o.a.k.c.NetworkClient [kafka-producer-network-thread | producer-1] [Producer clientId=producer-1] Connection to node -1 (localhost/127.0.0.1:9092) could not be established. Broker may not be available.
2024-06-14 14:38:18,312 WARN o.a.k.c.NetworkClient$DefaultMetadataUpdater [kafka-producer-network-thread | producer-1] [Producer clientId=producer-1] Bootstrap broker localhost:9092 (id: -1 rack: null) disconnected
2024-06-14 14:38:19,293 INFO o.a.k.c.NetworkClient [kafka-producer-network-thread | producer-1] [Producer clientId=producer-1] Node -1 disconnected.
2024-06-14 14:38:19,332 WARN o.a.k.c.NetworkClient [kafka-producer-network-thread | producer-1] [Producer clientId=producer-1] Connection to node -1 (localhost/127.0.0.1:9092) could not be established. Broker may not be available.
2024-06-14 14:38:19,332 WARN o.a.k.c.NetworkClient$DefaultMetadataUpdater [kafka-producer-network-thread | producer-1] [Producer clientId=producer-1] Bootstrap broker localhost:9092 (id: -1 rack: null) disconnected
2024-06-14 14:38:20,188 INFO o.a.k.c.NetworkClient [kafka-producer-network-thread | producer-1] [Producer clientId=producer-1] Node -1 disconnected.
2024-06-14 14:38:20,188 WARN o.a.k.c.NetworkClient [kafka-producer-network-thread | producer-1] [Producer clientId=producer-1] Connection to node -1 (localhost/127.0.0.1:9092) could not be established. Broker may not be available.
2024-06-14 14:38:20,188 WARN o.a.k.c.NetworkClient$DefaultMetadataUpdater [kafka-producer-network-thread | producer-1] [Producer clientId=producer-1] Bootstrap broker localhost:9092 (id: -1 rack: null) disconnected
2024-06-14 14:38:21,369 INFO o.a.k.c.NetworkClient [kafka-producer-network-thread | producer-1] [Producer clientId=producer-1] Node -1 disconnected.
2024-06-14 14:38:21,370 WARN o.a.k.c.NetworkClient [kafka-producer-network-thread | producer-1] [Producer clientId=producer-1] Connection to node -1 (localhost/127.0.0.1:9092) could not be established. Broker may not be available.
2024-06-14 14:38:21,370 WARN o.a.k.c.NetworkClient$DefaultMetadataUpdater [kafka-producer-network-thread | producer-1] [Producer clientId=producer-1] Bootstrap broker localhost:9092 (id: -1 rack: null) disconnected
2024-06-14 14:38:22,478 INFO o.a.k.c.NetworkClient [kafka-producer-network-thread | producer-1] [Producer clientId=producer-1] Node -1 disconnected.
2024-06-14 14:38:22,478 WARN o.a.k.c.NetworkClient [kafka-producer-network-thread | producer-1] [Producer clientId=producer-1] Connection to node -1 (localhost/127.0.0.1:9092) could not be established. Broker may not be available.
2024-06-14 14:38:22,478 WARN o.a.k.c.NetworkClient$DefaultMetadataUpdater [kafka-producer-network-thread | producer-1] [Producer clientId=producer-1] Bootstrap broker localhost:9092 (id: -1 rack: null) disconnected
2024-06-14 14:38:23,624 INFO o.a.k.c.NetworkClient [kafka-producer-network-thread | producer-1] [Producer clientId=producer-1] Node -1 disconnected.
2024-06-14 14:38:23,624 WARN o.a.k.c.NetworkClient [kafka-producer-network-thread | producer-1] [Producer clientId=producer-1] Connection to node -1 (localhost/127.0.0.1:9092) could not be established. Broker may not be available.
2024-06-14 14:38:23,624 WARN o.a.k.c.NetworkClient$DefaultMetadataUpdater [kafka-producer-network-thread | producer-1] [Producer clientId=producer-1] Bootstrap broker localhost:9092 (id: -1 rack: null) disconnected
2024-06-14 14:38:24,819 INFO o.a.k.c.NetworkClient [kafka-producer-network-thread | producer-1] [Producer clientId=producer-1] Node -1 disconnected.
2024-06-14 14:38:24,822 WARN o.a.k.c.NetworkClient [kafka-producer-network-thread | producer-1] [Producer clientId=producer-1] Connection to node -1 (localhost/127.0.0.1:9092) could not be established. Broker may not be available.
2024-06-14 14:38:24,822 WARN o.a.k.c.NetworkClient$DefaultMetadataUpdater [kafka-producer-network-thread | producer-1] [Producer clientId=producer-1] Bootstrap broker localhost:9092 (id: -1 rack: null) disconnected
2024-06-14 14:38:25,894 INFO o.a.k.c.NetworkClient [kafka-producer-network-thread | producer-1] [Producer clientId=producer-1] Node -1 disconnected.
2024-06-14 14:38:25,894 WARN o.a.k.c.NetworkClient [kafka-producer-network-thread | producer-1] [Producer clientId=producer-1] Connection to node -1 (localhost/127.0.0.1:9092) could not be established. Broker may not be available.
2024-06-14 14:38:25,894 WARN o.a.k.c.NetworkClient$DefaultMetadataUpdater [kafka-producer-network-thread | producer-1] [Producer clientId=producer-1] Bootstrap broker localhost:9092 (id: -1 rack: null) disconnected
2024-06-14 14:38:26,833 INFO o.a.k.c.NetworkClient [kafka-producer-network-thread | producer-1] [Producer clientId=producer-1] Node -1 disconnected.
2024-06-14 14:38:26,833 WARN o.a.k.c.NetworkClient [kafka-producer-network-thread | producer-1] [Producer clientId=producer-1] Connection to node -1 (localhost/127.0.0.1:9092) could not be established. Broker may not be available.
2024-06-14 14:38:26,833 WARN o.a.k.c.NetworkClient$DefaultMetadataUpdater [kafka-producer-network-thread | producer-1] [Producer clientId=producer-1] Bootstrap broker localhost:9092 (id: -1 rack: null) disconnected
2024-06-14 14:38:28,046 INFO o.a.k.c.NetworkClient [kafka-producer-network-thread | producer-1] [Producer clientId=producer-1] Node -1 disconnected.
2024-06-14 14:38:28,046 WARN o.a.k.c.NetworkClient [kafka-producer-network-thread | producer-1] [Producer clientId=producer-1] Connection to node -1 (localhost/127.0.0.1:9092) could not be established. Broker may not be available.
2024-06-14 14:38:28,046 WARN o.a.k.c.NetworkClient$DefaultMetadataUpdater [kafka-producer-network-thread | producer-1] [Producer clientId=producer-1] Bootstrap broker localhost:9092 (id: -1 rack: null) disconnected
2024-06-14 14:38:28,945 INFO o.a.k.c.NetworkClient [kafka-producer-network-thread | producer-1] [Producer clientId=producer-1] Node -1 disconnected.
2024-06-14 14:38:28,945 WARN o.a.k.c.NetworkClient [kafka-producer-network-thread | producer-1] [Producer clientId=producer-1] Connection to node -1 (localhost/127.0.0.1:9092) could not be established. Broker may not be available.
2024-06-14 14:38:28,945 WARN o.a.k.c.NetworkClient$DefaultMetadataUpdater [kafka-producer-network-thread | producer-1] [Producer clientId=producer-1] Bootstrap broker localhost:9092 (id: -1 rack: null) disconnected
2024-06-14 14:38:29,967 INFO o.a.k.c.NetworkClient [kafka-producer-network-thread | producer-1] [Producer clientId=producer-1] Node -1 disconnected.
2024-06-14 14:38:29,967 WARN o.a.k.c.NetworkClient [kafka-producer-network-thread | producer-1] [Producer clientId=producer-1] Connection to node -1 (localhost/127.0.0.1:9092) could not be established. Broker may not be available.
2024-06-14 14:38:29,967 WARN o.a.k.c.NetworkClient$DefaultMetadataUpdater [kafka-producer-network-thread | producer-1] [Producer clientId=producer-1] Bootstrap broker localhost:9092 (id: -1 rack: null) disconnected
2024-06-14 14:38:31,154 INFO o.a.k.c.NetworkClient [kafka-producer-network-thread | producer-1] [Producer clientId=producer-1] Node -1 disconnected.
2024-06-14 14:38:31,154 WARN o.a.k.c.NetworkClient [kafka-producer-network-thread | producer-1] [Producer clientId=producer-1] Connection to node -1 (localhost/127.0.0.1:9092) could not be established. Broker may not be available.
2024-06-14 14:38:31,154 WARN o.a.k.c.NetworkClient$DefaultMetadataUpdater [kafka-producer-network-thread | producer-1] [Producer clientId=producer-1] Bootstrap broker localhost:9092 (id: -1 rack: null) disconnected
2024-06-14 14:38:32,159 INFO o.a.k.c.NetworkClient [kafka-producer-network-thread | producer-1] [Producer clientId=producer-1] Node -1 disconnected.
2024-06-14 14:38:32,161 WARN o.a.k.c.NetworkClient [kafka-producer-network-thread | producer-1] [Producer clientId=producer-1] Connection to node -1 (localhost/127.0.0.1:9092) could not be established. Broker may not be available.
2024-06-14 14:38:32,161 WARN o.a.k.c.NetworkClient$DefaultMetadataUpdater [kafka-producer-network-thread | producer-1] [Producer clientId=producer-1] Bootstrap broker localhost:9092 (id: -1 rack: null) disconnected
2024-06-14 14:38:33,009 INFO o.a.k.c.NetworkClient [kafka-producer-network-thread | producer-1] [Producer clientId=producer-1] Node -1 disconnected.
2024-06-14 14:38:33,009 WARN o.a.k.c.NetworkClient [kafka-producer-network-thread | producer-1] [Producer clientId=producer-1] Connection to node -1 (localhost/127.0.0.1:9092) could not be established. Broker may not be available.
2024-06-14 14:38:33,009 WARN o.a.k.c.NetworkClient$DefaultMetadataUpdater [kafka-producer-network-thread | producer-1] [Producer clientId=producer-1] Bootstrap broker localhost:9092 (id: -1 rack: null) disconnected
2024-06-14 14:38:33,886 INFO o.a.k.c.NetworkClient [kafka-producer-network-thread | producer-1] [Producer clientId=producer-1] Node -1 disconnected.
2024-06-14 14:38:33,889 WARN o.a.k.c.NetworkClient [kafka-producer-network-thread | producer-1] [Producer clientId=producer-1] Connection to node -1 (localhost/127.0.0.1:9092) could not be established. Broker may not be available.
2024-06-14 14:38:33,889 WARN o.a.k.c.NetworkClient$DefaultMetadataUpdater [kafka-producer-network-thread | producer-1] [Producer clientId=producer-1] Bootstrap broker localhost:9092 (id: -1 rack: null) disconnected
2024-06-14 14:38:34,848 INFO o.a.k.c.NetworkClient [kafka-producer-network-thread | producer-1] [Producer clientId=producer-1] Node -1 disconnected.
2024-06-14 14:38:34,850 WARN o.a.k.c.NetworkClient [kafka-producer-network-thread | producer-1] [Producer clientId=producer-1] Connection to node -1 (localhost/127.0.0.1:9092) could not be established. Broker may not be available.
2024-06-14 14:38:34,850 WARN o.a.k.c.NetworkClient$DefaultMetadataUpdater [kafka-producer-network-thread | producer-1] [Producer clientId=producer-1] Bootstrap broker localhost:9092 (id: -1 rack: null) disconnected
2024-06-14 14:38:36,002 INFO o.a.k.c.NetworkClient [kafka-producer-network-thread | producer-1] [Producer clientId=producer-1] Node -1 disconnected.
2024-06-14 14:38:36,002 WARN o.a.k.c.NetworkClient [kafka-producer-network-thread | producer-1] [Producer clientId=producer-1] Connection to node -1 (localhost/127.0.0.1:9092) could not be established. Broker may not be available.
2024-06-14 14:38:36,002 WARN o.a.k.c.NetworkClient$DefaultMetadataUpdater [kafka-producer-network-thread | producer-1] [Producer clientId=producer-1] Bootstrap broker localhost:9092 (id: -1 rack: null) disconnected
2024-06-14 14:38:37,058 INFO o.a.k.c.NetworkClient [kafka-producer-network-thread | producer-1] [Producer clientId=producer-1] Node -1 disconnected.
2024-06-14 14:38:37,066 WARN o.a.k.c.NetworkClient [kafka-producer-network-thread | producer-1] [Producer clientId=producer-1] Connection to node -1 (localhost/127.0.0.1:9092) could not be established. Broker may not be available.
2024-06-14 14:38:37,068 WARN o.a.k.c.NetworkClient$DefaultMetadataUpdater [kafka-producer-network-thread | producer-1] [Producer clientId=producer-1] Bootstrap broker localhost:9092 (id: -1 rack: null) disconnected
2024-06-14 14:38:38,201 INFO o.a.k.c.NetworkClient [kafka-producer-network-thread | producer-1] [Producer clientId=producer-1] Node -1 disconnected.
2024-06-14 14:38:38,201 WARN o.a.k.c.NetworkClient [kafka-producer-network-thread | producer-1] [Producer clientId=producer-1] Connection to node -1 (localhost/127.0.0.1:9092) could not be established. Broker may not be available.
2024-06-14 14:38:38,201 WARN o.a.k.c.NetworkClient$DefaultMetadataUpdater [kafka-producer-network-thread | producer-1] [Producer clientId=producer-1] Bootstrap broker localhost:9092 (id: -1 rack: null) disconnected
2024-06-14 14:38:39,036 INFO o.a.k.c.NetworkClient [kafka-producer-network-thread | producer-1] [Producer clientId=producer-1] Node -1 disconnected.
2024-06-14 14:38:39,039 WARN o.a.k.c.NetworkClient [kafka-producer-network-thread | producer-1] [Producer clientId=producer-1] Connection to node -1 (localhost/127.0.0.1:9092) could not be established. Broker may not be available.
2024-06-14 14:38:39,039 WARN o.a.k.c.NetworkClient$DefaultMetadataUpdater [kafka-producer-network-thread | producer-1] [Producer clientId=producer-1] Bootstrap broker localhost:9092 (id: -1 rack: null) disconnected
2024-06-14 14:38:39,906 INFO o.a.k.c.NetworkClient [kafka-producer-network-thread | producer-1] [Producer clientId=producer-1] Node -1 disconnected.
2024-06-14 14:38:39,906 WARN o.a.k.c.NetworkClient [kafka-producer-network-thread | producer-1] [Producer clientId=producer-1] Connection to node -1 (localhost/127.0.0.1:9092) could not be established. Broker may not be available.
2024-06-14 14:38:39,906 WARN o.a.k.c.NetworkClient$DefaultMetadataUpdater [kafka-producer-network-thread | producer-1] [Producer clientId=producer-1] Bootstrap broker localhost:9092 (id: -1 rack: null) disconnected
2024-06-14 14:38:40,812 INFO o.a.k.c.NetworkClient [kafka-producer-network-thread | producer-1] [Producer clientId=producer-1] Node -1 disconnected.
2024-06-14 14:38:40,812 WARN o.a.k.c.NetworkClient [kafka-producer-network-thread | producer-1] [Producer clientId=producer-1] Connection to node -1 (localhost/127.0.0.1:9092) could not be established. Broker may not be available.
2024-06-14 14:38:40,812 WARN o.a.k.c.NetworkClient$DefaultMetadataUpdater [kafka-producer-network-thread | producer-1] [Producer clientId=producer-1] Bootstrap broker localhost:9092 (id: -1 rack: null) disconnected
2024-06-14 14:38:41,862 INFO o.a.k.c.NetworkClient [kafka-producer-network-thread | producer-1] [Producer clientId=producer-1] Node -1 disconnected.
2024-06-14 14:38:41,862 WARN o.a.k.c.NetworkClient [kafka-producer-network-thread | producer-1] [Producer clientId=producer-1] Connection to node -1 (localhost/127.0.0.1:9092) could not be established. Broker may not be available.
2024-06-14 14:38:41,862 WARN o.a.k.c.NetworkClient$DefaultMetadataUpdater [kafka-producer-network-thread | producer-1] [Producer clientId=producer-1] Bootstrap broker localhost:9092 (id: -1 rack: null) disconnected
2024-06-14 14:38:42,761 INFO o.a.k.c.NetworkClient [kafka-producer-network-thread | producer-1] [Producer clientId=producer-1] Node -1 disconnected.
2024-06-14 14:38:42,763 WARN o.a.k.c.NetworkClient [kafka-producer-network-thread | producer-1] [Producer clientId=producer-1] Connection to node -1 (localhost/127.0.0.1:9092) could not be established. Broker may not be available.
2024-06-14 14:38:42,763 WARN o.a.k.c.NetworkClient$DefaultMetadataUpdater [kafka-producer-network-thread | producer-1] [Producer clientId=producer-1] Bootstrap broker localhost:9092 (id: -1 rack: null) disconnected
2024-06-14 14:38:43,700 INFO o.a.k.c.NetworkClient [kafka-producer-network-thread | producer-1] [Producer clientId=producer-1] Node -1 disconnected.
2024-06-14 14:38:43,700 WARN o.a.k.c.NetworkClient [kafka-producer-network-thread | producer-1] [Producer clientId=producer-1] Connection to node -1 (localhost/127.0.0.1:9092) could not be established. Broker may not be available.
2024-06-14 14:38:43,700 WARN o.a.k.c.NetworkClient$DefaultMetadataUpdater [kafka-producer-network-thread | producer-1] [Producer clientId=producer-1] Bootstrap broker localhost:9092 (id: -1 rack: null) disconnected
2024-06-14 14:38:44,758 INFO o.a.k.c.NetworkClient [kafka-producer-network-thread | producer-1] [Producer clientId=producer-1] Node -1 disconnected.
2024-06-14 14:38:44,758 WARN o.a.k.c.NetworkClient [kafka-producer-network-thread | producer-1] [Producer clientId=producer-1] Connection to node -1 (localhost/127.0.0.1:9092) could not be established. Broker may not be available.
2024-06-14 14:38:44,758 WARN o.a.k.c.NetworkClient$DefaultMetadataUpdater [kafka-producer-network-thread | producer-1] [Producer clientId=producer-1] Bootstrap broker localhost:9092 (id: -1 rack: null) disconnected
2024-06-14 14:38:45,771 INFO o.a.k.c.NetworkClient [kafka-producer-network-thread | producer-1] [Producer clientId=producer-1] Node -1 disconnected.
2024-06-14 14:38:45,771 WARN o.a.k.c.NetworkClient [kafka-producer-network-thread | producer-1] [Producer clientId=producer-1] Connection to node -1 (localhost/127.0.0.1:9092) could not be established. Broker may not be available.
2024-06-14 14:38:45,771 WARN o.a.k.c.NetworkClient$DefaultMetadataUpdater [kafka-producer-network-thread | producer-1] [Producer clientId=producer-1] Bootstrap broker localhost:9092 (id: -1 rack: null) disconnected
2024-06-14 14:38:46,969 INFO o.a.k.c.NetworkClient [kafka-producer-network-thread | producer-1] [Producer clientId=producer-1] Node -1 disconnected.
2024-06-14 14:38:46,969 WARN o.a.k.c.NetworkClient [kafka-producer-network-thread | producer-1] [Producer clientId=producer-1] Connection to node -1 (localhost/127.0.0.1:9092) could not be established. Broker may not be available.
2024-06-14 14:38:46,969 WARN o.a.k.c.NetworkClient$DefaultMetadataUpdater [kafka-producer-network-thread | producer-1] [Producer clientId=producer-1] Bootstrap broker localhost:9092 (id: -1 rack: null) disconnected
2024-06-14 14:38:47,997 INFO o.a.k.c.NetworkClient [kafka-producer-network-thread | producer-1] [Producer clientId=producer-1] Node -1 disconnected.
2024-06-14 14:38:47,997 WARN o.a.k.c.NetworkClient [kafka-producer-network-thread | producer-1] [Producer clientId=producer-1] Connection to node -1 (localhost/127.0.0.1:9092) could not be established. Broker may not be available.
2024-06-14 14:38:47,997 WARN o.a.k.c.NetworkClient$DefaultMetadataUpdater [kafka-producer-network-thread | producer-1] [Producer clientId=producer-1] Bootstrap broker localhost:9092 (id: -1 rack: null) disconnected
2024-06-14 14:38:48,972 INFO o.a.k.c.NetworkClient [kafka-producer-network-thread | producer-1] [Producer clientId=producer-1] Node -1 disconnected.
2024-06-14 14:38:48,972 WARN o.a.k.c.NetworkClient [kafka-producer-network-thread | producer-1] [Producer clientId=producer-1] Connection to node -1 (localhost/127.0.0.1:9092) could not be established. Broker may not be available.
2024-06-14 14:38:48,972 WARN o.a.k.c.NetworkClient$DefaultMetadataUpdater [kafka-producer-network-thread | producer-1] [Producer clientId=producer-1] Bootstrap broker localhost:9092 (id: -1 rack: null) disconnected
2024-06-14 14:38:49,978 INFO o.a.k.c.NetworkClient [kafka-producer-network-thread | producer-1] [Producer clientId=producer-1] Node -1 disconnected.
2024-06-14 14:38:49,978 WARN o.a.k.c.NetworkClient [kafka-producer-network-thread | producer-1] [Producer clientId=producer-1] Connection to node -1 (localhost/127.0.0.1:9092) could not be established. Broker may not be available.
2024-06-14 14:38:49,978 WARN o.a.k.c.NetworkClient$DefaultMetadataUpdater [kafka-producer-network-thread | producer-1] [Producer clientId=producer-1] Bootstrap broker localhost:9092 (id: -1 rack: null) disconnected
2024-06-14 14:38:51,154 INFO o.a.k.c.NetworkClient [kafka-producer-network-thread | producer-1] [Producer clientId=producer-1] Node -1 disconnected.
2024-06-14 14:38:51,154 WARN o.a.k.c.NetworkClient [kafka-producer-network-thread | producer-1] [Producer clientId=producer-1] Connection to node -1 (localhost/127.0.0.1:9092) could not be established. Broker may not be available.
2024-06-14 14:38:51,154 WARN o.a.k.c.NetworkClient$DefaultMetadataUpdater [kafka-producer-network-thread | producer-1] [Producer clientId=producer-1] Bootstrap broker localhost:9092 (id: -1 rack: null) disconnected
2024-06-14 14:38:52,131 INFO o.a.k.c.NetworkClient [kafka-producer-network-thread | producer-1] [Producer clientId=producer-1] Node -1 disconnected.
2024-06-14 14:38:52,131 WARN o.a.k.c.NetworkClient [kafka-producer-network-thread | producer-1] [Producer clientId=producer-1] Connection to node -1 (localhost/127.0.0.1:9092) could not be established. Broker may not be available.
2024-06-14 14:38:52,131 WARN o.a.k.c.NetworkClient$DefaultMetadataUpdater [kafka-producer-network-thread | producer-1] [Producer clientId=producer-1] Bootstrap broker localhost:9092 (id: -1 rack: null) disconnected
2024-06-14 14:38:52,330 ERROR o.s.c.l.LogAccessor [http-nio-8080-exec-10] Exception thrown when sending a message with key='null' and payload='Order Created: 3fc09523-7841-4641-94bf-448262c1f26f' to topic order-events:
org.apache.kafka.common.errors.TimeoutException: Topic order-events not present in metadata after 60000 ms.
2024-06-14 14:38:52,331 ERROR c.e.B.s.OrdersService [http-nio-8080-exec-10] Failed to save order
org.springframework.kafka.KafkaException: Send failed
	at org.springframework.kafka.core.KafkaTemplate.doSend(KafkaTemplate.java:815)
	at org.springframework.kafka.core.KafkaTemplate.observeSend(KafkaTemplate.java:773)
	at org.springframework.kafka.core.KafkaTemplate.send(KafkaTemplate.java:551)
	at com.example.Binarfud.service.KafkaProducerService.sendMessage(KafkaProducerService.java:18)
	at com.example.Binarfud.service.OrdersService.saveOrder(OrdersService.java:64)
	at com.example.Binarfud.controller.OrderController.createOrder(OrderController.java:59)
	at java.base/jdk.internal.reflect.NativeMethodAccessorImpl.invoke0(Native Method)
	at java.base/jdk.internal.reflect.NativeMethodAccessorImpl.invoke(NativeMethodAccessorImpl.java:77)
	at java.base/jdk.internal.reflect.DelegatingMethodAccessorImpl.invoke(DelegatingMethodAccessorImpl.java:43)
	at java.base/java.lang.reflect.Method.invoke(Method.java:568)
	at org.springframework.aop.support.AopUtils.invokeJoinpointUsingReflection(AopUtils.java:354)
	at org.springframework.aop.framework.CglibAopProxy$DynamicAdvisedInterceptor.intercept(CglibAopProxy.java:716)
	at com.example.Binarfud.controller.OrderController$$SpringCGLIB$$0.createOrder(<generated>)
	at java.base/jdk.internal.reflect.NativeMethodAccessorImpl.invoke0(Native Method)
	at java.base/jdk.internal.reflect.NativeMethodAccessorImpl.invoke(NativeMethodAccessorImpl.java:77)
	at java.base/jdk.internal.reflect.DelegatingMethodAccessorImpl.invoke(DelegatingMethodAccessorImpl.java:43)
	at java.base/java.lang.reflect.Method.invoke(Method.java:568)
	at org.springframework.web.method.support.InvocableHandlerMethod.doInvoke(InvocableHandlerMethod.java:255)
	at org.springframework.web.method.support.InvocableHandlerMethod.invokeForRequest(InvocableHandlerMethod.java:188)
	at org.springframework.web.servlet.mvc.method.annotation.ServletInvocableHandlerMethod.invokeAndHandle(ServletInvocableHandlerMethod.java:118)
	at org.springframework.web.servlet.mvc.method.annotation.RequestMappingHandlerAdapter.invokeHandlerMethod(RequestMappingHandlerAdapter.java:926)
	at org.springframework.web.servlet.mvc.method.annotation.RequestMappingHandlerAdapter.handleInternal(RequestMappingHandlerAdapter.java:831)
	at org.springframework.web.servlet.mvc.method.AbstractHandlerMethodAdapter.handle(AbstractHandlerMethodAdapter.java:87)
	at org.springframework.web.servlet.DispatcherServlet.doDispatch(DispatcherServlet.java:1089)
	at org.springframework.web.servlet.DispatcherServlet.doService(DispatcherServlet.java:979)
	at org.springframework.web.servlet.FrameworkServlet.processRequest(FrameworkServlet.java:1014)
	at org.springframework.web.servlet.FrameworkServlet.doPost(FrameworkServlet.java:914)
	at jakarta.servlet.http.HttpServlet.service(HttpServlet.java:590)
	at org.springframework.web.servlet.FrameworkServlet.service(FrameworkServlet.java:885)
	at jakarta.servlet.http.HttpServlet.service(HttpServlet.java:658)
	at org.apache.catalina.core.ApplicationFilterChain.internalDoFilter(ApplicationFilterChain.java:206)
	at org.apache.catalina.core.ApplicationFilterChain.doFilter(ApplicationFilterChain.java:150)
	at org.apache.tomcat.websocket.server.WsFilter.doFilter(WsFilter.java:51)
	at org.apache.catalina.core.ApplicationFilterChain.internalDoFilter(ApplicationFilterChain.java:175)
	at org.apache.catalina.core.ApplicationFilterChain.doFilter(ApplicationFilterChain.java:150)
	at org.springframework.web.filter.OncePerRequestFilter.doFilter(OncePerRequestFilter.java:110)
	at org.apache.catalina.core.ApplicationFilterChain.internalDoFilter(ApplicationFilterChain.java:175)
	at org.apache.catalina.core.ApplicationFilterChain.doFilter(ApplicationFilterChain.java:150)
	at org.springframework.web.filter.CompositeFilter$VirtualFilterChain.doFilter(CompositeFilter.java:108)
	at org.springframework.security.web.FilterChainProxy.lambda$doFilterInternal$3(FilterChainProxy.java:231)
	at org.springframework.security.web.FilterChainProxy$VirtualFilterChain.doFilter(FilterChainProxy.java:365)
	at org.springframework.security.web.access.intercept.AuthorizationFilter.doFilter(AuthorizationFilter.java:100)
	at org.springframework.security.web.FilterChainProxy$VirtualFilterChain.doFilter(FilterChainProxy.java:374)
	at org.springframework.security.web.access.ExceptionTranslationFilter.doFilter(ExceptionTranslationFilter.java:126)
	at org.springframework.security.web.access.ExceptionTranslationFilter.doFilter(ExceptionTranslationFilter.java:120)
	at org.springframework.security.web.FilterChainProxy$VirtualFilterChain.doFilter(FilterChainProxy.java:374)
	at org.springframework.security.web.authentication.AnonymousAuthenticationFilter.doFilter(AnonymousAuthenticationFilter.java:100)
	at org.springframework.security.web.FilterChainProxy$VirtualFilterChain.doFilter(FilterChainProxy.java:374)
	at org.springframework.security.web.servletapi.SecurityContextHolderAwareRequestFilter.doFilter(SecurityContextHolderAwareRequestFilter.java:179)
	at org.springframework.security.web.FilterChainProxy$VirtualFilterChain.doFilter(FilterChainProxy.java:374)
	at org.springframework.security.web.savedrequest.RequestCacheAwareFilter.doFilter(RequestCacheAwareFilter.java:63)
	at org.springframework.security.web.FilterChainProxy$VirtualFilterChain.doFilter(FilterChainProxy.java:374)
	at org.springframework.security.web.authentication.AbstractAuthenticationProcessingFilter.doFilter(AbstractAuthenticationProcessingFilter.java:227)
	at org.springframework.security.web.authentication.AbstractAuthenticationProcessingFilter.doFilter(AbstractAuthenticationProcessingFilter.java:221)
	at org.springframework.security.web.FilterChainProxy$VirtualFilterChain.doFilter(FilterChainProxy.java:374)
	at com.example.Binarfud.security.jwt.JwtAuthTokenFilter.doFilterInternal(JwtAuthTokenFilter.java:42)
	at org.springframework.web.filter.OncePerRequestFilter.doFilter(OncePerRequestFilter.java:116)
	at org.springframework.security.web.FilterChainProxy$VirtualFilterChain.doFilter(FilterChainProxy.java:374)
	at org.springframework.security.web.authentication.AbstractAuthenticationProcessingFilter.doFilter(AbstractAuthenticationProcessingFilter.java:227)
	at org.springframework.security.web.authentication.AbstractAuthenticationProcessingFilter.doFilter(AbstractAuthenticationProcessingFilter.java:221)
	at org.springframework.security.web.FilterChainProxy$VirtualFilterChain.doFilter(FilterChainProxy.java:374)
	at org.springframework.security.oauth2.client.web.OAuth2AuthorizationRequestRedirectFilter.doFilterInternal(OAuth2AuthorizationRequestRedirectFilter.java:181)
	at org.springframework.web.filter.OncePerRequestFilter.doFilter(OncePerRequestFilter.java:116)
	at org.springframework.security.web.FilterChainProxy$VirtualFilterChain.doFilter(FilterChainProxy.java:374)
	at org.springframework.security.web.authentication.logout.LogoutFilter.doFilter(LogoutFilter.java:107)
	at org.springframework.security.web.authentication.logout.LogoutFilter.doFilter(LogoutFilter.java:93)
	at org.springframework.security.web.FilterChainProxy$VirtualFilterChain.doFilter(FilterChainProxy.java:374)
	at org.springframework.web.filter.CorsFilter.doFilterInternal(CorsFilter.java:91)
	at org.springframework.web.filter.OncePerRequestFilter.doFilter(OncePerRequestFilter.java:116)
	at org.springframework.security.web.FilterChainProxy$VirtualFilterChain.doFilter(FilterChainProxy.java:374)
	at org.springframework.security.web.header.HeaderWriterFilter.doHeadersAfter(HeaderWriterFilter.java:90)
	at org.springframework.security.web.header.HeaderWriterFilter.doFilterInternal(HeaderWriterFilter.java:75)
	at org.springframework.web.filter.OncePerRequestFilter.doFilter(OncePerRequestFilter.java:116)
	at org.springframework.security.web.FilterChainProxy$VirtualFilterChain.doFilter(FilterChainProxy.java:374)
	at org.springframework.security.web.context.SecurityContextHolderFilter.doFilter(SecurityContextHolderFilter.java:82)
	at org.springframework.security.web.context.SecurityContextHolderFilter.doFilter(SecurityContextHolderFilter.java:69)
	at org.springframework.security.web.FilterChainProxy$VirtualFilterChain.doFilter(FilterChainProxy.java:374)
	at org.springframework.security.web.context.request.async.WebAsyncManagerIntegrationFilter.doFilterInternal(WebAsyncManagerIntegrationFilter.java:62)
	at org.springframework.web.filter.OncePerRequestFilter.doFilter(OncePerRequestFilter.java:116)
	at org.springframework.security.web.FilterChainProxy$VirtualFilterChain.doFilter(FilterChainProxy.java:374)
	at org.springframework.security.web.session.DisableEncodeUrlFilter.doFilterInternal(DisableEncodeUrlFilter.java:42)
	at org.springframework.web.filter.OncePerRequestFilter.doFilter(OncePerRequestFilter.java:116)
	at org.springframework.security.web.FilterChainProxy$VirtualFilterChain.doFilter(FilterChainProxy.java:374)
	at org.springframework.security.web.FilterChainProxy.doFilterInternal(FilterChainProxy.java:233)
	at org.springframework.security.web.FilterChainProxy.doFilter(FilterChainProxy.java:191)
	at org.springframework.web.filter.CompositeFilter$VirtualFilterChain.doFilter(CompositeFilter.java:113)
	at org.springframework.web.servlet.handler.HandlerMappingIntrospector.lambda$createCacheFilter$3(HandlerMappingIntrospector.java:195)
	at org.springframework.web.filter.CompositeFilter$VirtualFilterChain.doFilter(CompositeFilter.java:113)
	at org.springframework.web.filter.CompositeFilter.doFilter(CompositeFilter.java:74)
	at org.springframework.security.config.annotation.web.configuration.WebMvcSecurityConfiguration$CompositeFilterChainProxy.doFilter(WebMvcSecurityConfiguration.java:230)
	at org.springframework.web.filter.DelegatingFilterProxy.invokeDelegate(DelegatingFilterProxy.java:352)
	at org.springframework.web.filter.DelegatingFilterProxy.doFilter(DelegatingFilterProxy.java:268)
	at org.apache.catalina.core.ApplicationFilterChain.internalDoFilter(ApplicationFilterChain.java:175)
	at org.apache.catalina.core.ApplicationFilterChain.doFilter(ApplicationFilterChain.java:150)
	at org.springframework.web.filter.RequestContextFilter.doFilterInternal(RequestContextFilter.java:100)
	at org.springframework.web.filter.OncePerRequestFilter.doFilter(OncePerRequestFilter.java:116)
	at org.apache.catalina.core.ApplicationFilterChain.internalDoFilter(ApplicationFilterChain.java:175)
	at org.apache.catalina.core.ApplicationFilterChain.doFilter(ApplicationFilterChain.java:150)
	at org.springframework.web.filter.FormContentFilter.doFilterInternal(FormContentFilter.java:93)
	at org.springframework.web.filter.OncePerRequestFilter.doFilter(OncePerRequestFilter.java:116)
	at org.apache.catalina.core.ApplicationFilterChain.internalDoFilter(ApplicationFilterChain.java:175)
	at org.apache.catalina.core.ApplicationFilterChain.doFilter(ApplicationFilterChain.java:150)
	at org.springframework.web.filter.CharacterEncodingFilter.doFilterInternal(CharacterEncodingFilter.java:201)
	at org.springframework.web.filter.OncePerRequestFilter.doFilter(OncePerRequestFilter.java:116)
	at org.apache.catalina.core.ApplicationFilterChain.internalDoFilter(ApplicationFilterChain.java:175)
	at org.apache.catalina.core.ApplicationFilterChain.doFilter(ApplicationFilterChain.java:150)
	at org.apache.catalina.core.StandardWrapperValve.invoke(StandardWrapperValve.java:167)
	at org.apache.catalina.core.StandardContextValve.invoke(StandardContextValve.java:90)
	at org.apache.catalina.authenticator.AuthenticatorBase.invoke(AuthenticatorBase.java:482)
	at org.apache.catalina.core.StandardHostValve.invoke(StandardHostValve.java:115)
	at org.apache.catalina.valves.ErrorReportValve.invoke(ErrorReportValve.java:93)
	at org.apache.catalina.core.StandardEngineValve.invoke(StandardEngineValve.java:74)
	at org.apache.catalina.connector.CoyoteAdapter.service(CoyoteAdapter.java:344)
	at org.apache.coyote.http11.Http11Processor.service(Http11Processor.java:391)
	at org.apache.coyote.AbstractProcessorLight.process(AbstractProcessorLight.java:63)
	at org.apache.coyote.AbstractProtocol$ConnectionHandler.process(AbstractProtocol.java:896)
	at org.apache.tomcat.util.net.NioEndpoint$SocketProcessor.doRun(NioEndpoint.java:1736)
	at org.apache.tomcat.util.net.SocketProcessorBase.run(SocketProcessorBase.java:52)
	at org.apache.tomcat.util.threads.ThreadPoolExecutor.runWorker(ThreadPoolExecutor.java:1191)
	at org.apache.tomcat.util.threads.ThreadPoolExecutor$Worker.run(ThreadPoolExecutor.java:659)
	at org.apache.tomcat.util.threads.TaskThread$WrappingRunnable.run(TaskThread.java:63)
	at java.base/java.lang.Thread.run(Thread.java:833)
Caused by: org.apache.kafka.common.errors.TimeoutException: Topic order-events not present in metadata after 60000 ms.
2024-06-14 14:38:53,070 INFO o.a.k.c.NetworkClient [kafka-producer-network-thread | producer-1] [Producer clientId=producer-1] Node -1 disconnected.
2024-06-14 14:38:53,070 WARN o.a.k.c.NetworkClient [kafka-producer-network-thread | producer-1] [Producer clientId=producer-1] Connection to node -1 (localhost/127.0.0.1:9092) could not be established. Broker may not be available.
2024-06-14 14:38:53,072 WARN o.a.k.c.NetworkClient$DefaultMetadataUpdater [kafka-producer-network-thread | producer-1] [Producer clientId=producer-1] Bootstrap broker localhost:9092 (id: -1 rack: null) disconnected
2024-06-14 14:38:54,231 INFO o.a.k.c.NetworkClient [kafka-producer-network-thread | producer-1] [Producer clientId=producer-1] Node -1 disconnected.
2024-06-14 14:38:54,231 WARN o.a.k.c.NetworkClient [kafka-producer-network-thread | producer-1] [Producer clientId=producer-1] Connection to node -1 (localhost/127.0.0.1:9092) could not be established. Broker may not be available.
2024-06-14 14:38:54,231 WARN o.a.k.c.NetworkClient$DefaultMetadataUpdater [kafka-producer-network-thread | producer-1] [Producer clientId=producer-1] Bootstrap broker localhost:9092 (id: -1 rack: null) disconnected
2024-06-14 14:38:55,329 INFO o.a.k.c.NetworkClient [kafka-producer-network-thread | producer-1] [Producer clientId=producer-1] Node -1 disconnected.
2024-06-14 14:38:55,329 WARN o.a.k.c.NetworkClient [kafka-producer-network-thread | producer-1] [Producer clientId=producer-1] Connection to node -1 (localhost/127.0.0.1:9092) could not be established. Broker may not be available.
2024-06-14 14:38:55,329 WARN o.a.k.c.NetworkClient$DefaultMetadataUpdater [kafka-producer-network-thread | producer-1] [Producer clientId=producer-1] Bootstrap broker localhost:9092 (id: -1 rack: null) disconnected
2024-06-14 14:38:56,540 INFO o.a.k.c.NetworkClient [kafka-producer-network-thread | producer-1] [Producer clientId=producer-1] Node -1 disconnected.
2024-06-14 14:38:56,540 WARN o.a.k.c.NetworkClient [kafka-producer-network-thread | producer-1] [Producer clientId=producer-1] Connection to node -1 (localhost/127.0.0.1:9092) could not be established. Broker may not be available.
2024-06-14 14:38:56,540 WARN o.a.k.c.NetworkClient$DefaultMetadataUpdater [kafka-producer-network-thread | producer-1] [Producer clientId=producer-1] Bootstrap broker localhost:9092 (id: -1 rack: null) disconnected
2024-06-14 14:38:57,392 INFO o.a.k.c.NetworkClient [kafka-producer-network-thread | producer-1] [Producer clientId=producer-1] Node -1 disconnected.
2024-06-14 14:38:57,392 WARN o.a.k.c.NetworkClient [kafka-producer-network-thread | producer-1] [Producer clientId=producer-1] Connection to node -1 (localhost/127.0.0.1:9092) could not be established. Broker may not be available.
2024-06-14 14:38:57,392 WARN o.a.k.c.NetworkClient$DefaultMetadataUpdater [kafka-producer-network-thread | producer-1] [Producer clientId=producer-1] Bootstrap broker localhost:9092 (id: -1 rack: null) disconnected
2024-06-14 14:38:58,465 INFO o.a.k.c.NetworkClient [kafka-producer-network-thread | producer-1] [Producer clientId=producer-1] Node -1 disconnected.
2024-06-14 14:38:58,465 WARN o.a.k.c.NetworkClient [kafka-producer-network-thread | producer-1] [Producer clientId=producer-1] Connection to node -1 (localhost/127.0.0.1:9092) could not be established. Broker may not be available.
2024-06-14 14:38:58,465 WARN o.a.k.c.NetworkClient$DefaultMetadataUpdater [kafka-producer-network-thread | producer-1] [Producer clientId=producer-1] Bootstrap broker localhost:9092 (id: -1 rack: null) disconnected
2024-06-14 14:38:59,668 INFO o.a.k.c.NetworkClient [kafka-producer-network-thread | producer-1] [Producer clientId=producer-1] Node -1 disconnected.
2024-06-14 14:38:59,668 WARN o.a.k.c.NetworkClient [kafka-producer-network-thread | producer-1] [Producer clientId=producer-1] Connection to node -1 (localhost/127.0.0.1:9092) could not be established. Broker may not be available.
2024-06-14 14:38:59,668 WARN o.a.k.c.NetworkClient$DefaultMetadataUpdater [kafka-producer-network-thread | producer-1] [Producer clientId=producer-1] Bootstrap broker localhost:9092 (id: -1 rack: null) disconnected
2024-06-14 14:39:00,749 INFO o.a.k.c.NetworkClient [kafka-producer-network-thread | producer-1] [Producer clientId=producer-1] Node -1 disconnected.
2024-06-14 14:39:00,749 WARN o.a.k.c.NetworkClient [kafka-producer-network-thread | producer-1] [Producer clientId=producer-1] Connection to node -1 (localhost/127.0.0.1:9092) could not be established. Broker may not be available.
2024-06-14 14:39:00,749 WARN o.a.k.c.NetworkClient$DefaultMetadataUpdater [kafka-producer-network-thread | producer-1] [Producer clientId=producer-1] Bootstrap broker localhost:9092 (id: -1 rack: null) disconnected
2024-06-14 14:39:01,565 INFO o.a.k.c.NetworkClient [kafka-producer-network-thread | producer-1] [Producer clientId=producer-1] Node -1 disconnected.
2024-06-14 14:39:01,565 WARN o.a.k.c.NetworkClient [kafka-producer-network-thread | producer-1] [Producer clientId=producer-1] Connection to node -1 (localhost/127.0.0.1:9092) could not be established. Broker may not be available.
2024-06-14 14:39:01,565 WARN o.a.k.c.NetworkClient$DefaultMetadataUpdater [kafka-producer-network-thread | producer-1] [Producer clientId=producer-1] Bootstrap broker localhost:9092 (id: -1 rack: null) disconnected
2024-06-14 14:39:02,740 INFO o.a.k.c.NetworkClient [kafka-producer-network-thread | producer-1] [Producer clientId=producer-1] Node -1 disconnected.
2024-06-14 14:39:02,740 WARN o.a.k.c.NetworkClient [kafka-producer-network-thread | producer-1] [Producer clientId=producer-1] Connection to node -1 (localhost/127.0.0.1:9092) could not be established. Broker may not be available.
2024-06-14 14:39:02,740 WARN o.a.k.c.NetworkClient$DefaultMetadataUpdater [kafka-producer-network-thread | producer-1] [Producer clientId=producer-1] Bootstrap broker localhost:9092 (id: -1 rack: null) disconnected
2024-06-14 14:39:03,632 INFO o.a.k.c.NetworkClient [kafka-producer-network-thread | producer-1] [Producer clientId=producer-1] Node -1 disconnected.
2024-06-14 14:39:03,632 WARN o.a.k.c.NetworkClient [kafka-producer-network-thread | producer-1] [Producer clientId=producer-1] Connection to node -1 (localhost/127.0.0.1:9092) could not be established. Broker may not be available.
2024-06-14 14:39:03,632 WARN o.a.k.c.NetworkClient$DefaultMetadataUpdater [kafka-producer-network-thread | producer-1] [Producer clientId=producer-1] Bootstrap broker localhost:9092 (id: -1 rack: null) disconnected
2024-06-14 14:39:04,563 INFO o.a.k.c.NetworkClient [kafka-producer-network-thread | producer-1] [Producer clientId=producer-1] Node -1 disconnected.
2024-06-14 14:39:04,563 WARN o.a.k.c.NetworkClient [kafka-producer-network-thread | producer-1] [Producer clientId=producer-1] Connection to node -1 (localhost/127.0.0.1:9092) could not be established. Broker may not be available.
2024-06-14 14:39:04,563 WARN o.a.k.c.NetworkClient$DefaultMetadataUpdater [kafka-producer-network-thread | producer-1] [Producer clientId=producer-1] Bootstrap broker localhost:9092 (id: -1 rack: null) disconnected
2024-06-14 14:39:05,648 INFO o.a.k.c.NetworkClient [kafka-producer-network-thread | producer-1] [Producer clientId=producer-1] Node -1 disconnected.
2024-06-14 14:39:05,648 WARN o.a.k.c.NetworkClient [kafka-producer-network-thread | producer-1] [Producer clientId=producer-1] Connection to node -1 (localhost/127.0.0.1:9092) could not be established. Broker may not be available.
2024-06-14 14:39:05,648 WARN o.a.k.c.NetworkClient$DefaultMetadataUpdater [kafka-producer-network-thread | producer-1] [Producer clientId=producer-1] Bootstrap broker localhost:9092 (id: -1 rack: null) disconnected
2024-06-14 14:39:06,882 INFO o.a.k.c.NetworkClient [kafka-producer-network-thread | producer-1] [Producer clientId=producer-1] Node -1 disconnected.
2024-06-14 14:39:06,882 WARN o.a.k.c.NetworkClient [kafka-producer-network-thread | producer-1] [Producer clientId=producer-1] Connection to node -1 (localhost/127.0.0.1:9092) could not be established. Broker may not be available.
2024-06-14 14:39:06,882 WARN o.a.k.c.NetworkClient$DefaultMetadataUpdater [kafka-producer-network-thread | producer-1] [Producer clientId=producer-1] Bootstrap broker localhost:9092 (id: -1 rack: null) disconnected
2024-06-14 14:39:07,961 INFO o.a.k.c.NetworkClient [kafka-producer-network-thread | producer-1] [Producer clientId=producer-1] Node -1 disconnected.
2024-06-14 14:39:07,970 WARN o.a.k.c.NetworkClient [kafka-producer-network-thread | producer-1] [Producer clientId=producer-1] Connection to node -1 (localhost/127.0.0.1:9092) could not be established. Broker may not be available.
2024-06-14 14:39:07,970 WARN o.a.k.c.NetworkClient$DefaultMetadataUpdater [kafka-producer-network-thread | producer-1] [Producer clientId=producer-1] Bootstrap broker localhost:9092 (id: -1 rack: null) disconnected
2024-06-14 14:39:09,080 INFO o.a.k.c.NetworkClient [kafka-producer-network-thread | producer-1] [Producer clientId=producer-1] Node -1 disconnected.
2024-06-14 14:39:09,080 WARN o.a.k.c.NetworkClient [kafka-producer-network-thread | producer-1] [Producer clientId=producer-1] Connection to node -1 (localhost/127.0.0.1:9092) could not be established. Broker may not be available.
2024-06-14 14:39:09,080 WARN o.a.k.c.NetworkClient$DefaultMetadataUpdater [kafka-producer-network-thread | producer-1] [Producer clientId=producer-1] Bootstrap broker localhost:9092 (id: -1 rack: null) disconnected
2024-06-14 14:39:10,007 INFO o.a.k.c.NetworkClient [kafka-producer-network-thread | producer-1] [Producer clientId=producer-1] Node -1 disconnected.
2024-06-14 14:39:10,007 WARN o.a.k.c.NetworkClient [kafka-producer-network-thread | producer-1] [Producer clientId=producer-1] Connection to node -1 (localhost/127.0.0.1:9092) could not be established. Broker may not be available.
2024-06-14 14:39:10,007 WARN o.a.k.c.NetworkClient$DefaultMetadataUpdater [kafka-producer-network-thread | producer-1] [Producer clientId=producer-1] Bootstrap broker localhost:9092 (id: -1 rack: null) disconnected
2024-06-14 14:39:10,999 INFO o.a.k.c.NetworkClient [kafka-producer-network-thread | producer-1] [Producer clientId=producer-1] Node -1 disconnected.
2024-06-14 14:39:10,999 WARN o.a.k.c.NetworkClient [kafka-producer-network-thread | producer-1] [Producer clientId=producer-1] Connection to node -1 (localhost/127.0.0.1:9092) could not be established. Broker may not be available.
2024-06-14 14:39:10,999 WARN o.a.k.c.NetworkClient$DefaultMetadataUpdater [kafka-producer-network-thread | producer-1] [Producer clientId=producer-1] Bootstrap broker localhost:9092 (id: -1 rack: null) disconnected
2024-06-14 14:39:12,073 INFO o.a.k.c.NetworkClient [kafka-producer-network-thread | producer-1] [Producer clientId=producer-1] Node -1 disconnected.
2024-06-14 14:39:12,073 WARN o.a.k.c.NetworkClient [kafka-producer-network-thread | producer-1] [Producer clientId=producer-1] Connection to node -1 (localhost/127.0.0.1:9092) could not be established. Broker may not be available.
2024-06-14 14:39:12,073 WARN o.a.k.c.NetworkClient$DefaultMetadataUpdater [kafka-producer-network-thread | producer-1] [Producer clientId=producer-1] Bootstrap broker localhost:9092 (id: -1 rack: null) disconnected
2024-06-14 14:39:13,111 INFO o.a.k.c.NetworkClient [kafka-producer-network-thread | producer-1] [Producer clientId=producer-1] Node -1 disconnected.
2024-06-14 14:39:13,111 WARN o.a.k.c.NetworkClient [kafka-producer-network-thread | producer-1] [Producer clientId=producer-1] Connection to node -1 (localhost/127.0.0.1:9092) could not be established. Broker may not be available.
2024-06-14 14:39:13,111 WARN o.a.k.c.NetworkClient$DefaultMetadataUpdater [kafka-producer-network-thread | producer-1] [Producer clientId=producer-1] Bootstrap broker localhost:9092 (id: -1 rack: null) disconnected
2024-06-14 14:39:14,280 INFO o.a.k.c.NetworkClient [kafka-producer-network-thread | producer-1] [Producer clientId=producer-1] Node -1 disconnected.
2024-06-14 14:39:14,280 WARN o.a.k.c.NetworkClient [kafka-producer-network-thread | producer-1] [Producer clientId=producer-1] Connection to node -1 (localhost/127.0.0.1:9092) could not be established. Broker may not be available.
2024-06-14 14:39:14,280 WARN o.a.k.c.NetworkClient$DefaultMetadataUpdater [kafka-producer-network-thread | producer-1] [Producer clientId=producer-1] Bootstrap broker localhost:9092 (id: -1 rack: null) disconnected
2024-06-14 14:39:15,455 INFO o.a.k.c.NetworkClient [kafka-producer-network-thread | producer-1] [Producer clientId=producer-1] Node -1 disconnected.
2024-06-14 14:39:15,455 WARN o.a.k.c.NetworkClient [kafka-producer-network-thread | producer-1] [Producer clientId=producer-1] Connection to node -1 (localhost/127.0.0.1:9092) could not be established. Broker may not be available.
2024-06-14 14:39:15,458 WARN o.a.k.c.NetworkClient$DefaultMetadataUpdater [kafka-producer-network-thread | producer-1] [Producer clientId=producer-1] Bootstrap broker localhost:9092 (id: -1 rack: null) disconnected
2024-06-14 14:39:16,386 INFO o.a.k.c.NetworkClient [kafka-producer-network-thread | producer-1] [Producer clientId=producer-1] Node -1 disconnected.
2024-06-14 14:39:16,426 WARN o.a.k.c.NetworkClient [kafka-producer-network-thread | producer-1] [Producer clientId=producer-1] Connection to node -1 (localhost/127.0.0.1:9092) could not be established. Broker may not be available.
2024-06-14 14:39:16,426 WARN o.a.k.c.NetworkClient$DefaultMetadataUpdater [kafka-producer-network-thread | producer-1] [Producer clientId=producer-1] Bootstrap broker localhost:9092 (id: -1 rack: null) disconnected
