2024-06-02 21:51:58,307 INFO c.e.B.s.ProductService [http-nio-8080-exec-6] Products: Page 1 of 0 containing UNKNOWN instances
2024-06-02 21:52:17,236 WARN o.s.w.s.h.AbstractHandlerExceptionResolver [http-nio-8080-exec-7] Resolved [org.springframework.http.converter.HttpMessageNotReadableException: JSON parse error: Cannot deserialize value of type `java.util.HashSet<com.example.Binarfud.model.Role>` from String value (token `JsonToken.VALUE_STRING`)]
2024-06-02 21:52:46,843 INFO c.e.B.s.ProductService [http-nio-8080-exec-4] Products: Page 1 of 0 containing UNKNOWN instances
2024-06-02 21:54:40,456 INFO c.e.B.c.AuthController [http-nio-8080-exec-6] loginRequestDto: LoginRequestDTO(username=asep2, password=123)
2024-06-02 21:54:40,608 INFO c.e.B.c.AuthController [http-nio-8080-exec-6] authentication: UsernamePasswordAuthenticationToken [Principal=UserDetailsImpl(username=asep2, password=$2a$10$DqhxuBDHprDlD5xjdmlChug8KA81tJalaVZ8cNS9YtC0TUcdik8WW, authorities=[ROLE_USER]), Credentials=[PROTECTED], Authenticated=true, Details=null, Granted Authorities=[ROLE_USER]]
2024-06-02 21:55:21,487 INFO o.s.o.j.AbstractEntityManagerFactoryBean [SpringApplicationShutdownHook] Closing JPA EntityManagerFactory for persistence unit 'default'
2024-06-02 21:55:21,494 INFO c.z.h.HikariDataSource [SpringApplicationShutdownHook] HikariPool-1 - Shutdown initiated...
2024-06-02 21:55:21,799 INFO c.z.h.HikariDataSource [SpringApplicationShutdownHook] HikariPool-1 - Shutdown completed.
2024-06-02 21:55:27,526 INFO o.s.b.StartupInfoLogger [main] Starting BinarfudApplication using Java 17.0.2 with PID 38592 (D:\synrgy\Binarfud\Binarfud\target\classes started by hp in D:\synrgy\Binarfud\Binarfud)
2024-06-02 21:55:27,529 INFO o.s.b.SpringApplication [main] No active profile set, falling back to 1 default profile: "default"
2024-06-02 21:55:29,190 INFO o.s.d.r.c.RepositoryConfigurationDelegate [main] Bootstrapping Spring Data JPA repositories in DEFAULT mode.
2024-06-02 21:55:29,393 INFO o.s.d.r.c.RepositoryConfigurationDelegate [main] Finished Spring Data repository scanning in 186 ms. Found 7 JPA repository interfaces.
2024-06-02 21:55:30,686 INFO o.s.b.w.e.t.TomcatWebServer [main] Tomcat initialized with port 8080 (http)
2024-06-02 21:55:30,710 INFO o.a.j.l.DirectJDKLog [main] Initializing ProtocolHandler ["http-nio-8080"]
2024-06-02 21:55:30,717 INFO o.a.j.l.DirectJDKLog [main] Starting service [Tomcat]
2024-06-02 21:55:30,718 INFO o.a.j.l.DirectJDKLog [main] Starting Servlet engine: [Apache Tomcat/10.1.20]
2024-06-02 21:55:30,887 INFO o.a.j.l.DirectJDKLog [main] Initializing Spring embedded WebApplicationContext
2024-06-02 21:55:30,890 INFO o.s.b.w.s.c.ServletWebServerApplicationContext [main] Root WebApplicationContext: initialization completed in 3306 ms
2024-06-02 21:55:31,138 INFO o.h.j.i.u.LogHelper [main] HHH000204: Processing PersistenceUnitInfo [name: default]
2024-06-02 21:55:31,290 INFO o.h.Version [main] HHH000412: Hibernate ORM core version 6.4.4.Final
2024-06-02 21:55:31,357 INFO o.h.c.i.RegionFactoryInitiator [main] HHH000026: Second-level cache disabled
2024-06-02 21:55:31,831 INFO o.s.o.j.p.SpringPersistenceUnitInfo [main] No LoadTimeWeaver setup: ignoring JPA class transformer
2024-06-02 21:55:31,875 INFO c.z.h.HikariDataSource [main] HikariPool-1 - Starting...
2024-06-02 21:55:32,951 INFO c.z.h.p.HikariPool [main] HikariPool-1 - Added connection org.postgresql.jdbc.PgConnection@ca2be53
2024-06-02 21:55:32,954 INFO c.z.h.HikariDataSource [main] HikariPool-1 - Start completed.
2024-06-02 21:55:33,059 WARN o.h.e.j.d.i.DialectFactoryImpl [main] HHH90000025: PostgreSQLDialect does not need to be specified explicitly using 'hibernate.dialect' (remove the property setting and it will be selected by default)
2024-06-02 21:55:34,477 INFO o.h.e.t.j.p.i.JtaPlatformInitiator [main] HHH000489: No JTA platform available (set 'hibernate.transaction.jta.platform' to enable JTA platform integration)
2024-06-02 21:55:36,450 INFO o.s.o.j.AbstractEntityManagerFactoryBean [main] Initialized JPA EntityManagerFactory for persistence unit 'default'
2024-06-02 21:55:37,105 INFO o.s.d.j.r.q.QueryEnhancerFactory [main] Hibernate is in classpath; If applicable, HQL parser will be used.
2024-06-02 21:55:37,800 WARN o.s.b.a.o.j.JpaBaseConfiguration$JpaWebConfiguration [main] spring.jpa.open-in-view is enabled by default. Therefore, database queries may be performed during view rendering. Explicitly configure spring.jpa.open-in-view to disable this warning
2024-06-02 21:55:38,372 INFO o.s.s.w.DefaultSecurityFilterChain [main] Will secure any request with [org.springframework.security.web.session.DisableEncodeUrlFilter@558bff39, org.springframework.security.web.context.request.async.WebAsyncManagerIntegrationFilter@7e01d838, org.springframework.security.web.context.SecurityContextHolderFilter@2220780d, org.springframework.security.web.header.HeaderWriterFilter@6859080d, org.springframework.security.web.authentication.logout.LogoutFilter@21dc1d99, org.springframework.security.oauth2.client.web.OAuth2AuthorizationRequestRedirectFilter@d7b20d9, org.springframework.security.oauth2.client.web.OAuth2LoginAuthenticationFilter@3c8802cf, com.example.Binarfud.security.jwt.JwtAuthTokenFilter@7fba30fe, org.springframework.security.web.authentication.UsernamePasswordAuthenticationFilter@a93c88a, org.springframework.security.web.savedrequest.RequestCacheAwareFilter@4cc5c43b, org.springframework.security.web.servletapi.SecurityContextHolderAwareRequestFilter@3d1f809, org.springframework.security.web.authentication.AnonymousAuthenticationFilter@2e3334d, org.springframework.security.web.access.ExceptionTranslationFilter@10e5471d, org.springframework.security.web.access.intercept.AuthorizationFilter@65314e4]
2024-06-02 21:55:38,734 WARN o.s.s.c.a.w.b.WebSecurity [main] You are asking Spring Security to ignore Mvc [pattern='/webjars/**']. This is not recommended -- please use permitAll via HttpSecurity#authorizeHttpRequests instead.
2024-06-02 21:55:38,734 INFO o.s.s.w.DefaultSecurityFilterChain [main] Will not secure Mvc [pattern='/webjars/**']
2024-06-02 21:55:38,735 WARN o.s.s.c.a.w.b.WebSecurity [main] You are asking Spring Security to ignore Mvc [pattern='/images/**']. This is not recommended -- please use permitAll via HttpSecurity#authorizeHttpRequests instead.
2024-06-02 21:55:38,735 INFO o.s.s.w.DefaultSecurityFilterChain [main] Will not secure Mvc [pattern='/images/**']
2024-06-02 21:55:38,736 WARN o.s.s.c.a.w.b.WebSecurity [main] You are asking Spring Security to ignore Mvc [pattern='/css/**']. This is not recommended -- please use permitAll via HttpSecurity#authorizeHttpRequests instead.
2024-06-02 21:55:38,736 INFO o.s.s.w.DefaultSecurityFilterChain [main] Will not secure Mvc [pattern='/css/**']
2024-06-02 21:55:38,736 WARN o.s.s.c.a.w.b.WebSecurity [main] You are asking Spring Security to ignore Mvc [pattern='/assets/**']. This is not recommended -- please use permitAll via HttpSecurity#authorizeHttpRequests instead.
2024-06-02 21:55:38,736 INFO o.s.s.w.DefaultSecurityFilterChain [main] Will not secure Mvc [pattern='/assets/**']
2024-06-02 21:55:38,736 WARN o.s.s.c.a.w.b.WebSecurity [main] You are asking Spring Security to ignore Mvc [pattern='/favicon.ico']. This is not recommended -- please use permitAll via HttpSecurity#authorizeHttpRequests instead.
2024-06-02 21:55:38,736 INFO o.s.s.w.DefaultSecurityFilterChain [main] Will not secure Mvc [pattern='/favicon.ico']
2024-06-02 21:55:38,800 INFO o.a.j.l.DirectJDKLog [main] Starting ProtocolHandler ["http-nio-8080"]
2024-06-02 21:55:38,826 INFO o.s.b.w.e.t.TomcatWebServer [main] Tomcat started on port 8080 (http) with context path ''
2024-06-02 21:55:38,838 INFO o.s.b.StartupInfoLogger [main] Started BinarfudApplication in 12.12 seconds (process running for 12.754)
2024-06-02 21:55:42,115 INFO o.a.j.l.DirectJDKLog [http-nio-8080-exec-2] Initializing Spring DispatcherServlet 'dispatcherServlet'
2024-06-02 21:55:42,115 INFO o.s.w.s.FrameworkServlet [http-nio-8080-exec-2] Initializing Servlet 'dispatcherServlet'
2024-06-02 21:55:42,118 INFO o.s.w.s.FrameworkServlet [http-nio-8080-exec-2] Completed initialization in 3 ms
