2024-05-16 15:06:30,363 INFO o.s.o.j.AbstractEntityManagerFactoryBean [SpringApplicationShutdownHook] Closing JPA EntityManagerFactory for persistence unit 'default'
2024-05-16 15:06:30,393 INFO c.z.h.HikariDataSource [SpringApplicationShutdownHook] HikariPool-1 - Shutdown initiated...
2024-05-16 15:06:30,402 INFO c.z.h.HikariDataSource [SpringApplicationShutdownHook] HikariPool-1 - Shutdown completed.
2024-05-16 15:06:38,994 INFO o.s.b.StartupInfoLogger [main] Starting BinarfudApplication using Java 17.0.2 with PID 21096 (D:\synrgy\sinau_java\F-BJV24001115-synrgy7-syi-binarfud-ch4\target\classes started by hp in D:\synrgy\sinau_java\F-BJV24001115-synrgy7-syi-binarfud-ch4)
2024-05-16 15:06:38,994 INFO o.s.b.SpringApplication [main] No active profile set, falling back to 1 default profile: "default"
2024-05-16 15:06:40,342 INFO o.s.d.r.c.RepositoryConfigurationDelegate [main] Bootstrapping Spring Data JPA repositories in DEFAULT mode.
2024-05-16 15:06:40,447 INFO o.s.d.r.c.RepositoryConfigurationDelegate [main] Finished Spring Data repository scanning in 91 ms. Found 5 JPA repository interfaces.
2024-05-16 15:06:41,376 INFO o.s.b.w.e.t.TomcatWebServer [main] Tomcat initialized with port 8080 (http)
2024-05-16 15:06:41,395 INFO o.a.j.l.DirectJDKLog [main] Initializing ProtocolHandler ["http-nio-8080"]
2024-05-16 15:06:41,402 INFO o.a.j.l.DirectJDKLog [main] Starting service [Tomcat]
2024-05-16 15:06:41,404 INFO o.a.j.l.DirectJDKLog [main] Starting Servlet engine: [Apache Tomcat/10.1.20]
2024-05-16 15:06:41,542 INFO o.a.j.l.DirectJDKLog [main] Initializing Spring embedded WebApplicationContext
2024-05-16 15:06:41,546 INFO o.s.b.w.s.c.ServletWebServerApplicationContext [main] Root WebApplicationContext: initialization completed in 2472 ms
2024-05-16 15:06:41,874 INFO o.h.j.i.u.LogHelper [main] HHH000204: Processing PersistenceUnitInfo [name: default]
2024-05-16 15:06:42,006 INFO o.h.Version [main] HHH000412: Hibernate ORM core version 6.4.4.Final
2024-05-16 15:06:42,065 INFO o.h.c.i.RegionFactoryInitiator [main] HHH000026: Second-level cache disabled
2024-05-16 15:06:42,483 INFO o.s.o.j.p.SpringPersistenceUnitInfo [main] No LoadTimeWeaver setup: ignoring JPA class transformer
2024-05-16 15:06:42,526 INFO c.z.h.HikariDataSource [main] HikariPool-1 - Starting...
2024-05-16 15:06:42,926 INFO c.z.h.p.HikariPool [main] HikariPool-1 - Added connection org.postgresql.jdbc.PgConnection@1214d23c
2024-05-16 15:06:42,932 INFO c.z.h.HikariDataSource [main] HikariPool-1 - Start completed.
2024-05-16 15:06:42,991 WARN o.h.e.j.d.i.DialectFactoryImpl [main] HHH90000025: PostgreSQLDialect does not need to be specified explicitly using 'hibernate.dialect' (remove the property setting and it will be selected by default)
2024-05-16 15:06:44,292 INFO o.h.e.t.j.p.i.JtaPlatformInitiator [main] HHH000489: No JTA platform available (set 'hibernate.transaction.jta.platform' to enable JTA platform integration)
2024-05-16 15:06:44,460 INFO o.s.o.j.AbstractEntityManagerFactoryBean [main] Initialized JPA EntityManagerFactory for persistence unit 'default'
2024-05-16 15:06:44,805 INFO o.s.d.j.r.q.QueryEnhancerFactory [main] Hibernate is in classpath; If applicable, HQL parser will be used.
2024-05-16 15:06:45,134 WARN o.s.b.a.o.j.JpaBaseConfiguration$JpaWebConfiguration [main] spring.jpa.open-in-view is enabled by default. Therefore, database queries may be performed during view rendering. Explicitly configure spring.jpa.open-in-view to disable this warning
2024-05-16 15:06:45,846 INFO o.a.j.l.DirectJDKLog [main] Starting ProtocolHandler ["http-nio-8080"]
2024-05-16 15:06:45,889 INFO o.s.b.w.e.t.TomcatWebServer [main] Tomcat started on port 8080 (http) with context path ''
2024-05-16 15:06:45,904 INFO o.s.b.StartupInfoLogger [main] Started BinarfudApplication in 7.75 seconds (process running for 8.442)
2024-05-16 15:07:03,123 INFO o.a.j.l.DirectJDKLog [http-nio-8080-exec-4] Initializing Spring DispatcherServlet 'dispatcherServlet'
2024-05-16 15:07:03,123 INFO o.s.w.s.FrameworkServlet [http-nio-8080-exec-4] Initializing Servlet 'dispatcherServlet'
2024-05-16 15:07:03,123 INFO o.s.w.s.FrameworkServlet [http-nio-8080-exec-4] Completed initialization in 0 ms
2024-05-16 15:07:03,283 WARN c.e.B.s.MerchantService [http-nio-8080-exec-4] Merchant not found
2024-05-16 15:07:05,015 WARN c.e.B.s.MerchantService [http-nio-8080-exec-3] Merchant not found
2024-05-16 15:07:06,043 WARN c.e.B.s.MerchantService [http-nio-8080-exec-2] Merchant not found
2024-05-16 15:07:17,833 WARN c.e.B.s.MerchantService [http-nio-8080-exec-5] Merchant not found
2024-05-16 15:07:20,277 INFO c.e.B.s.MerchantService [http-nio-8080-exec-6] Merchant retrieved: Merchant(id=09f45856-76a4-4375-b6e9-70e269351dfc, merchantName=Mie Gacoan, merchantLocation=Bangka, open=true)
2024-05-16 15:07:23,314 WARN c.e.B.s.MerchantService [http-nio-8080-exec-7] Merchant not found
2024-05-16 15:07:36,892 WARN c.e.B.s.MerchantService [http-nio-8080-exec-8] Merchant not found
2024-05-16 15:08:10,554 INFO o.s.o.j.AbstractEntityManagerFactoryBean [SpringApplicationShutdownHook] Closing JPA EntityManagerFactory for persistence unit 'default'
2024-05-16 15:08:10,558 INFO c.z.h.HikariDataSource [SpringApplicationShutdownHook] HikariPool-1 - Shutdown initiated...
2024-05-16 15:08:10,570 INFO c.z.h.HikariDataSource [SpringApplicationShutdownHook] HikariPool-1 - Shutdown completed.
