2024-05-31 03:07:41,616 INFO o.s.o.j.AbstractEntityManagerFactoryBean [SpringApplicationShutdownHook] Closing JPA EntityManagerFactory for persistence unit 'default'
2024-05-31 03:07:41,625 INFO c.z.h.HikariDataSource [SpringApplicationShutdownHook] HikariPool-1 - Shutdown initiated...
2024-05-31 03:07:41,636 INFO c.z.h.HikariDataSource [SpringApplicationShutdownHook] HikariPool-1 - Shutdown completed.
2024-05-31 03:07:49,027 INFO o.s.b.StartupInfoLogger [main] Starting BinarfudApplication using Java 17.0.2 with PID 17828 (D:\synrgy\sinau_java\F-BJV24001115-synrgy7-syi-binarfud-ch5\target\classes started by hp in D:\synrgy\sinau_java\F-BJV24001115-synrgy7-syi-binarfud-ch5)
2024-05-31 03:07:49,034 INFO o.s.b.SpringApplication [main] No active profile set, falling back to 1 default profile: "default"
2024-05-31 03:07:50,531 INFO o.s.d.r.c.RepositoryConfigurationDelegate [main] Bootstrapping Spring Data JPA repositories in DEFAULT mode.
2024-05-31 03:07:50,665 INFO o.s.d.r.c.RepositoryConfigurationDelegate [main] Finished Spring Data repository scanning in 118 ms. Found 6 JPA repository interfaces.
2024-05-31 03:07:51,702 INFO o.s.b.w.e.t.TomcatWebServer [main] Tomcat initialized with port 8080 (http)
2024-05-31 03:07:51,718 INFO o.a.j.l.DirectJDKLog [main] Initializing ProtocolHandler ["http-nio-8080"]
2024-05-31 03:07:51,723 INFO o.a.j.l.DirectJDKLog [main] Starting service [Tomcat]
2024-05-31 03:07:51,723 INFO o.a.j.l.DirectJDKLog [main] Starting Servlet engine: [Apache Tomcat/10.1.20]
2024-05-31 03:07:51,827 INFO o.a.j.l.DirectJDKLog [main] Initializing Spring embedded WebApplicationContext
2024-05-31 03:07:51,829 INFO o.s.b.w.s.c.ServletWebServerApplicationContext [main] Root WebApplicationContext: initialization completed in 2703 ms
2024-05-31 03:07:52,048 INFO o.h.j.i.u.LogHelper [main] HHH000204: Processing PersistenceUnitInfo [name: default]
2024-05-31 03:07:52,184 INFO o.h.Version [main] HHH000412: Hibernate ORM core version 6.4.4.Final
2024-05-31 03:07:52,264 INFO o.h.c.i.RegionFactoryInitiator [main] HHH000026: Second-level cache disabled
2024-05-31 03:07:52,900 INFO o.s.o.j.p.SpringPersistenceUnitInfo [main] No LoadTimeWeaver setup: ignoring JPA class transformer
2024-05-31 03:07:52,942 INFO c.z.h.HikariDataSource [main] HikariPool-1 - Starting...
2024-05-31 03:07:53,195 INFO c.z.h.p.HikariPool [main] HikariPool-1 - Added connection org.postgresql.jdbc.PgConnection@77ba583
2024-05-31 03:07:53,198 INFO c.z.h.HikariDataSource [main] HikariPool-1 - Start completed.
2024-05-31 03:07:53,258 WARN o.h.e.j.d.i.DialectFactoryImpl [main] HHH90000025: PostgreSQLDialect does not need to be specified explicitly using 'hibernate.dialect' (remove the property setting and it will be selected by default)
2024-05-31 03:07:54,823 INFO o.h.e.t.j.p.i.JtaPlatformInitiator [main] HHH000489: No JTA platform available (set 'hibernate.transaction.jta.platform' to enable JTA platform integration)
2024-05-31 03:07:54,995 INFO o.s.o.j.AbstractEntityManagerFactoryBean [main] Initialized JPA EntityManagerFactory for persistence unit 'default'
2024-05-31 03:07:55,678 INFO o.s.d.j.r.q.QueryEnhancerFactory [main] Hibernate is in classpath; If applicable, HQL parser will be used.
2024-05-31 03:07:56,547 WARN o.s.b.a.o.j.JpaBaseConfiguration$JpaWebConfiguration [main] spring.jpa.open-in-view is enabled by default. Therefore, database queries may be performed during view rendering. Explicitly configure spring.jpa.open-in-view to disable this warning
2024-05-31 03:07:57,391 INFO o.s.s.w.DefaultSecurityFilterChain [main] Will secure any request with [org.springframework.security.web.session.DisableEncodeUrlFilter@7abe3d53, org.springframework.security.web.context.request.async.WebAsyncManagerIntegrationFilter@372dc92e, org.springframework.security.web.context.SecurityContextHolderFilter@6be93728, org.springframework.security.web.header.HeaderWriterFilter@1bb6bc81, org.springframework.web.filter.CorsFilter@a885aa1, org.springframework.security.web.authentication.logout.LogoutFilter@331886ac, org.springframework.security.oauth2.client.web.OAuth2AuthorizationRequestRedirectFilter@635791b7, org.springframework.security.oauth2.client.web.OAuth2LoginAuthenticationFilter@5f324d9f, com.example.Binarfud.security.jwt.JwtAuthTokenFilter@5b4ce00, org.springframework.security.web.authentication.UsernamePasswordAuthenticationFilter@649a76c1, org.springframework.security.web.authentication.ui.DefaultLoginPageGeneratingFilter@7dcfe455, org.springframework.security.web.authentication.ui.DefaultLogoutPageGeneratingFilter@2a9464d9, org.springframework.security.web.savedrequest.RequestCacheAwareFilter@1a177f2c, org.springframework.security.web.servletapi.SecurityContextHolderAwareRequestFilter@c82f6bd, org.springframework.security.web.authentication.AnonymousAuthenticationFilter@21cb907d, org.springframework.security.web.session.SessionManagementFilter@796affb8, org.springframework.security.web.access.ExceptionTranslationFilter@5c807e6b, org.springframework.security.web.access.intercept.AuthorizationFilter@24c04958]
2024-05-31 03:07:57,993 INFO o.a.j.l.DirectJDKLog [main] Starting ProtocolHandler ["http-nio-8080"]
2024-05-31 03:07:58,037 INFO o.s.b.w.e.t.TomcatWebServer [main] Tomcat started on port 8080 (http) with context path ''
2024-05-31 03:07:58,052 INFO o.s.b.StartupInfoLogger [main] Started BinarfudApplication in 9.806 seconds (process running for 10.651)
2024-05-31 03:08:33,721 INFO o.s.o.j.AbstractEntityManagerFactoryBean [SpringApplicationShutdownHook] Closing JPA EntityManagerFactory for persistence unit 'default'
2024-05-31 03:08:33,725 INFO c.z.h.HikariDataSource [SpringApplicationShutdownHook] HikariPool-1 - Shutdown initiated...
2024-05-31 03:08:33,729 INFO c.z.h.HikariDataSource [SpringApplicationShutdownHook] HikariPool-1 - Shutdown completed.
